INFO - 2022-06-25 10:43:56 --> Session: Class initialized using 'CodeIgniter\Session\Handlers\FileHandler' driver.
INFO - 2022-06-25 10:43:56 --> Session: Class initialized using 'CodeIgniter\Session\Handlers\FileHandler' driver.
INFO - 2022-06-25 10:44:19 --> Session: Class initialized using 'CodeIgniter\Session\Handlers\FileHandler' driver.
INFO - 2022-06-25 10:44:19 --> CSRF token verified.
CRITICAL - 2022-06-25 10:44:20 --> CodeIgniter\Validation\Validation::run(): Argument #1 ($data) must be of type ?array, string given, called in /Users/nykianderson/Sites/shape_search/app/Controllers/Users.php on line 161
in SYSTEMPATH/Validation/Validation.php on line 109.
 1 APPPATH/Controllers/Users.php(161): CodeIgniter\Validation\Validation->run('1969/12/31 19:00:00')
 2 SYSTEMPATH/CodeIgniter.php(898): App\Controllers\Users->register()
 3 SYSTEMPATH/CodeIgniter.php(468): CodeIgniter\CodeIgniter->runController(Object(App\Controllers\Users))
 4 SYSTEMPATH/CodeIgniter.php(351): CodeIgniter\CodeIgniter->handleRequest(null, Object(Config\Cache), false)
 5 FCPATH/index.php(55): CodeIgniter\CodeIgniter->run()
INFO - 2022-06-25 10:45:14 --> Session: Class initialized using 'CodeIgniter\Session\Handlers\FileHandler' driver.
INFO - 2022-06-25 10:45:14 --> Session: Class initialized using 'CodeIgniter\Session\Handlers\FileHandler' driver.
INFO - 2022-06-25 10:45:36 --> Session: Class initialized using 'CodeIgniter\Session\Handlers\FileHandler' driver.
INFO - 2022-06-25 10:45:36 --> CSRF token verified.
CRITICAL - 2022-06-25 10:45:36 --> CodeIgniter\Validation\Validation::run(): Argument #1 ($data) must be of type ?array, string given, called in /Users/nykianderson/Sites/shape_search/app/Controllers/Users.php on line 161
in SYSTEMPATH/Validation/Validation.php on line 109.
 1 APPPATH/Controllers/Users.php(161): CodeIgniter\Validation\Validation->run('1969/12/31 19:00:00')
 2 SYSTEMPATH/CodeIgniter.php(898): App\Controllers\Users->register()
 3 SYSTEMPATH/CodeIgniter.php(468): CodeIgniter\CodeIgniter->runController(Object(App\Controllers\Users))
 4 SYSTEMPATH/CodeIgniter.php(351): CodeIgniter\CodeIgniter->handleRequest(null, Object(Config\Cache), false)
 5 FCPATH/index.php(55): CodeIgniter\CodeIgniter->run()
INFO - 2022-06-25 10:46:21 --> Session: Class initialized using 'CodeIgniter\Session\Handlers\FileHandler' driver.
INFO - 2022-06-25 10:46:21 --> Session: Class initialized using 'CodeIgniter\Session\Handlers\FileHandler' driver.
INFO - 2022-06-25 10:46:41 --> Session: Class initialized using 'CodeIgniter\Session\Handlers\FileHandler' driver.
INFO - 2022-06-25 10:46:41 --> CSRF token verified.
CRITICAL - 2022-06-25 10:46:41 --> App\Validation\User_rules::validateBirthday(): Argument #1 ($birthday) must be of type string, null given, called in /Users/nykianderson/Sites/shape_search/vendor/codeigniter4/framework/system/Validation/Validation.php on line 306
in APPPATH/Validation/User_rules.php on line 95.
 1 SYSTEMPATH/Validation/Validation.php(306): App\Validation\User_rules->validateBirthday(null, 'bday_month,bday_day,bday_year', [...], null)
 2 SYSTEMPATH/Validation/Validation.php(173): CodeIgniter\Validation\Validation->processRules('birhtday', 'birhtday', null, [...], [...])
 3 APPPATH/Controllers/Users.php(161): CodeIgniter\Validation\Validation->run([...])
 4 SYSTEMPATH/CodeIgniter.php(898): App\Controllers\Users->register()
 5 SYSTEMPATH/CodeIgniter.php(468): CodeIgniter\CodeIgniter->runController(Object(App\Controllers\Users))
 6 SYSTEMPATH/CodeIgniter.php(351): CodeIgniter\CodeIgniter->handleRequest(null, Object(Config\Cache), false)
 7 FCPATH/index.php(55): CodeIgniter\CodeIgniter->run()
INFO - 2022-06-25 10:48:26 --> Session: Class initialized using 'CodeIgniter\Session\Handlers\FileHandler' driver.
INFO - 2022-06-25 10:48:26 --> Session: Class initialized using 'CodeIgniter\Session\Handlers\FileHandler' driver.
INFO - 2022-06-25 10:48:43 --> Session: Class initialized using 'CodeIgniter\Session\Handlers\FileHandler' driver.
INFO - 2022-06-25 10:48:43 --> CSRF token verified.
CRITICAL - 2022-06-25 10:48:43 --> App\Validation\User_rules::validateBirthday(): Argument #1 ($birthday) must be of type App\Validation\datetime, null given, called in /Users/nykianderson/Sites/shape_search/vendor/codeigniter4/framework/system/Validation/Validation.php on line 306
in APPPATH/Validation/User_rules.php on line 95.
 1 SYSTEMPATH/Validation/Validation.php(306): App\Validation\User_rules->validateBirthday(null, 'bday_month,bday_day,bday_year', [...], null)
 2 SYSTEMPATH/Validation/Validation.php(173): CodeIgniter\Validation\Validation->processRules('birhtday', 'birhtday', null, [...], [...])
 3 APPPATH/Controllers/Users.php(161): CodeIgniter\Validation\Validation->run([...])
 4 SYSTEMPATH/CodeIgniter.php(898): App\Controllers\Users->register()
 5 SYSTEMPATH/CodeIgniter.php(468): CodeIgniter\CodeIgniter->runController(Object(App\Controllers\Users))
 6 SYSTEMPATH/CodeIgniter.php(351): CodeIgniter\CodeIgniter->handleRequest(null, Object(Config\Cache), false)
 7 FCPATH/index.php(55): CodeIgniter\CodeIgniter->run()
INFO - 2022-06-25 10:50:00 --> Session: Class initialized using 'CodeIgniter\Session\Handlers\FileHandler' driver.
INFO - 2022-06-25 10:50:00 --> Session: Class initialized using 'CodeIgniter\Session\Handlers\FileHandler' driver.
INFO - 2022-06-25 10:50:22 --> Session: Class initialized using 'CodeIgniter\Session\Handlers\FileHandler' driver.
INFO - 2022-06-25 10:50:22 --> CSRF token verified.
CRITICAL - 2022-06-25 10:50:22 --> App\Validation\User_rules::validateBirthday(): Argument #1 ($birthday) must be of type string, null given, called in /Users/nykianderson/Sites/shape_search/vendor/codeigniter4/framework/system/Validation/Validation.php on line 306
in APPPATH/Validation/User_rules.php on line 95.
 1 SYSTEMPATH/Validation/Validation.php(306): App\Validation\User_rules->validateBirthday(null, 'birthday', [...], null)
 2 SYSTEMPATH/Validation/Validation.php(173): CodeIgniter\Validation\Validation->processRules('birthday', 'birthday', null, [...], [...])
 3 APPPATH/Controllers/Users.php(161): CodeIgniter\Validation\Validation->run([...])
 4 SYSTEMPATH/CodeIgniter.php(898): App\Controllers\Users->register()
 5 SYSTEMPATH/CodeIgniter.php(468): CodeIgniter\CodeIgniter->runController(Object(App\Controllers\Users))
 6 SYSTEMPATH/CodeIgniter.php(351): CodeIgniter\CodeIgniter->handleRequest(null, Object(Config\Cache), false)
 7 FCPATH/index.php(55): CodeIgniter\CodeIgniter->run()
INFO - 2022-06-25 10:53:41 --> Session: Class initialized using 'CodeIgniter\Session\Handlers\FileHandler' driver.
INFO - 2022-06-25 10:53:41 --> Session: Class initialized using 'CodeIgniter\Session\Handlers\FileHandler' driver.
INFO - 2022-06-25 10:54:43 --> Session: Class initialized using 'CodeIgniter\Session\Handlers\FileHandler' driver.
INFO - 2022-06-25 10:55:13 --> Session: Class initialized using 'CodeIgniter\Session\Handlers\FileHandler' driver.
INFO - 2022-06-25 10:55:13 --> CSRF token verified.
CRITICAL - 2022-06-25 10:55:13 --> Call to undefined method App\Models\UserModel::formatBirthday
in SYSTEMPATH/Model.php on line 773.
 1 APPPATH/Controllers/Users.php(157): CodeIgniter\Model->__call('formatBirthday', [...])
 2 SYSTEMPATH/CodeIgniter.php(898): App\Controllers\Users->register()
 3 SYSTEMPATH/CodeIgniter.php(468): CodeIgniter\CodeIgniter->runController(Object(App\Controllers\Users))
 4 SYSTEMPATH/CodeIgniter.php(351): CodeIgniter\CodeIgniter->handleRequest(null, Object(Config\Cache), false)
 5 FCPATH/index.php(55): CodeIgniter\CodeIgniter->run()
INFO - 2022-06-25 10:55:33 --> Session: Class initialized using 'CodeIgniter\Session\Handlers\FileHandler' driver.
INFO - 2022-06-25 10:55:33 --> Session: Class initialized using 'CodeIgniter\Session\Handlers\FileHandler' driver.
INFO - 2022-06-25 10:55:51 --> Session: Class initialized using 'CodeIgniter\Session\Handlers\FileHandler' driver.
INFO - 2022-06-25 10:55:51 --> CSRF token verified.
CRITICAL - 2022-06-25 10:55:51 --> birthday is not a validation rules group.
in SYSTEMPATH/Validation/Validation.php on line 477.
 1 SYSTEMPATH/Validation/Validation.php(477): CodeIgniter\Validation\Exceptions\ValidationException::forGroupNotFound('birthday')
 2 APPPATH/Controllers/Users.php(159): CodeIgniter\Validation\Validation->getRuleGroup('birthday')
 3 SYSTEMPATH/CodeIgniter.php(898): App\Controllers\Users->register()
 4 SYSTEMPATH/CodeIgniter.php(468): CodeIgniter\CodeIgniter->runController(Object(App\Controllers\Users))
 5 SYSTEMPATH/CodeIgniter.php(351): CodeIgniter\CodeIgniter->handleRequest(null, Object(Config\Cache), false)
 6 FCPATH/index.php(55): CodeIgniter\CodeIgniter->run()
INFO - 2022-06-25 10:56:11 --> Session: Class initialized using 'CodeIgniter\Session\Handlers\FileHandler' driver.
INFO - 2022-06-25 10:56:11 --> Session: Class initialized using 'CodeIgniter\Session\Handlers\FileHandler' driver.
INFO - 2022-06-25 10:56:36 --> Session: Class initialized using 'CodeIgniter\Session\Handlers\FileHandler' driver.
INFO - 2022-06-25 10:56:36 --> CSRF token verified.
CRITICAL - 2022-06-25 10:56:36 --> App\Validation\User_rules::validateBirthday(): Argument #1 ($birthday) must be of type string, null given, called in /Users/nykianderson/Sites/shape_search/vendor/codeigniter4/framework/system/Validation/Validation.php on line 306
in APPPATH/Validation/User_rules.php on line 95.
 1 SYSTEMPATH/Validation/Validation.php(306): App\Validation\User_rules->validateBirthday(null, 'date', [...], null)
 2 SYSTEMPATH/Validation/Validation.php(173): CodeIgniter\Validation\Validation->processRules('date', 'date', null, [...], [...])
 3 APPPATH/Controllers/Users.php(161): CodeIgniter\Validation\Validation->run([...])
 4 SYSTEMPATH/CodeIgniter.php(898): App\Controllers\Users->register()
 5 SYSTEMPATH/CodeIgniter.php(468): CodeIgniter\CodeIgniter->runController(Object(App\Controllers\Users))
 6 SYSTEMPATH/CodeIgniter.php(351): CodeIgniter\CodeIgniter->handleRequest(null, Object(Config\Cache), false)
 7 FCPATH/index.php(55): CodeIgniter\CodeIgniter->run()
INFO - 2022-06-25 10:57:37 --> Session: Class initialized using 'CodeIgniter\Session\Handlers\FileHandler' driver.
INFO - 2022-06-25 10:57:37 --> Session: Class initialized using 'CodeIgniter\Session\Handlers\FileHandler' driver.
INFO - 2022-06-25 10:57:57 --> Session: Class initialized using 'CodeIgniter\Session\Handlers\FileHandler' driver.
INFO - 2022-06-25 10:57:57 --> CSRF token verified.
CRITICAL - 2022-06-25 10:57:57 --> App\Validation\User_rules::validateDate(): Argument #1 ($date) must be of type string, null given, called in /Users/nykianderson/Sites/shape_search/vendor/codeigniter4/framework/system/Validation/Validation.php on line 306
in APPPATH/Validation/User_rules.php on line 95.
 1 SYSTEMPATH/Validation/Validation.php(306): App\Validation\User_rules->validateDate(null, 'date', [...], null)
 2 SYSTEMPATH/Validation/Validation.php(173): CodeIgniter\Validation\Validation->processRules('date', 'date', null, [...], [...])
 3 APPPATH/Controllers/Users.php(161): CodeIgniter\Validation\Validation->run([...])
 4 SYSTEMPATH/CodeIgniter.php(898): App\Controllers\Users->register()
 5 SYSTEMPATH/CodeIgniter.php(468): CodeIgniter\CodeIgniter->runController(Object(App\Controllers\Users))
 6 SYSTEMPATH/CodeIgniter.php(351): CodeIgniter\CodeIgniter->handleRequest(null, Object(Config\Cache), false)
 7 FCPATH/index.php(55): CodeIgniter\CodeIgniter->run()
INFO - 2022-06-25 11:00:40 --> Session: Class initialized using 'CodeIgniter\Session\Handlers\FileHandler' driver.
INFO - 2022-06-25 11:00:40 --> Session: Class initialized using 'CodeIgniter\Session\Handlers\FileHandler' driver.
INFO - 2022-06-25 11:01:03 --> Session: Class initialized using 'CodeIgniter\Session\Handlers\FileHandler' driver.
INFO - 2022-06-25 11:01:03 --> CSRF token verified.
CRITICAL - 2022-06-25 11:01:03 --> App\Validation\User_rules::validateDate(): Argument #1 ($date) must be of type string, null given, called in /Users/nykianderson/Sites/shape_search/vendor/codeigniter4/framework/system/Validation/Validation.php on line 306
in APPPATH/Validation/User_rules.php on line 95.
 1 SYSTEMPATH/Validation/Validation.php(306): App\Validation\User_rules->validateDate(null, 'date', [...], null)
 2 SYSTEMPATH/Validation/Validation.php(173): CodeIgniter\Validation\Validation->processRules('date', 'date', null, [...], [...])
 3 APPPATH/Controllers/Users.php(161): CodeIgniter\Validation\Validation->run([...])
 4 SYSTEMPATH/CodeIgniter.php(898): App\Controllers\Users->register()
 5 SYSTEMPATH/CodeIgniter.php(468): CodeIgniter\CodeIgniter->runController(Object(App\Controllers\Users))
 6 SYSTEMPATH/CodeIgniter.php(351): CodeIgniter\CodeIgniter->handleRequest(null, Object(Config\Cache), false)
 7 FCPATH/index.php(55): CodeIgniter\CodeIgniter->run()
INFO - 2022-06-25 11:04:23 --> Session: Class initialized using 'CodeIgniter\Session\Handlers\FileHandler' driver.
INFO - 2022-06-25 11:04:23 --> Session: Class initialized using 'CodeIgniter\Session\Handlers\FileHandler' driver.
INFO - 2022-06-25 11:04:46 --> Session: Class initialized using 'CodeIgniter\Session\Handlers\FileHandler' driver.
INFO - 2022-06-25 11:04:46 --> CSRF token verified.
INFO - 2022-06-25 11:05:10 --> Session: Class initialized using 'CodeIgniter\Session\Handlers\FileHandler' driver.
INFO - 2022-06-25 11:05:10 --> CSRF token verified.
INFO - 2022-06-25 19:09:08 --> Session: Class initialized using 'CodeIgniter\Session\Handlers\FileHandler' driver.
INFO - 2022-06-25 19:09:08 --> Session: Class initialized using 'CodeIgniter\Session\Handlers\FileHandler' driver.
INFO - 2022-06-25 19:10:00 --> Session: Class initialized using 'CodeIgniter\Session\Handlers\FileHandler' driver.
INFO - 2022-06-25 19:10:18 --> Session: Class initialized using 'CodeIgniter\Session\Handlers\FileHandler' driver.
INFO - 2022-06-25 19:10:18 --> CSRF token verified.
CRITICAL - 2022-06-25 19:10:19 --> Call to undefined function App\Models\str()
in APPPATH/Models/UserModel.php on line 79.
 1 APPPATH/Controllers/Users.php(157): App\Models\UserModel->formatDate('2016', '02', '2016')
 2 SYSTEMPATH/CodeIgniter.php(898): App\Controllers\Users->register()
 3 SYSTEMPATH/CodeIgniter.php(468): CodeIgniter\CodeIgniter->runController(Object(App\Controllers\Users))
 4 SYSTEMPATH/CodeIgniter.php(351): CodeIgniter\CodeIgniter->handleRequest(null, Object(Config\Cache), false)
 5 FCPATH/index.php(55): CodeIgniter\CodeIgniter->run()
INFO - 2022-06-25 19:12:13 --> Session: Class initialized using 'CodeIgniter\Session\Handlers\FileHandler' driver.
INFO - 2022-06-25 19:12:13 --> Session: Class initialized using 'CodeIgniter\Session\Handlers\FileHandler' driver.
INFO - 2022-06-25 19:12:29 --> Session: Class initialized using 'CodeIgniter\Session\Handlers\FileHandler' driver.
INFO - 2022-06-25 19:12:29 --> CSRF token verified.
INFO - 2022-06-25 19:13:40 --> Session: Class initialized using 'CodeIgniter\Session\Handlers\FileHandler' driver.
INFO - 2022-06-25 19:13:40 --> Session: Class initialized using 'CodeIgniter\Session\Handlers\FileHandler' driver.
INFO - 2022-06-25 19:14:23 --> Session: Class initialized using 'CodeIgniter\Session\Handlers\FileHandler' driver.
INFO - 2022-06-25 19:14:46 --> Session: Class initialized using 'CodeIgniter\Session\Handlers\FileHandler' driver.
INFO - 2022-06-25 19:14:46 --> CSRF token verified.
INFO - 2022-06-25 19:17:02 --> Session: Class initialized using 'CodeIgniter\Session\Handlers\FileHandler' driver.
INFO - 2022-06-25 19:17:02 --> Session: Class initialized using 'CodeIgniter\Session\Handlers\FileHandler' driver.
INFO - 2022-06-25 19:17:20 --> Session: Class initialized using 'CodeIgniter\Session\Handlers\FileHandler' driver.
INFO - 2022-06-25 19:17:20 --> CSRF token verified.
INFO - 2022-06-25 19:23:06 --> Session: Class initialized using 'CodeIgniter\Session\Handlers\FileHandler' driver.
INFO - 2022-06-25 19:23:06 --> Session: Class initialized using 'CodeIgniter\Session\Handlers\FileHandler' driver.
INFO - 2022-06-25 19:23:22 --> Session: Class initialized using 'CodeIgniter\Session\Handlers\FileHandler' driver.
INFO - 2022-06-25 19:23:22 --> CSRF token verified.
CRITICAL - 2022-06-25 19:23:22 --> App\Validation\User_rules::validateDate(): Argument #1 ($str) must be of type string, null given, called in /Users/nykianderson/Sites/shape_search/vendor/codeigniter4/framework/system/Validation/Validation.php on line 306
in APPPATH/Validation/User_rules.php on line 95.
 1 SYSTEMPATH/Validation/Validation.php(306): App\Validation\User_rules->validateDate(null, 'date', [...], null)
 2 SYSTEMPATH/Validation/Validation.php(173): CodeIgniter\Validation\Validation->processRules('date', 'date', null, [...], [...])
 3 APPPATH/Controllers/Users.php(161): CodeIgniter\Validation\Validation->run([...])
 4 SYSTEMPATH/CodeIgniter.php(898): App\Controllers\Users->register()
 5 SYSTEMPATH/CodeIgniter.php(468): CodeIgniter\CodeIgniter->runController(Object(App\Controllers\Users))
 6 SYSTEMPATH/CodeIgniter.php(351): CodeIgniter\CodeIgniter->handleRequest(null, Object(Config\Cache), false)
 7 FCPATH/index.php(55): CodeIgniter\CodeIgniter->run()
INFO - 2022-06-25 19:27:47 --> Session: Class initialized using 'CodeIgniter\Session\Handlers\FileHandler' driver.
INFO - 2022-06-25 19:27:47 --> Session: Class initialized using 'CodeIgniter\Session\Handlers\FileHandler' driver.
INFO - 2022-06-25 19:28:03 --> Session: Class initialized using 'CodeIgniter\Session\Handlers\FileHandler' driver.
INFO - 2022-06-25 19:28:03 --> CSRF token verified.
CRITICAL - 2022-06-25 19:28:03 --> valid_date[bday_day,bday_month,bday_year is not a valid rule.
in SYSTEMPATH/Validation/Validation.php on line 314.
 1 SYSTEMPATH/Validation/Validation.php(314): CodeIgniter\Validation\Exceptions\ValidationException::forRuleNotFound('valid_date[bday_day,bday_month,bday_year')
 2 SYSTEMPATH/Validation/Validation.php(173): CodeIgniter\Validation\Validation->processRules('bday_year', 'bday_year', '2008', [...], [...])
 3 APPPATH/Controllers/Users.php(151): CodeIgniter\Validation\Validation->run()
 4 SYSTEMPATH/CodeIgniter.php(898): App\Controllers\Users->register()
 5 SYSTEMPATH/CodeIgniter.php(468): CodeIgniter\CodeIgniter->runController(Object(App\Controllers\Users))
 6 SYSTEMPATH/CodeIgniter.php(351): CodeIgniter\CodeIgniter->handleRequest(null, Object(Config\Cache), false)
 7 FCPATH/index.php(55): CodeIgniter\CodeIgniter->run()
INFO - 2022-06-25 19:37:52 --> Session: Class initialized using 'CodeIgniter\Session\Handlers\FileHandler' driver.
INFO - 2022-06-25 19:37:52 --> Session: Class initialized using 'CodeIgniter\Session\Handlers\FileHandler' driver.
INFO - 2022-06-25 19:38:21 --> Session: Class initialized using 'CodeIgniter\Session\Handlers\FileHandler' driver.
INFO - 2022-06-25 19:38:21 --> CSRF token verified.
CRITICAL - 2022-06-25 19:38:21 --> App\Validation\User_rules::validateDate(): Argument #1 ($str) must be of type string, null given, called in /Users/nykianderson/Sites/shape_search/vendor/codeigniter4/framework/system/Validation/Validation.php on line 306
in APPPATH/Validation/User_rules.php on line 95.
 1 SYSTEMPATH/Validation/Validation.php(306): App\Validation\User_rules->validateDate(null, 'date', [...], null)
 2 SYSTEMPATH/Validation/Validation.php(173): CodeIgniter\Validation\Validation->processRules('date', 'date', null, [...], [...])
 3 APPPATH/Controllers/Users.php(161): CodeIgniter\Validation\Validation->run([...])
 4 SYSTEMPATH/CodeIgniter.php(898): App\Controllers\Users->register()
 5 SYSTEMPATH/CodeIgniter.php(468): CodeIgniter\CodeIgniter->runController(Object(App\Controllers\Users))
 6 SYSTEMPATH/CodeIgniter.php(351): CodeIgniter\CodeIgniter->handleRequest(null, Object(Config\Cache), false)
 7 FCPATH/index.php(55): CodeIgniter\CodeIgniter->run()
INFO - 2022-06-25 19:42:09 --> Session: Class initialized using 'CodeIgniter\Session\Handlers\FileHandler' driver.
INFO - 2022-06-25 19:42:09 --> Session: Class initialized using 'CodeIgniter\Session\Handlers\FileHandler' driver.
INFO - 2022-06-25 19:42:26 --> Session: Class initialized using 'CodeIgniter\Session\Handlers\FileHandler' driver.
INFO - 2022-06-25 19:42:26 --> CSRF token verified.
INFO - 2022-06-25 19:42:56 --> Session: Class initialized using 'CodeIgniter\Session\Handlers\FileHandler' driver.
INFO - 2022-06-25 19:42:56 --> Session: Class initialized using 'CodeIgniter\Session\Handlers\FileHandler' driver.
INFO - 2022-06-25 19:43:14 --> Session: Class initialized using 'CodeIgniter\Session\Handlers\FileHandler' driver.
INFO - 2022-06-25 19:43:14 --> CSRF token verified.
CRITICAL - 2022-06-25 19:43:14 --> App\Validation\User_rules::validateDate(): Argument #1 ($date) must be of type string, null given, called in /Users/nykianderson/Sites/shape_search/vendor/codeigniter4/framework/system/Validation/Validation.php on line 306
in APPPATH/Validation/User_rules.php on line 95.
 1 SYSTEMPATH/Validation/Validation.php(306): App\Validation\User_rules->validateDate(null, 'date', [...], null)
 2 SYSTEMPATH/Validation/Validation.php(173): CodeIgniter\Validation\Validation->processRules('date', 'date', null, [...], [...])
 3 APPPATH/Controllers/Users.php(161): CodeIgniter\Validation\Validation->run([...])
 4 SYSTEMPATH/CodeIgniter.php(898): App\Controllers\Users->register()
 5 SYSTEMPATH/CodeIgniter.php(468): CodeIgniter\CodeIgniter->runController(Object(App\Controllers\Users))
 6 SYSTEMPATH/CodeIgniter.php(351): CodeIgniter\CodeIgniter->handleRequest(null, Object(Config\Cache), false)
 7 FCPATH/index.php(55): CodeIgniter\CodeIgniter->run()
INFO - 2022-06-25 19:43:31 --> Session: Class initialized using 'CodeIgniter\Session\Handlers\FileHandler' driver.
INFO - 2022-06-25 19:43:31 --> Session: Class initialized using 'CodeIgniter\Session\Handlers\FileHandler' driver.
INFO - 2022-06-25 19:43:46 --> Session: Class initialized using 'CodeIgniter\Session\Handlers\FileHandler' driver.
INFO - 2022-06-25 19:43:46 --> CSRF token verified.
