INFO - 2022-06-28 15:43:59 --> Session: Class initialized using 'CodeIgniter\Session\Handlers\FileHandler' driver.
INFO - 2022-06-28 15:43:59 --> Session: Class initialized using 'CodeIgniter\Session\Handlers\FileHandler' driver.
INFO - 2022-06-28 15:56:00 --> Session: Class initialized using 'CodeIgniter\Session\Handlers\FileHandler' driver.
INFO - 2022-06-28 15:56:25 --> Session: Class initialized using 'CodeIgniter\Session\Handlers\FileHandler' driver.
INFO - 2022-06-28 15:56:25 --> CSRF token verified.
CRITICAL - 2022-06-28 15:56:25 --> App\Validation\User_rules::validateDate(): Argument #1 ($date) must be of type string, null given, called in /Users/nykianderson/Sites/shape_search/vendor/codeigniter4/framework/system/Validation/Validation.php on line 306
in APPPATH/Validation/User_rules.php on line 95.
 1 SYSTEMPATH/Validation/Validation.php(306): App\Validation\User_rules->validateDate(null, 'date', [...], null)
 2 SYSTEMPATH/Validation/Validation.php(173): CodeIgniter\Validation\Validation->processRules('date', 'date', null, [...], [...])
 3 APPPATH/Controllers/Users.php(161): CodeIgniter\Validation\Validation->run([...])
 4 SYSTEMPATH/CodeIgniter.php(898): App\Controllers\Users->register()
 5 SYSTEMPATH/CodeIgniter.php(468): CodeIgniter\CodeIgniter->runController(Object(App\Controllers\Users))
 6 SYSTEMPATH/CodeIgniter.php(351): CodeIgniter\CodeIgniter->handleRequest(null, Object(Config\Cache), false)
 7 FCPATH/index.php(55): CodeIgniter\CodeIgniter->run()
INFO - 2022-06-28 15:56:37 --> Session: Class initialized using 'CodeIgniter\Session\Handlers\FileHandler' driver.
INFO - 2022-06-28 15:56:39 --> Session: Class initialized using 'CodeIgniter\Session\Handlers\FileHandler' driver.
INFO - 2022-06-28 15:57:02 --> Session: Class initialized using 'CodeIgniter\Session\Handlers\FileHandler' driver.
INFO - 2022-06-28 15:57:02 --> CSRF token verified.
INFO - 2022-06-28 15:57:53 --> Session: Class initialized using 'CodeIgniter\Session\Handlers\FileHandler' driver.
INFO - 2022-06-28 15:57:53 --> Session: Class initialized using 'CodeIgniter\Session\Handlers\FileHandler' driver.
INFO - 2022-06-28 16:00:01 --> Session: Class initialized using 'CodeIgniter\Session\Handlers\FileHandler' driver.
INFO - 2022-06-28 16:00:24 --> Session: Class initialized using 'CodeIgniter\Session\Handlers\FileHandler' driver.
INFO - 2022-06-28 16:00:24 --> CSRF token verified.
CRITICAL - 2022-06-28 16:00:24 --> CodeIgniter\Validation\Validation::run(): Argument #1 ($data) must be of type ?array, string given, called in /Users/nykianderson/Sites/shape_search/app/Controllers/Users.php on line 161
in SYSTEMPATH/Validation/Validation.php on line 109.
 1 APPPATH/Controllers/Users.php(161): CodeIgniter\Validation\Validation->run('date', [...])
 2 SYSTEMPATH/CodeIgniter.php(898): App\Controllers\Users->register()
 3 SYSTEMPATH/CodeIgniter.php(468): CodeIgniter\CodeIgniter->runController(Object(App\Controllers\Users))
 4 SYSTEMPATH/CodeIgniter.php(351): CodeIgniter\CodeIgniter->handleRequest(null, Object(Config\Cache), false)
 5 FCPATH/index.php(55): CodeIgniter\CodeIgniter->run()
INFO - 2022-06-28 16:00:59 --> Session: Class initialized using 'CodeIgniter\Session\Handlers\FileHandler' driver.
INFO - 2022-06-28 16:00:59 --> Session: Class initialized using 'CodeIgniter\Session\Handlers\FileHandler' driver.
INFO - 2022-06-28 16:01:17 --> Session: Class initialized using 'CodeIgniter\Session\Handlers\FileHandler' driver.
INFO - 2022-06-28 16:01:17 --> CSRF token verified.
INFO - 2022-06-28 16:20:27 --> Session: Class initialized using 'CodeIgniter\Session\Handlers\FileHandler' driver.
INFO - 2022-06-28 16:20:27 --> Session: Class initialized using 'CodeIgniter\Session\Handlers\FileHandler' driver.
INFO - 2022-06-28 16:20:44 --> Session: Class initialized using 'CodeIgniter\Session\Handlers\FileHandler' driver.
INFO - 2022-06-28 16:20:44 --> CSRF token verified.
INFO - 2022-06-28 16:35:32 --> Session: Class initialized using 'CodeIgniter\Session\Handlers\FileHandler' driver.
INFO - 2022-06-28 16:35:32 --> Session: Class initialized using 'CodeIgniter\Session\Handlers\FileHandler' driver.
INFO - 2022-06-28 16:36:12 --> Session: Class initialized using 'CodeIgniter\Session\Handlers\FileHandler' driver.
INFO - 2022-06-28 16:36:12 --> CSRF token verified.
INFO - 2022-06-28 16:40:06 --> Session: Class initialized using 'CodeIgniter\Session\Handlers\FileHandler' driver.
INFO - 2022-06-28 16:40:06 --> Session: Class initialized using 'CodeIgniter\Session\Handlers\FileHandler' driver.
INFO - 2022-06-28 16:40:18 --> Session: Class initialized using 'CodeIgniter\Session\Handlers\FileHandler' driver.
INFO - 2022-06-28 16:40:42 --> Session: Class initialized using 'CodeIgniter\Session\Handlers\FileHandler' driver.
INFO - 2022-06-28 16:40:42 --> CSRF token verified.
INFO - 2022-06-28 16:41:39 --> Session: Class initialized using 'CodeIgniter\Session\Handlers\FileHandler' driver.
INFO - 2022-06-28 16:41:39 --> Session: Class initialized using 'CodeIgniter\Session\Handlers\FileHandler' driver.
INFO - 2022-06-28 16:41:55 --> Session: Class initialized using 'CodeIgniter\Session\Handlers\FileHandler' driver.
INFO - 2022-06-28 16:41:55 --> CSRF token verified.
CRITICAL - 2022-06-28 16:41:55 --> Undefined array key 3
in APPPATH/Validation/User_rules.php on line 103.
 1 APPPATH/Validation/User_rules.php(103): CodeIgniter\Debug\Exceptions->errorHandler(2, 'Undefined array key 3', 'APPPATH/Validation/User_rules.php', 103)
 2 SYSTEMPATH/Validation/Validation.php(306): App\Validation\User_rules->validateDate('2010/02/2010', 'date', [...], null)
 3 SYSTEMPATH/Validation/Validation.php(173): CodeIgniter\Validation\Validation->processRules('date', 'date', '2010/02/2010', [...], [...])
 4 APPPATH/Controllers/Users.php(161): CodeIgniter\Validation\Validation->run([...], 'date')
 5 SYSTEMPATH/CodeIgniter.php(898): App\Controllers\Users->register()
 6 SYSTEMPATH/CodeIgniter.php(468): CodeIgniter\CodeIgniter->runController(Object(App\Controllers\Users))
 7 SYSTEMPATH/CodeIgniter.php(351): CodeIgniter\CodeIgniter->handleRequest(null, Object(Config\Cache), false)
 8 FCPATH/index.php(55): CodeIgniter\CodeIgniter->run()
INFO - 2022-06-28 16:42:44 --> Session: Class initialized using 'CodeIgniter\Session\Handlers\FileHandler' driver.
INFO - 2022-06-28 16:42:44 --> Session: Class initialized using 'CodeIgniter\Session\Handlers\FileHandler' driver.
INFO - 2022-06-28 16:43:00 --> Session: Class initialized using 'CodeIgniter\Session\Handlers\FileHandler' driver.
INFO - 2022-06-28 16:43:00 --> CSRF token verified.
INFO - 2022-06-28 16:46:09 --> Session: Class initialized using 'CodeIgniter\Session\Handlers\FileHandler' driver.
INFO - 2022-06-28 16:46:09 --> Session: Class initialized using 'CodeIgniter\Session\Handlers\FileHandler' driver.
INFO - 2022-06-28 16:46:25 --> Session: Class initialized using 'CodeIgniter\Session\Handlers\FileHandler' driver.
INFO - 2022-06-28 16:46:25 --> CSRF token verified.
INFO - 2022-06-28 16:46:41 --> Session: Class initialized using 'CodeIgniter\Session\Handlers\FileHandler' driver.
INFO - 2022-06-28 16:46:41 --> Session: Class initialized using 'CodeIgniter\Session\Handlers\FileHandler' driver.
INFO - 2022-06-28 16:46:56 --> Session: Class initialized using 'CodeIgniter\Session\Handlers\FileHandler' driver.
INFO - 2022-06-28 16:46:56 --> CSRF token verified.
INFO - 2022-06-28 16:47:28 --> Session: Class initialized using 'CodeIgniter\Session\Handlers\FileHandler' driver.
INFO - 2022-06-28 16:47:28 --> Session: Class initialized using 'CodeIgniter\Session\Handlers\FileHandler' driver.
INFO - 2022-06-28 16:47:58 --> Session: Class initialized using 'CodeIgniter\Session\Handlers\FileHandler' driver.
INFO - 2022-06-28 16:47:58 --> CSRF token verified.
INFO - 2022-06-28 16:49:32 --> Session: Class initialized using 'CodeIgniter\Session\Handlers\FileHandler' driver.
INFO - 2022-06-28 16:49:33 --> Session: Class initialized using 'CodeIgniter\Session\Handlers\FileHandler' driver.
INFO - 2022-06-28 16:49:48 --> Session: Class initialized using 'CodeIgniter\Session\Handlers\FileHandler' driver.
INFO - 2022-06-28 16:49:48 --> CSRF token verified.
INFO - 2022-06-28 16:52:05 --> Session: Class initialized using 'CodeIgniter\Session\Handlers\FileHandler' driver.
INFO - 2022-06-28 16:52:05 --> Session: Class initialized using 'CodeIgniter\Session\Handlers\FileHandler' driver.
INFO - 2022-06-28 16:52:13 --> Session: Class initialized using 'CodeIgniter\Session\Handlers\FileHandler' driver.
INFO - 2022-06-28 16:52:27 --> Session: Class initialized using 'CodeIgniter\Session\Handlers\FileHandler' driver.
INFO - 2022-06-28 16:52:27 --> CSRF token verified.
CRITICAL - 2022-06-28 16:52:27 --> Call to undefined function App\Validation\isString()
in APPPATH/Validation/User_rules.php on line 97.
 1 SYSTEMPATH/Validation/Validation.php(306): App\Validation\User_rules->validateDate('2016/04/2016', 'date', [...], null)
 2 SYSTEMPATH/Validation/Validation.php(173): CodeIgniter\Validation\Validation->processRules('date', 'date', '2016/04/2016', [...], [...])
 3 APPPATH/Controllers/Users.php(161): CodeIgniter\Validation\Validation->run([...], 'date')
 4 SYSTEMPATH/CodeIgniter.php(898): App\Controllers\Users->register()
 5 SYSTEMPATH/CodeIgniter.php(468): CodeIgniter\CodeIgniter->runController(Object(App\Controllers\Users))
 6 SYSTEMPATH/CodeIgniter.php(351): CodeIgniter\CodeIgniter->handleRequest(null, Object(Config\Cache), false)
 7 FCPATH/index.php(55): CodeIgniter\CodeIgniter->run()
INFO - 2022-06-28 16:52:55 --> Session: Class initialized using 'CodeIgniter\Session\Handlers\FileHandler' driver.
INFO - 2022-06-28 16:52:55 --> Session: Class initialized using 'CodeIgniter\Session\Handlers\FileHandler' driver.
INFO - 2022-06-28 16:53:09 --> Session: Class initialized using 'CodeIgniter\Session\Handlers\FileHandler' driver.
INFO - 2022-06-28 16:53:09 --> CSRF token verified.
INFO - 2022-06-28 17:05:30 --> Session: Class initialized using 'CodeIgniter\Session\Handlers\FileHandler' driver.
INFO - 2022-06-28 17:05:30 --> Session: Class initialized using 'CodeIgniter\Session\Handlers\FileHandler' driver.
INFO - 2022-06-28 17:05:51 --> Session: Class initialized using 'CodeIgniter\Session\Handlers\FileHandler' driver.
INFO - 2022-06-28 17:05:51 --> CSRF token verified.
INFO - 2022-06-28 17:16:19 --> Session: Class initialized using 'CodeIgniter\Session\Handlers\FileHandler' driver.
INFO - 2022-06-28 17:16:28 --> Session: Class initialized using 'CodeIgniter\Session\Handlers\FileHandler' driver.
INFO - 2022-06-28 17:16:28 --> CSRF token verified.
INFO - 2022-06-28 17:16:50 --> Session: Class initialized using 'CodeIgniter\Session\Handlers\FileHandler' driver.
INFO - 2022-06-28 17:16:50 --> CSRF token verified.
INFO - 2022-06-28 17:16:51 --> Session: Class initialized using 'CodeIgniter\Session\Handlers\FileHandler' driver.
INFO - 2022-06-28 17:16:58 --> Session: Class initialized using 'CodeIgniter\Session\Handlers\FileHandler' driver.
INFO - 2022-06-28 17:17:37 --> Session: Class initialized using 'CodeIgniter\Session\Handlers\FileHandler' driver.
INFO - 2022-06-28 17:18:14 --> Session: Class initialized using 'CodeIgniter\Session\Handlers\FileHandler' driver.
INFO - 2022-06-28 17:18:44 --> Session: Class initialized using 'CodeIgniter\Session\Handlers\FileHandler' driver.
INFO - 2022-06-28 17:18:48 --> Session: Class initialized using 'CodeIgniter\Session\Handlers\FileHandler' driver.
INFO - 2022-06-28 17:18:50 --> Session: Class initialized using 'CodeIgniter\Session\Handlers\FileHandler' driver.
INFO - 2022-06-28 17:20:08 --> Session: Class initialized using 'CodeIgniter\Session\Handlers\FileHandler' driver.
INFO - 2022-06-28 17:20:37 --> Session: Class initialized using 'CodeIgniter\Session\Handlers\FileHandler' driver.
INFO - 2022-06-28 17:20:50 --> Session: Class initialized using 'CodeIgniter\Session\Handlers\FileHandler' driver.
INFO - 2022-06-28 17:20:50 --> CSRF token verified.
INFO - 2022-06-28 17:20:50 --> Session: Class initialized using 'CodeIgniter\Session\Handlers\FileHandler' driver.
INFO - 2022-06-28 17:20:57 --> Session: Class initialized using 'CodeIgniter\Session\Handlers\FileHandler' driver.
CRITICAL - 2022-06-28 17:20:57 --> Failed to parse time string (Just now) at position 0 (J): The timezone could not be found in the database
in SYSTEMPATH/I18n/Time.php on line 100.
 1 SYSTEMPATH/I18n/Time.php(100): DateTime->__construct('Just now', Object(DateTimeZone))
 2 SYSTEMPATH/I18n/Time.php(131): CodeIgniter\I18n\Time->__construct('Just now', 'America/New_York', null)
 3 APPPATH/Helpers/arithmetic_helper.php(75): CodeIgniter\I18n\Time::parse('Just now')
 4 APPPATH/Entities/User.php(148): get_date_words('Just now')
 5 SYSTEMPATH/Entity/Entity.php(486): App\Entities\User->getLastLogin()
 6 APPPATH/Views/users/members/view_profile.php(107): CodeIgniter\Entity\Entity->__get('lastLogin')
 7 SYSTEMPATH/View/View.php(213): include('APPPATH/Views/users/members/view_profile.php')
 8 SYSTEMPATH/View/View.php(216): CodeIgniter\View\View->CodeIgniter\View\{closure}()
 9 SYSTEMPATH/Common.php(1135): CodeIgniter\View\View->render('users/members/view_profile', [], true)
10 APPPATH/Controllers/Users.php(273): view('users/members/view_profile', [...])
11 SYSTEMPATH/CodeIgniter.php(898): App\Controllers\Users->view_profile('Freya')
12 SYSTEMPATH/CodeIgniter.php(468): CodeIgniter\CodeIgniter->runController(Object(App\Controllers\Users))
13 SYSTEMPATH/CodeIgniter.php(351): CodeIgniter\CodeIgniter->handleRequest(null, Object(Config\Cache), false)
14 FCPATH/index.php(55): CodeIgniter\CodeIgniter->run()
INFO - 2022-06-28 17:25:51 --> Session: Class initialized using 'CodeIgniter\Session\Handlers\FileHandler' driver.
INFO - 2022-06-28 17:33:04 --> Session: Class initialized using 'CodeIgniter\Session\Handlers\FileHandler' driver.
INFO - 2022-06-28 17:33:15 --> Session: Class initialized using 'CodeIgniter\Session\Handlers\FileHandler' driver.
INFO - 2022-06-28 17:33:16 --> Session: Class initialized using 'CodeIgniter\Session\Handlers\FileHandler' driver.
INFO - 2022-06-28 17:33:29 --> Session: Class initialized using 'CodeIgniter\Session\Handlers\FileHandler' driver.
INFO - 2022-06-28 17:33:39 --> Session: Class initialized using 'CodeIgniter\Session\Handlers\FileHandler' driver.
INFO - 2022-06-28 17:33:42 --> Session: Class initialized using 'CodeIgniter\Session\Handlers\FileHandler' driver.
INFO - 2022-06-28 17:39:59 --> Session: Class initialized using 'CodeIgniter\Session\Handlers\FileHandler' driver.
INFO - 2022-06-28 17:40:03 --> Session: Class initialized using 'CodeIgniter\Session\Handlers\FileHandler' driver.
INFO - 2022-06-28 17:42:53 --> Session: Class initialized using 'CodeIgniter\Session\Handlers\FileHandler' driver.
INFO - 2022-06-28 17:42:59 --> Session: Class initialized using 'CodeIgniter\Session\Handlers\FileHandler' driver.
INFO - 2022-06-28 17:43:05 --> Session: Class initialized using 'CodeIgniter\Session\Handlers\FileHandler' driver.
INFO - 2022-06-28 17:43:15 --> Session: Class initialized using 'CodeIgniter\Session\Handlers\FileHandler' driver.
INFO - 2022-06-28 17:43:16 --> Session: Class initialized using 'CodeIgniter\Session\Handlers\FileHandler' driver.
INFO - 2022-06-28 17:43:16 --> CSRF token verified.
INFO - 2022-06-28 17:43:40 --> Session: Class initialized using 'CodeIgniter\Session\Handlers\FileHandler' driver.
INFO - 2022-06-28 17:43:41 --> Session: Class initialized using 'CodeIgniter\Session\Handlers\FileHandler' driver.
INFO - 2022-06-28 17:43:41 --> Session: Class initialized using 'CodeIgniter\Session\Handlers\FileHandler' driver.
INFO - 2022-06-28 17:43:41 --> CSRF token verified.
INFO - 2022-06-28 17:43:46 --> Session: Class initialized using 'CodeIgniter\Session\Handlers\FileHandler' driver.
INFO - 2022-06-28 17:43:48 --> Session: Class initialized using 'CodeIgniter\Session\Handlers\FileHandler' driver.
INFO - 2022-06-28 17:43:48 --> Session: Class initialized using 'CodeIgniter\Session\Handlers\FileHandler' driver.
INFO - 2022-06-28 17:43:48 --> CSRF token verified.
INFO - 2022-06-28 17:44:11 --> Session: Class initialized using 'CodeIgniter\Session\Handlers\FileHandler' driver.
INFO - 2022-06-28 17:44:11 --> Session: Class initialized using 'CodeIgniter\Session\Handlers\FileHandler' driver.
INFO - 2022-06-28 17:44:11 --> CSRF token verified.
INFO - 2022-06-28 17:46:14 --> Session: Class initialized using 'CodeIgniter\Session\Handlers\FileHandler' driver.
CRITICAL - 2022-06-28 17:46:14 --> Call to undefined method CodeIgniter\Database\MySQLi\Builder::getResults()
in APPPATH/Entities/Image.php on line 340.
 1 APPPATH/Models/ImageModel.php(111): App\Entities\Image->setIsUploader('627537b3b9464')
 2 APPPATH/Controllers/Gallery.php(104): App\Models\ImageModel->fillImageEntity('627537b3b9464')
 3 SYSTEMPATH/CodeIgniter.php(898): App\Controllers\Gallery->view_image('627537b3b9464')
 4 SYSTEMPATH/CodeIgniter.php(468): CodeIgniter\CodeIgniter->runController(Object(App\Controllers\Gallery))
 5 SYSTEMPATH/CodeIgniter.php(351): CodeIgniter\CodeIgniter->handleRequest(null, Object(Config\Cache), false)
 6 FCPATH/index.php(55): CodeIgniter\CodeIgniter->run()
INFO - 2022-06-28 17:46:27 --> Session: Class initialized using 'CodeIgniter\Session\Handlers\FileHandler' driver.
CRITICAL - 2022-06-28 17:46:27 --> Call to undefined method CodeIgniter\Database\MySQLi\Builder::getResult()
in APPPATH/Entities/Image.php on line 340.
 1 APPPATH/Models/ImageModel.php(111): App\Entities\Image->setIsUploader('627537b3b9464')
 2 APPPATH/Controllers/Gallery.php(104): App\Models\ImageModel->fillImageEntity('627537b3b9464')
 3 SYSTEMPATH/CodeIgniter.php(898): App\Controllers\Gallery->view_image('627537b3b9464')
 4 SYSTEMPATH/CodeIgniter.php(468): CodeIgniter\CodeIgniter->runController(Object(App\Controllers\Gallery))
 5 SYSTEMPATH/CodeIgniter.php(351): CodeIgniter\CodeIgniter->handleRequest(null, Object(Config\Cache), false)
 6 FCPATH/index.php(55): CodeIgniter\CodeIgniter->run()
INFO - 2022-06-28 17:46:42 --> Session: Class initialized using 'CodeIgniter\Session\Handlers\FileHandler' driver.
INFO - 2022-06-28 17:46:42 --> Session: Class initialized using 'CodeIgniter\Session\Handlers\FileHandler' driver.
INFO - 2022-06-28 17:46:42 --> CSRF token verified.
INFO - 2022-06-28 17:46:46 --> Session: Class initialized using 'CodeIgniter\Session\Handlers\FileHandler' driver.
INFO - 2022-06-28 17:46:51 --> Session: Class initialized using 'CodeIgniter\Session\Handlers\FileHandler' driver.
INFO - 2022-06-28 17:46:54 --> Session: Class initialized using 'CodeIgniter\Session\Handlers\FileHandler' driver.
INFO - 2022-06-28 17:46:54 --> Session: Class initialized using 'CodeIgniter\Session\Handlers\FileHandler' driver.
INFO - 2022-06-28 17:46:54 --> CSRF token verified.
INFO - 2022-06-28 17:47:45 --> Session: Class initialized using 'CodeIgniter\Session\Handlers\FileHandler' driver.
INFO - 2022-06-28 17:47:46 --> Session: Class initialized using 'CodeIgniter\Session\Handlers\FileHandler' driver.
INFO - 2022-06-28 17:47:46 --> CSRF token verified.
INFO - 2022-06-28 17:47:47 --> Session: Class initialized using 'CodeIgniter\Session\Handlers\FileHandler' driver.
INFO - 2022-06-28 17:47:49 --> Session: Class initialized using 'CodeIgniter\Session\Handlers\FileHandler' driver.
INFO - 2022-06-28 17:47:49 --> Session: Class initialized using 'CodeIgniter\Session\Handlers\FileHandler' driver.
INFO - 2022-06-28 17:47:49 --> CSRF token verified.
INFO - 2022-06-28 17:49:05 --> Session: Class initialized using 'CodeIgniter\Session\Handlers\FileHandler' driver.
CRITICAL - 2022-06-28 17:49:05 --> Attempt to read property "uploader" on array
in APPPATH/Entities/Image.php on line 343.
 1 APPPATH/Entities/Image.php(343): CodeIgniter\Debug\Exceptions->errorHandler(2, 'Attempt to read property "uploader" on array', 'APPPATH/Entities/Image.php', 343)
 2 APPPATH/Models/ImageModel.php(111): App\Entities\Image->setIsUploader('62154a02827af')
 3 APPPATH/Controllers/Gallery.php(104): App\Models\ImageModel->fillImageEntity('62154a02827af')
 4 SYSTEMPATH/CodeIgniter.php(898): App\Controllers\Gallery->view_image('62154a02827af')
 5 SYSTEMPATH/CodeIgniter.php(468): CodeIgniter\CodeIgniter->runController(Object(App\Controllers\Gallery))
 6 SYSTEMPATH/CodeIgniter.php(351): CodeIgniter\CodeIgniter->handleRequest(null, Object(Config\Cache), false)
 7 FCPATH/index.php(55): CodeIgniter\CodeIgniter->run()
INFO - 2022-06-28 17:49:31 --> Session: Class initialized using 'CodeIgniter\Session\Handlers\FileHandler' driver.
CRITICAL - 2022-06-28 17:49:31 --> Undefined array key "uploader"
in APPPATH/Entities/Image.php on line 343.
 1 APPPATH/Entities/Image.php(343): CodeIgniter\Debug\Exceptions->errorHandler(2, 'Undefined array key "uploader"', 'APPPATH/Entities/Image.php', 343)
 2 APPPATH/Models/ImageModel.php(111): App\Entities\Image->setIsUploader('62154a02827af')
 3 APPPATH/Controllers/Gallery.php(104): App\Models\ImageModel->fillImageEntity('62154a02827af')
 4 SYSTEMPATH/CodeIgniter.php(898): App\Controllers\Gallery->view_image('62154a02827af')
 5 SYSTEMPATH/CodeIgniter.php(468): CodeIgniter\CodeIgniter->runController(Object(App\Controllers\Gallery))
 6 SYSTEMPATH/CodeIgniter.php(351): CodeIgniter\CodeIgniter->handleRequest(null, Object(Config\Cache), false)
 7 FCPATH/index.php(55): CodeIgniter\CodeIgniter->run()
INFO - 2022-06-28 17:51:14 --> Session: Class initialized using 'CodeIgniter\Session\Handlers\FileHandler' driver.
CRITICAL - 2022-06-28 17:51:14 --> Call to undefined method CodeIgniter\Database\MySQLi\Builder::getResult()
in APPPATH/Entities/Image.php on line 340.
 1 APPPATH/Models/ImageModel.php(111): App\Entities\Image->setIsUploader('62154a02827af')
 2 APPPATH/Controllers/Gallery.php(104): App\Models\ImageModel->fillImageEntity('62154a02827af')
 3 SYSTEMPATH/CodeIgniter.php(898): App\Controllers\Gallery->view_image('62154a02827af')
 4 SYSTEMPATH/CodeIgniter.php(468): CodeIgniter\CodeIgniter->runController(Object(App\Controllers\Gallery))
 5 SYSTEMPATH/CodeIgniter.php(351): CodeIgniter\CodeIgniter->handleRequest(null, Object(Config\Cache), false)
 6 FCPATH/index.php(55): CodeIgniter\CodeIgniter->run()
INFO - 2022-06-28 17:51:42 --> Session: Class initialized using 'CodeIgniter\Session\Handlers\FileHandler' driver.
CRITICAL - 2022-06-28 17:51:42 --> Attempt to read property "uploader" on array
in APPPATH/Entities/Image.php on line 343.
 1 APPPATH/Entities/Image.php(343): CodeIgniter\Debug\Exceptions->errorHandler(2, 'Attempt to read property "uploader" on array', 'APPPATH/Entities/Image.php', 343)
 2 APPPATH/Models/ImageModel.php(111): App\Entities\Image->setIsUploader('62154a02827af')
 3 APPPATH/Controllers/Gallery.php(104): App\Models\ImageModel->fillImageEntity('62154a02827af')
 4 SYSTEMPATH/CodeIgniter.php(898): App\Controllers\Gallery->view_image('62154a02827af')
 5 SYSTEMPATH/CodeIgniter.php(468): CodeIgniter\CodeIgniter->runController(Object(App\Controllers\Gallery))
 6 SYSTEMPATH/CodeIgniter.php(351): CodeIgniter\CodeIgniter->handleRequest(null, Object(Config\Cache), false)
 7 FCPATH/index.php(55): CodeIgniter\CodeIgniter->run()
INFO - 2022-06-28 17:59:12 --> Session: Class initialized using 'CodeIgniter\Session\Handlers\FileHandler' driver.
CRITICAL - 2022-06-28 17:59:12 --> Undefined property: CodeIgniter\Database\MySQLi\Result::$uploader
in APPPATH/Entities/Image.php on line 342.
 1 APPPATH/Entities/Image.php(342): CodeIgniter\Debug\Exceptions->errorHandler(2, 'Undefined property: CodeIgniter\\Database\\MySQLi\\Result::$uploader', 'APPPATH/Entities/Image.php', 342)
 2 APPPATH/Models/ImageModel.php(111): App\Entities\Image->setIsUploader('62154a02827af')
 3 APPPATH/Controllers/Gallery.php(104): App\Models\ImageModel->fillImageEntity('62154a02827af')
 4 SYSTEMPATH/CodeIgniter.php(898): App\Controllers\Gallery->view_image('62154a02827af')
 5 SYSTEMPATH/CodeIgniter.php(468): CodeIgniter\CodeIgniter->runController(Object(App\Controllers\Gallery))
 6 SYSTEMPATH/CodeIgniter.php(351): CodeIgniter\CodeIgniter->handleRequest(null, Object(Config\Cache), false)
 7 FCPATH/index.php(55): CodeIgniter\CodeIgniter->run()
INFO - 2022-06-28 17:59:24 --> Session: Class initialized using 'CodeIgniter\Session\Handlers\FileHandler' driver.
CRITICAL - 2022-06-28 17:59:24 --> Cannot use object of type CodeIgniter\Database\MySQLi\Result as array
in APPPATH/Entities/Image.php on line 342.
 1 APPPATH/Models/ImageModel.php(111): App\Entities\Image->setIsUploader('62154a02827af')
 2 APPPATH/Controllers/Gallery.php(104): App\Models\ImageModel->fillImageEntity('62154a02827af')
 3 SYSTEMPATH/CodeIgniter.php(898): App\Controllers\Gallery->view_image('62154a02827af')
 4 SYSTEMPATH/CodeIgniter.php(468): CodeIgniter\CodeIgniter->runController(Object(App\Controllers\Gallery))
 5 SYSTEMPATH/CodeIgniter.php(351): CodeIgniter\CodeIgniter->handleRequest(null, Object(Config\Cache), false)
 6 FCPATH/index.php(55): CodeIgniter\CodeIgniter->run()
INFO - 2022-06-28 17:59:52 --> Session: Class initialized using 'CodeIgniter\Session\Handlers\FileHandler' driver.
CRITICAL - 2022-06-28 17:59:52 --> Undefined array key "uploader"
in APPPATH/Entities/Image.php on line 343.
 1 APPPATH/Entities/Image.php(343): CodeIgniter\Debug\Exceptions->errorHandler(2, 'Undefined array key "uploader"', 'APPPATH/Entities/Image.php', 343)
 2 APPPATH/Models/ImageModel.php(111): App\Entities\Image->setIsUploader('62154a02827af')
 3 APPPATH/Controllers/Gallery.php(104): App\Models\ImageModel->fillImageEntity('62154a02827af')
 4 SYSTEMPATH/CodeIgniter.php(898): App\Controllers\Gallery->view_image('62154a02827af')
 5 SYSTEMPATH/CodeIgniter.php(468): CodeIgniter\CodeIgniter->runController(Object(App\Controllers\Gallery))
 6 SYSTEMPATH/CodeIgniter.php(351): CodeIgniter\CodeIgniter->handleRequest(null, Object(Config\Cache), false)
 7 FCPATH/index.php(55): CodeIgniter\CodeIgniter->run()
INFO - 2022-06-28 18:02:29 --> Session: Class initialized using 'CodeIgniter\Session\Handlers\FileHandler' driver.
CRITICAL - 2022-06-28 18:02:29 --> Cannot use object of type stdClass as array
in APPPATH/Entities/Image.php on line 343.
 1 APPPATH/Models/ImageModel.php(111): App\Entities\Image->setIsUploader('62154a02827af')
 2 APPPATH/Controllers/Gallery.php(104): App\Models\ImageModel->fillImageEntity('62154a02827af')
 3 SYSTEMPATH/CodeIgniter.php(898): App\Controllers\Gallery->view_image('62154a02827af')
 4 SYSTEMPATH/CodeIgniter.php(468): CodeIgniter\CodeIgniter->runController(Object(App\Controllers\Gallery))
 5 SYSTEMPATH/CodeIgniter.php(351): CodeIgniter\CodeIgniter->handleRequest(null, Object(Config\Cache), false)
 6 FCPATH/index.php(55): CodeIgniter\CodeIgniter->run()
INFO - 2022-06-28 18:02:37 --> Session: Class initialized using 'CodeIgniter\Session\Handlers\FileHandler' driver.
INFO - 2022-06-28 18:02:38 --> Session: Class initialized using 'CodeIgniter\Session\Handlers\FileHandler' driver.
INFO - 2022-06-28 18:02:38 --> CSRF token verified.
INFO - 2022-06-28 18:02:45 --> Session: Class initialized using 'CodeIgniter\Session\Handlers\FileHandler' driver.
INFO - 2022-06-28 18:02:48 --> Session: Class initialized using 'CodeIgniter\Session\Handlers\FileHandler' driver.
INFO - 2022-06-28 18:02:49 --> Session: Class initialized using 'CodeIgniter\Session\Handlers\FileHandler' driver.
INFO - 2022-06-28 18:02:49 --> CSRF token verified.
INFO - 2022-06-28 18:02:53 --> Session: Class initialized using 'CodeIgniter\Session\Handlers\FileHandler' driver.
INFO - 2022-06-28 18:03:34 --> Session: Class initialized using 'CodeIgniter\Session\Handlers\FileHandler' driver.
INFO - 2022-06-28 18:03:38 --> Session: Class initialized using 'CodeIgniter\Session\Handlers\FileHandler' driver.
INFO - 2022-06-28 18:03:41 --> Session: Class initialized using 'CodeIgniter\Session\Handlers\FileHandler' driver.
INFO - 2022-06-28 18:03:46 --> Session: Class initialized using 'CodeIgniter\Session\Handlers\FileHandler' driver.
INFO - 2022-06-28 18:03:46 --> Session: Class initialized using 'CodeIgniter\Session\Handlers\FileHandler' driver.
INFO - 2022-06-28 18:03:46 --> CSRF token verified.
INFO - 2022-06-28 18:03:52 --> Session: Class initialized using 'CodeIgniter\Session\Handlers\FileHandler' driver.
INFO - 2022-06-28 18:03:53 --> Session: Class initialized using 'CodeIgniter\Session\Handlers\FileHandler' driver.
INFO - 2022-06-28 18:03:53 --> Session: Class initialized using 'CodeIgniter\Session\Handlers\FileHandler' driver.
INFO - 2022-06-28 18:03:53 --> CSRF token verified.
INFO - 2022-06-28 18:04:16 --> Session: Class initialized using 'CodeIgniter\Session\Handlers\FileHandler' driver.
INFO - 2022-06-28 18:04:16 --> Session: Class initialized using 'CodeIgniter\Session\Handlers\FileHandler' driver.
INFO - 2022-06-28 18:04:16 --> CSRF token verified.
INFO - 2022-06-28 18:04:18 --> Session: Class initialized using 'CodeIgniter\Session\Handlers\FileHandler' driver.
INFO - 2022-06-28 18:04:22 --> Session: Class initialized using 'CodeIgniter\Session\Handlers\FileHandler' driver.
INFO - 2022-06-28 18:04:24 --> Session: Class initialized using 'CodeIgniter\Session\Handlers\FileHandler' driver.
INFO - 2022-06-28 18:04:24 --> Session: Class initialized using 'CodeIgniter\Session\Handlers\FileHandler' driver.
INFO - 2022-06-28 18:04:24 --> CSRF token verified.
INFO - 2022-06-28 18:06:25 --> Session: Class initialized using 'CodeIgniter\Session\Handlers\FileHandler' driver.
INFO - 2022-06-28 18:06:25 --> CSRF token verified.
INFO - 2022-06-28 18:07:59 --> Session: Class initialized using 'CodeIgniter\Session\Handlers\FileHandler' driver.
INFO - 2022-06-28 18:10:40 --> Session: Class initialized using 'CodeIgniter\Session\Handlers\FileHandler' driver.
INFO - 2022-06-28 18:17:35 --> Session: Class initialized using 'CodeIgniter\Session\Handlers\FileHandler' driver.
INFO - 2022-06-28 18:17:51 --> Session: Class initialized using 'CodeIgniter\Session\Handlers\FileHandler' driver.
INFO - 2022-06-28 18:29:26 --> Session: Class initialized using 'CodeIgniter\Session\Handlers\FileHandler' driver.
INFO - 2022-06-28 18:29:28 --> Session: Class initialized using 'CodeIgniter\Session\Handlers\FileHandler' driver.
CRITICAL - 2022-06-28 18:29:28 --> get_date_words(): Argument #1 ($date) must be of type string, null given, called in /Users/nykianderson/Sites/shape_search/app/Entities/User.php on line 158
in APPPATH/Helpers/arithmetic_helper.php on line 72.
 1 APPPATH/Entities/User.php(158): get_date_words(null)
 2 SYSTEMPATH/Entity/Entity.php(486): App\Entities\User->getBirthday()
 3 APPPATH/Views/users/members/view_profile.php(49): CodeIgniter\Entity\Entity->__get('birthday')
 4 SYSTEMPATH/View/View.php(213): include('APPPATH/Views/users/members/view_profile.php')
 5 SYSTEMPATH/View/View.php(216): CodeIgniter\View\View->CodeIgniter\View\{closure}()
 6 SYSTEMPATH/Common.php(1135): CodeIgniter\View\View->render('users/members/view_profile', [], true)
 7 APPPATH/Controllers/Users.php(273): view('users/members/view_profile', [...])
 8 SYSTEMPATH/CodeIgniter.php(898): App\Controllers\Users->view_profile('Freya')
 9 SYSTEMPATH/CodeIgniter.php(468): CodeIgniter\CodeIgniter->runController(Object(App\Controllers\Users))
10 SYSTEMPATH/CodeIgniter.php(351): CodeIgniter\CodeIgniter->handleRequest(null, Object(Config\Cache), false)
11 FCPATH/index.php(55): CodeIgniter\CodeIgniter->run()
INFO - 2022-06-28 18:31:20 --> Session: Class initialized using 'CodeIgniter\Session\Handlers\FileHandler' driver.
CRITICAL - 2022-06-28 18:31:20 --> Unclosed '{' on line 13
in APPPATH/Entities/User.php on line 164.
 1 SYSTEMPATH/Autoloader/Autoloader.php(261): CodeIgniter\Autoloader\Autoloader->includeFile('APPPATH/Entities/User.php')
 2 SYSTEMPATH/Autoloader/Autoloader.php(239): CodeIgniter\Autoloader\Autoloader->loadInNamespace('App\\Entities\\User')
 3 APPPATH/Models/UserModel.php(124): CodeIgniter\Autoloader\Autoloader->loadClass('App\\Entities\\User')
 4 APPPATH/Controllers/Users.php(266): App\Models\UserModel->fillUserEntity('Freya')
 5 SYSTEMPATH/CodeIgniter.php(898): App\Controllers\Users->view_profile('Freya')
 6 SYSTEMPATH/CodeIgniter.php(468): CodeIgniter\CodeIgniter->runController(Object(App\Controllers\Users))
 7 SYSTEMPATH/CodeIgniter.php(351): CodeIgniter\CodeIgniter->handleRequest(null, Object(Config\Cache), false)
 8 FCPATH/index.php(55): CodeIgniter\CodeIgniter->run()
INFO - 2022-06-28 18:31:29 --> Session: Class initialized using 'CodeIgniter\Session\Handlers\FileHandler' driver.
INFO - 2022-06-28 19:17:00 --> Session: Class initialized using 'CodeIgniter\Session\Handlers\FileHandler' driver.
CRITICAL - 2022-06-28 19:17:00 --> Call to undefined method App\Models\UserModel::getSubscriptionsProfile
in SYSTEMPATH/Model.php on line 773.
 1 APPPATH/Entities/User.php(99): CodeIgniter\Model->__call('getSubscriptionsProfile', [...])
 2 APPPATH/Models/UserModel.php(128): App\Entities\User->setSubscriptions('Freya')
 3 APPPATH/Controllers/Users.php(266): App\Models\UserModel->fillUserEntity('Freya')
 4 SYSTEMPATH/CodeIgniter.php(898): App\Controllers\Users->view_profile('Freya')
 5 SYSTEMPATH/CodeIgniter.php(468): CodeIgniter\CodeIgniter->runController(Object(App\Controllers\Users))
 6 SYSTEMPATH/CodeIgniter.php(351): CodeIgniter\CodeIgniter->handleRequest(null, Object(Config\Cache), false)
 7 FCPATH/index.php(55): CodeIgniter\CodeIgniter->run()
INFO - 2022-06-28 19:17:12 --> Session: Class initialized using 'CodeIgniter\Session\Handlers\FileHandler' driver.
CRITICAL - 2022-06-28 19:17:12 --> Undefined variable $subscriber
in APPPATH/Models/UserModel.php on line 189.
 1 APPPATH/Models/UserModel.php(189): CodeIgniter\Debug\Exceptions->errorHandler(2, 'Undefined variable $subscriber', 'APPPATH/Models/UserModel.php', 189)
 2 APPPATH/Entities/User.php(99): App\Models\UserModel->getSubscriptionsProfiles('Freya')
 3 APPPATH/Models/UserModel.php(128): App\Entities\User->setSubscriptions('Freya')
 4 APPPATH/Controllers/Users.php(266): App\Models\UserModel->fillUserEntity('Freya')
 5 SYSTEMPATH/CodeIgniter.php(898): App\Controllers\Users->view_profile('Freya')
 6 SYSTEMPATH/CodeIgniter.php(468): CodeIgniter\CodeIgniter->runController(Object(App\Controllers\Users))
 7 SYSTEMPATH/CodeIgniter.php(351): CodeIgniter\CodeIgniter->handleRequest(null, Object(Config\Cache), false)
 8 FCPATH/index.php(55): CodeIgniter\CodeIgniter->run()
INFO - 2022-06-28 19:18:21 --> Session: Class initialized using 'CodeIgniter\Session\Handlers\FileHandler' driver.
INFO - 2022-06-28 19:27:40 --> Session: Class initialized using 'CodeIgniter\Session\Handlers\FileHandler' driver.
INFO - 2022-06-28 19:27:51 --> Session: Class initialized using 'CodeIgniter\Session\Handlers\FileHandler' driver.
CRITICAL - 2022-06-28 19:27:51 --> Call to undefined method App\Models\UserModel::getSubscriptionsInfo
in SYSTEMPATH/Model.php on line 773.
 1 APPPATH/Entities/User.php(99): CodeIgniter\Model->__call('getSubscriptionsInfo', [...])
 2 APPPATH/Models/UserModel.php(128): App\Entities\User->setSubscriptions('JillLynn')
 3 APPPATH/Controllers/Users.php(266): App\Models\UserModel->fillUserEntity('JillLynn')
 4 SYSTEMPATH/CodeIgniter.php(898): App\Controllers\Users->view_profile('JillLynn')
 5 SYSTEMPATH/CodeIgniter.php(468): CodeIgniter\CodeIgniter->runController(Object(App\Controllers\Users))
 6 SYSTEMPATH/CodeIgniter.php(351): CodeIgniter\CodeIgniter->handleRequest(null, Object(Config\Cache), false)
 7 FCPATH/index.php(55): CodeIgniter\CodeIgniter->run()
INFO - 2022-06-28 19:44:11 --> Session: Class initialized using 'CodeIgniter\Session\Handlers\FileHandler' driver.
CRITICAL - 2022-06-28 19:44:11 --> Too few arguments to function App\Models\UserModel::getProfiles(), 1 passed in /Users/nykianderson/Sites/shape_search/app/Entities/User.php on line 91 and exactly 2 expected
in APPPATH/Models/UserModel.php on line 137.
 1 APPPATH/Entities/User.php(91): App\Models\UserModel->getProfiles([...])
 2 APPPATH/Models/UserModel.php(127): App\Entities\User->setSubscribers('JillLynn')
 3 APPPATH/Controllers/Users.php(266): App\Models\UserModel->fillUserEntity('JillLynn')
 4 SYSTEMPATH/CodeIgniter.php(898): App\Controllers\Users->view_profile('JillLynn')
 5 SYSTEMPATH/CodeIgniter.php(468): CodeIgniter\CodeIgniter->runController(Object(App\Controllers\Users))
 6 SYSTEMPATH/CodeIgniter.php(351): CodeIgniter\CodeIgniter->handleRequest(null, Object(Config\Cache), false)
 7 FCPATH/index.php(55): CodeIgniter\CodeIgniter->run()
INFO - 2022-06-28 19:45:04 --> Session: Class initialized using 'CodeIgniter\Session\Handlers\FileHandler' driver.
ERROR - 2022-06-28 19:45:04 --> Unknown column 'subcriber' in 'where clause'
CRITICAL - 2022-06-28 19:45:04 --> Unknown column 'subcriber' in 'where clause'
in SYSTEMPATH/Database/MySQLi/Connection.php on line 292.
 1 SYSTEMPATH/Database/MySQLi/Connection.php(292): mysqli->query('SELECT *
FROM `subscribers`
WHERE `subcriber` = \'JillLynn\'
ORDER BY `modified_at` DESC', 0)
 2 SYSTEMPATH/Database/BaseConnection.php(678): CodeIgniter\Database\MySQLi\Connection->execute('SELECT *
FROM `subscribers`
WHERE `subcriber` = \'JillLynn\'
ORDER BY `modified_at` DESC')
 3 SYSTEMPATH/Database/BaseConnection.php(606): CodeIgniter\Database\BaseConnection->simpleQuery('SELECT *
FROM `subscribers`
WHERE `subcriber` = \'JillLynn\'
ORDER BY `modified_at` DESC')
 4 SYSTEMPATH/Database/BaseBuilder.php(1585): CodeIgniter\Database\BaseConnection->query('SELECT *
FROM `subscribers`
WHERE `subcriber` = :subcriber:
ORDER BY `modified_at` DESC', [...], false)
 5 APPPATH/Models/UserModel.php(144): CodeIgniter\Database\BaseBuilder->get()
 6 APPPATH/Entities/User.php(91): App\Models\UserModel->getProfiles([...], [...])
 7 APPPATH/Models/UserModel.php(127): App\Entities\User->setSubscribers('JillLynn')
 8 APPPATH/Controllers/Users.php(266): App\Models\UserModel->fillUserEntity('JillLynn')
 9 SYSTEMPATH/CodeIgniter.php(898): App\Controllers\Users->view_profile('JillLynn')
10 SYSTEMPATH/CodeIgniter.php(468): CodeIgniter\CodeIgniter->runController(Object(App\Controllers\Users))
11 SYSTEMPATH/CodeIgniter.php(351): CodeIgniter\CodeIgniter->handleRequest(null, Object(Config\Cache), false)
12 FCPATH/index.php(55): CodeIgniter\CodeIgniter->run()
INFO - 2022-06-28 19:45:45 --> Session: Class initialized using 'CodeIgniter\Session\Handlers\FileHandler' driver.
INFO - 2022-06-28 19:45:50 --> Session: Class initialized using 'CodeIgniter\Session\Handlers\FileHandler' driver.
INFO - 2022-06-28 19:45:52 --> Session: Class initialized using 'CodeIgniter\Session\Handlers\FileHandler' driver.
INFO - 2022-06-28 19:45:52 --> Session: Class initialized using 'CodeIgniter\Session\Handlers\FileHandler' driver.
INFO - 2022-06-28 19:45:52 --> CSRF token verified.
INFO - 2022-06-28 19:45:55 --> Session: Class initialized using 'CodeIgniter\Session\Handlers\FileHandler' driver.
CRITICAL - 2022-06-28 19:45:55 --> App\Models\UserModel::fillUserEntity(): Argument #1 ($username) must be of type string, array given, called in /Users/nykianderson/Sites/shape_search/app/Models/UserModel.php on line 151
in APPPATH/Models/UserModel.php on line 117.
 1 APPPATH/Models/UserModel.php(151): App\Models\UserModel->fillUserEntity([...])
 2 APPPATH/Entities/User.php(99): App\Models\UserModel->getProfiles([...], [...])
 3 APPPATH/Models/UserModel.php(128): App\Entities\User->setSubscriptions('AgBRAT')
 4 APPPATH/Controllers/Users.php(266): App\Models\UserModel->fillUserEntity('AgBRAT')
 5 SYSTEMPATH/CodeIgniter.php(898): App\Controllers\Users->view_profile('AgBRAT')
 6 SYSTEMPATH/CodeIgniter.php(468): CodeIgniter\CodeIgniter->runController(Object(App\Controllers\Users))
 7 SYSTEMPATH/CodeIgniter.php(351): CodeIgniter\CodeIgniter->handleRequest(null, Object(Config\Cache), false)
 8 FCPATH/index.php(55): CodeIgniter\CodeIgniter->run()
INFO - 2022-06-28 19:47:00 --> Session: Class initialized using 'CodeIgniter\Session\Handlers\FileHandler' driver.
CRITICAL - 2022-06-28 19:47:00 --> App\Models\UserModel::fillUserEntity(): Argument #1 ($username) must be of type array, string given, called in /Users/nykianderson/Sites/shape_search/app/Controllers/Users.php on line 266
in APPPATH/Models/UserModel.php on line 117.
 1 APPPATH/Controllers/Users.php(266): App\Models\UserModel->fillUserEntity('AgBRAT')
 2 SYSTEMPATH/CodeIgniter.php(898): App\Controllers\Users->view_profile('AgBRAT')
 3 SYSTEMPATH/CodeIgniter.php(468): CodeIgniter\CodeIgniter->runController(Object(App\Controllers\Users))
 4 SYSTEMPATH/CodeIgniter.php(351): CodeIgniter\CodeIgniter->handleRequest(null, Object(Config\Cache), false)
 5 FCPATH/index.php(55): CodeIgniter\CodeIgniter->run()
INFO - 2022-06-28 19:47:34 --> Session: Class initialized using 'CodeIgniter\Session\Handlers\FileHandler' driver.
ERROR - 2022-06-28 19:47:34 --> You have an error in your SQL syntax; check the manual that corresponds to your MySQL server version for the right syntax to use near ':0:
AND 1 = :1:' at line 3
CRITICAL - 2022-06-28 19:47:34 --> You have an error in your SQL syntax; check the manual that corresponds to your MySQL server version for the right syntax to use near ':0:
AND 1 = :1:' at line 3
in SYSTEMPATH/Database/MySQLi/Connection.php on line 292.
 1 SYSTEMPATH/Database/MySQLi/Connection.php(292): mysqli->query('SELECT *
FROM `users`
WHERE 0 = :0:
AND 1 = :1:', 0)
 2 SYSTEMPATH/Database/BaseConnection.php(678): CodeIgniter\Database\MySQLi\Connection->execute('SELECT *
FROM `users`
WHERE 0 = :0:
AND 1 = :1:')
 3 SYSTEMPATH/Database/BaseConnection.php(606): CodeIgniter\Database\BaseConnection->simpleQuery('SELECT *
FROM `users`
WHERE 0 = :0:
AND 1 = :1:')
 4 SYSTEMPATH/Database/BaseBuilder.php(1585): CodeIgniter\Database\BaseConnection->query('SELECT *
FROM `users`
WHERE 0 = :0:
AND 1 = :1:', [...], false)
 5 APPPATH/Models/UserModel.php(121): CodeIgniter\Database\BaseBuilder->get()
 6 APPPATH/Controllers/Users.php(266): App\Models\UserModel->fillUserEntity([...])
 7 SYSTEMPATH/CodeIgniter.php(898): App\Controllers\Users->view_profile('AgBRAT')
 8 SYSTEMPATH/CodeIgniter.php(468): CodeIgniter\CodeIgniter->runController(Object(App\Controllers\Users))
 9 SYSTEMPATH/CodeIgniter.php(351): CodeIgniter\CodeIgniter->handleRequest(null, Object(Config\Cache), false)
10 FCPATH/index.php(55): CodeIgniter\CodeIgniter->run()
INFO - 2022-06-28 19:47:56 --> Session: Class initialized using 'CodeIgniter\Session\Handlers\FileHandler' driver.
ERROR - 2022-06-28 19:47:56 --> You have an error in your SQL syntax; check the manual that corresponds to your MySQL server version for the right syntax to use near ':0:
AND 1 = :1:' at line 3
CRITICAL - 2022-06-28 19:47:56 --> You have an error in your SQL syntax; check the manual that corresponds to your MySQL server version for the right syntax to use near ':0:
AND 1 = :1:' at line 3
in SYSTEMPATH/Database/MySQLi/Connection.php on line 292.
 1 SYSTEMPATH/Database/MySQLi/Connection.php(292): mysqli->query('SELECT *
FROM `users`
WHERE 0 = :0:
AND 1 = :1:', 0)
 2 SYSTEMPATH/Database/BaseConnection.php(678): CodeIgniter\Database\MySQLi\Connection->execute('SELECT *
FROM `users`
WHERE 0 = :0:
AND 1 = :1:')
 3 SYSTEMPATH/Database/BaseConnection.php(606): CodeIgniter\Database\BaseConnection->simpleQuery('SELECT *
FROM `users`
WHERE 0 = :0:
AND 1 = :1:')
 4 SYSTEMPATH/Database/BaseBuilder.php(1585): CodeIgniter\Database\BaseConnection->query('SELECT *
FROM `users`
WHERE 0 = :0:
AND 1 = :1:', [...], false)
 5 APPPATH/Models/UserModel.php(121): CodeIgniter\Database\BaseBuilder->get()
 6 APPPATH/Controllers/Users.php(266): App\Models\UserModel->fillUserEntity([...])
 7 SYSTEMPATH/CodeIgniter.php(898): App\Controllers\Users->view_profile('AgBRAT')
 8 SYSTEMPATH/CodeIgniter.php(468): CodeIgniter\CodeIgniter->runController(Object(App\Controllers\Users))
 9 SYSTEMPATH/CodeIgniter.php(351): CodeIgniter\CodeIgniter->handleRequest(null, Object(Config\Cache), false)
10 FCPATH/index.php(55): CodeIgniter\CodeIgniter->run()
INFO - 2022-06-28 19:51:13 --> Session: Class initialized using 'CodeIgniter\Session\Handlers\FileHandler' driver.
ERROR - 2022-06-28 19:51:13 --> You have an error in your SQL syntax; check the manual that corresponds to your MySQL server version for the right syntax to use near ':0:
AND 1 = :1:' at line 3
CRITICAL - 2022-06-28 19:51:13 --> You have an error in your SQL syntax; check the manual that corresponds to your MySQL server version for the right syntax to use near ':0:
AND 1 = :1:' at line 3
in SYSTEMPATH/Database/MySQLi/Connection.php on line 292.
 1 SYSTEMPATH/Database/MySQLi/Connection.php(292): mysqli->query('SELECT *
FROM `users`
WHERE 0 = :0:
AND 1 = :1:', 0)
 2 SYSTEMPATH/Database/BaseConnection.php(678): CodeIgniter\Database\MySQLi\Connection->execute('SELECT *
FROM `users`
WHERE 0 = :0:
AND 1 = :1:')
 3 SYSTEMPATH/Database/BaseConnection.php(606): CodeIgniter\Database\BaseConnection->simpleQuery('SELECT *
FROM `users`
WHERE 0 = :0:
AND 1 = :1:')
 4 SYSTEMPATH/Database/BaseBuilder.php(1585): CodeIgniter\Database\BaseConnection->query('SELECT *
FROM `users`
WHERE 0 = :0:
AND 1 = :1:', [...], false)
 5 APPPATH/Models/UserModel.php(121): CodeIgniter\Database\BaseBuilder->get()
 6 APPPATH/Controllers/Users.php(266): App\Models\UserModel->fillUserEntity([...])
 7 SYSTEMPATH/CodeIgniter.php(898): App\Controllers\Users->view_profile('AgBRAT')
 8 SYSTEMPATH/CodeIgniter.php(468): CodeIgniter\CodeIgniter->runController(Object(App\Controllers\Users))
 9 SYSTEMPATH/CodeIgniter.php(351): CodeIgniter\CodeIgniter->handleRequest(null, Object(Config\Cache), false)
10 FCPATH/index.php(55): CodeIgniter\CodeIgniter->run()
INFO - 2022-06-28 19:52:30 --> Session: Class initialized using 'CodeIgniter\Session\Handlers\FileHandler' driver.
ERROR - 2022-06-28 19:52:30 --> Operand should contain 1 column(s)
CRITICAL - 2022-06-28 19:52:30 --> Operand should contain 1 column(s)
in SYSTEMPATH/Database/MySQLi/Connection.php on line 292.
 1 SYSTEMPATH/Database/MySQLi/Connection.php(292): mysqli->query('SELECT *
FROM `users`
WHERE `username` = (\'username\',\'AgBRAT\')', 0)
 2 SYSTEMPATH/Database/BaseConnection.php(678): CodeIgniter\Database\MySQLi\Connection->execute('SELECT *
FROM `users`
WHERE `username` = (\'username\',\'AgBRAT\')')
 3 SYSTEMPATH/Database/BaseConnection.php(606): CodeIgniter\Database\BaseConnection->simpleQuery('SELECT *
FROM `users`
WHERE `username` = (\'username\',\'AgBRAT\')')
 4 SYSTEMPATH/Database/BaseBuilder.php(1585): CodeIgniter\Database\BaseConnection->query('SELECT *
FROM `users`
WHERE `username` = :username:', [...], false)
 5 APPPATH/Models/UserModel.php(121): CodeIgniter\Database\BaseBuilder->get()
 6 APPPATH/Controllers/Users.php(266): App\Models\UserModel->fillUserEntity([...])
 7 SYSTEMPATH/CodeIgniter.php(898): App\Controllers\Users->view_profile('AgBRAT')
 8 SYSTEMPATH/CodeIgniter.php(468): CodeIgniter\CodeIgniter->runController(Object(App\Controllers\Users))
 9 SYSTEMPATH/CodeIgniter.php(351): CodeIgniter\CodeIgniter->handleRequest(null, Object(Config\Cache), false)
10 FCPATH/index.php(55): CodeIgniter\CodeIgniter->run()
INFO - 2022-06-28 19:52:59 --> Session: Class initialized using 'CodeIgniter\Session\Handlers\FileHandler' driver.
CRITICAL - 2022-06-28 19:52:59 --> App\Models\UserModel::fillUserEntity(): Argument #1 ($profile) must be of type array, string given, called in /Users/nykianderson/Sites/shape_search/app/Controllers/Users.php on line 266
in APPPATH/Models/UserModel.php on line 117.
 1 APPPATH/Controllers/Users.php(266): App\Models\UserModel->fillUserEntity('AgBRAT')
 2 SYSTEMPATH/CodeIgniter.php(898): App\Controllers\Users->view_profile('AgBRAT')
 3 SYSTEMPATH/CodeIgniter.php(468): CodeIgniter\CodeIgniter->runController(Object(App\Controllers\Users))
 4 SYSTEMPATH/CodeIgniter.php(351): CodeIgniter\CodeIgniter->handleRequest(null, Object(Config\Cache), false)
 5 FCPATH/index.php(55): CodeIgniter\CodeIgniter->run()
INFO - 2022-06-28 19:53:24 --> Session: Class initialized using 'CodeIgniter\Session\Handlers\FileHandler' driver.
CRITICAL - 2022-06-28 19:53:24 --> App\Models\UserModel::getProfiles(): Argument #2 ($profile) must be of type string, array given, called in /Users/nykianderson/Sites/shape_search/app/Entities/User.php on line 99
in APPPATH/Models/UserModel.php on line 137.
 1 APPPATH/Entities/User.php(99): App\Models\UserModel->getProfiles([...], [...])
 2 APPPATH/Models/UserModel.php(128): App\Entities\User->setSubscriptions('AgBRAT')
 3 APPPATH/Controllers/Users.php(266): App\Models\UserModel->fillUserEntity('AgBRAT')
 4 SYSTEMPATH/CodeIgniter.php(898): App\Controllers\Users->view_profile('AgBRAT')
 5 SYSTEMPATH/CodeIgniter.php(468): CodeIgniter\CodeIgniter->runController(Object(App\Controllers\Users))
 6 SYSTEMPATH/CodeIgniter.php(351): CodeIgniter\CodeIgniter->handleRequest(null, Object(Config\Cache), false)
 7 FCPATH/index.php(55): CodeIgniter\CodeIgniter->run()
INFO - 2022-06-28 19:54:05 --> Session: Class initialized using 'CodeIgniter\Session\Handlers\FileHandler' driver.
CRITICAL - 2022-06-28 19:54:05 --> App\Models\UserModel::fillUserEntity(): Argument #1 ($profile) must be of type string, array given, called in /Users/nykianderson/Sites/shape_search/app/Models/UserModel.php on line 151
in APPPATH/Models/UserModel.php on line 117.
 1 APPPATH/Models/UserModel.php(151): App\Models\UserModel->fillUserEntity([...])
 2 APPPATH/Entities/User.php(99): App\Models\UserModel->getProfiles([...], Object(stdClass))
 3 APPPATH/Models/UserModel.php(128): App\Entities\User->setSubscriptions('AgBRAT')
 4 APPPATH/Controllers/Users.php(266): App\Models\UserModel->fillUserEntity('AgBRAT')
 5 SYSTEMPATH/CodeIgniter.php(898): App\Controllers\Users->view_profile('AgBRAT')
 6 SYSTEMPATH/CodeIgniter.php(468): CodeIgniter\CodeIgniter->runController(Object(App\Controllers\Users))
 7 SYSTEMPATH/CodeIgniter.php(351): CodeIgniter\CodeIgniter->handleRequest(null, Object(Config\Cache), false)
 8 FCPATH/index.php(55): CodeIgniter\CodeIgniter->run()
INFO - 2022-06-28 20:02:45 --> Session: Class initialized using 'CodeIgniter\Session\Handlers\FileHandler' driver.
CRITICAL - 2022-06-28 20:02:46 --> App\Models\UserModel::fillUserEntity(): Argument #1 ($profile) must be of type string, array given, called in /Users/nykianderson/Sites/shape_search/app/Models/UserModel.php on line 151
in APPPATH/Models/UserModel.php on line 117.
 1 APPPATH/Models/UserModel.php(151): App\Models\UserModel->fillUserEntity([...])
 2 APPPATH/Entities/User.php(91): App\Models\UserModel->getSubscriptionProfiles([...], 'subscriber')
 3 APPPATH/Models/UserModel.php(127): App\Entities\User->setSubscribers('AgBRAT')
 4 APPPATH/Controllers/Users.php(266): App\Models\UserModel->fillUserEntity('AgBRAT')
 5 SYSTEMPATH/CodeIgniter.php(898): App\Controllers\Users->view_profile('AgBRAT')
 6 SYSTEMPATH/CodeIgniter.php(468): CodeIgniter\CodeIgniter->runController(Object(App\Controllers\Users))
 7 SYSTEMPATH/CodeIgniter.php(351): CodeIgniter\CodeIgniter->handleRequest(null, Object(Config\Cache), false)
 8 FCPATH/index.php(55): CodeIgniter\CodeIgniter->run()
INFO - 2022-06-28 20:03:36 --> Session: Class initialized using 'CodeIgniter\Session\Handlers\FileHandler' driver.
CRITICAL - 2022-06-28 20:03:40 --> Allowed memory size of 134217728 bytes exhausted (tried to allocate 20480 bytes)
in SYSTEMPATH/Database/MySQLi/Result.php on line 132.
 1 [internal function]: CodeIgniter\Debug\Exceptions->shutdownHandler()
INFO - 2022-06-28 20:07:24 --> Session: Class initialized using 'CodeIgniter\Session\Handlers\FileHandler' driver.
CRITICAL - 2022-06-28 20:07:28 --> Allowed memory size of 134217728 bytes exhausted (tried to allocate 20480 bytes)
in SYSTEMPATH/Database/MySQLi/Result.php on line 132.
 1 [internal function]: CodeIgniter\Debug\Exceptions->shutdownHandler()
INFO - 2022-06-28 20:28:58 --> Session: Class initialized using 'CodeIgniter\Session\Handlers\FileHandler' driver.
CRITICAL - 2022-06-28 20:28:58 --> Call to undefined method App\Entities\User::setSubscribers()
in APPPATH/Models/UserModel.php on line 127.
 1 APPPATH/Controllers/Users.php(266): App\Models\UserModel->fillUserEntity('AgBRAT')
 2 SYSTEMPATH/CodeIgniter.php(898): App\Controllers\Users->view_profile('AgBRAT')
 3 SYSTEMPATH/CodeIgniter.php(468): CodeIgniter\CodeIgniter->runController(Object(App\Controllers\Users))
 4 SYSTEMPATH/CodeIgniter.php(351): CodeIgniter\CodeIgniter->handleRequest(null, Object(Config\Cache), false)
 5 FCPATH/index.php(55): CodeIgniter\CodeIgniter->run()
INFO - 2022-06-28 20:31:01 --> Session: Class initialized using 'CodeIgniter\Session\Handlers\FileHandler' driver.
CRITICAL - 2022-06-28 20:31:01 --> Call to undefined method App\Entities\User::setSubscribers()
in APPPATH/Models/UserModel.php on line 127.
 1 APPPATH/Controllers/Users.php(266): App\Models\UserModel->fillUserEntity('AgBRAT')
 2 SYSTEMPATH/CodeIgniter.php(898): App\Controllers\Users->view_profile('AgBRAT')
 3 SYSTEMPATH/CodeIgniter.php(468): CodeIgniter\CodeIgniter->runController(Object(App\Controllers\Users))
 4 SYSTEMPATH/CodeIgniter.php(351): CodeIgniter\CodeIgniter->handleRequest(null, Object(Config\Cache), false)
 5 FCPATH/index.php(55): CodeIgniter\CodeIgniter->run()
INFO - 2022-06-28 20:31:15 --> Session: Class initialized using 'CodeIgniter\Session\Handlers\FileHandler' driver.
CRITICAL - 2022-06-28 20:31:15 --> App\Models\UserModel::getSubscribeProfiles(): Argument #1 ($where) must be of type array, string given, called in /Users/nykianderson/Sites/shape_search/app/Controllers/Users.php on line 268
in APPPATH/Models/UserModel.php on line 135.
 1 APPPATH/Controllers/Users.php(268): App\Models\UserModel->getSubscribeProfiles('AgBRAT')
 2 SYSTEMPATH/CodeIgniter.php(898): App\Controllers\Users->view_profile('AgBRAT')
 3 SYSTEMPATH/CodeIgniter.php(468): CodeIgniter\CodeIgniter->runController(Object(App\Controllers\Users))
 4 SYSTEMPATH/CodeIgniter.php(351): CodeIgniter\CodeIgniter->handleRequest(null, Object(Config\Cache), false)
 5 FCPATH/index.php(55): CodeIgniter\CodeIgniter->run()
INFO - 2022-06-28 20:35:08 --> Session: Class initialized using 'CodeIgniter\Session\Handlers\FileHandler' driver.
INFO - 2022-06-28 20:35:17 --> Session: Class initialized using 'CodeIgniter\Session\Handlers\FileHandler' driver.
INFO - 2022-06-28 20:35:22 --> Session: Class initialized using 'CodeIgniter\Session\Handlers\FileHandler' driver.
INFO - 2022-06-28 20:35:24 --> Session: Class initialized using 'CodeIgniter\Session\Handlers\FileHandler' driver.
INFO - 2022-06-28 20:37:50 --> Session: Class initialized using 'CodeIgniter\Session\Handlers\FileHandler' driver.
INFO - 2022-06-28 20:38:26 --> Session: Class initialized using 'CodeIgniter\Session\Handlers\FileHandler' driver.
INFO - 2022-06-28 20:38:31 --> Session: Class initialized using 'CodeIgniter\Session\Handlers\FileHandler' driver.
INFO - 2022-06-28 20:38:33 --> Session: Class initialized using 'CodeIgniter\Session\Handlers\FileHandler' driver.
INFO - 2022-06-28 20:38:37 --> Session: Class initialized using 'CodeIgniter\Session\Handlers\FileHandler' driver.
INFO - 2022-06-28 20:38:39 --> Session: Class initialized using 'CodeIgniter\Session\Handlers\FileHandler' driver.
INFO - 2022-06-28 20:40:12 --> Session: Class initialized using 'CodeIgniter\Session\Handlers\FileHandler' driver.
CRITICAL - 2022-06-28 20:40:12 --> Call to undefined method App\Models\UserModel::getSubscriptionProfiles
in SYSTEMPATH/Model.php on line 773.
 1 APPPATH/Entities/User.php(91): CodeIgniter\Model->__call('getSubscriptionProfiles', [...])
 2 APPPATH/Models/UserModel.php(128): App\Entities\User->setSubscribers('Oceanna')
 3 APPPATH/Controllers/Users.php(266): App\Models\UserModel->fillUserEntity('Oceanna')
 4 SYSTEMPATH/CodeIgniter.php(898): App\Controllers\Users->view_profile('Oceanna')
 5 SYSTEMPATH/CodeIgniter.php(468): CodeIgniter\CodeIgniter->runController(Object(App\Controllers\Users))
 6 SYSTEMPATH/CodeIgniter.php(351): CodeIgniter\CodeIgniter->handleRequest(null, Object(Config\Cache), false)
 7 FCPATH/index.php(55): CodeIgniter\CodeIgniter->run()
INFO - 2022-06-28 20:40:28 --> Session: Class initialized using 'CodeIgniter\Session\Handlers\FileHandler' driver.
INFO - 2022-06-28 20:43:27 --> Session: Class initialized using 'CodeIgniter\Session\Handlers\FileHandler' driver.
INFO - 2022-06-28 20:43:58 --> Session: Class initialized using 'CodeIgniter\Session\Handlers\FileHandler' driver.
INFO - 2022-06-28 20:44:00 --> Session: Class initialized using 'CodeIgniter\Session\Handlers\FileHandler' driver.
INFO - 2022-06-28 20:44:00 --> Session: Class initialized using 'CodeIgniter\Session\Handlers\FileHandler' driver.
INFO - 2022-06-28 20:44:02 --> Session: Class initialized using 'CodeIgniter\Session\Handlers\FileHandler' driver.
INFO - 2022-06-28 20:44:04 --> Session: Class initialized using 'CodeIgniter\Session\Handlers\FileHandler' driver.
CRITICAL - 2022-06-28 20:44:10 --> Allowed memory size of 134217728 bytes exhausted (tried to allocate 20480 bytes)
in SYSTEMPATH/Database/BaseBuilder.php on line 2837.
 1 [internal function]: CodeIgniter\Debug\Exceptions->shutdownHandler()
INFO - 2022-06-28 20:44:39 --> Session: Class initialized using 'CodeIgniter\Session\Handlers\FileHandler' driver.
CRITICAL - 2022-06-28 20:44:45 --> Allowed memory size of 134217728 bytes exhausted (tried to allocate 20480 bytes)
in SYSTEMPATH/Database/BaseBuilder.php on line 2837.
 1 [internal function]: CodeIgniter\Debug\Exceptions->shutdownHandler()
INFO - 2022-06-28 20:45:40 --> Session: Class initialized using 'CodeIgniter\Session\Handlers\FileHandler' driver.
INFO - 2022-06-28 20:47:31 --> Session: Class initialized using 'CodeIgniter\Session\Handlers\FileHandler' driver.
INFO - 2022-06-28 20:47:46 --> Session: Class initialized using 'CodeIgniter\Session\Handlers\FileHandler' driver.
INFO - 2022-06-28 20:47:50 --> Session: Class initialized using 'CodeIgniter\Session\Handlers\FileHandler' driver.
INFO - 2022-06-28 20:47:51 --> Session: Class initialized using 'CodeIgniter\Session\Handlers\FileHandler' driver.
INFO - 2022-06-28 20:48:37 --> Session: Class initialized using 'CodeIgniter\Session\Handlers\FileHandler' driver.
INFO - 2022-06-28 20:48:49 --> Session: Class initialized using 'CodeIgniter\Session\Handlers\FileHandler' driver.
INFO - 2022-06-28 20:48:49 --> CSRF token verified.
INFO - 2022-06-28 20:48:52 --> Session: Class initialized using 'CodeIgniter\Session\Handlers\FileHandler' driver.
INFO - 2022-06-28 21:18:20 --> Session: Class initialized using 'CodeIgniter\Session\Handlers\FileHandler' driver.
CRITICAL - 2022-06-28 21:18:25 --> Allowed memory size of 134217728 bytes exhausted (tried to allocate 20480 bytes)
in SYSTEMPATH/Database/BaseBuilder.php on line 1445.
 1 [internal function]: CodeIgniter\Debug\Exceptions->shutdownHandler()
INFO - 2022-06-28 21:25:35 --> Session: Class initialized using 'CodeIgniter\Session\Handlers\FileHandler' driver.
INFO - 2022-06-28 21:43:40 --> Session: Class initialized using 'CodeIgniter\Session\Handlers\FileHandler' driver.
INFO - 2022-06-28 21:46:59 --> Session: Class initialized using 'CodeIgniter\Session\Handlers\FileHandler' driver.
INFO - 2022-06-28 21:47:14 --> Session: Class initialized using 'CodeIgniter\Session\Handlers\FileHandler' driver.
INFO - 2022-06-28 21:48:35 --> Session: Class initialized using 'CodeIgniter\Session\Handlers\FileHandler' driver.
INFO - 2022-06-28 21:48:44 --> Session: Class initialized using 'CodeIgniter\Session\Handlers\FileHandler' driver.
INFO - 2022-06-28 21:48:53 --> Session: Class initialized using 'CodeIgniter\Session\Handlers\FileHandler' driver.
INFO - 2022-06-28 21:49:09 --> Session: Class initialized using 'CodeIgniter\Session\Handlers\FileHandler' driver.
INFO - 2022-06-28 21:49:09 --> CSRF token verified.
INFO - 2022-06-28 21:49:10 --> Session: Class initialized using 'CodeIgniter\Session\Handlers\FileHandler' driver.
INFO - 2022-06-28 21:49:13 --> Session: Class initialized using 'CodeIgniter\Session\Handlers\FileHandler' driver.
CRITICAL - 2022-06-28 21:49:14 --> Failed to parse time string (Just now) at position 0 (J): The timezone could not be found in the database
in SYSTEMPATH/I18n/Time.php on line 100.
 1 SYSTEMPATH/I18n/Time.php(100): DateTime->__construct('Just now', Object(DateTimeZone))
 2 SYSTEMPATH/I18n/Time.php(131): CodeIgniter\I18n\Time->__construct('Just now', 'America/New_York', null)
 3 APPPATH/Helpers/arithmetic_helper.php(75): CodeIgniter\I18n\Time::parse('Just now')
 4 APPPATH/Entities/User.php(147): get_date_words('Just now')
 5 SYSTEMPATH/Entity/Entity.php(486): App\Entities\User->getLastLogin()
 6 APPPATH/Views/users/members/view_profile.php(109): CodeIgniter\Entity\Entity->__get('lastLogin')
 7 SYSTEMPATH/View/View.php(213): include('APPPATH/Views/users/members/view_profile.php')
 8 SYSTEMPATH/View/View.php(216): CodeIgniter\View\View->CodeIgniter\View\{closure}()
 9 SYSTEMPATH/Common.php(1135): CodeIgniter\View\View->render('users/members/view_profile', [], true)
10 APPPATH/Controllers/Users.php(274): view('users/members/view_profile', [...])
11 SYSTEMPATH/CodeIgniter.php(898): App\Controllers\Users->view_profile('Freya')
12 SYSTEMPATH/CodeIgniter.php(468): CodeIgniter\CodeIgniter->runController(Object(App\Controllers\Users))
13 SYSTEMPATH/CodeIgniter.php(351): CodeIgniter\CodeIgniter->handleRequest(null, Object(Config\Cache), false)
14 FCPATH/index.php(55): CodeIgniter\CodeIgniter->run()
INFO - 2022-06-28 21:49:17 --> Session: Class initialized using 'CodeIgniter\Session\Handlers\FileHandler' driver.
CRITICAL - 2022-06-28 21:49:17 --> Failed to parse time string (Just now) at position 0 (J): The timezone could not be found in the database
in SYSTEMPATH/I18n/Time.php on line 100.
 1 SYSTEMPATH/I18n/Time.php(100): DateTime->__construct('Just now', Object(DateTimeZone))
 2 SYSTEMPATH/I18n/Time.php(131): CodeIgniter\I18n\Time->__construct('Just now', 'America/New_York', null)
 3 APPPATH/Helpers/arithmetic_helper.php(75): CodeIgniter\I18n\Time::parse('Just now')
 4 APPPATH/Entities/User.php(147): get_date_words('Just now')
 5 SYSTEMPATH/Entity/Entity.php(486): App\Entities\User->getLastLogin()
 6 APPPATH/Views/users/members/view_profile.php(109): CodeIgniter\Entity\Entity->__get('lastLogin')
 7 SYSTEMPATH/View/View.php(213): include('APPPATH/Views/users/members/view_profile.php')
 8 SYSTEMPATH/View/View.php(216): CodeIgniter\View\View->CodeIgniter\View\{closure}()
 9 SYSTEMPATH/Common.php(1135): CodeIgniter\View\View->render('users/members/view_profile', [], true)
10 APPPATH/Controllers/Users.php(274): view('users/members/view_profile', [...])
11 SYSTEMPATH/CodeIgniter.php(898): App\Controllers\Users->view_profile('Freya')
12 SYSTEMPATH/CodeIgniter.php(468): CodeIgniter\CodeIgniter->runController(Object(App\Controllers\Users))
13 SYSTEMPATH/CodeIgniter.php(351): CodeIgniter\CodeIgniter->handleRequest(null, Object(Config\Cache), false)
14 FCPATH/index.php(55): CodeIgniter\CodeIgniter->run()
INFO - 2022-06-28 21:49:19 --> Session: Class initialized using 'CodeIgniter\Session\Handlers\FileHandler' driver.
CRITICAL - 2022-06-28 21:49:19 --> Failed to parse time string (Just now) at position 0 (J): The timezone could not be found in the database
in SYSTEMPATH/I18n/Time.php on line 100.
 1 SYSTEMPATH/I18n/Time.php(100): DateTime->__construct('Just now', Object(DateTimeZone))
 2 SYSTEMPATH/I18n/Time.php(131): CodeIgniter\I18n\Time->__construct('Just now', 'America/New_York', null)
 3 APPPATH/Helpers/arithmetic_helper.php(75): CodeIgniter\I18n\Time::parse('Just now')
 4 APPPATH/Entities/User.php(147): get_date_words('Just now')
 5 SYSTEMPATH/Entity/Entity.php(486): App\Entities\User->getLastLogin()
 6 APPPATH/Views/users/members/view_profile.php(109): CodeIgniter\Entity\Entity->__get('lastLogin')
 7 SYSTEMPATH/View/View.php(213): include('APPPATH/Views/users/members/view_profile.php')
 8 SYSTEMPATH/View/View.php(216): CodeIgniter\View\View->CodeIgniter\View\{closure}()
 9 SYSTEMPATH/Common.php(1135): CodeIgniter\View\View->render('users/members/view_profile', [], true)
10 APPPATH/Controllers/Users.php(274): view('users/members/view_profile', [...])
11 SYSTEMPATH/CodeIgniter.php(898): App\Controllers\Users->view_profile('Freya')
12 SYSTEMPATH/CodeIgniter.php(468): CodeIgniter\CodeIgniter->runController(Object(App\Controllers\Users))
13 SYSTEMPATH/CodeIgniter.php(351): CodeIgniter\CodeIgniter->handleRequest(null, Object(Config\Cache), false)
14 FCPATH/index.php(55): CodeIgniter\CodeIgniter->run()
INFO - 2022-06-28 21:49:34 --> Session: Class initialized using 'CodeIgniter\Session\Handlers\FileHandler' driver.
CRITICAL - 2022-06-28 21:49:34 --> Failed to parse time string (Just now) at position 0 (J): The timezone could not be found in the database
in SYSTEMPATH/I18n/Time.php on line 100.
 1 SYSTEMPATH/I18n/Time.php(100): DateTime->__construct('Just now', Object(DateTimeZone))
 2 SYSTEMPATH/I18n/Time.php(131): CodeIgniter\I18n\Time->__construct('Just now', 'America/New_York', null)
 3 APPPATH/Helpers/arithmetic_helper.php(75): CodeIgniter\I18n\Time::parse('Just now')
 4 APPPATH/Entities/User.php(147): get_date_words('Just now')
 5 SYSTEMPATH/Entity/Entity.php(486): App\Entities\User->getLastLogin()
 6 APPPATH/Views/users/members/view_profile.php(109): CodeIgniter\Entity\Entity->__get('lastLogin')
 7 SYSTEMPATH/View/View.php(213): include('APPPATH/Views/users/members/view_profile.php')
 8 SYSTEMPATH/View/View.php(216): CodeIgniter\View\View->CodeIgniter\View\{closure}()
 9 SYSTEMPATH/Common.php(1135): CodeIgniter\View\View->render('users/members/view_profile', [], true)
10 APPPATH/Controllers/Users.php(274): view('users/members/view_profile', [...])
11 SYSTEMPATH/CodeIgniter.php(898): App\Controllers\Users->view_profile('Freya')
12 SYSTEMPATH/CodeIgniter.php(468): CodeIgniter\CodeIgniter->runController(Object(App\Controllers\Users))
13 SYSTEMPATH/CodeIgniter.php(351): CodeIgniter\CodeIgniter->handleRequest(null, Object(Config\Cache), false)
14 FCPATH/index.php(55): CodeIgniter\CodeIgniter->run()
INFO - 2022-06-28 21:49:44 --> Session: Class initialized using 'CodeIgniter\Session\Handlers\FileHandler' driver.
CRITICAL - 2022-06-28 21:49:44 --> Failed to parse time string (Just now) at position 0 (J): The timezone could not be found in the database
in SYSTEMPATH/I18n/Time.php on line 100.
 1 SYSTEMPATH/I18n/Time.php(100): DateTime->__construct('Just now', Object(DateTimeZone))
 2 SYSTEMPATH/I18n/Time.php(131): CodeIgniter\I18n\Time->__construct('Just now', 'America/New_York', null)
 3 APPPATH/Helpers/arithmetic_helper.php(75): CodeIgniter\I18n\Time::parse('Just now')
 4 APPPATH/Entities/User.php(147): get_date_words('Just now')
 5 SYSTEMPATH/Entity/Entity.php(486): App\Entities\User->getLastLogin()
 6 APPPATH/Views/users/members/view_profile.php(109): CodeIgniter\Entity\Entity->__get('lastLogin')
 7 SYSTEMPATH/View/View.php(213): include('APPPATH/Views/users/members/view_profile.php')
 8 SYSTEMPATH/View/View.php(216): CodeIgniter\View\View->CodeIgniter\View\{closure}()
 9 SYSTEMPATH/Common.php(1135): CodeIgniter\View\View->render('users/members/view_profile', [], true)
10 APPPATH/Controllers/Users.php(274): view('users/members/view_profile', [...])
11 SYSTEMPATH/CodeIgniter.php(898): App\Controllers\Users->view_profile('Freya')
12 SYSTEMPATH/CodeIgniter.php(468): CodeIgniter\CodeIgniter->runController(Object(App\Controllers\Users))
13 SYSTEMPATH/CodeIgniter.php(351): CodeIgniter\CodeIgniter->handleRequest(null, Object(Config\Cache), false)
14 FCPATH/index.php(55): CodeIgniter\CodeIgniter->run()
INFO - 2022-06-28 21:50:39 --> Session: Class initialized using 'CodeIgniter\Session\Handlers\FileHandler' driver.
INFO - 2022-06-28 21:50:40 --> Session: Class initialized using 'CodeIgniter\Session\Handlers\FileHandler' driver.
INFO - 2022-06-28 21:50:40 --> Session: Class initialized using 'CodeIgniter\Session\Handlers\FileHandler' driver.
INFO - 2022-06-28 21:50:40 --> CSRF token verified.
INFO - 2022-06-28 21:50:43 --> Session: Class initialized using 'CodeIgniter\Session\Handlers\FileHandler' driver.
INFO - 2022-06-28 21:50:45 --> Session: Class initialized using 'CodeIgniter\Session\Handlers\FileHandler' driver.
INFO - 2022-06-28 21:51:00 --> Session: Class initialized using 'CodeIgniter\Session\Handlers\FileHandler' driver.
INFO - 2022-06-28 21:51:02 --> Session: Class initialized using 'CodeIgniter\Session\Handlers\FileHandler' driver.
INFO - 2022-06-28 21:51:13 --> Session: Class initialized using 'CodeIgniter\Session\Handlers\FileHandler' driver.
INFO - 2022-06-28 21:51:42 --> Session: Class initialized using 'CodeIgniter\Session\Handlers\FileHandler' driver.
INFO - 2022-06-28 21:51:50 --> Session: Class initialized using 'CodeIgniter\Session\Handlers\FileHandler' driver.
INFO - 2022-06-28 21:51:50 --> CSRF token verified.
INFO - 2022-06-28 21:51:52 --> Session: Class initialized using 'CodeIgniter\Session\Handlers\FileHandler' driver.
INFO - 2022-06-28 21:52:39 --> Session: Class initialized using 'CodeIgniter\Session\Handlers\FileHandler' driver.
INFO - 2022-06-28 21:52:43 --> Session: Class initialized using 'CodeIgniter\Session\Handlers\FileHandler' driver.
INFO - 2022-06-28 21:53:07 --> Session: Class initialized using 'CodeIgniter\Session\Handlers\FileHandler' driver.
INFO - 2022-06-28 21:53:14 --> Session: Class initialized using 'CodeIgniter\Session\Handlers\FileHandler' driver.
INFO - 2022-06-28 21:53:48 --> Session: Class initialized using 'CodeIgniter\Session\Handlers\FileHandler' driver.
INFO - 2022-06-28 21:53:48 --> CSRF token verified.
INFO - 2022-06-28 21:53:48 --> Session: Class initialized using 'CodeIgniter\Session\Handlers\FileHandler' driver.
INFO - 2022-06-28 21:53:50 --> Session: Class initialized using 'CodeIgniter\Session\Handlers\FileHandler' driver.
CRITICAL - 2022-06-28 21:53:50 --> Failed to parse time string (Just now) at position 0 (J): The timezone could not be found in the database
in SYSTEMPATH/I18n/Time.php on line 100.
 1 SYSTEMPATH/I18n/Time.php(100): DateTime->__construct('Just now', Object(DateTimeZone))
 2 SYSTEMPATH/I18n/Time.php(131): CodeIgniter\I18n\Time->__construct('Just now', 'America/New_York', null)
 3 APPPATH/Helpers/arithmetic_helper.php(75): CodeIgniter\I18n\Time::parse('Just now')
 4 APPPATH/Entities/User.php(147): get_date_words('Just now')
 5 SYSTEMPATH/Entity/Entity.php(486): App\Entities\User->getLastLogin()
 6 APPPATH/Views/users/members/view_profile.php(109): CodeIgniter\Entity\Entity->__get('lastLogin')
 7 SYSTEMPATH/View/View.php(213): include('APPPATH/Views/users/members/view_profile.php')
 8 SYSTEMPATH/View/View.php(216): CodeIgniter\View\View->CodeIgniter\View\{closure}()
 9 SYSTEMPATH/Common.php(1135): CodeIgniter\View\View->render('users/members/view_profile', [], true)
10 APPPATH/Controllers/Users.php(274): view('users/members/view_profile', [...])
11 SYSTEMPATH/CodeIgniter.php(898): App\Controllers\Users->view_profile('MoonCat76')
12 SYSTEMPATH/CodeIgniter.php(468): CodeIgniter\CodeIgniter->runController(Object(App\Controllers\Users))
13 SYSTEMPATH/CodeIgniter.php(351): CodeIgniter\CodeIgniter->handleRequest(null, Object(Config\Cache), false)
14 FCPATH/index.php(55): CodeIgniter\CodeIgniter->run()
INFO - 2022-06-28 21:54:01 --> Session: Class initialized using 'CodeIgniter\Session\Handlers\FileHandler' driver.
INFO - 2022-06-28 21:54:03 --> Session: Class initialized using 'CodeIgniter\Session\Handlers\FileHandler' driver.
INFO - 2022-06-28 21:54:06 --> Session: Class initialized using 'CodeIgniter\Session\Handlers\FileHandler' driver.
INFO - 2022-06-28 21:54:33 --> Session: Class initialized using 'CodeIgniter\Session\Handlers\FileHandler' driver.
INFO - 2022-06-28 21:55:12 --> Session: Class initialized using 'CodeIgniter\Session\Handlers\FileHandler' driver.
INFO - 2022-06-28 21:55:39 --> Session: Class initialized using 'CodeIgniter\Session\Handlers\FileHandler' driver.
INFO - 2022-06-28 22:00:41 --> Session: Class initialized using 'CodeIgniter\Session\Handlers\FileHandler' driver.
INFO - 2022-06-28 22:05:08 --> Session: Class initialized using 'CodeIgniter\Session\Handlers\FileHandler' driver.
INFO - 2022-06-28 22:06:04 --> Session: Class initialized using 'CodeIgniter\Session\Handlers\FileHandler' driver.
INFO - 2022-06-28 22:07:26 --> Session: Class initialized using 'CodeIgniter\Session\Handlers\FileHandler' driver.
INFO - 2022-06-28 22:08:41 --> Session: Class initialized using 'CodeIgniter\Session\Handlers\FileHandler' driver.
INFO - 2022-06-28 22:08:43 --> Session: Class initialized using 'CodeIgniter\Session\Handlers\FileHandler' driver.
INFO - 2022-06-28 22:08:55 --> Session: Class initialized using 'CodeIgniter\Session\Handlers\FileHandler' driver.
INFO - 2022-06-28 22:10:52 --> Session: Class initialized using 'CodeIgniter\Session\Handlers\FileHandler' driver.
INFO - 2022-06-28 22:11:08 --> Session: Class initialized using 'CodeIgniter\Session\Handlers\FileHandler' driver.
INFO - 2022-06-28 22:11:08 --> CSRF token verified.
INFO - 2022-06-28 22:11:11 --> Session: Class initialized using 'CodeIgniter\Session\Handlers\FileHandler' driver.
INFO - 2022-06-28 22:11:22 --> Session: Class initialized using 'CodeIgniter\Session\Handlers\FileHandler' driver.
INFO - 2022-06-28 22:11:22 --> CSRF token verified.
INFO - 2022-06-28 22:11:24 --> Session: Class initialized using 'CodeIgniter\Session\Handlers\FileHandler' driver.
INFO - 2022-06-28 22:11:24 --> CSRF token verified.
INFO - 2022-06-28 22:12:21 --> Session: Class initialized using 'CodeIgniter\Session\Handlers\FileHandler' driver.
INFO - 2022-06-28 22:14:45 --> Session: Class initialized using 'CodeIgniter\Session\Handlers\FileHandler' driver.
INFO - 2022-06-28 22:15:25 --> Session: Class initialized using 'CodeIgniter\Session\Handlers\FileHandler' driver.
INFO - 2022-06-28 22:15:49 --> Session: Class initialized using 'CodeIgniter\Session\Handlers\FileHandler' driver.
INFO - 2022-06-28 22:16:15 --> Session: Class initialized using 'CodeIgniter\Session\Handlers\FileHandler' driver.
INFO - 2022-06-28 22:20:33 --> Session: Class initialized using 'CodeIgniter\Session\Handlers\FileHandler' driver.
INFO - 2022-06-28 22:20:40 --> Session: Class initialized using 'CodeIgniter\Session\Handlers\FileHandler' driver.
INFO - 2022-06-28 22:21:40 --> Session: Class initialized using 'CodeIgniter\Session\Handlers\FileHandler' driver.
INFO - 2022-06-28 22:22:05 --> Session: Class initialized using 'CodeIgniter\Session\Handlers\FileHandler' driver.
INFO - 2022-06-28 22:22:18 --> Session: Class initialized using 'CodeIgniter\Session\Handlers\FileHandler' driver.
INFO - 2022-06-28 22:22:29 --> Session: Class initialized using 'CodeIgniter\Session\Handlers\FileHandler' driver.
INFO - 2022-06-28 22:22:31 --> Session: Class initialized using 'CodeIgniter\Session\Handlers\FileHandler' driver.
INFO - 2022-06-28 22:23:04 --> Session: Class initialized using 'CodeIgniter\Session\Handlers\FileHandler' driver.
INFO - 2022-06-28 22:23:21 --> Session: Class initialized using 'CodeIgniter\Session\Handlers\FileHandler' driver.
INFO - 2022-06-28 22:24:27 --> Session: Class initialized using 'CodeIgniter\Session\Handlers\FileHandler' driver.
INFO - 2022-06-28 22:24:41 --> Session: Class initialized using 'CodeIgniter\Session\Handlers\FileHandler' driver.
INFO - 2022-06-28 22:25:08 --> Session: Class initialized using 'CodeIgniter\Session\Handlers\FileHandler' driver.
INFO - 2022-06-28 22:25:27 --> Session: Class initialized using 'CodeIgniter\Session\Handlers\FileHandler' driver.
INFO - 2022-06-28 22:25:55 --> Session: Class initialized using 'CodeIgniter\Session\Handlers\FileHandler' driver.
INFO - 2022-06-28 22:26:29 --> Session: Class initialized using 'CodeIgniter\Session\Handlers\FileHandler' driver.
INFO - 2022-06-28 22:26:55 --> Session: Class initialized using 'CodeIgniter\Session\Handlers\FileHandler' driver.
INFO - 2022-06-28 22:27:09 --> Session: Class initialized using 'CodeIgniter\Session\Handlers\FileHandler' driver.
INFO - 2022-06-28 22:27:27 --> Session: Class initialized using 'CodeIgniter\Session\Handlers\FileHandler' driver.
INFO - 2022-06-28 22:27:39 --> Session: Class initialized using 'CodeIgniter\Session\Handlers\FileHandler' driver.
INFO - 2022-06-28 22:27:48 --> Session: Class initialized using 'CodeIgniter\Session\Handlers\FileHandler' driver.
INFO - 2022-06-28 22:27:52 --> Session: Class initialized using 'CodeIgniter\Session\Handlers\FileHandler' driver.
INFO - 2022-06-28 22:28:19 --> Session: Class initialized using 'CodeIgniter\Session\Handlers\FileHandler' driver.
INFO - 2022-06-28 22:28:28 --> Session: Class initialized using 'CodeIgniter\Session\Handlers\FileHandler' driver.
INFO - 2022-06-28 22:30:40 --> Session: Class initialized using 'CodeIgniter\Session\Handlers\FileHandler' driver.
INFO - 2022-06-28 22:30:46 --> Session: Class initialized using 'CodeIgniter\Session\Handlers\FileHandler' driver.
INFO - 2022-06-28 22:30:51 --> Session: Class initialized using 'CodeIgniter\Session\Handlers\FileHandler' driver.
INFO - 2022-06-28 22:31:04 --> Session: Class initialized using 'CodeIgniter\Session\Handlers\FileHandler' driver.
INFO - 2022-06-28 22:32:10 --> Session: Class initialized using 'CodeIgniter\Session\Handlers\FileHandler' driver.
INFO - 2022-06-28 22:32:18 --> Session: Class initialized using 'CodeIgniter\Session\Handlers\FileHandler' driver.
INFO - 2022-06-28 22:33:54 --> Session: Class initialized using 'CodeIgniter\Session\Handlers\FileHandler' driver.
INFO - 2022-06-28 22:34:13 --> Session: Class initialized using 'CodeIgniter\Session\Handlers\FileHandler' driver.
INFO - 2022-06-28 22:34:27 --> Session: Class initialized using 'CodeIgniter\Session\Handlers\FileHandler' driver.
INFO - 2022-06-28 22:34:31 --> Session: Class initialized using 'CodeIgniter\Session\Handlers\FileHandler' driver.
INFO - 2022-06-28 22:35:14 --> Session: Class initialized using 'CodeIgniter\Session\Handlers\FileHandler' driver.
INFO - 2022-06-28 22:36:17 --> Session: Class initialized using 'CodeIgniter\Session\Handlers\FileHandler' driver.
INFO - 2022-06-28 22:36:24 --> Session: Class initialized using 'CodeIgniter\Session\Handlers\FileHandler' driver.
INFO - 2022-06-28 22:36:24 --> Session: Class initialized using 'CodeIgniter\Session\Handlers\FileHandler' driver.
INFO - 2022-06-28 22:36:43 --> Session: Class initialized using 'CodeIgniter\Session\Handlers\FileHandler' driver.
INFO - 2022-06-28 22:37:05 --> Session: Class initialized using 'CodeIgniter\Session\Handlers\FileHandler' driver.
INFO - 2022-06-28 22:37:30 --> Session: Class initialized using 'CodeIgniter\Session\Handlers\FileHandler' driver.
INFO - 2022-06-28 22:37:30 --> CSRF token verified.
INFO - 2022-06-28 22:37:30 --> Session: Class initialized using 'CodeIgniter\Session\Handlers\FileHandler' driver.
INFO - 2022-06-28 22:51:19 --> Session: Class initialized using 'CodeIgniter\Session\Handlers\FileHandler' driver.
INFO - 2022-06-28 22:52:33 --> Session: Class initialized using 'CodeIgniter\Session\Handlers\FileHandler' driver.
INFO - 2022-06-28 22:52:36 --> Session: Class initialized using 'CodeIgniter\Session\Handlers\FileHandler' driver.
CRITICAL - 2022-06-28 22:52:36 --> CodeIgniter\Database\BaseBuilder::orderBy(): Argument #1 ($orderBy) must be of type string, array given, called in /Users/nykianderson/Sites/shape_search/app/Models/ImageModel.php on line 186
in SYSTEMPATH/Database/BaseBuilder.php on line 1408.
 1 APPPATH/Models/ImageModel.php(186): CodeIgniter\Database\BaseBuilder->orderBy([...])
 2 APPPATH/Controllers/Dashboard.php(66): App\Models\ImageModel->getUserHistory('Oceanna')
 3 SYSTEMPATH/CodeIgniter.php(898): App\Controllers\Dashboard->view_history()
 4 SYSTEMPATH/CodeIgniter.php(468): CodeIgniter\CodeIgniter->runController(Object(App\Controllers\Dashboard))
 5 SYSTEMPATH/CodeIgniter.php(351): CodeIgniter\CodeIgniter->handleRequest(null, Object(Config\Cache), false)
 6 FCPATH/index.php(55): CodeIgniter\CodeIgniter->run()
INFO - 2022-06-28 22:53:11 --> Session: Class initialized using 'CodeIgniter\Session\Handlers\FileHandler' driver.
CRITICAL - 2022-06-28 22:53:11 --> CodeIgniter\Database\BaseBuilder::orderBy(): Argument #1 ($orderBy) must be of type string, array given, called in /Users/nykianderson/Sites/shape_search/app/Models/ImageModel.php on line 186
in SYSTEMPATH/Database/BaseBuilder.php on line 1408.
 1 APPPATH/Models/ImageModel.php(186): CodeIgniter\Database\BaseBuilder->orderBy([...])
 2 APPPATH/Controllers/Dashboard.php(66): App\Models\ImageModel->getUserHistory('Oceanna')
 3 SYSTEMPATH/CodeIgniter.php(898): App\Controllers\Dashboard->view_history()
 4 SYSTEMPATH/CodeIgniter.php(468): CodeIgniter\CodeIgniter->runController(Object(App\Controllers\Dashboard))
 5 SYSTEMPATH/CodeIgniter.php(351): CodeIgniter\CodeIgniter->handleRequest(null, Object(Config\Cache), false)
 6 FCPATH/index.php(55): CodeIgniter\CodeIgniter->run()
INFO - 2022-06-28 22:53:36 --> Session: Class initialized using 'CodeIgniter\Session\Handlers\FileHandler' driver.
INFO - 2022-06-28 22:53:45 --> Session: Class initialized using 'CodeIgniter\Session\Handlers\FileHandler' driver.
INFO - 2022-06-28 22:53:46 --> Session: Class initialized using 'CodeIgniter\Session\Handlers\FileHandler' driver.
INFO - 2022-06-28 22:53:46 --> Session: Class initialized using 'CodeIgniter\Session\Handlers\FileHandler' driver.
INFO - 2022-06-28 22:53:46 --> CSRF token verified.
INFO - 2022-06-28 22:54:24 --> Session: Class initialized using 'CodeIgniter\Session\Handlers\FileHandler' driver.
CRITICAL - 2022-06-28 22:54:24 --> Attempt to read property "id" on array
in APPPATH/Models/ImageModel.php on line 196.
 1 APPPATH/Models/ImageModel.php(196): CodeIgniter\Debug\Exceptions->errorHandler(2, 'Attempt to read property "id" on array', 'APPPATH/Models/ImageModel.php', 196)
 2 APPPATH/Controllers/Dashboard.php(66): App\Models\ImageModel->getUserHistory('Oceanna')
 3 SYSTEMPATH/CodeIgniter.php(898): App\Controllers\Dashboard->view_history()
 4 SYSTEMPATH/CodeIgniter.php(468): CodeIgniter\CodeIgniter->runController(Object(App\Controllers\Dashboard))
 5 SYSTEMPATH/CodeIgniter.php(351): CodeIgniter\CodeIgniter->handleRequest(null, Object(Config\Cache), false)
 6 FCPATH/index.php(55): CodeIgniter\CodeIgniter->run()
INFO - 2022-06-28 22:58:03 --> Session: Class initialized using 'CodeIgniter\Session\Handlers\FileHandler' driver.
CRITICAL - 2022-06-28 22:58:03 --> Attempt to read property "id" on array
in APPPATH/Models/ImageModel.php on line 198.
 1 APPPATH/Models/ImageModel.php(198): CodeIgniter\Debug\Exceptions->errorHandler(2, 'Attempt to read property "id" on array', 'APPPATH/Models/ImageModel.php', 198)
 2 APPPATH/Controllers/Dashboard.php(66): App\Models\ImageModel->getUserHistory('Oceanna')
 3 SYSTEMPATH/CodeIgniter.php(898): App\Controllers\Dashboard->view_history()
 4 SYSTEMPATH/CodeIgniter.php(468): CodeIgniter\CodeIgniter->runController(Object(App\Controllers\Dashboard))
 5 SYSTEMPATH/CodeIgniter.php(351): CodeIgniter\CodeIgniter->handleRequest(null, Object(Config\Cache), false)
 6 FCPATH/index.php(55): CodeIgniter\CodeIgniter->run()
INFO - 2022-06-28 22:58:53 --> Session: Class initialized using 'CodeIgniter\Session\Handlers\FileHandler' driver.
CRITICAL - 2022-06-28 22:58:53 --> Attempt to read property "id" on array
in APPPATH/Models/ImageModel.php on line 196.
 1 APPPATH/Models/ImageModel.php(196): CodeIgniter\Debug\Exceptions->errorHandler(2, 'Attempt to read property "id" on array', 'APPPATH/Models/ImageModel.php', 196)
 2 APPPATH/Controllers/Dashboard.php(66): App\Models\ImageModel->getUserHistory('Oceanna')
 3 SYSTEMPATH/CodeIgniter.php(898): App\Controllers\Dashboard->view_history()
 4 SYSTEMPATH/CodeIgniter.php(468): CodeIgniter\CodeIgniter->runController(Object(App\Controllers\Dashboard))
 5 SYSTEMPATH/CodeIgniter.php(351): CodeIgniter\CodeIgniter->handleRequest(null, Object(Config\Cache), false)
 6 FCPATH/index.php(55): CodeIgniter\CodeIgniter->run()
INFO - 2022-06-28 22:59:02 --> Session: Class initialized using 'CodeIgniter\Session\Handlers\FileHandler' driver.
INFO - 2022-06-28 22:59:06 --> Session: Class initialized using 'CodeIgniter\Session\Handlers\FileHandler' driver.
INFO - 2022-06-28 22:59:08 --> Session: Class initialized using 'CodeIgniter\Session\Handlers\FileHandler' driver.
INFO - 2022-06-28 22:59:08 --> Session: Class initialized using 'CodeIgniter\Session\Handlers\FileHandler' driver.
INFO - 2022-06-28 22:59:08 --> CSRF token verified.
INFO - 2022-06-28 22:59:10 --> Session: Class initialized using 'CodeIgniter\Session\Handlers\FileHandler' driver.
INFO - 2022-06-28 23:00:06 --> Session: Class initialized using 'CodeIgniter\Session\Handlers\FileHandler' driver.
INFO - 2022-06-28 23:00:50 --> Session: Class initialized using 'CodeIgniter\Session\Handlers\FileHandler' driver.
INFO - 2022-06-28 23:04:24 --> Session: Class initialized using 'CodeIgniter\Session\Handlers\FileHandler' driver.
INFO - 2022-06-28 23:04:54 --> Session: Class initialized using 'CodeIgniter\Session\Handlers\FileHandler' driver.
INFO - 2022-06-28 23:05:58 --> Session: Class initialized using 'CodeIgniter\Session\Handlers\FileHandler' driver.
INFO - 2022-06-28 23:06:35 --> Session: Class initialized using 'CodeIgniter\Session\Handlers\FileHandler' driver.
INFO - 2022-06-28 23:06:57 --> Session: Class initialized using 'CodeIgniter\Session\Handlers\FileHandler' driver.
INFO - 2022-06-28 23:07:27 --> Session: Class initialized using 'CodeIgniter\Session\Handlers\FileHandler' driver.
INFO - 2022-06-28 23:07:44 --> Session: Class initialized using 'CodeIgniter\Session\Handlers\FileHandler' driver.
INFO - 2022-06-28 23:08:47 --> Session: Class initialized using 'CodeIgniter\Session\Handlers\FileHandler' driver.
INFO - 2022-06-28 23:10:57 --> Session: Class initialized using 'CodeIgniter\Session\Handlers\FileHandler' driver.
INFO - 2022-06-28 23:10:57 --> Session: Class initialized using 'CodeIgniter\Session\Handlers\FileHandler' driver.
INFO - 2022-06-28 23:10:58 --> Session: Class initialized using 'CodeIgniter\Session\Handlers\FileHandler' driver.
INFO - 2022-06-28 23:14:34 --> Session: Class initialized using 'CodeIgniter\Session\Handlers\FileHandler' driver.
INFO - 2022-06-28 23:14:38 --> Session: Class initialized using 'CodeIgniter\Session\Handlers\FileHandler' driver.
INFO - 2022-06-28 23:14:50 --> Session: Class initialized using 'CodeIgniter\Session\Handlers\FileHandler' driver.
INFO - 2022-06-28 23:14:50 --> CSRF token verified.
INFO - 2022-06-28 23:14:50 --> Session: Class initialized using 'CodeIgniter\Session\Handlers\FileHandler' driver.
INFO - 2022-06-28 23:14:52 --> Session: Class initialized using 'CodeIgniter\Session\Handlers\FileHandler' driver.
CRITICAL - 2022-06-28 23:14:52 --> Failed to parse time string (Just now) at position 0 (J): The timezone could not be found in the database
in SYSTEMPATH/I18n/Time.php on line 100.
 1 SYSTEMPATH/I18n/Time.php(100): DateTime->__construct('Just now', Object(DateTimeZone))
 2 SYSTEMPATH/I18n/Time.php(131): CodeIgniter\I18n\Time->__construct('Just now', 'America/New_York', null)
 3 APPPATH/Helpers/arithmetic_helper.php(75): CodeIgniter\I18n\Time::parse('Just now')
 4 APPPATH/Entities/User.php(147): get_date_words('Just now')
 5 SYSTEMPATH/Entity/Entity.php(486): App\Entities\User->getLastLogin()
 6 APPPATH/Views/users/members/view_profile.php(109): CodeIgniter\Entity\Entity->__get('lastLogin')
 7 SYSTEMPATH/View/View.php(213): include('APPPATH/Views/users/members/view_profile.php')
 8 SYSTEMPATH/View/View.php(216): CodeIgniter\View\View->CodeIgniter\View\{closure}()
 9 SYSTEMPATH/Common.php(1135): CodeIgniter\View\View->render('users/members/view_profile', [], true)
10 APPPATH/Controllers/Users.php(274): view('users/members/view_profile', [...])
11 SYSTEMPATH/CodeIgniter.php(898): App\Controllers\Users->view_profile('AgBRAT')
12 SYSTEMPATH/CodeIgniter.php(468): CodeIgniter\CodeIgniter->runController(Object(App\Controllers\Users))
13 SYSTEMPATH/CodeIgniter.php(351): CodeIgniter\CodeIgniter->handleRequest(null, Object(Config\Cache), false)
14 FCPATH/index.php(55): CodeIgniter\CodeIgniter->run()
INFO - 2022-06-28 23:14:57 --> Session: Class initialized using 'CodeIgniter\Session\Handlers\FileHandler' driver.
INFO - 2022-06-28 23:16:42 --> Session: Class initialized using 'CodeIgniter\Session\Handlers\FileHandler' driver.
INFO - 2022-06-28 23:17:53 --> Session: Class initialized using 'CodeIgniter\Session\Handlers\FileHandler' driver.
INFO - 2022-06-28 23:22:36 --> Session: Class initialized using 'CodeIgniter\Session\Handlers\FileHandler' driver.
INFO - 2022-06-28 23:24:04 --> Session: Class initialized using 'CodeIgniter\Session\Handlers\FileHandler' driver.
INFO - 2022-06-28 23:26:39 --> Session: Class initialized using 'CodeIgniter\Session\Handlers\FileHandler' driver.
INFO - 2022-06-28 23:27:22 --> Session: Class initialized using 'CodeIgniter\Session\Handlers\FileHandler' driver.
INFO - 2022-06-28 23:28:59 --> Session: Class initialized using 'CodeIgniter\Session\Handlers\FileHandler' driver.
INFO - 2022-06-28 23:29:34 --> Session: Class initialized using 'CodeIgniter\Session\Handlers\FileHandler' driver.
INFO - 2022-06-28 23:33:04 --> Session: Class initialized using 'CodeIgniter\Session\Handlers\FileHandler' driver.
INFO - 2022-06-28 23:34:29 --> Session: Class initialized using 'CodeIgniter\Session\Handlers\FileHandler' driver.
INFO - 2022-06-28 23:35:48 --> Session: Class initialized using 'CodeIgniter\Session\Handlers\FileHandler' driver.
INFO - 2022-06-28 23:35:55 --> Session: Class initialized using 'CodeIgniter\Session\Handlers\FileHandler' driver.
INFO - 2022-06-28 23:37:18 --> Session: Class initialized using 'CodeIgniter\Session\Handlers\FileHandler' driver.
INFO - 2022-06-28 23:37:44 --> Session: Class initialized using 'CodeIgniter\Session\Handlers\FileHandler' driver.
INFO - 2022-06-28 23:39:40 --> Session: Class initialized using 'CodeIgniter\Session\Handlers\FileHandler' driver.
INFO - 2022-06-28 23:39:42 --> Session: Class initialized using 'CodeIgniter\Session\Handlers\FileHandler' driver.
INFO - 2022-06-28 23:40:17 --> Session: Class initialized using 'CodeIgniter\Session\Handlers\FileHandler' driver.
CRITICAL - 2022-06-28 23:40:17 --> Undefined array key "age"
in APPPATH/Entities/User.php on line 161.
 1 APPPATH/Entities/User.php(161): CodeIgniter\Debug\Exceptions->errorHandler(2, 'Undefined array key "age"', 'APPPATH/Entities/User.php', 161)
 2 SYSTEMPATH/Entity/Entity.php(486): App\Entities\User->getAge()
 3 APPPATH/Views/users/members/view_profile.php(49): CodeIgniter\Entity\Entity->__get('age')
 4 SYSTEMPATH/View/View.php(213): include('APPPATH/Views/users/members/view_profile.php')
 5 SYSTEMPATH/View/View.php(216): CodeIgniter\View\View->CodeIgniter\View\{closure}()
 6 SYSTEMPATH/Common.php(1135): CodeIgniter\View\View->render('users/members/view_profile', [], true)
 7 APPPATH/Controllers/Users.php(276): view('users/members/view_profile', [...])
 8 SYSTEMPATH/CodeIgniter.php(898): App\Controllers\Users->view_profile('AgBRAT')
 9 SYSTEMPATH/CodeIgniter.php(468): CodeIgniter\CodeIgniter->runController(Object(App\Controllers\Users))
10 SYSTEMPATH/CodeIgniter.php(351): CodeIgniter\CodeIgniter->handleRequest(null, Object(Config\Cache), false)
11 FCPATH/index.php(55): CodeIgniter\CodeIgniter->run()
INFO - 2022-06-28 23:40:35 --> Session: Class initialized using 'CodeIgniter\Session\Handlers\FileHandler' driver.
INFO - 2022-06-28 23:48:30 --> Session: Class initialized using 'CodeIgniter\Session\Handlers\FileHandler' driver.
INFO - 2022-06-28 23:49:58 --> Session: Class initialized using 'CodeIgniter\Session\Handlers\FileHandler' driver.
INFO - 2022-06-28 23:51:55 --> Session: Class initialized using 'CodeIgniter\Session\Handlers\FileHandler' driver.
INFO - 2022-06-28 23:54:22 --> Session: Class initialized using 'CodeIgniter\Session\Handlers\FileHandler' driver.
INFO - 2022-06-28 23:58:01 --> Session: Class initialized using 'CodeIgniter\Session\Handlers\FileHandler' driver.
INFO - 2022-06-28 23:58:01 --> Session: Class initialized using 'CodeIgniter\Session\Handlers\FileHandler' driver.
INFO - 2022-06-28 23:58:03 --> Session: Class initialized using 'CodeIgniter\Session\Handlers\FileHandler' driver.
INFO - 2022-06-28 23:58:21 --> Session: Class initialized using 'CodeIgniter\Session\Handlers\FileHandler' driver.
INFO - 2022-06-28 23:58:21 --> CSRF token verified.
CRITICAL - 2022-06-28 23:58:21 --> App\Models\UserModel::addUser(): Argument #1 ($newUser) must be of type string, array given, called in /Users/nykianderson/Sites/shape_search/app/Controllers/Users.php on line 189
in APPPATH/Models/UserModel.php on line 75.
 1 APPPATH/Controllers/Users.php(189): App\Models\UserModel->addUser([...])
 2 SYSTEMPATH/CodeIgniter.php(898): App\Controllers\Users->register()
 3 SYSTEMPATH/CodeIgniter.php(468): CodeIgniter\CodeIgniter->runController(Object(App\Controllers\Users))
 4 SYSTEMPATH/CodeIgniter.php(351): CodeIgniter\CodeIgniter->handleRequest(null, Object(Config\Cache), false)
 5 FCPATH/index.php(55): CodeIgniter\CodeIgniter->run()
INFO - 2022-06-28 23:59:04 --> Session: Class initialized using 'CodeIgniter\Session\Handlers\FileHandler' driver.
INFO - 2022-06-28 23:59:04 --> Session: Class initialized using 'CodeIgniter\Session\Handlers\FileHandler' driver.
INFO - 2022-06-28 23:59:26 --> Session: Class initialized using 'CodeIgniter\Session\Handlers\FileHandler' driver.
INFO - 2022-06-28 23:59:26 --> CSRF token verified.
INFO - 2022-06-28 23:59:55 --> Session: Class initialized using 'CodeIgniter\Session\Handlers\FileHandler' driver.
INFO - 2022-06-28 23:59:55 --> CSRF token verified.
