INFO - 2022-06-19 16:04:04 --> Session: Class initialized using 'CodeIgniter\Session\Handlers\FileHandler' driver.
INFO - 2022-06-19 16:05:56 --> Session: Class initialized using 'CodeIgniter\Session\Handlers\FileHandler' driver.
INFO - 2022-06-19 16:06:12 --> Session: Class initialized using 'CodeIgniter\Session\Handlers\FileHandler' driver.
INFO - 2022-06-19 16:06:12 --> CSRF token verified.
INFO - 2022-06-19 16:06:12 --> Session: Class initialized using 'CodeIgniter\Session\Handlers\FileHandler' driver.
INFO - 2022-06-19 16:06:24 --> Session: Class initialized using 'CodeIgniter\Session\Handlers\FileHandler' driver.
CRITICAL - 2022-06-19 16:06:24 --> Undefined variable $gallery
in APPPATH/Models/Images/ImageModel.php on line 146.
 1 APPPATH/Models/Images/ImageModel.php(146): CodeIgniter\Debug\Exceptions->errorHandler(2, 'Undefined variable $gallery', 'APPPATH/Models/Images/ImageModel.php', 146)
 2 APPPATH/Controllers/Users/Members.php(91): App\Models\images\ImageModel->getGallery([...])
 3 SYSTEMPATH/CodeIgniter.php(898): App\Controllers\Users\Members->view_profile('Baby_Yoda')
 4 SYSTEMPATH/CodeIgniter.php(468): CodeIgniter\CodeIgniter->runController(Object(App\Controllers\Users\Members))
 5 SYSTEMPATH/CodeIgniter.php(351): CodeIgniter\CodeIgniter->handleRequest(null, Object(Config\Cache), false)
 6 FCPATH/index.php(55): CodeIgniter\CodeIgniter->run()
INFO - 2022-06-19 16:07:45 --> Session: Class initialized using 'CodeIgniter\Session\Handlers\FileHandler' driver.
INFO - 2022-06-19 16:09:26 --> Session: Class initialized using 'CodeIgniter\Session\Handlers\FileHandler' driver.
INFO - 2022-06-19 16:10:04 --> Session: Class initialized using 'CodeIgniter\Session\Handlers\FileHandler' driver.
INFO - 2022-06-19 16:10:09 --> Session: Class initialized using 'CodeIgniter\Session\Handlers\FileHandler' driver.
INFO - 2022-06-19 16:10:17 --> Session: Class initialized using 'CodeIgniter\Session\Handlers\FileHandler' driver.
INFO - 2022-06-19 16:10:17 --> CSRF token verified.
INFO - 2022-06-19 16:10:21 --> Session: Class initialized using 'CodeIgniter\Session\Handlers\FileHandler' driver.
INFO - 2022-06-19 16:10:27 --> Session: Class initialized using 'CodeIgniter\Session\Handlers\FileHandler' driver.
INFO - 2022-06-19 16:10:37 --> Session: Class initialized using 'CodeIgniter\Session\Handlers\FileHandler' driver.
INFO - 2022-06-19 16:11:32 --> Session: Class initialized using 'CodeIgniter\Session\Handlers\FileHandler' driver.
INFO - 2022-06-19 16:11:36 --> Session: Class initialized using 'CodeIgniter\Session\Handlers\FileHandler' driver.
INFO - 2022-06-19 16:11:39 --> Session: Class initialized using 'CodeIgniter\Session\Handlers\FileHandler' driver.
INFO - 2022-06-19 16:11:48 --> Session: Class initialized using 'CodeIgniter\Session\Handlers\FileHandler' driver.
INFO - 2022-06-19 16:11:50 --> Session: Class initialized using 'CodeIgniter\Session\Handlers\FileHandler' driver.
INFO - 2022-06-19 16:11:50 --> CSRF token verified.
INFO - 2022-06-19 16:11:52 --> Session: Class initialized using 'CodeIgniter\Session\Handlers\FileHandler' driver.
INFO - 2022-06-19 16:12:07 --> Session: Class initialized using 'CodeIgniter\Session\Handlers\FileHandler' driver.
INFO - 2022-06-19 16:12:07 --> Session: Class initialized using 'CodeIgniter\Session\Handlers\FileHandler' driver.
INFO - 2022-06-19 16:12:07 --> CSRF token verified.
INFO - 2022-06-19 16:12:10 --> Session: Class initialized using 'CodeIgniter\Session\Handlers\FileHandler' driver.
INFO - 2022-06-19 16:12:10 --> CSRF token verified.
INFO - 2022-06-19 16:12:18 --> Session: Class initialized using 'CodeIgniter\Session\Handlers\FileHandler' driver.
INFO - 2022-06-19 16:12:18 --> CSRF token verified.
INFO - 2022-06-19 16:13:08 --> Session: Class initialized using 'CodeIgniter\Session\Handlers\FileHandler' driver.
INFO - 2022-06-19 16:13:10 --> Session: Class initialized using 'CodeIgniter\Session\Handlers\FileHandler' driver.
INFO - 2022-06-19 16:19:44 --> Session: Class initialized using 'CodeIgniter\Session\Handlers\FileHandler' driver.
INFO - 2022-06-19 16:19:46 --> Session: Class initialized using 'CodeIgniter\Session\Handlers\FileHandler' driver.
INFO - 2022-06-19 16:22:03 --> Session: Class initialized using 'CodeIgniter\Session\Handlers\FileHandler' driver.
INFO - 2022-06-19 16:22:56 --> Session: Class initialized using 'CodeIgniter\Session\Handlers\FileHandler' driver.
INFO - 2022-06-19 16:26:32 --> Session: Class initialized using 'CodeIgniter\Session\Handlers\FileHandler' driver.
INFO - 2022-06-19 16:26:32 --> CSRF token verified.
INFO - 2022-06-19 16:27:40 --> Session: Class initialized using 'CodeIgniter\Session\Handlers\FileHandler' driver.
INFO - 2022-06-19 16:29:00 --> Session: Class initialized using 'CodeIgniter\Session\Handlers\FileHandler' driver.
INFO - 2022-06-19 16:29:04 --> Session: Class initialized using 'CodeIgniter\Session\Handlers\FileHandler' driver.
INFO - 2022-06-19 16:29:16 --> Session: Class initialized using 'CodeIgniter\Session\Handlers\FileHandler' driver.
INFO - 2022-06-19 16:29:25 --> Session: Class initialized using 'CodeIgniter\Session\Handlers\FileHandler' driver.
INFO - 2022-06-19 16:57:12 --> Session: Class initialized using 'CodeIgniter\Session\Handlers\FileHandler' driver.
INFO - 2022-06-19 16:58:25 --> Session: Class initialized using 'CodeIgniter\Session\Handlers\FileHandler' driver.
INFO - 2022-06-19 16:58:30 --> Session: Class initialized using 'CodeIgniter\Session\Handlers\FileHandler' driver.
INFO - 2022-06-19 16:58:32 --> Session: Class initialized using 'CodeIgniter\Session\Handlers\FileHandler' driver.
INFO - 2022-06-19 16:58:49 --> Session: Class initialized using 'CodeIgniter\Session\Handlers\FileHandler' driver.
INFO - 2022-06-19 16:59:52 --> Session: Class initialized using 'CodeIgniter\Session\Handlers\FileHandler' driver.
INFO - 2022-06-19 16:59:55 --> Session: Class initialized using 'CodeIgniter\Session\Handlers\FileHandler' driver.
INFO - 2022-06-19 17:02:16 --> Session: Class initialized using 'CodeIgniter\Session\Handlers\FileHandler' driver.
CRITICAL - 2022-06-19 17:02:16 --> Undefined variable $image
in APPPATH/Views/templates/header.php on line 76.
 1 APPPATH/Views/templates/header.php(76): CodeIgniter\Debug\Exceptions->errorHandler(2, 'Undefined variable $image', 'APPPATH/Views/templates/header.php', 76)
 2 SYSTEMPATH/View/View.php(213): include('APPPATH/Views/templates/header.php')
 3 SYSTEMPATH/View/View.php(216): CodeIgniter\View\View->CodeIgniter\View\{closure}()
 4 SYSTEMPATH/Common.php(1135): CodeIgniter\View\View->render('templates/header', [], true)
 5 APPPATH/Controllers/Users.php(262): view('templates/header', [...])
 6 SYSTEMPATH/CodeIgniter.php(898): App\Controllers\Users->view_profile('Baby_Yoda')
 7 SYSTEMPATH/CodeIgniter.php(468): CodeIgniter\CodeIgniter->runController(Object(App\Controllers\Users))
 8 SYSTEMPATH/CodeIgniter.php(351): CodeIgniter\CodeIgniter->handleRequest(null, Object(Config\Cache), false)
 9 FCPATH/index.php(55): CodeIgniter\CodeIgniter->run()
INFO - 2022-06-19 17:02:46 --> Session: Class initialized using 'CodeIgniter\Session\Handlers\FileHandler' driver.
INFO - 2022-06-19 17:05:24 --> Session: Class initialized using 'CodeIgniter\Session\Handlers\FileHandler' driver.
INFO - 2022-06-19 17:05:25 --> Session: Class initialized using 'CodeIgniter\Session\Handlers\FileHandler' driver.
INFO - 2022-06-19 17:06:02 --> Session: Class initialized using 'CodeIgniter\Session\Handlers\FileHandler' driver.
INFO - 2022-06-19 17:06:19 --> Session: Class initialized using 'CodeIgniter\Session\Handlers\FileHandler' driver.
INFO - 2022-06-19 17:06:25 --> Session: Class initialized using 'CodeIgniter\Session\Handlers\FileHandler' driver.
INFO - 2022-06-19 17:10:09 --> Session: Class initialized using 'CodeIgniter\Session\Handlers\FileHandler' driver.
INFO - 2022-06-19 17:10:42 --> Session: Class initialized using 'CodeIgniter\Session\Handlers\FileHandler' driver.
INFO - 2022-06-19 17:10:59 --> Session: Class initialized using 'CodeIgniter\Session\Handlers\FileHandler' driver.
INFO - 2022-06-19 17:13:54 --> Session: Class initialized using 'CodeIgniter\Session\Handlers\FileHandler' driver.
INFO - 2022-06-19 17:14:30 --> Session: Class initialized using 'CodeIgniter\Session\Handlers\FileHandler' driver.
INFO - 2022-06-19 17:14:44 --> Session: Class initialized using 'CodeIgniter\Session\Handlers\FileHandler' driver.
INFO - 2022-06-19 17:14:58 --> Session: Class initialized using 'CodeIgniter\Session\Handlers\FileHandler' driver.
INFO - 2022-06-19 17:15:26 --> Session: Class initialized using 'CodeIgniter\Session\Handlers\FileHandler' driver.
INFO - 2022-06-19 17:15:26 --> CSRF token verified.
INFO - 2022-06-19 17:15:26 --> Session: Class initialized using 'CodeIgniter\Session\Handlers\FileHandler' driver.
INFO - 2022-06-19 17:15:42 --> Session: Class initialized using 'CodeIgniter\Session\Handlers\FileHandler' driver.
INFO - 2022-06-19 17:15:52 --> Session: Class initialized using 'CodeIgniter\Session\Handlers\FileHandler' driver.
INFO - 2022-06-19 17:16:02 --> Session: Class initialized using 'CodeIgniter\Session\Handlers\FileHandler' driver.
INFO - 2022-06-19 17:16:06 --> Session: Class initialized using 'CodeIgniter\Session\Handlers\FileHandler' driver.
INFO - 2022-06-19 17:16:37 --> Session: Class initialized using 'CodeIgniter\Session\Handlers\FileHandler' driver.
INFO - 2022-06-19 17:16:59 --> Session: Class initialized using 'CodeIgniter\Session\Handlers\FileHandler' driver.
INFO - 2022-06-19 17:18:32 --> Session: Class initialized using 'CodeIgniter\Session\Handlers\FileHandler' driver.
INFO - 2022-06-19 17:19:49 --> Session: Class initialized using 'CodeIgniter\Session\Handlers\FileHandler' driver.
INFO - 2022-06-19 17:20:05 --> Session: Class initialized using 'CodeIgniter\Session\Handlers\FileHandler' driver.
INFO - 2022-06-19 17:21:17 --> Session: Class initialized using 'CodeIgniter\Session\Handlers\FileHandler' driver.
INFO - 2022-06-19 17:21:49 --> Session: Class initialized using 'CodeIgniter\Session\Handlers\FileHandler' driver.
INFO - 2022-06-19 17:22:20 --> Session: Class initialized using 'CodeIgniter\Session\Handlers\FileHandler' driver.
INFO - 2022-06-19 17:23:07 --> Session: Class initialized using 'CodeIgniter\Session\Handlers\FileHandler' driver.
INFO - 2022-06-19 17:23:32 --> Session: Class initialized using 'CodeIgniter\Session\Handlers\FileHandler' driver.
INFO - 2022-06-19 17:23:32 --> Session: Class initialized using 'CodeIgniter\Session\Handlers\FileHandler' driver.
INFO - 2022-06-19 17:23:34 --> Session: Class initialized using 'CodeIgniter\Session\Handlers\FileHandler' driver.
INFO - 2022-06-19 17:23:34 --> Session: Class initialized using 'CodeIgniter\Session\Handlers\FileHandler' driver.
INFO - 2022-06-19 17:26:53 --> Session: Class initialized using 'CodeIgniter\Session\Handlers\FileHandler' driver.
INFO - 2022-06-19 17:27:05 --> Session: Class initialized using 'CodeIgniter\Session\Handlers\FileHandler' driver.
INFO - 2022-06-19 17:27:19 --> Session: Class initialized using 'CodeIgniter\Session\Handlers\FileHandler' driver.
INFO - 2022-06-19 17:27:46 --> Session: Class initialized using 'CodeIgniter\Session\Handlers\FileHandler' driver.
INFO - 2022-06-19 17:27:52 --> Session: Class initialized using 'CodeIgniter\Session\Handlers\FileHandler' driver.
INFO - 2022-06-19 17:27:52 --> Session: Class initialized using 'CodeIgniter\Session\Handlers\FileHandler' driver.
INFO - 2022-06-19 17:28:07 --> Session: Class initialized using 'CodeIgniter\Session\Handlers\FileHandler' driver.
INFO - 2022-06-19 17:28:07 --> CSRF token verified.
INFO - 2022-06-19 17:28:08 --> Session: Class initialized using 'CodeIgniter\Session\Handlers\FileHandler' driver.
INFO - 2022-06-19 17:28:27 --> Session: Class initialized using 'CodeIgniter\Session\Handlers\FileHandler' driver.
INFO - 2022-06-19 17:29:24 --> Session: Class initialized using 'CodeIgniter\Session\Handlers\FileHandler' driver.
INFO - 2022-06-19 17:29:42 --> Session: Class initialized using 'CodeIgniter\Session\Handlers\FileHandler' driver.
INFO - 2022-06-19 17:30:05 --> Session: Class initialized using 'CodeIgniter\Session\Handlers\FileHandler' driver.
INFO - 2022-06-19 17:30:17 --> Session: Class initialized using 'CodeIgniter\Session\Handlers\FileHandler' driver.
INFO - 2022-06-19 17:51:08 --> Session: Class initialized using 'CodeIgniter\Session\Handlers\FileHandler' driver.
INFO - 2022-06-19 17:51:23 --> Session: Class initialized using 'CodeIgniter\Session\Handlers\FileHandler' driver.
INFO - 2022-06-19 17:52:32 --> Session: Class initialized using 'CodeIgniter\Session\Handlers\FileHandler' driver.
INFO - 2022-06-19 17:57:40 --> Session: Class initialized using 'CodeIgniter\Session\Handlers\FileHandler' driver.
CRITICAL - 2022-06-19 17:57:40 --> Undefined constant "session"
in APPPATH/Views/templates/header.php on line 76.
 1 SYSTEMPATH/View/View.php(213): include()
 2 SYSTEMPATH/View/View.php(216): CodeIgniter\View\View->CodeIgniter\View\{closure}()
 3 SYSTEMPATH/Common.php(1135): CodeIgniter\View\View->render('templates/header', [], true)
 4 APPPATH/Controllers/Dashboard.php(39): view('templates/header', [...])
 5 SYSTEMPATH/CodeIgniter.php(898): App\Controllers\Dashboard->index()
 6 SYSTEMPATH/CodeIgniter.php(468): CodeIgniter\CodeIgniter->runController(Object(App\Controllers\Dashboard))
 7 SYSTEMPATH/CodeIgniter.php(351): CodeIgniter\CodeIgniter->handleRequest(null, Object(Config\Cache), false)
 8 FCPATH/index.php(55): CodeIgniter\CodeIgniter->run()
INFO - 2022-06-19 17:57:47 --> Session: Class initialized using 'CodeIgniter\Session\Handlers\FileHandler' driver.
CRITICAL - 2022-06-19 17:57:47 --> Invalid file: users/members/feed.php
in SYSTEMPATH/Exceptions/FrameworkException.php on line 33.
 1 SYSTEMPATH/View/View.php(201): CodeIgniter\Exceptions\FrameworkException::forInvalidFile('users/members/feed.php')
 2 SYSTEMPATH/Common.php(1135): CodeIgniter\View\View->render('users/members/feed', [], true)
 3 APPPATH/Controllers/Dashboard.php(41): view('users/members/feed', [...])
 4 SYSTEMPATH/CodeIgniter.php(898): App\Controllers\Dashboard->index()
 5 SYSTEMPATH/CodeIgniter.php(468): CodeIgniter\CodeIgniter->runController(Object(App\Controllers\Dashboard))
 6 SYSTEMPATH/CodeIgniter.php(351): CodeIgniter\CodeIgniter->handleRequest(null, Object(Config\Cache), false)
 7 FCPATH/index.php(55): CodeIgniter\CodeIgniter->run()
INFO - 2022-06-19 17:58:41 --> Session: Class initialized using 'CodeIgniter\Session\Handlers\FileHandler' driver.
CRITICAL - 2022-06-19 17:58:41 --> Undefined variable $data
in APPPATH/Controllers/Dashboard.php on line 49.
 1 APPPATH/Controllers/Dashboard.php(49): CodeIgniter\Debug\Exceptions->errorHandler(2, 'Undefined variable $data', 'APPPATH/Controllers/Dashboard.php', 49)
 2 SYSTEMPATH/CodeIgniter.php(898): App\Controllers\Dashboard->dashboard()
 3 SYSTEMPATH/CodeIgniter.php(468): CodeIgniter\CodeIgniter->runController(Object(App\Controllers\Dashboard))
 4 SYSTEMPATH/CodeIgniter.php(351): CodeIgniter\CodeIgniter->handleRequest(null, Object(Config\Cache), false)
 5 FCPATH/index.php(55): CodeIgniter\CodeIgniter->run()
INFO - 2022-06-19 17:59:03 --> Session: Class initialized using 'CodeIgniter\Session\Handlers\FileHandler' driver.
INFO - 2022-06-19 17:59:06 --> Session: Class initialized using 'CodeIgniter\Session\Handlers\FileHandler' driver.
INFO - 2022-06-19 18:15:56 --> Session: Class initialized using 'CodeIgniter\Session\Handlers\FileHandler' driver.
CRITICAL - 2022-06-19 18:15:56 --> Class "App\Models\UserModel" not found
in APPPATH/Controllers/Dashboard.php on line 20.
 1 SYSTEMPATH/CodeIgniter.php(860): App\Controllers\Dashboard->__construct()
 2 SYSTEMPATH/CodeIgniter.php(459): CodeIgniter\CodeIgniter->createController()
 3 SYSTEMPATH/CodeIgniter.php(351): CodeIgniter\CodeIgniter->handleRequest(null, Object(Config\Cache), false)
 4 FCPATH/index.php(55): CodeIgniter\CodeIgniter->run()
INFO - 2022-06-19 18:17:22 --> Session: Class initialized using 'CodeIgniter\Session\Handlers\FileHandler' driver.
INFO - 2022-06-19 18:17:26 --> Session: Class initialized using 'CodeIgniter\Session\Handlers\FileHandler' driver.
INFO - 2022-06-19 18:17:31 --> Session: Class initialized using 'CodeIgniter\Session\Handlers\FileHandler' driver.
INFO - 2022-06-19 18:17:43 --> Session: Class initialized using 'CodeIgniter\Session\Handlers\FileHandler' driver.
INFO - 2022-06-19 18:17:44 --> Session: Class initialized using 'CodeIgniter\Session\Handlers\FileHandler' driver.
INFO - 2022-06-19 19:12:40 --> Session: Class initialized using 'CodeIgniter\Session\Handlers\FileHandler' driver.
INFO - 2022-06-19 19:12:42 --> Session: Class initialized using 'CodeIgniter\Session\Handlers\FileHandler' driver.
INFO - 2022-06-19 19:12:44 --> Session: Class initialized using 'CodeIgniter\Session\Handlers\FileHandler' driver.
INFO - 2022-06-19 19:58:40 --> Session: Class initialized using 'CodeIgniter\Session\Handlers\FileHandler' driver.
INFO - 2022-06-19 19:58:41 --> Session: Class initialized using 'CodeIgniter\Session\Handlers\FileHandler' driver.
CRITICAL - 2022-06-19 19:58:41 --> Too few arguments to function App\Controllers\Dashboard::index(), 0 passed in /Users/nykianderson/Sites/shape_search/vendor/codeigniter4/framework/system/CodeIgniter.php on line 898 and exactly 1 expected
in APPPATH/Controllers/Dashboard.php on line 32.
 1 SYSTEMPATH/CodeIgniter.php(898): App\Controllers\Dashboard->index()
 2 SYSTEMPATH/CodeIgniter.php(468): CodeIgniter\CodeIgniter->runController(Object(App\Controllers\Dashboard))
 3 SYSTEMPATH/CodeIgniter.php(351): CodeIgniter\CodeIgniter->handleRequest(null, Object(Config\Cache), false)
 4 FCPATH/index.php(55): CodeIgniter\CodeIgniter->run()
INFO - 2022-06-19 20:00:18 --> Session: Class initialized using 'CodeIgniter\Session\Handlers\FileHandler' driver.
CRITICAL - 2022-06-19 20:00:18 --> Too few arguments to function App\Controllers\Dashboard::index(), 0 passed in /Users/nykianderson/Sites/shape_search/vendor/codeigniter4/framework/system/CodeIgniter.php on line 898 and exactly 1 expected
in APPPATH/Controllers/Dashboard.php on line 32.
 1 SYSTEMPATH/CodeIgniter.php(898): App\Controllers\Dashboard->index()
 2 SYSTEMPATH/CodeIgniter.php(468): CodeIgniter\CodeIgniter->runController(Object(App\Controllers\Dashboard))
 3 SYSTEMPATH/CodeIgniter.php(351): CodeIgniter\CodeIgniter->handleRequest(null, Object(Config\Cache), false)
 4 FCPATH/index.php(55): CodeIgniter\CodeIgniter->run()
INFO - 2022-06-19 20:01:30 --> Session: Class initialized using 'CodeIgniter\Session\Handlers\FileHandler' driver.
CRITICAL - 2022-06-19 20:01:30 --> Too few arguments to function App\Controllers\Dashboard::index(), 0 passed in /Users/nykianderson/Sites/shape_search/vendor/codeigniter4/framework/system/CodeIgniter.php on line 898 and exactly 1 expected
in APPPATH/Controllers/Dashboard.php on line 32.
 1 SYSTEMPATH/CodeIgniter.php(898): App\Controllers\Dashboard->index()
 2 SYSTEMPATH/CodeIgniter.php(468): CodeIgniter\CodeIgniter->runController(Object(App\Controllers\Dashboard))
 3 SYSTEMPATH/CodeIgniter.php(351): CodeIgniter\CodeIgniter->handleRequest(null, Object(Config\Cache), false)
 4 FCPATH/index.php(55): CodeIgniter\CodeIgniter->run()
INFO - 2022-06-19 20:04:51 --> Session: Class initialized using 'CodeIgniter\Session\Handlers\FileHandler' driver.
INFO - 2022-06-19 20:04:54 --> Session: Class initialized using 'CodeIgniter\Session\Handlers\FileHandler' driver.
CRITICAL - 2022-06-19 20:04:54 --> Call to undefined method App\Models\ActionModel::getUserFeed
in SYSTEMPATH/Model.php on line 773.
 1 APPPATH/Controllers/Dashboard.php(48): CodeIgniter\Model->__call('getUserFeed', [...])
 2 SYSTEMPATH/CodeIgniter.php(898): App\Controllers\Dashboard->feed('AgBRAT')
 3 SYSTEMPATH/CodeIgniter.php(468): CodeIgniter\CodeIgniter->runController(Object(App\Controllers\Dashboard))
 4 SYSTEMPATH/CodeIgniter.php(351): CodeIgniter\CodeIgniter->handleRequest(null, Object(Config\Cache), false)
 5 FCPATH/index.php(55): CodeIgniter\CodeIgniter->run()
INFO - 2022-06-19 20:06:07 --> Session: Class initialized using 'CodeIgniter\Session\Handlers\FileHandler' driver.
CRITICAL - 2022-06-19 20:06:07 --> Call to undefined method CodeIgniter\Database\MySQLi\Result::getResults()
in APPPATH/Models/ActionModel.php on line 223.
 1 APPPATH/Controllers/Dashboard.php(48): App\Models\ActionModel->getUserAction([...])
 2 SYSTEMPATH/CodeIgniter.php(898): App\Controllers\Dashboard->feed('AgBRAT')
 3 SYSTEMPATH/CodeIgniter.php(468): CodeIgniter\CodeIgniter->runController(Object(App\Controllers\Dashboard))
 4 SYSTEMPATH/CodeIgniter.php(351): CodeIgniter\CodeIgniter->handleRequest(null, Object(Config\Cache), false)
 5 FCPATH/index.php(55): CodeIgniter\CodeIgniter->run()
INFO - 2022-06-19 20:06:16 --> Session: Class initialized using 'CodeIgniter\Session\Handlers\FileHandler' driver.
INFO - 2022-06-19 20:06:21 --> Session: Class initialized using 'CodeIgniter\Session\Handlers\FileHandler' driver.
INFO - 2022-06-19 20:06:23 --> Session: Class initialized using 'CodeIgniter\Session\Handlers\FileHandler' driver.
INFO - 2022-06-19 20:08:42 --> Session: Class initialized using 'CodeIgniter\Session\Handlers\FileHandler' driver.
INFO - 2022-06-19 20:11:34 --> Session: Class initialized using 'CodeIgniter\Session\Handlers\FileHandler' driver.
INFO - 2022-06-19 20:43:48 --> Session: Class initialized using 'CodeIgniter\Session\Handlers\FileHandler' driver.
CRITICAL - 2022-06-19 20:43:48 --> Call to undefined method CodeIgniter\Database\MySQLi\Result::getResults()
in APPPATH/Models/SubscribeModel.php on line 103.
 1 APPPATH/Entities/Feed.php(44): App\Models\SubscribeModel->getSubscriptionList([...])
 2 APPPATH/Controllers/Dashboard.php(47): App\Entities\Feed->setFeed('AgBRAT')
 3 SYSTEMPATH/CodeIgniter.php(898): App\Controllers\Dashboard->feed('AgBRAT')
 4 SYSTEMPATH/CodeIgniter.php(468): CodeIgniter\CodeIgniter->runController(Object(App\Controllers\Dashboard))
 5 SYSTEMPATH/CodeIgniter.php(351): CodeIgniter\CodeIgniter->handleRequest(null, Object(Config\Cache), false)
 6 FCPATH/index.php(55): CodeIgniter\CodeIgniter->run()
INFO - 2022-06-19 20:44:02 --> Session: Class initialized using 'CodeIgniter\Session\Handlers\FileHandler' driver.
CRITICAL - 2022-06-19 20:44:02 --> Object of class stdClass could not be converted to string
in SYSTEMPATH/Database/Query.php on line 335.
 1 SYSTEMPATH/Database/Query.php(335): strtr('SELECT *
FROM `subscribers`
WHERE `subscriber` = :subscriber:', [...])
 2 SYSTEMPATH/Database/Query.php(310): CodeIgniter\Database\Query->matchNamedBinds('SELECT *
FROM `subscribers`
WHERE `subscriber` = :subscriber:', [...])
 3 SYSTEMPATH/Database/Query.php(159): CodeIgniter\Database\Query->compileBinds()
 4 SYSTEMPATH/Database/BaseConnection.php(606): CodeIgniter\Database\Query->getQuery()
 5 SYSTEMPATH/Database/BaseBuilder.php(1585): CodeIgniter\Database\BaseConnection->query('SELECT *
FROM `subscribers`
WHERE `subscriber` = :subscriber:', [...], false)
 6 APPPATH/Models/SubscribeModel.php(102): CodeIgniter\Database\BaseBuilder->get()
 7 APPPATH/Entities/Feed.php(49): App\Models\SubscribeModel->getSubscriptionList([...])
 8 APPPATH/Controllers/Dashboard.php(47): App\Entities\Feed->setFeed('AgBRAT')
 9 SYSTEMPATH/CodeIgniter.php(898): App\Controllers\Dashboard->feed('AgBRAT')
10 SYSTEMPATH/CodeIgniter.php(468): CodeIgniter\CodeIgniter->runController(Object(App\Controllers\Dashboard))
11 SYSTEMPATH/CodeIgniter.php(351): CodeIgniter\CodeIgniter->handleRequest(null, Object(Config\Cache), false)
12 FCPATH/index.php(55): CodeIgniter\CodeIgniter->run()
INFO - 2022-06-19 20:47:38 --> Session: Class initialized using 'CodeIgniter\Session\Handlers\FileHandler' driver.
ERROR - 2022-06-19 20:47:38 --> Operand should contain 1 column(s)
CRITICAL - 2022-06-19 20:47:38 --> Operand should contain 1 column(s)
in SYSTEMPATH/Database/MySQLi/Connection.php on line 292.
 1 SYSTEMPATH/Database/MySQLi/Connection.php(292): mysqli->query('SELECT *
FROM `subscribers`
WHERE `subscriber` = (\'45\',\'Lilyheimer\',\'AgBRAT\',\'2022-06-14 01:51:03\',\'2022-06-14 01:51:03\')', 0)
 2 SYSTEMPATH/Database/BaseConnection.php(678): CodeIgniter\Database\MySQLi\Connection->execute('SELECT *
FROM `subscribers`
WHERE `subscriber` = (\'45\',\'Lilyheimer\',\'AgBRAT\',\'2022-06-14 01:51:03\',\'2022-06-14 01:51:03\')')
 3 SYSTEMPATH/Database/BaseConnection.php(606): CodeIgniter\Database\BaseConnection->simpleQuery('SELECT *
FROM `subscribers`
WHERE `subscriber` = (\'45\',\'Lilyheimer\',\'AgBRAT\',\'2022-06-14 01:51:03\',\'2022-06-14 01:51:03\')')
 4 SYSTEMPATH/Database/BaseBuilder.php(1585): CodeIgniter\Database\BaseConnection->query('SELECT *
FROM `subscribers`
WHERE `subscriber` = :subscriber:', [...], false)
 5 APPPATH/Models/SubscribeModel.php(102): CodeIgniter\Database\BaseBuilder->get()
 6 APPPATH/Entities/Feed.php(49): App\Models\SubscribeModel->getSubscriptionList([...])
 7 APPPATH/Controllers/Dashboard.php(47): App\Entities\Feed->setFeed('AgBRAT')
 8 SYSTEMPATH/CodeIgniter.php(898): App\Controllers\Dashboard->feed('AgBRAT')
 9 SYSTEMPATH/CodeIgniter.php(468): CodeIgniter\CodeIgniter->runController(Object(App\Controllers\Dashboard))
10 SYSTEMPATH/CodeIgniter.php(351): CodeIgniter\CodeIgniter->handleRequest(null, Object(Config\Cache), false)
11 FCPATH/index.php(55): CodeIgniter\CodeIgniter->run()
INFO - 2022-06-19 20:48:14 --> Session: Class initialized using 'CodeIgniter\Session\Handlers\FileHandler' driver.
ERROR - 2022-06-19 20:48:14 --> Operand should contain 1 column(s)
CRITICAL - 2022-06-19 20:48:14 --> Operand should contain 1 column(s)
in SYSTEMPATH/Database/MySQLi/Connection.php on line 292.
 1 SYSTEMPATH/Database/MySQLi/Connection.php(292): mysqli->query('SELECT *
FROM `subscribers`
WHERE `subscriber` = (\'45\',\'Lilyheimer\',\'AgBRAT\',\'2022-06-14 01:51:03\',\'2022-06-14 01:51:03\')', 0)
 2 SYSTEMPATH/Database/BaseConnection.php(678): CodeIgniter\Database\MySQLi\Connection->execute('SELECT *
FROM `subscribers`
WHERE `subscriber` = (\'45\',\'Lilyheimer\',\'AgBRAT\',\'2022-06-14 01:51:03\',\'2022-06-14 01:51:03\')')
 3 SYSTEMPATH/Database/BaseConnection.php(606): CodeIgniter\Database\BaseConnection->simpleQuery('SELECT *
FROM `subscribers`
WHERE `subscriber` = (\'45\',\'Lilyheimer\',\'AgBRAT\',\'2022-06-14 01:51:03\',\'2022-06-14 01:51:03\')')
 4 SYSTEMPATH/Database/BaseBuilder.php(1585): CodeIgniter\Database\BaseConnection->query('SELECT *
FROM `subscribers`
WHERE `subscriber` = :subscriber:', [...], false)
 5 APPPATH/Models/SubscribeModel.php(102): CodeIgniter\Database\BaseBuilder->get()
 6 APPPATH/Entities/Feed.php(49): App\Models\SubscribeModel->getSubscriptionList([...])
 7 APPPATH/Controllers/Dashboard.php(47): App\Entities\Feed->setFeed('AgBRAT')
 8 SYSTEMPATH/CodeIgniter.php(898): App\Controllers\Dashboard->feed('AgBRAT')
 9 SYSTEMPATH/CodeIgniter.php(468): CodeIgniter\CodeIgniter->runController(Object(App\Controllers\Dashboard))
10 SYSTEMPATH/CodeIgniter.php(351): CodeIgniter\CodeIgniter->handleRequest(null, Object(Config\Cache), false)
11 FCPATH/index.php(55): CodeIgniter\CodeIgniter->run()
INFO - 2022-06-19 20:53:22 --> Session: Class initialized using 'CodeIgniter\Session\Handlers\FileHandler' driver.
INFO - 2022-06-19 20:53:24 --> Session: Class initialized using 'CodeIgniter\Session\Handlers\FileHandler' driver.
INFO - 2022-06-19 20:53:29 --> Session: Class initialized using 'CodeIgniter\Session\Handlers\FileHandler' driver.
INFO - 2022-06-19 20:57:35 --> Session: Class initialized using 'CodeIgniter\Session\Handlers\FileHandler' driver.
INFO - 2022-06-19 20:57:35 --> Session: Class initialized using 'CodeIgniter\Session\Handlers\FileHandler' driver.
INFO - 2022-06-19 20:57:52 --> Session: Class initialized using 'CodeIgniter\Session\Handlers\FileHandler' driver.
INFO - 2022-06-19 20:57:52 --> CSRF token verified.
CRITICAL - 2022-06-19 20:57:52 --> Class "App\Models\users\UserModel" not found
in APPPATH/Validation/User_rules.php on line 18.
 1 SYSTEMPATH/Validation/Validation.php(306): App\Validation\User_rules->validateUser('abcABC123!', 'username,password', [...], null)
 2 SYSTEMPATH/Validation/Validation.php(173): CodeIgniter\Validation\Validation->processRules('password', 'password', 'abcABC123!', [...], [...])
 3 APPPATH/Controllers/Users.php(44): CodeIgniter\Validation\Validation->run()
 4 SYSTEMPATH/CodeIgniter.php(898): App\Controllers\Users->login()
 5 SYSTEMPATH/CodeIgniter.php(468): CodeIgniter\CodeIgniter->runController(Object(App\Controllers\Users))
 6 SYSTEMPATH/CodeIgniter.php(351): CodeIgniter\CodeIgniter->handleRequest(null, Object(Config\Cache), false)
 7 FCPATH/index.php(55): CodeIgniter\CodeIgniter->run()
INFO - 2022-06-19 21:04:07 --> Session: Class initialized using 'CodeIgniter\Session\Handlers\FileHandler' driver.
INFO - 2022-06-19 21:04:07 --> Session: Class initialized using 'CodeIgniter\Session\Handlers\FileHandler' driver.
INFO - 2022-06-19 21:06:06 --> Session: Class initialized using 'CodeIgniter\Session\Handlers\FileHandler' driver.
INFO - 2022-06-19 21:06:06 --> CSRF token verified.
INFO - 2022-06-19 21:06:06 --> Session: Class initialized using 'CodeIgniter\Session\Handlers\FileHandler' driver.
INFO - 2022-06-19 21:06:40 --> Session: Class initialized using 'CodeIgniter\Session\Handlers\FileHandler' driver.
INFO - 2022-06-19 21:06:48 --> Session: Class initialized using 'CodeIgniter\Session\Handlers\FileHandler' driver.
INFO - 2022-06-19 21:06:51 --> Session: Class initialized using 'CodeIgniter\Session\Handlers\FileHandler' driver.
INFO - 2022-06-19 21:06:54 --> Session: Class initialized using 'CodeIgniter\Session\Handlers\FileHandler' driver.
ERROR - 2022-06-19 21:06:54 --> Operand should contain 1 column(s)
CRITICAL - 2022-06-19 21:06:54 --> Operand should contain 1 column(s)
in SYSTEMPATH/Database/MySQLi/Connection.php on line 292.
 1 SYSTEMPATH/Database/MySQLi/Connection.php(292): mysqli->query('SELECT *
FROM `subscribers`
WHERE `subscriber` = (\'46\',\'Freybies\',\'Lilyheimer\',\'2022-06-14 13:15:54\',\'2022-06-14 13:15:54\')', 0)
 2 SYSTEMPATH/Database/BaseConnection.php(678): CodeIgniter\Database\MySQLi\Connection->execute('SELECT *
FROM `subscribers`
WHERE `subscriber` = (\'46\',\'Freybies\',\'Lilyheimer\',\'2022-06-14 13:15:54\',\'2022-06-14 13:15:54\')')
 3 SYSTEMPATH/Database/BaseConnection.php(606): CodeIgniter\Database\BaseConnection->simpleQuery('SELECT *
FROM `subscribers`
WHERE `subscriber` = (\'46\',\'Freybies\',\'Lilyheimer\',\'2022-06-14 13:15:54\',\'2022-06-14 13:15:54\')')
 4 SYSTEMPATH/Database/BaseBuilder.php(1585): CodeIgniter\Database\BaseConnection->query('SELECT *
FROM `subscribers`
WHERE `subscriber` = :subscriber:', [...], false)
 5 APPPATH/Models/SubscribeModel.php(102): CodeIgniter\Database\BaseBuilder->get()
 6 APPPATH/Entities/Feed.php(49): App\Models\SubscribeModel->getSubscriptionList([...])
 7 APPPATH/Controllers/Dashboard.php(47): App\Entities\Feed->setFeed('Lilyheimer')
 8 SYSTEMPATH/CodeIgniter.php(898): App\Controllers\Dashboard->feed('Lilyheimer')
 9 SYSTEMPATH/CodeIgniter.php(468): CodeIgniter\CodeIgniter->runController(Object(App\Controllers\Dashboard))
10 SYSTEMPATH/CodeIgniter.php(351): CodeIgniter\CodeIgniter->handleRequest(null, Object(Config\Cache), false)
11 FCPATH/index.php(55): CodeIgniter\CodeIgniter->run()
INFO - 2022-06-19 21:09:39 --> Session: Class initialized using 'CodeIgniter\Session\Handlers\FileHandler' driver.
ERROR - 2022-06-19 21:09:39 --> Operand should contain 1 column(s)
CRITICAL - 2022-06-19 21:09:39 --> Operand should contain 1 column(s)
in SYSTEMPATH/Database/MySQLi/Connection.php on line 292.
 1 SYSTEMPATH/Database/MySQLi/Connection.php(292): mysqli->query('SELECT *
FROM `subscribers`
WHERE `subscriber` = (\'46\',\'Freybies\',\'Lilyheimer\',\'2022-06-14 13:15:54\',\'2022-06-14 13:15:54\')', 0)
 2 SYSTEMPATH/Database/BaseConnection.php(678): CodeIgniter\Database\MySQLi\Connection->execute('SELECT *
FROM `subscribers`
WHERE `subscriber` = (\'46\',\'Freybies\',\'Lilyheimer\',\'2022-06-14 13:15:54\',\'2022-06-14 13:15:54\')')
 3 SYSTEMPATH/Database/BaseConnection.php(606): CodeIgniter\Database\BaseConnection->simpleQuery('SELECT *
FROM `subscribers`
WHERE `subscriber` = (\'46\',\'Freybies\',\'Lilyheimer\',\'2022-06-14 13:15:54\',\'2022-06-14 13:15:54\')')
 4 SYSTEMPATH/Database/BaseBuilder.php(1585): CodeIgniter\Database\BaseConnection->query('SELECT *
FROM `subscribers`
WHERE `subscriber` = :subscriber:', [...], false)
 5 APPPATH/Models/SubscribeModel.php(102): CodeIgniter\Database\BaseBuilder->get()
 6 APPPATH/Entities/Feed.php(50): App\Models\SubscribeModel->getSubscriptionList([...])
 7 APPPATH/Controllers/Dashboard.php(47): App\Entities\Feed->setFeed('Lilyheimer')
 8 SYSTEMPATH/CodeIgniter.php(898): App\Controllers\Dashboard->feed('Lilyheimer')
 9 SYSTEMPATH/CodeIgniter.php(468): CodeIgniter\CodeIgniter->runController(Object(App\Controllers\Dashboard))
10 SYSTEMPATH/CodeIgniter.php(351): CodeIgniter\CodeIgniter->handleRequest(null, Object(Config\Cache), false)
11 FCPATH/index.php(55): CodeIgniter\CodeIgniter->run()
INFO - 2022-06-19 21:13:01 --> Session: Class initialized using 'CodeIgniter\Session\Handlers\FileHandler' driver.
CRITICAL - 2022-06-19 21:13:01 --> App\Models\SubscribeModel::getSubscriptionList(): Argument #1 ($subscriber) must be of type string, array given, called in /Users/nykianderson/Sites/shape_search/app/Entities/Feed.php on line 44
in APPPATH/Models/SubscribeModel.php on line 98.
 1 APPPATH/Entities/Feed.php(44): App\Models\SubscribeModel->getSubscriptionList([...])
 2 APPPATH/Controllers/Dashboard.php(47): App\Entities\Feed->setFeed('Lilyheimer')
 3 SYSTEMPATH/CodeIgniter.php(898): App\Controllers\Dashboard->feed('Lilyheimer')
 4 SYSTEMPATH/CodeIgniter.php(468): CodeIgniter\CodeIgniter->runController(Object(App\Controllers\Dashboard))
 5 SYSTEMPATH/CodeIgniter.php(351): CodeIgniter\CodeIgniter->handleRequest(null, Object(Config\Cache), false)
 6 FCPATH/index.php(55): CodeIgniter\CodeIgniter->run()
INFO - 2022-06-19 21:13:23 --> Session: Class initialized using 'CodeIgniter\Session\Handlers\FileHandler' driver.
CRITICAL - 2022-06-19 21:13:23 --> App\Models\SubscribeModel::getSubscriptionList(): Argument #1 ($subscriber) must be of type string, array given, called in /Users/nykianderson/Sites/shape_search/app/Entities/Feed.php on line 44
in APPPATH/Models/SubscribeModel.php on line 98.
 1 APPPATH/Entities/Feed.php(44): App\Models\SubscribeModel->getSubscriptionList([...])
 2 APPPATH/Controllers/Dashboard.php(47): App\Entities\Feed->setFeed('Lilyheimer')
 3 SYSTEMPATH/CodeIgniter.php(898): App\Controllers\Dashboard->feed('Lilyheimer')
 4 SYSTEMPATH/CodeIgniter.php(468): CodeIgniter\CodeIgniter->runController(Object(App\Controllers\Dashboard))
 5 SYSTEMPATH/CodeIgniter.php(351): CodeIgniter\CodeIgniter->handleRequest(null, Object(Config\Cache), false)
 6 FCPATH/index.php(55): CodeIgniter\CodeIgniter->run()
INFO - 2022-06-19 21:14:27 --> Session: Class initialized using 'CodeIgniter\Session\Handlers\FileHandler' driver.
CRITICAL - 2022-06-19 21:14:27 --> Undefined array key "subscriber"
in APPPATH/Entities/Feed.php on line 47.
 1 APPPATH/Entities/Feed.php(47): CodeIgniter\Debug\Exceptions->errorHandler(2, 'Undefined array key "subscriber"', 'APPPATH/Entities/Feed.php', 47)
 2 APPPATH/Controllers/Dashboard.php(47): App\Entities\Feed->setFeed('Lilyheimer')
 3 SYSTEMPATH/CodeIgniter.php(898): App\Controllers\Dashboard->feed('Lilyheimer')
 4 SYSTEMPATH/CodeIgniter.php(468): CodeIgniter\CodeIgniter->runController(Object(App\Controllers\Dashboard))
 5 SYSTEMPATH/CodeIgniter.php(351): CodeIgniter\CodeIgniter->handleRequest(null, Object(Config\Cache), false)
 6 FCPATH/index.php(55): CodeIgniter\CodeIgniter->run()
INFO - 2022-06-19 21:14:46 --> Session: Class initialized using 'CodeIgniter\Session\Handlers\FileHandler' driver.
CRITICAL - 2022-06-19 21:14:47 --> Attempt to read property "subscriber" on array
in APPPATH/Entities/Feed.php on line 47.
 1 APPPATH/Entities/Feed.php(47): CodeIgniter\Debug\Exceptions->errorHandler(2, 'Attempt to read property "subscriber" on array', 'APPPATH/Entities/Feed.php', 47)
 2 APPPATH/Controllers/Dashboard.php(47): App\Entities\Feed->setFeed('Lilyheimer')
 3 SYSTEMPATH/CodeIgniter.php(898): App\Controllers\Dashboard->feed('Lilyheimer')
 4 SYSTEMPATH/CodeIgniter.php(468): CodeIgniter\CodeIgniter->runController(Object(App\Controllers\Dashboard))
 5 SYSTEMPATH/CodeIgniter.php(351): CodeIgniter\CodeIgniter->handleRequest(null, Object(Config\Cache), false)
 6 FCPATH/index.php(55): CodeIgniter\CodeIgniter->run()
INFO - 2022-06-19 21:15:18 --> Session: Class initialized using 'CodeIgniter\Session\Handlers\FileHandler' driver.
CRITICAL - 2022-06-19 21:15:18 --> Array to string conversion
in SYSTEMPATH/Database/Query.php on line 329.
 1 [internal function]: CodeIgniter\Debug\Exceptions->errorHandler(2, 'Array to string conversion', 'SYSTEMPATH/Database/Query.php', 329)
 2 SYSTEMPATH/Database/Query.php(329): implode(',', [...])
 3 SYSTEMPATH/Database/Query.php(310): CodeIgniter\Database\Query->matchNamedBinds('SELECT *
FROM `subscribers`
WHERE `subscriber` = :subscriber:', [...])
 4 SYSTEMPATH/Database/Query.php(159): CodeIgniter\Database\Query->compileBinds()
 5 SYSTEMPATH/Database/BaseConnection.php(606): CodeIgniter\Database\Query->getQuery()
 6 SYSTEMPATH/Database/BaseBuilder.php(1585): CodeIgniter\Database\BaseConnection->query('SELECT *
FROM `subscribers`
WHERE `subscriber` = :subscriber:', [...], false)
 7 APPPATH/Models/SubscribeModel.php(102): CodeIgniter\Database\BaseBuilder->get()
 8 APPPATH/Entities/Feed.php(50): App\Models\SubscribeModel->getSubscriptionList([...])
 9 APPPATH/Controllers/Dashboard.php(47): App\Entities\Feed->setFeed('Lilyheimer')
10 SYSTEMPATH/CodeIgniter.php(898): App\Controllers\Dashboard->feed('Lilyheimer')
11 SYSTEMPATH/CodeIgniter.php(468): CodeIgniter\CodeIgniter->runController(Object(App\Controllers\Dashboard))
12 SYSTEMPATH/CodeIgniter.php(351): CodeIgniter\CodeIgniter->handleRequest(null, Object(Config\Cache), false)
13 FCPATH/index.php(55): CodeIgniter\CodeIgniter->run()
INFO - 2022-06-19 21:16:03 --> Session: Class initialized using 'CodeIgniter\Session\Handlers\FileHandler' driver.
ERROR - 2022-06-19 21:16:03 --> Unknown column 'username' in 'where clause'
CRITICAL - 2022-06-19 21:16:03 --> Unknown column 'username' in 'where clause'
in SYSTEMPATH/Database/MySQLi/Connection.php on line 292.
 1 SYSTEMPATH/Database/MySQLi/Connection.php(292): mysqli->query('SELECT *
FROM `images`
WHERE `username` = (\'Freybies\')', 0)
 2 SYSTEMPATH/Database/BaseConnection.php(678): CodeIgniter\Database\MySQLi\Connection->execute('SELECT *
FROM `images`
WHERE `username` = (\'Freybies\')')
 3 SYSTEMPATH/Database/BaseConnection.php(606): CodeIgniter\Database\BaseConnection->simpleQuery('SELECT *
FROM `images`
WHERE `username` = (\'Freybies\')')
 4 SYSTEMPATH/Database/BaseBuilder.php(1585): CodeIgniter\Database\BaseConnection->query('SELECT *
FROM `images`
WHERE `username` = :username:', [...], false)
 5 APPPATH/Models/ImageModel.php(52): CodeIgniter\Database\BaseBuilder->get()
 6 APPPATH/Entities/Feed.php(51): App\Models\ImageModel->getImage([...])
 7 APPPATH/Controllers/Dashboard.php(47): App\Entities\Feed->setFeed('Lilyheimer')
 8 SYSTEMPATH/CodeIgniter.php(898): App\Controllers\Dashboard->feed('Lilyheimer')
 9 SYSTEMPATH/CodeIgniter.php(468): CodeIgniter\CodeIgniter->runController(Object(App\Controllers\Dashboard))
10 SYSTEMPATH/CodeIgniter.php(351): CodeIgniter\CodeIgniter->handleRequest(null, Object(Config\Cache), false)
11 FCPATH/index.php(55): CodeIgniter\CodeIgniter->run()
INFO - 2022-06-19 21:16:36 --> Session: Class initialized using 'CodeIgniter\Session\Handlers\FileHandler' driver.
ERROR - 2022-06-19 21:16:36 --> Unknown column 'username' in 'where clause'
CRITICAL - 2022-06-19 21:16:36 --> Unknown column 'username' in 'where clause'
in SYSTEMPATH/Database/MySQLi/Connection.php on line 292.
 1 SYSTEMPATH/Database/MySQLi/Connection.php(292): mysqli->query('SELECT *
FROM `subscribers`
WHERE `username` = (\'Freybies\')
AND `action` = 0', 0)
 2 SYSTEMPATH/Database/BaseConnection.php(678): CodeIgniter\Database\MySQLi\Connection->execute('SELECT *
FROM `subscribers`
WHERE `username` = (\'Freybies\')
AND `action` = 0')
 3 SYSTEMPATH/Database/BaseConnection.php(606): CodeIgniter\Database\BaseConnection->simpleQuery('SELECT *
FROM `subscribers`
WHERE `username` = (\'Freybies\')
AND `action` = 0')
 4 SYSTEMPATH/Database/BaseBuilder.php(1585): CodeIgniter\Database\BaseConnection->query('SELECT *
FROM `subscribers`
WHERE `username` = :username:
AND `action` = :action:', [...], false)
 5 APPPATH/Models/ActionModel.php(221): CodeIgniter\Database\BaseBuilder->get()
 6 APPPATH/Entities/Feed.php(52): App\Models\ActionModel->getUserAction([...])
 7 APPPATH/Controllers/Dashboard.php(47): App\Entities\Feed->setFeed('Lilyheimer')
 8 SYSTEMPATH/CodeIgniter.php(898): App\Controllers\Dashboard->feed('Lilyheimer')
 9 SYSTEMPATH/CodeIgniter.php(468): CodeIgniter\CodeIgniter->runController(Object(App\Controllers\Dashboard))
10 SYSTEMPATH/CodeIgniter.php(351): CodeIgniter\CodeIgniter->handleRequest(null, Object(Config\Cache), false)
11 FCPATH/index.php(55): CodeIgniter\CodeIgniter->run()
INFO - 2022-06-19 21:19:12 --> Session: Class initialized using 'CodeIgniter\Session\Handlers\FileHandler' driver.
CRITICAL - 2022-06-19 21:19:12 --> Call to undefined method App\Entities\Feed::getUserComments()
in APPPATH/Entities/Feed.php on line 56.
 1 APPPATH/Controllers/Dashboard.php(47): App\Entities\Feed->setFeed('Lilyheimer')
 2 SYSTEMPATH/CodeIgniter.php(898): App\Controllers\Dashboard->feed('Lilyheimer')
 3 SYSTEMPATH/CodeIgniter.php(468): CodeIgniter\CodeIgniter->runController(Object(App\Controllers\Dashboard))
 4 SYSTEMPATH/CodeIgniter.php(351): CodeIgniter\CodeIgniter->handleRequest(null, Object(Config\Cache), false)
 5 FCPATH/index.php(55): CodeIgniter\CodeIgniter->run()
INFO - 2022-06-19 21:21:56 --> Session: Class initialized using 'CodeIgniter\Session\Handlers\FileHandler' driver.
CRITICAL - 2022-06-19 21:21:56 --> Call to a member function getUserComments() on null
in APPPATH/Entities/Feed.php on line 56.
 1 APPPATH/Controllers/Dashboard.php(47): App\Entities\Feed->setFeed('Lilyheimer')
 2 SYSTEMPATH/CodeIgniter.php(898): App\Controllers\Dashboard->feed('Lilyheimer')
 3 SYSTEMPATH/CodeIgniter.php(468): CodeIgniter\CodeIgniter->runController(Object(App\Controllers\Dashboard))
 4 SYSTEMPATH/CodeIgniter.php(351): CodeIgniter\CodeIgniter->handleRequest(null, Object(Config\Cache), false)
 5 FCPATH/index.php(55): CodeIgniter\CodeIgniter->run()
INFO - 2022-06-19 21:23:02 --> Session: Class initialized using 'CodeIgniter\Session\Handlers\FileHandler' driver.
CRITICAL - 2022-06-19 21:23:02 --> Call to a member function getUserComments() on null
in APPPATH/Entities/Feed.php on line 56.
 1 APPPATH/Controllers/Dashboard.php(47): App\Entities\Feed->setFeed('Lilyheimer')
 2 SYSTEMPATH/CodeIgniter.php(898): App\Controllers\Dashboard->feed('Lilyheimer')
 3 SYSTEMPATH/CodeIgniter.php(468): CodeIgniter\CodeIgniter->runController(Object(App\Controllers\Dashboard))
 4 SYSTEMPATH/CodeIgniter.php(351): CodeIgniter\CodeIgniter->handleRequest(null, Object(Config\Cache), false)
 5 FCPATH/index.php(55): CodeIgniter\CodeIgniter->run()
INFO - 2022-06-19 21:25:39 --> Session: Class initialized using 'CodeIgniter\Session\Handlers\FileHandler' driver.
ERROR - 2022-06-19 21:25:39 --> You have an error in your SQL syntax; check the manual that corresponds to your MySQL server version for the right syntax to use near ':0:
AND 1 = :1:' at line 3
CRITICAL - 2022-06-19 21:25:39 --> You have an error in your SQL syntax; check the manual that corresponds to your MySQL server version for the right syntax to use near ':0:
AND 1 = :1:' at line 3
in SYSTEMPATH/Database/MySQLi/Connection.php on line 292.
 1 SYSTEMPATH/Database/MySQLi/Connection.php(292): mysqli->query('SELECT *
FROM `comments`
WHERE 0 = :0:
AND 1 = :1:', 0)
 2 SYSTEMPATH/Database/BaseConnection.php(678): CodeIgniter\Database\MySQLi\Connection->execute('SELECT *
FROM `comments`
WHERE 0 = :0:
AND 1 = :1:')
 3 SYSTEMPATH/Database/BaseConnection.php(606): CodeIgniter\Database\BaseConnection->simpleQuery('SELECT *
FROM `comments`
WHERE 0 = :0:
AND 1 = :1:')
 4 SYSTEMPATH/Database/BaseBuilder.php(1585): CodeIgniter\Database\BaseConnection->query('SELECT *
FROM `comments`
WHERE 0 = :0:
AND 1 = :1:', [...], false)
 5 APPPATH/Models/CommentModel.php(183): CodeIgniter\Database\BaseBuilder->get()
 6 APPPATH/Entities/Feed.php(59): App\Models\CommentModel->getUserComments([...])
 7 APPPATH/Controllers/Dashboard.php(47): App\Entities\Feed->setFeed('Lilyheimer')
 8 SYSTEMPATH/CodeIgniter.php(898): App\Controllers\Dashboard->feed('Lilyheimer')
 9 SYSTEMPATH/CodeIgniter.php(468): CodeIgniter\CodeIgniter->runController(Object(App\Controllers\Dashboard))
10 SYSTEMPATH/CodeIgniter.php(351): CodeIgniter\CodeIgniter->handleRequest(null, Object(Config\Cache), false)
11 FCPATH/index.php(55): CodeIgniter\CodeIgniter->run()
INFO - 2022-06-19 21:31:23 --> Session: Class initialized using 'CodeIgniter\Session\Handlers\FileHandler' driver.
ERROR - 2022-06-19 21:31:23 --> You have an error in your SQL syntax; check the manual that corresponds to your MySQL server version for the right syntax to use near ':0:
AND 1 = :1:' at line 3
CRITICAL - 2022-06-19 21:31:23 --> You have an error in your SQL syntax; check the manual that corresponds to your MySQL server version for the right syntax to use near ':0:
AND 1 = :1:' at line 3
in SYSTEMPATH/Database/MySQLi/Connection.php on line 292.
 1 SYSTEMPATH/Database/MySQLi/Connection.php(292): mysqli->query('SELECT *
FROM `comments`
WHERE 0 = :0:
AND 1 = :1:', 0)
 2 SYSTEMPATH/Database/BaseConnection.php(678): CodeIgniter\Database\MySQLi\Connection->execute('SELECT *
FROM `comments`
WHERE 0 = :0:
AND 1 = :1:')
 3 SYSTEMPATH/Database/BaseConnection.php(606): CodeIgniter\Database\BaseConnection->simpleQuery('SELECT *
FROM `comments`
WHERE 0 = :0:
AND 1 = :1:')
 4 SYSTEMPATH/Database/BaseBuilder.php(1585): CodeIgniter\Database\BaseConnection->query('SELECT *
FROM `comments`
WHERE 0 = :0:
AND 1 = :1:', [...], false)
 5 APPPATH/Models/CommentModel.php(183): CodeIgniter\Database\BaseBuilder->get()
 6 APPPATH/Entities/Feed.php(59): App\Models\CommentModel->getUserComments([...])
 7 APPPATH/Controllers/Dashboard.php(47): App\Entities\Feed->setFeed('Lilyheimer')
 8 SYSTEMPATH/CodeIgniter.php(898): App\Controllers\Dashboard->feed('Lilyheimer')
 9 SYSTEMPATH/CodeIgniter.php(468): CodeIgniter\CodeIgniter->runController(Object(App\Controllers\Dashboard))
10 SYSTEMPATH/CodeIgniter.php(351): CodeIgniter\CodeIgniter->handleRequest(null, Object(Config\Cache), false)
11 FCPATH/index.php(55): CodeIgniter\CodeIgniter->run()
INFO - 2022-06-19 21:31:43 --> Session: Class initialized using 'CodeIgniter\Session\Handlers\FileHandler' driver.
CRITICAL - 2022-06-19 21:31:43 --> Illegal offset type
in APPPATH/Entities/Feed.php on line 52.
 1 APPPATH/Controllers/Dashboard.php(47): App\Entities\Feed->setFeed('Lilyheimer')
 2 SYSTEMPATH/CodeIgniter.php(898): App\Controllers\Dashboard->feed('Lilyheimer')
 3 SYSTEMPATH/CodeIgniter.php(468): CodeIgniter\CodeIgniter->runController(Object(App\Controllers\Dashboard))
 4 SYSTEMPATH/CodeIgniter.php(351): CodeIgniter\CodeIgniter->handleRequest(null, Object(Config\Cache), false)
 5 FCPATH/index.php(55): CodeIgniter\CodeIgniter->run()
INFO - 2022-06-19 21:32:39 --> Session: Class initialized using 'CodeIgniter\Session\Handlers\FileHandler' driver.
