INFO - 2022-07-08 00:07:22 --> Session: Class initialized using 'CodeIgniter\Session\Handlers\FileHandler' driver.
INFO - 2022-07-08 00:07:59 --> Session: Class initialized using 'CodeIgniter\Session\Handlers\FileHandler' driver.
INFO - 2022-07-08 00:11:11 --> Session: Class initialized using 'CodeIgniter\Session\Handlers\FileHandler' driver.
INFO - 2022-07-08 00:13:19 --> Session: Class initialized using 'CodeIgniter\Session\Handlers\FileHandler' driver.
INFO - 2022-07-08 00:13:42 --> Session: Class initialized using 'CodeIgniter\Session\Handlers\FileHandler' driver.
INFO - 2022-07-08 00:14:13 --> Session: Class initialized using 'CodeIgniter\Session\Handlers\FileHandler' driver.
INFO - 2022-07-08 00:14:22 --> Session: Class initialized using 'CodeIgniter\Session\Handlers\FileHandler' driver.
INFO - 2022-07-08 00:14:22 --> CSRF token verified.
INFO - 2022-07-08 00:15:13 --> Session: Class initialized using 'CodeIgniter\Session\Handlers\FileHandler' driver.
INFO - 2022-07-08 00:15:23 --> Session: Class initialized using 'CodeIgniter\Session\Handlers\FileHandler' driver.
INFO - 2022-07-08 00:15:23 --> CSRF token verified.
INFO - 2022-07-08 00:20:47 --> Session: Class initialized using 'CodeIgniter\Session\Handlers\FileHandler' driver.
INFO - 2022-07-08 00:20:55 --> Session: Class initialized using 'CodeIgniter\Session\Handlers\FileHandler' driver.
INFO - 2022-07-08 00:20:55 --> CSRF token verified.
INFO - 2022-07-08 00:22:36 --> Session: Class initialized using 'CodeIgniter\Session\Handlers\FileHandler' driver.
INFO - 2022-07-08 00:22:48 --> Session: Class initialized using 'CodeIgniter\Session\Handlers\FileHandler' driver.
INFO - 2022-07-08 00:22:48 --> CSRF token verified.
INFO - 2022-07-08 00:31:01 --> Session: Class initialized using 'CodeIgniter\Session\Handlers\FileHandler' driver.
INFO - 2022-07-08 00:31:17 --> Session: Class initialized using 'CodeIgniter\Session\Handlers\FileHandler' driver.
INFO - 2022-07-08 00:31:17 --> CSRF token verified.
INFO - 2022-07-08 00:40:10 --> Session: Class initialized using 'CodeIgniter\Session\Handlers\FileHandler' driver.
INFO - 2022-07-08 00:40:31 --> Session: Class initialized using 'CodeIgniter\Session\Handlers\FileHandler' driver.
INFO - 2022-07-08 00:41:17 --> Session: Class initialized using 'CodeIgniter\Session\Handlers\FileHandler' driver.
INFO - 2022-07-08 00:41:27 --> Session: Class initialized using 'CodeIgniter\Session\Handlers\FileHandler' driver.
INFO - 2022-07-08 00:41:27 --> CSRF token verified.
INFO - 2022-07-08 00:42:51 --> Session: Class initialized using 'CodeIgniter\Session\Handlers\FileHandler' driver.
INFO - 2022-07-08 00:43:04 --> Session: Class initialized using 'CodeIgniter\Session\Handlers\FileHandler' driver.
INFO - 2022-07-08 00:43:04 --> CSRF token verified.
INFO - 2022-07-08 00:43:40 --> Session: Class initialized using 'CodeIgniter\Session\Handlers\FileHandler' driver.
INFO - 2022-07-08 00:43:50 --> Session: Class initialized using 'CodeIgniter\Session\Handlers\FileHandler' driver.
INFO - 2022-07-08 00:43:50 --> CSRF token verified.
INFO - 2022-07-08 00:43:57 --> Session: Class initialized using 'CodeIgniter\Session\Handlers\FileHandler' driver.
INFO - 2022-07-08 00:43:57 --> CSRF token verified.
INFO - 2022-07-08 00:45:56 --> Session: Class initialized using 'CodeIgniter\Session\Handlers\FileHandler' driver.
INFO - 2022-07-08 00:46:08 --> Session: Class initialized using 'CodeIgniter\Session\Handlers\FileHandler' driver.
INFO - 2022-07-08 00:46:08 --> CSRF token verified.
INFO - 2022-07-08 00:47:24 --> Session: Class initialized using 'CodeIgniter\Session\Handlers\FileHandler' driver.
INFO - 2022-07-08 00:47:34 --> Session: Class initialized using 'CodeIgniter\Session\Handlers\FileHandler' driver.
INFO - 2022-07-08 00:47:34 --> CSRF token verified.
INFO - 2022-07-08 00:51:31 --> Session: Class initialized using 'CodeIgniter\Session\Handlers\FileHandler' driver.
INFO - 2022-07-08 00:51:44 --> Session: Class initialized using 'CodeIgniter\Session\Handlers\FileHandler' driver.
INFO - 2022-07-08 00:51:44 --> CSRF token verified.
INFO - 2022-07-08 00:53:59 --> Session: Class initialized using 'CodeIgniter\Session\Handlers\FileHandler' driver.
INFO - 2022-07-08 00:54:07 --> Session: Class initialized using 'CodeIgniter\Session\Handlers\FileHandler' driver.
INFO - 2022-07-08 00:54:07 --> CSRF token verified.
INFO - 2022-07-08 00:55:32 --> Session: Class initialized using 'CodeIgniter\Session\Handlers\FileHandler' driver.
INFO - 2022-07-08 00:55:39 --> Session: Class initialized using 'CodeIgniter\Session\Handlers\FileHandler' driver.
INFO - 2022-07-08 00:55:39 --> CSRF token verified.
INFO - 2022-07-08 00:56:09 --> Session: Class initialized using 'CodeIgniter\Session\Handlers\FileHandler' driver.
INFO - 2022-07-08 00:56:20 --> Session: Class initialized using 'CodeIgniter\Session\Handlers\FileHandler' driver.
INFO - 2022-07-08 00:56:20 --> CSRF token verified.
INFO - 2022-07-08 00:56:25 --> Session: Class initialized using 'CodeIgniter\Session\Handlers\FileHandler' driver.
INFO - 2022-07-08 00:56:25 --> CSRF token verified.
INFO - 2022-07-08 00:56:43 --> Session: Class initialized using 'CodeIgniter\Session\Handlers\FileHandler' driver.
INFO - 2022-07-08 00:56:43 --> CSRF token verified.
INFO - 2022-07-08 00:56:49 --> Session: Class initialized using 'CodeIgniter\Session\Handlers\FileHandler' driver.
INFO - 2022-07-08 00:56:49 --> CSRF token verified.
INFO - 2022-07-08 00:56:53 --> Session: Class initialized using 'CodeIgniter\Session\Handlers\FileHandler' driver.
INFO - 2022-07-08 00:57:01 --> Session: Class initialized using 'CodeIgniter\Session\Handlers\FileHandler' driver.
INFO - 2022-07-08 00:57:01 --> CSRF token verified.
INFO - 2022-07-08 00:57:34 --> Session: Class initialized using 'CodeIgniter\Session\Handlers\FileHandler' driver.
INFO - 2022-07-08 00:57:45 --> Session: Class initialized using 'CodeIgniter\Session\Handlers\FileHandler' driver.
INFO - 2022-07-08 00:57:45 --> CSRF token verified.
INFO - 2022-07-08 00:57:58 --> Session: Class initialized using 'CodeIgniter\Session\Handlers\FileHandler' driver.
INFO - 2022-07-08 00:58:06 --> Session: Class initialized using 'CodeIgniter\Session\Handlers\FileHandler' driver.
INFO - 2022-07-08 00:58:06 --> CSRF token verified.
INFO - 2022-07-08 00:58:23 --> Session: Class initialized using 'CodeIgniter\Session\Handlers\FileHandler' driver.
INFO - 2022-07-08 00:58:23 --> CSRF token verified.
INFO - 2022-07-08 00:59:32 --> Session: Class initialized using 'CodeIgniter\Session\Handlers\FileHandler' driver.
INFO - 2022-07-08 00:59:35 --> Session: Class initialized using 'CodeIgniter\Session\Handlers\FileHandler' driver.
INFO - 2022-07-08 00:59:35 --> CSRF token verified.
INFO - 2022-07-08 00:59:49 --> Session: Class initialized using 'CodeIgniter\Session\Handlers\FileHandler' driver.
INFO - 2022-07-08 00:59:49 --> CSRF token verified.
INFO - 2022-07-08 01:00:30 --> Session: Class initialized using 'CodeIgniter\Session\Handlers\FileHandler' driver.
INFO - 2022-07-08 01:00:46 --> Session: Class initialized using 'CodeIgniter\Session\Handlers\FileHandler' driver.
INFO - 2022-07-08 01:00:46 --> CSRF token verified.
INFO - 2022-07-08 01:01:01 --> Session: Class initialized using 'CodeIgniter\Session\Handlers\FileHandler' driver.
INFO - 2022-07-08 01:01:04 --> Session: Class initialized using 'CodeIgniter\Session\Handlers\FileHandler' driver.
INFO - 2022-07-08 01:01:04 --> CSRF token verified.
INFO - 2022-07-08 01:02:04 --> Session: Class initialized using 'CodeIgniter\Session\Handlers\FileHandler' driver.
INFO - 2022-07-08 01:02:04 --> CSRF token verified.
INFO - 2022-07-08 01:02:14 --> Session: Class initialized using 'CodeIgniter\Session\Handlers\FileHandler' driver.
INFO - 2022-07-08 01:02:43 --> Session: Class initialized using 'CodeIgniter\Session\Handlers\FileHandler' driver.
INFO - 2022-07-08 01:02:53 --> Session: Class initialized using 'CodeIgniter\Session\Handlers\FileHandler' driver.
INFO - 2022-07-08 01:02:53 --> CSRF token verified.
INFO - 2022-07-08 01:03:25 --> Session: Class initialized using 'CodeIgniter\Session\Handlers\FileHandler' driver.
INFO - 2022-07-08 01:03:36 --> Session: Class initialized using 'CodeIgniter\Session\Handlers\FileHandler' driver.
INFO - 2022-07-08 01:03:36 --> CSRF token verified.
INFO - 2022-07-08 01:03:47 --> Session: Class initialized using 'CodeIgniter\Session\Handlers\FileHandler' driver.
INFO - 2022-07-08 01:03:57 --> Session: Class initialized using 'CodeIgniter\Session\Handlers\FileHandler' driver.
INFO - 2022-07-08 01:03:57 --> CSRF token verified.
INFO - 2022-07-08 01:05:02 --> Session: Class initialized using 'CodeIgniter\Session\Handlers\FileHandler' driver.
INFO - 2022-07-08 01:05:12 --> Session: Class initialized using 'CodeIgniter\Session\Handlers\FileHandler' driver.
INFO - 2022-07-08 01:05:12 --> CSRF token verified.
INFO - 2022-07-08 01:05:24 --> Session: Class initialized using 'CodeIgniter\Session\Handlers\FileHandler' driver.
INFO - 2022-07-08 01:05:24 --> CSRF token verified.
INFO - 2022-07-08 01:05:31 --> Session: Class initialized using 'CodeIgniter\Session\Handlers\FileHandler' driver.
CRITICAL - 2022-07-08 01:05:31 --> The action you requested is not allowed.
in SYSTEMPATH/Security/Security.php on line 286.
 1 SYSTEMPATH/Security/Security.php(286): CodeIgniter\Security\Exceptions\SecurityException::forDisallowedAction()
 2 SYSTEMPATH/Filters/CSRF.php(54): CodeIgniter\Security\Security->verify(Object(CodeIgniter\HTTP\IncomingRequest))
 3 SYSTEMPATH/Filters/Filters.php(173): CodeIgniter\Filters\CSRF->before(Object(CodeIgniter\HTTP\IncomingRequest), null)
 4 SYSTEMPATH/CodeIgniter.php(442): CodeIgniter\Filters\Filters->run('users/members/manage_uploads', 'before')
 5 SYSTEMPATH/CodeIgniter.php(351): CodeIgniter\CodeIgniter->handleRequest(null, Object(Config\Cache), false)
 6 FCPATH/index.php(55): CodeIgniter\CodeIgniter->run()
INFO - 2022-07-08 01:06:08 --> Session: Class initialized using 'CodeIgniter\Session\Handlers\FileHandler' driver.
INFO - 2022-07-08 01:06:12 --> Session: Class initialized using 'CodeIgniter\Session\Handlers\FileHandler' driver.
INFO - 2022-07-08 01:06:12 --> CSRF token verified.
INFO - 2022-07-08 01:06:18 --> Session: Class initialized using 'CodeIgniter\Session\Handlers\FileHandler' driver.
INFO - 2022-07-08 01:06:50 --> Session: Class initialized using 'CodeIgniter\Session\Handlers\FileHandler' driver.
INFO - 2022-07-08 01:06:54 --> Session: Class initialized using 'CodeIgniter\Session\Handlers\FileHandler' driver.
INFO - 2022-07-08 01:06:54 --> CSRF token verified.
INFO - 2022-07-08 01:07:01 --> Session: Class initialized using 'CodeIgniter\Session\Handlers\FileHandler' driver.
INFO - 2022-07-08 01:07:01 --> CSRF token verified.
INFO - 2022-07-08 01:07:11 --> Session: Class initialized using 'CodeIgniter\Session\Handlers\FileHandler' driver.
INFO - 2022-07-08 01:07:11 --> CSRF token verified.
INFO - 2022-07-08 01:07:17 --> Session: Class initialized using 'CodeIgniter\Session\Handlers\FileHandler' driver.
INFO - 2022-07-08 01:07:17 --> CSRF token verified.
INFO - 2022-07-08 01:11:13 --> Session: Class initialized using 'CodeIgniter\Session\Handlers\FileHandler' driver.
INFO - 2022-07-08 01:11:23 --> Session: Class initialized using 'CodeIgniter\Session\Handlers\FileHandler' driver.
INFO - 2022-07-08 01:11:23 --> CSRF token verified.
INFO - 2022-07-08 01:11:29 --> Session: Class initialized using 'CodeIgniter\Session\Handlers\FileHandler' driver.
INFO - 2022-07-08 01:11:29 --> CSRF token verified.
INFO - 2022-07-08 01:11:44 --> Session: Class initialized using 'CodeIgniter\Session\Handlers\FileHandler' driver.
INFO - 2022-07-08 01:11:44 --> CSRF token verified.
INFO - 2022-07-08 01:14:37 --> Session: Class initialized using 'CodeIgniter\Session\Handlers\FileHandler' driver.
INFO - 2022-07-08 01:14:53 --> Session: Class initialized using 'CodeIgniter\Session\Handlers\FileHandler' driver.
INFO - 2022-07-08 01:14:53 --> CSRF token verified.
INFO - 2022-07-08 01:15:01 --> Session: Class initialized using 'CodeIgniter\Session\Handlers\FileHandler' driver.
INFO - 2022-07-08 01:15:01 --> CSRF token verified.
INFO - 2022-07-08 01:15:07 --> Session: Class initialized using 'CodeIgniter\Session\Handlers\FileHandler' driver.
INFO - 2022-07-08 01:15:07 --> CSRF token verified.
INFO - 2022-07-08 01:17:47 --> Session: Class initialized using 'CodeIgniter\Session\Handlers\FileHandler' driver.
CRITICAL - 2022-07-08 01:17:47 --> Undefined variable $row
in APPPATH/Views/js/upload_album.php on line 93.
 1 APPPATH/Views/js/upload_album.php(93): CodeIgniter\Debug\Exceptions->errorHandler(2, 'Undefined variable $row', 'APPPATH/Views/js/upload_album.php', 93)
 2 SYSTEMPATH/View/View.php(213): include('APPPATH/Views/js/upload_album.php')
 3 SYSTEMPATH/View/View.php(216): CodeIgniter\View\View->CodeIgniter\View\{closure}()
 4 SYSTEMPATH/Common.php(1135): CodeIgniter\View\View->render('js/upload_album', [], true)
 5 APPPATH/Views/templates/footer.php(58): view('js/upload_album')
 6 SYSTEMPATH/View/View.php(213): include('APPPATH/Views/templates/footer.php')
 7 SYSTEMPATH/View/View.php(216): CodeIgniter\View\View->CodeIgniter\View\{closure}()
 8 SYSTEMPATH/Common.php(1135): CodeIgniter\View\View->render('templates/footer', [], true)
 9 APPPATH/Controllers/Dashboard.php(191): view('templates/footer', [...])
10 SYSTEMPATH/CodeIgniter.php(898): App\Controllers\Dashboard->manage_uploads()
11 SYSTEMPATH/CodeIgniter.php(468): CodeIgniter\CodeIgniter->runController(Object(App\Controllers\Dashboard))
12 SYSTEMPATH/CodeIgniter.php(351): CodeIgniter\CodeIgniter->handleRequest(null, Object(Config\Cache), false)
13 FCPATH/index.php(55): CodeIgniter\CodeIgniter->run()
INFO - 2022-07-08 01:19:06 --> Session: Class initialized using 'CodeIgniter\Session\Handlers\FileHandler' driver.
CRITICAL - 2022-07-08 01:19:06 --> Undefined variable $row
in APPPATH/Views/js/upload_album.php on line 72.
 1 APPPATH/Views/js/upload_album.php(72): CodeIgniter\Debug\Exceptions->errorHandler(2, 'Undefined variable $row', 'APPPATH/Views/js/upload_album.php', 72)
 2 SYSTEMPATH/View/View.php(213): include('APPPATH/Views/js/upload_album.php')
 3 SYSTEMPATH/View/View.php(216): CodeIgniter\View\View->CodeIgniter\View\{closure}()
 4 SYSTEMPATH/Common.php(1135): CodeIgniter\View\View->render('js/upload_album', [], true)
 5 APPPATH/Views/templates/footer.php(58): view('js/upload_album')
 6 SYSTEMPATH/View/View.php(213): include('APPPATH/Views/templates/footer.php')
 7 SYSTEMPATH/View/View.php(216): CodeIgniter\View\View->CodeIgniter\View\{closure}()
 8 SYSTEMPATH/Common.php(1135): CodeIgniter\View\View->render('templates/footer', [], true)
 9 APPPATH/Controllers/Dashboard.php(191): view('templates/footer', [...])
10 SYSTEMPATH/CodeIgniter.php(898): App\Controllers\Dashboard->manage_uploads()
11 SYSTEMPATH/CodeIgniter.php(468): CodeIgniter\CodeIgniter->runController(Object(App\Controllers\Dashboard))
12 SYSTEMPATH/CodeIgniter.php(351): CodeIgniter\CodeIgniter->handleRequest(null, Object(Config\Cache), false)
13 FCPATH/index.php(55): CodeIgniter\CodeIgniter->run()
INFO - 2022-07-08 01:26:50 --> Session: Class initialized using 'CodeIgniter\Session\Handlers\FileHandler' driver.
INFO - 2022-07-08 01:27:05 --> Session: Class initialized using 'CodeIgniter\Session\Handlers\FileHandler' driver.
INFO - 2022-07-08 01:27:05 --> CSRF token verified.
INFO - 2022-07-08 02:16:51 --> Session: Class initialized using 'CodeIgniter\Session\Handlers\FileHandler' driver.
CRITICAL - 2022-07-08 02:16:52 --> Undefined variable $row
in APPPATH/Views/js/upload_album.php on line 17.
 1 APPPATH/Views/js/upload_album.php(17): CodeIgniter\Debug\Exceptions->errorHandler(2, 'Undefined variable $row', 'APPPATH/Views/js/upload_album.php', 17)
 2 SYSTEMPATH/View/View.php(213): include('APPPATH/Views/js/upload_album.php')
 3 SYSTEMPATH/View/View.php(216): CodeIgniter\View\View->CodeIgniter\View\{closure}()
 4 SYSTEMPATH/Common.php(1135): CodeIgniter\View\View->render('js/upload_album', [], true)
 5 APPPATH/Views/templates/footer.php(58): view('js/upload_album')
 6 SYSTEMPATH/View/View.php(213): include('APPPATH/Views/templates/footer.php')
 7 SYSTEMPATH/View/View.php(216): CodeIgniter\View\View->CodeIgniter\View\{closure}()
 8 SYSTEMPATH/Common.php(1135): CodeIgniter\View\View->render('templates/footer', [], true)
 9 APPPATH/Controllers/Dashboard.php(191): view('templates/footer', [...])
10 SYSTEMPATH/CodeIgniter.php(898): App\Controllers\Dashboard->manage_uploads()
11 SYSTEMPATH/CodeIgniter.php(468): CodeIgniter\CodeIgniter->runController(Object(App\Controllers\Dashboard))
12 SYSTEMPATH/CodeIgniter.php(351): CodeIgniter\CodeIgniter->handleRequest(null, Object(Config\Cache), false)
13 FCPATH/index.php(55): CodeIgniter\CodeIgniter->run()
INFO - 2022-07-08 02:19:02 --> Session: Class initialized using 'CodeIgniter\Session\Handlers\FileHandler' driver.
CRITICAL - 2022-07-08 02:19:02 --> Undefined variable $row
in APPPATH/Views/js/upload_album.php on line 16.
 1 APPPATH/Views/js/upload_album.php(16): CodeIgniter\Debug\Exceptions->errorHandler(2, 'Undefined variable $row', 'APPPATH/Views/js/upload_album.php', 16)
 2 SYSTEMPATH/View/View.php(213): include('APPPATH/Views/js/upload_album.php')
 3 SYSTEMPATH/View/View.php(216): CodeIgniter\View\View->CodeIgniter\View\{closure}()
 4 SYSTEMPATH/Common.php(1135): CodeIgniter\View\View->render('js/upload_album', [], true)
 5 APPPATH/Views/templates/footer.php(58): view('js/upload_album')
 6 SYSTEMPATH/View/View.php(213): include('APPPATH/Views/templates/footer.php')
 7 SYSTEMPATH/View/View.php(216): CodeIgniter\View\View->CodeIgniter\View\{closure}()
 8 SYSTEMPATH/Common.php(1135): CodeIgniter\View\View->render('templates/footer', [], true)
 9 APPPATH/Controllers/Dashboard.php(191): view('templates/footer', [...])
10 SYSTEMPATH/CodeIgniter.php(898): App\Controllers\Dashboard->manage_uploads()
11 SYSTEMPATH/CodeIgniter.php(468): CodeIgniter\CodeIgniter->runController(Object(App\Controllers\Dashboard))
12 SYSTEMPATH/CodeIgniter.php(351): CodeIgniter\CodeIgniter->handleRequest(null, Object(Config\Cache), false)
13 FCPATH/index.php(55): CodeIgniter\CodeIgniter->run()
INFO - 2022-07-08 02:20:05 --> Session: Class initialized using 'CodeIgniter\Session\Handlers\FileHandler' driver.
INFO - 2022-07-08 02:25:19 --> Session: Class initialized using 'CodeIgniter\Session\Handlers\FileHandler' driver.
CRITICAL - 2022-07-08 02:25:19 --> Undefined variable $row
in APPPATH/Views/js/upload_album.php on line 3.
 1 APPPATH/Views/js/upload_album.php(3): CodeIgniter\Debug\Exceptions->errorHandler(2, 'Undefined variable $row', 'APPPATH/Views/js/upload_album.php', 3)
 2 SYSTEMPATH/View/View.php(213): include('APPPATH/Views/js/upload_album.php')
 3 SYSTEMPATH/View/View.php(216): CodeIgniter\View\View->CodeIgniter\View\{closure}()
 4 SYSTEMPATH/Common.php(1135): CodeIgniter\View\View->render('js/upload_album', [], true)
 5 APPPATH/Views/templates/footer.php(58): view('js/upload_album')
 6 SYSTEMPATH/View/View.php(213): include('APPPATH/Views/templates/footer.php')
 7 SYSTEMPATH/View/View.php(216): CodeIgniter\View\View->CodeIgniter\View\{closure}()
 8 SYSTEMPATH/Common.php(1135): CodeIgniter\View\View->render('templates/footer', [], true)
 9 APPPATH/Controllers/Dashboard.php(191): view('templates/footer', [...])
10 SYSTEMPATH/CodeIgniter.php(898): App\Controllers\Dashboard->manage_uploads()
11 SYSTEMPATH/CodeIgniter.php(468): CodeIgniter\CodeIgniter->runController(Object(App\Controllers\Dashboard))
12 SYSTEMPATH/CodeIgniter.php(351): CodeIgniter\CodeIgniter->handleRequest(null, Object(Config\Cache), false)
13 FCPATH/index.php(55): CodeIgniter\CodeIgniter->run()
INFO - 2022-07-08 02:30:45 --> Session: Class initialized using 'CodeIgniter\Session\Handlers\FileHandler' driver.
CRITICAL - 2022-07-08 02:30:46 --> Undefined variable $row
in APPPATH/Views/js/upload_album.php on line 3.
 1 APPPATH/Views/js/upload_album.php(3): CodeIgniter\Debug\Exceptions->errorHandler(2, 'Undefined variable $row', 'APPPATH/Views/js/upload_album.php', 3)
 2 SYSTEMPATH/View/View.php(213): include('APPPATH/Views/js/upload_album.php')
 3 SYSTEMPATH/View/View.php(216): CodeIgniter\View\View->CodeIgniter\View\{closure}()
 4 SYSTEMPATH/Common.php(1135): CodeIgniter\View\View->render('js/upload_album', [], true)
 5 APPPATH/Views/templates/footer.php(58): view('js/upload_album')
 6 SYSTEMPATH/View/View.php(213): include('APPPATH/Views/templates/footer.php')
 7 SYSTEMPATH/View/View.php(216): CodeIgniter\View\View->CodeIgniter\View\{closure}()
 8 SYSTEMPATH/Common.php(1135): CodeIgniter\View\View->render('templates/footer', [], true)
 9 APPPATH/Controllers/Dashboard.php(191): view('templates/footer', [...])
10 SYSTEMPATH/CodeIgniter.php(898): App\Controllers\Dashboard->manage_uploads()
11 SYSTEMPATH/CodeIgniter.php(468): CodeIgniter\CodeIgniter->runController(Object(App\Controllers\Dashboard))
12 SYSTEMPATH/CodeIgniter.php(351): CodeIgniter\CodeIgniter->handleRequest(null, Object(Config\Cache), false)
13 FCPATH/index.php(55): CodeIgniter\CodeIgniter->run()
INFO - 2022-07-08 02:31:31 --> Session: Class initialized using 'CodeIgniter\Session\Handlers\FileHandler' driver.
CRITICAL - 2022-07-08 02:31:31 --> Undefined variable $row
in APPPATH/Views/js/upload_album.php on line 3.
 1 APPPATH/Views/js/upload_album.php(3): CodeIgniter\Debug\Exceptions->errorHandler(2, 'Undefined variable $row', 'APPPATH/Views/js/upload_album.php', 3)
 2 SYSTEMPATH/View/View.php(213): include('APPPATH/Views/js/upload_album.php')
 3 SYSTEMPATH/View/View.php(216): CodeIgniter\View\View->CodeIgniter\View\{closure}()
 4 SYSTEMPATH/Common.php(1135): CodeIgniter\View\View->render('js/upload_album', [], true)
 5 APPPATH/Views/templates/footer.php(58): view('js/upload_album')
 6 SYSTEMPATH/View/View.php(213): include('APPPATH/Views/templates/footer.php')
 7 SYSTEMPATH/View/View.php(216): CodeIgniter\View\View->CodeIgniter\View\{closure}()
 8 SYSTEMPATH/Common.php(1135): CodeIgniter\View\View->render('templates/footer', [], true)
 9 APPPATH/Controllers/Dashboard.php(191): view('templates/footer', [...])
10 SYSTEMPATH/CodeIgniter.php(898): App\Controllers\Dashboard->manage_uploads()
11 SYSTEMPATH/CodeIgniter.php(468): CodeIgniter\CodeIgniter->runController(Object(App\Controllers\Dashboard))
12 SYSTEMPATH/CodeIgniter.php(351): CodeIgniter\CodeIgniter->handleRequest(null, Object(Config\Cache), false)
13 FCPATH/index.php(55): CodeIgniter\CodeIgniter->run()
INFO - 2022-07-08 02:32:41 --> Session: Class initialized using 'CodeIgniter\Session\Handlers\FileHandler' driver.
INFO - 2022-07-08 02:33:27 --> Session: Class initialized using 'CodeIgniter\Session\Handlers\FileHandler' driver.
INFO - 2022-07-08 02:34:15 --> Session: Class initialized using 'CodeIgniter\Session\Handlers\FileHandler' driver.
INFO - 2022-07-08 02:34:42 --> Session: Class initialized using 'CodeIgniter\Session\Handlers\FileHandler' driver.
INFO - 2022-07-08 02:34:42 --> CSRF token verified.
INFO - 2022-07-08 02:35:42 --> Session: Class initialized using 'CodeIgniter\Session\Handlers\FileHandler' driver.
INFO - 2022-07-08 02:35:44 --> Session: Class initialized using 'CodeIgniter\Session\Handlers\FileHandler' driver.
INFO - 2022-07-08 02:35:44 --> CSRF token verified.
INFO - 2022-07-08 02:35:50 --> Session: Class initialized using 'CodeIgniter\Session\Handlers\FileHandler' driver.
INFO - 2022-07-08 02:35:50 --> CSRF token verified.
INFO - 2022-07-08 02:36:00 --> Session: Class initialized using 'CodeIgniter\Session\Handlers\FileHandler' driver.
INFO - 2022-07-08 02:36:00 --> CSRF token verified.
INFO - 2022-07-08 02:37:03 --> Session: Class initialized using 'CodeIgniter\Session\Handlers\FileHandler' driver.
INFO - 2022-07-08 02:37:11 --> Session: Class initialized using 'CodeIgniter\Session\Handlers\FileHandler' driver.
INFO - 2022-07-08 02:37:11 --> CSRF token verified.
INFO - 2022-07-08 02:37:30 --> Session: Class initialized using 'CodeIgniter\Session\Handlers\FileHandler' driver.
INFO - 2022-07-08 02:37:36 --> Session: Class initialized using 'CodeIgniter\Session\Handlers\FileHandler' driver.
INFO - 2022-07-08 02:37:36 --> CSRF token verified.
INFO - 2022-07-08 02:41:28 --> Session: Class initialized using 'CodeIgniter\Session\Handlers\FileHandler' driver.
INFO - 2022-07-08 02:48:29 --> Session: Class initialized using 'CodeIgniter\Session\Handlers\FileHandler' driver.
INFO - 2022-07-08 02:49:11 --> Session: Class initialized using 'CodeIgniter\Session\Handlers\FileHandler' driver.
INFO - 2022-07-08 02:49:40 --> Session: Class initialized using 'CodeIgniter\Session\Handlers\FileHandler' driver.
INFO - 2022-07-08 02:49:53 --> Session: Class initialized using 'CodeIgniter\Session\Handlers\FileHandler' driver.
INFO - 2022-07-08 02:50:14 --> Session: Class initialized using 'CodeIgniter\Session\Handlers\FileHandler' driver.
INFO - 2022-07-08 02:51:52 --> Session: Class initialized using 'CodeIgniter\Session\Handlers\FileHandler' driver.
INFO - 2022-07-08 02:52:36 --> Session: Class initialized using 'CodeIgniter\Session\Handlers\FileHandler' driver.
INFO - 2022-07-08 02:53:00 --> Session: Class initialized using 'CodeIgniter\Session\Handlers\FileHandler' driver.
INFO - 2022-07-08 02:54:02 --> Session: Class initialized using 'CodeIgniter\Session\Handlers\FileHandler' driver.
INFO - 2022-07-08 02:54:13 --> Session: Class initialized using 'CodeIgniter\Session\Handlers\FileHandler' driver.
INFO - 2022-07-08 02:54:50 --> Session: Class initialized using 'CodeIgniter\Session\Handlers\FileHandler' driver.
INFO - 2022-07-08 02:54:59 --> Session: Class initialized using 'CodeIgniter\Session\Handlers\FileHandler' driver.
INFO - 2022-07-08 02:55:09 --> Session: Class initialized using 'CodeIgniter\Session\Handlers\FileHandler' driver.
INFO - 2022-07-08 02:55:48 --> Session: Class initialized using 'CodeIgniter\Session\Handlers\FileHandler' driver.
INFO - 2022-07-08 02:56:52 --> Session: Class initialized using 'CodeIgniter\Session\Handlers\FileHandler' driver.
INFO - 2022-07-08 02:59:10 --> Session: Class initialized using 'CodeIgniter\Session\Handlers\FileHandler' driver.
INFO - 2022-07-08 02:59:32 --> Session: Class initialized using 'CodeIgniter\Session\Handlers\FileHandler' driver.
INFO - 2022-07-08 03:03:40 --> Session: Class initialized using 'CodeIgniter\Session\Handlers\FileHandler' driver.
INFO - 2022-07-08 03:04:54 --> Session: Class initialized using 'CodeIgniter\Session\Handlers\FileHandler' driver.
INFO - 2022-07-08 03:09:47 --> Session: Class initialized using 'CodeIgniter\Session\Handlers\FileHandler' driver.
CRITICAL - 2022-07-08 03:09:47 --> Object of class stdClass could not be converted to string
in APPPATH/Views/js/upload_album.php on line 4.
 1 APPPATH/Views/js/upload_album.php(4): implode('", "', [...])
 2 SYSTEMPATH/View/View.php(213): include('APPPATH/Views/js/upload_album.php')
 3 SYSTEMPATH/View/View.php(216): CodeIgniter\View\View->CodeIgniter\View\{closure}()
 4 SYSTEMPATH/Common.php(1135): CodeIgniter\View\View->render('js/upload_album', [], true)
 5 APPPATH/Views/templates/footer.php(58): view('js/upload_album')
 6 SYSTEMPATH/View/View.php(213): include('APPPATH/Views/templates/footer.php')
 7 SYSTEMPATH/View/View.php(216): CodeIgniter\View\View->CodeIgniter\View\{closure}()
 8 SYSTEMPATH/Common.php(1135): CodeIgniter\View\View->render('templates/footer', [], true)
 9 APPPATH/Controllers/Dashboard.php(191): view('templates/footer', [...])
10 SYSTEMPATH/CodeIgniter.php(898): App\Controllers\Dashboard->manage_uploads()
11 SYSTEMPATH/CodeIgniter.php(468): CodeIgniter\CodeIgniter->runController(Object(App\Controllers\Dashboard))
12 SYSTEMPATH/CodeIgniter.php(351): CodeIgniter\CodeIgniter->handleRequest(null, Object(Config\Cache), false)
13 FCPATH/index.php(55): CodeIgniter\CodeIgniter->run()
INFO - 2022-07-08 03:10:42 --> Session: Class initialized using 'CodeIgniter\Session\Handlers\FileHandler' driver.
CRITICAL - 2022-07-08 03:10:42 --> Object of class App\Entities\Image could not be converted to string
in APPPATH/Views/js/upload_album.php on line 4.
 1 APPPATH/Views/js/upload_album.php(4): implode('", "', [...])
 2 SYSTEMPATH/View/View.php(213): include('APPPATH/Views/js/upload_album.php')
 3 SYSTEMPATH/View/View.php(216): CodeIgniter\View\View->CodeIgniter\View\{closure}()
 4 SYSTEMPATH/Common.php(1135): CodeIgniter\View\View->render('js/upload_album', [], true)
 5 APPPATH/Views/templates/footer.php(58): view('js/upload_album')
 6 SYSTEMPATH/View/View.php(213): include('APPPATH/Views/templates/footer.php')
 7 SYSTEMPATH/View/View.php(216): CodeIgniter\View\View->CodeIgniter\View\{closure}()
 8 SYSTEMPATH/Common.php(1135): CodeIgniter\View\View->render('templates/footer', [], true)
 9 APPPATH/Controllers/Dashboard.php(191): view('templates/footer', [...])
10 SYSTEMPATH/CodeIgniter.php(898): App\Controllers\Dashboard->manage_uploads()
11 SYSTEMPATH/CodeIgniter.php(468): CodeIgniter\CodeIgniter->runController(Object(App\Controllers\Dashboard))
12 SYSTEMPATH/CodeIgniter.php(351): CodeIgniter\CodeIgniter->handleRequest(null, Object(Config\Cache), false)
13 FCPATH/index.php(55): CodeIgniter\CodeIgniter->run()
INFO - 2022-07-08 03:11:57 --> Session: Class initialized using 'CodeIgniter\Session\Handlers\FileHandler' driver.
CRITICAL - 2022-07-08 03:11:57 --> Object of class stdClass could not be converted to string
in APPPATH/Views/js/upload_album.php on line 4.
 1 APPPATH/Views/js/upload_album.php(4): implode('", "', [...])
 2 SYSTEMPATH/View/View.php(213): include('APPPATH/Views/js/upload_album.php')
 3 SYSTEMPATH/View/View.php(216): CodeIgniter\View\View->CodeIgniter\View\{closure}()
 4 SYSTEMPATH/Common.php(1135): CodeIgniter\View\View->render('js/upload_album', [], true)
 5 APPPATH/Views/templates/footer.php(58): view('js/upload_album')
 6 SYSTEMPATH/View/View.php(213): include('APPPATH/Views/templates/footer.php')
 7 SYSTEMPATH/View/View.php(216): CodeIgniter\View\View->CodeIgniter\View\{closure}()
 8 SYSTEMPATH/Common.php(1135): CodeIgniter\View\View->render('templates/footer', [], true)
 9 APPPATH/Controllers/Dashboard.php(191): view('templates/footer', [...])
10 SYSTEMPATH/CodeIgniter.php(898): App\Controllers\Dashboard->manage_uploads()
11 SYSTEMPATH/CodeIgniter.php(468): CodeIgniter\CodeIgniter->runController(Object(App\Controllers\Dashboard))
12 SYSTEMPATH/CodeIgniter.php(351): CodeIgniter\CodeIgniter->handleRequest(null, Object(Config\Cache), false)
13 FCPATH/index.php(55): CodeIgniter\CodeIgniter->run()
INFO - 2022-07-08 03:13:17 --> Session: Class initialized using 'CodeIgniter\Session\Handlers\FileHandler' driver.
CRITICAL - 2022-07-08 03:13:17 --> Object of class stdClass could not be converted to string
in APPPATH/Views/js/upload_album.php on line 4.
 1 APPPATH/Views/js/upload_album.php(4): implode('", "', [...])
 2 SYSTEMPATH/View/View.php(213): include('APPPATH/Views/js/upload_album.php')
 3 SYSTEMPATH/View/View.php(216): CodeIgniter\View\View->CodeIgniter\View\{closure}()
 4 SYSTEMPATH/Common.php(1135): CodeIgniter\View\View->render('js/upload_album', [], true)
 5 APPPATH/Views/templates/footer.php(58): view('js/upload_album')
 6 SYSTEMPATH/View/View.php(213): include('APPPATH/Views/templates/footer.php')
 7 SYSTEMPATH/View/View.php(216): CodeIgniter\View\View->CodeIgniter\View\{closure}()
 8 SYSTEMPATH/Common.php(1135): CodeIgniter\View\View->render('templates/footer', [], true)
 9 APPPATH/Controllers/Dashboard.php(191): view('templates/footer', [...])
10 SYSTEMPATH/CodeIgniter.php(898): App\Controllers\Dashboard->manage_uploads()
11 SYSTEMPATH/CodeIgniter.php(468): CodeIgniter\CodeIgniter->runController(Object(App\Controllers\Dashboard))
12 SYSTEMPATH/CodeIgniter.php(351): CodeIgniter\CodeIgniter->handleRequest(null, Object(Config\Cache), false)
13 FCPATH/index.php(55): CodeIgniter\CodeIgniter->run()
INFO - 2022-07-08 03:13:47 --> Session: Class initialized using 'CodeIgniter\Session\Handlers\FileHandler' driver.
CRITICAL - 2022-07-08 03:13:47 --> Object of class stdClass could not be converted to string
in APPPATH/Views/js/upload_album.php on line 4.
 1 APPPATH/Views/js/upload_album.php(4): implode('", "', [...])
 2 SYSTEMPATH/View/View.php(213): include('APPPATH/Views/js/upload_album.php')
 3 SYSTEMPATH/View/View.php(216): CodeIgniter\View\View->CodeIgniter\View\{closure}()
 4 SYSTEMPATH/Common.php(1135): CodeIgniter\View\View->render('js/upload_album', [], true)
 5 APPPATH/Views/templates/footer.php(58): view('js/upload_album')
 6 SYSTEMPATH/View/View.php(213): include('APPPATH/Views/templates/footer.php')
 7 SYSTEMPATH/View/View.php(216): CodeIgniter\View\View->CodeIgniter\View\{closure}()
 8 SYSTEMPATH/Common.php(1135): CodeIgniter\View\View->render('templates/footer', [], true)
 9 APPPATH/Controllers/Dashboard.php(191): view('templates/footer', [...])
10 SYSTEMPATH/CodeIgniter.php(898): App\Controllers\Dashboard->manage_uploads()
11 SYSTEMPATH/CodeIgniter.php(468): CodeIgniter\CodeIgniter->runController(Object(App\Controllers\Dashboard))
12 SYSTEMPATH/CodeIgniter.php(351): CodeIgniter\CodeIgniter->handleRequest(null, Object(Config\Cache), false)
13 FCPATH/index.php(55): CodeIgniter\CodeIgniter->run()
INFO - 2022-07-08 03:14:26 --> Session: Class initialized using 'CodeIgniter\Session\Handlers\FileHandler' driver.
CRITICAL - 2022-07-08 03:14:26 --> Object of class stdClass could not be converted to string
in APPPATH/Views/js/upload_album.php on line 4.
 1 APPPATH/Views/js/upload_album.php(4): implode('", "', [...])
 2 SYSTEMPATH/View/View.php(213): include('APPPATH/Views/js/upload_album.php')
 3 SYSTEMPATH/View/View.php(216): CodeIgniter\View\View->CodeIgniter\View\{closure}()
 4 SYSTEMPATH/Common.php(1135): CodeIgniter\View\View->render('js/upload_album', [], true)
 5 APPPATH/Views/templates/footer.php(58): view('js/upload_album')
 6 SYSTEMPATH/View/View.php(213): include('APPPATH/Views/templates/footer.php')
 7 SYSTEMPATH/View/View.php(216): CodeIgniter\View\View->CodeIgniter\View\{closure}()
 8 SYSTEMPATH/Common.php(1135): CodeIgniter\View\View->render('templates/footer', [], true)
 9 APPPATH/Controllers/Dashboard.php(191): view('templates/footer', [...])
10 SYSTEMPATH/CodeIgniter.php(898): App\Controllers\Dashboard->manage_uploads()
11 SYSTEMPATH/CodeIgniter.php(468): CodeIgniter\CodeIgniter->runController(Object(App\Controllers\Dashboard))
12 SYSTEMPATH/CodeIgniter.php(351): CodeIgniter\CodeIgniter->handleRequest(null, Object(Config\Cache), false)
13 FCPATH/index.php(55): CodeIgniter\CodeIgniter->run()
INFO - 2022-07-08 03:16:00 --> Session: Class initialized using 'CodeIgniter\Session\Handlers\FileHandler' driver.
CRITICAL - 2022-07-08 03:16:00 --> Object of class stdClass could not be converted to string
in APPPATH/Views/js/upload_album.php on line 4.
 1 APPPATH/Views/js/upload_album.php(4): implode('", "', [...])
 2 SYSTEMPATH/View/View.php(213): include('APPPATH/Views/js/upload_album.php')
 3 SYSTEMPATH/View/View.php(216): CodeIgniter\View\View->CodeIgniter\View\{closure}()
 4 SYSTEMPATH/Common.php(1135): CodeIgniter\View\View->render('js/upload_album', [], true)
 5 APPPATH/Views/templates/footer.php(58): view('js/upload_album')
 6 SYSTEMPATH/View/View.php(213): include('APPPATH/Views/templates/footer.php')
 7 SYSTEMPATH/View/View.php(216): CodeIgniter\View\View->CodeIgniter\View\{closure}()
 8 SYSTEMPATH/Common.php(1135): CodeIgniter\View\View->render('templates/footer', [], true)
 9 APPPATH/Controllers/Dashboard.php(191): view('templates/footer', [...])
10 SYSTEMPATH/CodeIgniter.php(898): App\Controllers\Dashboard->manage_uploads()
11 SYSTEMPATH/CodeIgniter.php(468): CodeIgniter\CodeIgniter->runController(Object(App\Controllers\Dashboard))
12 SYSTEMPATH/CodeIgniter.php(351): CodeIgniter\CodeIgniter->handleRequest(null, Object(Config\Cache), false)
13 FCPATH/index.php(55): CodeIgniter\CodeIgniter->run()
INFO - 2022-07-08 03:17:28 --> Session: Class initialized using 'CodeIgniter\Session\Handlers\FileHandler' driver.
CRITICAL - 2022-07-08 03:17:28 --> Attempt to read property "album_name" on array
in APPPATH/Views/js/upload_album.php on line 3.
 1 APPPATH/Views/js/upload_album.php(3): CodeIgniter\Debug\Exceptions->errorHandler(2, 'Attempt to read property "album_name" on array', 'APPPATH/Views/js/upload_album.php', 3)
 2 SYSTEMPATH/View/View.php(213): include('APPPATH/Views/js/upload_album.php')
 3 SYSTEMPATH/View/View.php(216): CodeIgniter\View\View->CodeIgniter\View\{closure}()
 4 SYSTEMPATH/Common.php(1135): CodeIgniter\View\View->render('js/upload_album', [], true)
 5 APPPATH/Views/templates/footer.php(58): view('js/upload_album')
 6 SYSTEMPATH/View/View.php(213): include('APPPATH/Views/templates/footer.php')
 7 SYSTEMPATH/View/View.php(216): CodeIgniter\View\View->CodeIgniter\View\{closure}()
 8 SYSTEMPATH/Common.php(1135): CodeIgniter\View\View->render('templates/footer', [], true)
 9 APPPATH/Controllers/Dashboard.php(191): view('templates/footer', [...])
10 SYSTEMPATH/CodeIgniter.php(898): App\Controllers\Dashboard->manage_uploads()
11 SYSTEMPATH/CodeIgniter.php(468): CodeIgniter\CodeIgniter->runController(Object(App\Controllers\Dashboard))
12 SYSTEMPATH/CodeIgniter.php(351): CodeIgniter\CodeIgniter->handleRequest(null, Object(Config\Cache), false)
13 FCPATH/index.php(55): CodeIgniter\CodeIgniter->run()
INFO - 2022-07-08 03:17:50 --> Session: Class initialized using 'CodeIgniter\Session\Handlers\FileHandler' driver.
CRITICAL - 2022-07-08 03:17:50 --> Undefined array key "album_name"
in APPPATH/Views/js/upload_album.php on line 3.
 1 APPPATH/Views/js/upload_album.php(3): CodeIgniter\Debug\Exceptions->errorHandler(2, 'Undefined array key "album_name"', 'APPPATH/Views/js/upload_album.php', 3)
 2 SYSTEMPATH/View/View.php(213): include('APPPATH/Views/js/upload_album.php')
 3 SYSTEMPATH/View/View.php(216): CodeIgniter\View\View->CodeIgniter\View\{closure}()
 4 SYSTEMPATH/Common.php(1135): CodeIgniter\View\View->render('js/upload_album', [], true)
 5 APPPATH/Views/templates/footer.php(58): view('js/upload_album')
 6 SYSTEMPATH/View/View.php(213): include('APPPATH/Views/templates/footer.php')
 7 SYSTEMPATH/View/View.php(216): CodeIgniter\View\View->CodeIgniter\View\{closure}()
 8 SYSTEMPATH/Common.php(1135): CodeIgniter\View\View->render('templates/footer', [], true)
 9 APPPATH/Controllers/Dashboard.php(191): view('templates/footer', [...])
10 SYSTEMPATH/CodeIgniter.php(898): App\Controllers\Dashboard->manage_uploads()
11 SYSTEMPATH/CodeIgniter.php(468): CodeIgniter\CodeIgniter->runController(Object(App\Controllers\Dashboard))
12 SYSTEMPATH/CodeIgniter.php(351): CodeIgniter\CodeIgniter->handleRequest(null, Object(Config\Cache), false)
13 FCPATH/index.php(55): CodeIgniter\CodeIgniter->run()
INFO - 2022-07-08 03:18:16 --> Session: Class initialized using 'CodeIgniter\Session\Handlers\FileHandler' driver.
CRITICAL - 2022-07-08 03:18:16 --> Object of class stdClass could not be converted to string
in APPPATH/Views/js/upload_album.php on line 4.
 1 APPPATH/Views/js/upload_album.php(4): implode('", "', [...])
 2 SYSTEMPATH/View/View.php(213): include('APPPATH/Views/js/upload_album.php')
 3 SYSTEMPATH/View/View.php(216): CodeIgniter\View\View->CodeIgniter\View\{closure}()
 4 SYSTEMPATH/Common.php(1135): CodeIgniter\View\View->render('js/upload_album', [], true)
 5 APPPATH/Views/templates/footer.php(58): view('js/upload_album')
 6 SYSTEMPATH/View/View.php(213): include('APPPATH/Views/templates/footer.php')
 7 SYSTEMPATH/View/View.php(216): CodeIgniter\View\View->CodeIgniter\View\{closure}()
 8 SYSTEMPATH/Common.php(1135): CodeIgniter\View\View->render('templates/footer', [], true)
 9 APPPATH/Controllers/Dashboard.php(191): view('templates/footer', [...])
10 SYSTEMPATH/CodeIgniter.php(898): App\Controllers\Dashboard->manage_uploads()
11 SYSTEMPATH/CodeIgniter.php(468): CodeIgniter\CodeIgniter->runController(Object(App\Controllers\Dashboard))
12 SYSTEMPATH/CodeIgniter.php(351): CodeIgniter\CodeIgniter->handleRequest(null, Object(Config\Cache), false)
13 FCPATH/index.php(55): CodeIgniter\CodeIgniter->run()
INFO - 2022-07-08 03:18:30 --> Session: Class initialized using 'CodeIgniter\Session\Handlers\FileHandler' driver.
CRITICAL - 2022-07-08 03:18:30 --> Attempt to read property "album_name" on array
in APPPATH/Views/js/upload_album.php on line 3.
 1 APPPATH/Views/js/upload_album.php(3): CodeIgniter\Debug\Exceptions->errorHandler(2, 'Attempt to read property "album_name" on array', 'APPPATH/Views/js/upload_album.php', 3)
 2 SYSTEMPATH/View/View.php(213): include('APPPATH/Views/js/upload_album.php')
 3 SYSTEMPATH/View/View.php(216): CodeIgniter\View\View->CodeIgniter\View\{closure}()
 4 SYSTEMPATH/Common.php(1135): CodeIgniter\View\View->render('js/upload_album', [], true)
 5 APPPATH/Views/templates/footer.php(58): view('js/upload_album')
 6 SYSTEMPATH/View/View.php(213): include('APPPATH/Views/templates/footer.php')
 7 SYSTEMPATH/View/View.php(216): CodeIgniter\View\View->CodeIgniter\View\{closure}()
 8 SYSTEMPATH/Common.php(1135): CodeIgniter\View\View->render('templates/footer', [], true)
 9 APPPATH/Controllers/Dashboard.php(191): view('templates/footer', [...])
10 SYSTEMPATH/CodeIgniter.php(898): App\Controllers\Dashboard->manage_uploads()
11 SYSTEMPATH/CodeIgniter.php(468): CodeIgniter\CodeIgniter->runController(Object(App\Controllers\Dashboard))
12 SYSTEMPATH/CodeIgniter.php(351): CodeIgniter\CodeIgniter->handleRequest(null, Object(Config\Cache), false)
13 FCPATH/index.php(55): CodeIgniter\CodeIgniter->run()
INFO - 2022-07-08 03:18:48 --> Session: Class initialized using 'CodeIgniter\Session\Handlers\FileHandler' driver.
CRITICAL - 2022-07-08 03:18:48 --> Undefined array key "album_name"
in APPPATH/Views/js/upload_album.php on line 3.
 1 APPPATH/Views/js/upload_album.php(3): CodeIgniter\Debug\Exceptions->errorHandler(2, 'Undefined array key "album_name"', 'APPPATH/Views/js/upload_album.php', 3)
 2 SYSTEMPATH/View/View.php(213): include('APPPATH/Views/js/upload_album.php')
 3 SYSTEMPATH/View/View.php(216): CodeIgniter\View\View->CodeIgniter\View\{closure}()
 4 SYSTEMPATH/Common.php(1135): CodeIgniter\View\View->render('js/upload_album', [], true)
 5 APPPATH/Views/templates/footer.php(58): view('js/upload_album')
 6 SYSTEMPATH/View/View.php(213): include('APPPATH/Views/templates/footer.php')
 7 SYSTEMPATH/View/View.php(216): CodeIgniter\View\View->CodeIgniter\View\{closure}()
 8 SYSTEMPATH/Common.php(1135): CodeIgniter\View\View->render('templates/footer', [], true)
 9 APPPATH/Controllers/Dashboard.php(191): view('templates/footer', [...])
10 SYSTEMPATH/CodeIgniter.php(898): App\Controllers\Dashboard->manage_uploads()
11 SYSTEMPATH/CodeIgniter.php(468): CodeIgniter\CodeIgniter->runController(Object(App\Controllers\Dashboard))
12 SYSTEMPATH/CodeIgniter.php(351): CodeIgniter\CodeIgniter->handleRequest(null, Object(Config\Cache), false)
13 FCPATH/index.php(55): CodeIgniter\CodeIgniter->run()
INFO - 2022-07-08 03:23:16 --> Session: Class initialized using 'CodeIgniter\Session\Handlers\FileHandler' driver.
INFO - 2022-07-08 03:44:14 --> Session: Class initialized using 'CodeIgniter\Session\Handlers\FileHandler' driver.
INFO - 2022-07-08 03:44:14 --> CSRF token verified.
INFO - 2022-07-08 03:44:29 --> Session: Class initialized using 'CodeIgniter\Session\Handlers\FileHandler' driver.
INFO - 2022-07-08 03:44:29 --> CSRF token verified.
INFO - 2022-07-08 03:45:10 --> Session: Class initialized using 'CodeIgniter\Session\Handlers\FileHandler' driver.
INFO - 2022-07-08 03:45:26 --> Session: Class initialized using 'CodeIgniter\Session\Handlers\FileHandler' driver.
INFO - 2022-07-08 03:45:39 --> Session: Class initialized using 'CodeIgniter\Session\Handlers\FileHandler' driver.
INFO - 2022-07-08 03:45:39 --> CSRF token verified.
INFO - 2022-07-08 03:46:26 --> Session: Class initialized using 'CodeIgniter\Session\Handlers\FileHandler' driver.
INFO - 2022-07-08 03:46:38 --> Session: Class initialized using 'CodeIgniter\Session\Handlers\FileHandler' driver.
INFO - 2022-07-08 03:46:38 --> CSRF token verified.
INFO - 2022-07-08 03:47:07 --> Session: Class initialized using 'CodeIgniter\Session\Handlers\FileHandler' driver.
INFO - 2022-07-08 03:47:17 --> Session: Class initialized using 'CodeIgniter\Session\Handlers\FileHandler' driver.
INFO - 2022-07-08 03:47:17 --> CSRF token verified.
INFO - 2022-07-08 03:47:31 --> Session: Class initialized using 'CodeIgniter\Session\Handlers\FileHandler' driver.
INFO - 2022-07-08 03:47:31 --> CSRF token verified.
INFO - 2022-07-08 03:47:56 --> Session: Class initialized using 'CodeIgniter\Session\Handlers\FileHandler' driver.
INFO - 2022-07-08 03:47:56 --> CSRF token verified.
INFO - 2022-07-08 03:48:09 --> Session: Class initialized using 'CodeIgniter\Session\Handlers\FileHandler' driver.
INFO - 2022-07-08 03:48:09 --> CSRF token verified.
INFO - 2022-07-08 03:48:26 --> Session: Class initialized using 'CodeIgniter\Session\Handlers\FileHandler' driver.
INFO - 2022-07-08 03:48:26 --> CSRF token verified.
INFO - 2022-07-08 03:48:36 --> Session: Class initialized using 'CodeIgniter\Session\Handlers\FileHandler' driver.
INFO - 2022-07-08 03:48:36 --> CSRF token verified.
