INFO - 2022-07-25 00:35:57 --> Session: Class initialized using 'CodeIgniter\Session\Handlers\FileHandler' driver.
INFO - 2022-07-25 00:36:08 --> Session: Class initialized using 'CodeIgniter\Session\Handlers\FileHandler' driver.
INFO - 2022-07-25 00:36:08 --> CSRF token verified.
ERROR - 2022-07-25 00:36:08 --> Error connecting to the database: Access denied for user '****'@'localhost' (using password: YES)
CRITICAL - 2022-07-25 00:36:08 --> Unable to connect to the database.
Main connection [MySQLi]: Access denied for user '****'@'localhost' (using password: YES)
in SYSTEMPATH/Database/BaseConnection.php on line 416.
 1 SYSTEMPATH/Database/BaseConnection.php(586): CodeIgniter\Database\BaseConnection->initialize()
 2 SYSTEMPATH/Database/BaseBuilder.php(1585): CodeIgniter\Database\BaseConnection->query('SELECT *
FROM `users`
WHERE `username` = :username:', [...], false)
 3 APPPATH/Models/UserModel.php(109): CodeIgniter\Database\BaseBuilder->get()
 4 APPPATH/Validation/User_rules.php(20): App\Models\UserModel->getUser('AgBRAT')
 5 SYSTEMPATH/Validation/Validation.php(306): App\Validation\User_rules->validateUser('abcABC123!', 'username,password', [...], null)
 6 SYSTEMPATH/Validation/Validation.php(173): CodeIgniter\Validation\Validation->processRules('password', 'password', 'abcABC123!', [...], [...])
 7 APPPATH/Controllers/Users.php(38): CodeIgniter\Validation\Validation->run()
 8 SYSTEMPATH/CodeIgniter.php(896): App\Controllers\Users->login()
 9 SYSTEMPATH/CodeIgniter.php(466): CodeIgniter\CodeIgniter->runController(Object(App\Controllers\Users))
10 SYSTEMPATH/CodeIgniter.php(349): CodeIgniter\CodeIgniter->handleRequest(null, Object(Config\Cache), false)
11 FCPATH/index.php(55): CodeIgniter\CodeIgniter->run()
INFO - 2022-07-25 00:38:37 --> Session: Class initialized using 'CodeIgniter\Session\Handlers\FileHandler' driver.
INFO - 2022-07-25 00:38:37 --> Session: Class initialized using 'CodeIgniter\Session\Handlers\FileHandler' driver.
INFO - 2022-07-25 00:38:47 --> Session: Class initialized using 'CodeIgniter\Session\Handlers\FileHandler' driver.
INFO - 2022-07-25 00:38:47 --> CSRF token verified.
ERROR - 2022-07-25 00:38:47 --> Error connecting to the database: Access denied for user '****'@'localhost' to database 'shape_search'
CRITICAL - 2022-07-25 00:38:47 --> Unable to connect to the database.
Main connection [MySQLi]: Access denied for user '****'@'localhost' to database 'shape_search'
in SYSTEMPATH/Database/BaseConnection.php on line 416.
 1 SYSTEMPATH/Database/BaseConnection.php(586): CodeIgniter\Database\BaseConnection->initialize()
 2 SYSTEMPATH/Database/BaseBuilder.php(1585): CodeIgniter\Database\BaseConnection->query('SELECT *
FROM `users`
WHERE `username` = :username:', [...], false)
 3 APPPATH/Models/UserModel.php(109): CodeIgniter\Database\BaseBuilder->get()
 4 APPPATH/Validation/User_rules.php(20): App\Models\UserModel->getUser('AgBRAT')
 5 SYSTEMPATH/Validation/Validation.php(306): App\Validation\User_rules->validateUser('abcABC123!', 'username,password', [...], null)
 6 SYSTEMPATH/Validation/Validation.php(173): CodeIgniter\Validation\Validation->processRules('password', 'password', 'abcABC123!', [...], [...])
 7 APPPATH/Controllers/Users.php(38): CodeIgniter\Validation\Validation->run()
 8 SYSTEMPATH/CodeIgniter.php(896): App\Controllers\Users->login()
 9 SYSTEMPATH/CodeIgniter.php(466): CodeIgniter\CodeIgniter->runController(Object(App\Controllers\Users))
10 SYSTEMPATH/CodeIgniter.php(349): CodeIgniter\CodeIgniter->handleRequest(null, Object(Config\Cache), false)
11 FCPATH/index.php(55): CodeIgniter\CodeIgniter->run()
INFO - 2022-07-25 00:39:28 --> Session: Class initialized using 'CodeIgniter\Session\Handlers\FileHandler' driver.
INFO - 2022-07-25 00:39:28 --> Session: Class initialized using 'CodeIgniter\Session\Handlers\FileHandler' driver.
INFO - 2022-07-25 00:39:41 --> Session: Class initialized using 'CodeIgniter\Session\Handlers\FileHandler' driver.
INFO - 2022-07-25 00:39:41 --> CSRF token verified.
ERROR - 2022-07-25 00:39:41 --> Error connecting to the database: No such file or directory
CRITICAL - 2022-07-25 00:39:41 --> Unable to connect to the database.
Main connection [MySQLi]: No such file or directory
in SYSTEMPATH/Database/BaseConnection.php on line 416.
 1 SYSTEMPATH/Database/BaseConnection.php(586): CodeIgniter\Database\BaseConnection->initialize()
 2 SYSTEMPATH/Database/BaseBuilder.php(1585): CodeIgniter\Database\BaseConnection->query('SELECT *
FROM `users`
WHERE `username` = :username:', [...], false)
 3 APPPATH/Models/UserModel.php(109): CodeIgniter\Database\BaseBuilder->get()
 4 APPPATH/Validation/User_rules.php(20): App\Models\UserModel->getUser('AgBRAT')
 5 SYSTEMPATH/Validation/Validation.php(306): App\Validation\User_rules->validateUser('abcABC123!', 'username,password', [...], null)
 6 SYSTEMPATH/Validation/Validation.php(173): CodeIgniter\Validation\Validation->processRules('password', 'password', 'abcABC123!', [...], [...])
 7 APPPATH/Controllers/Users.php(38): CodeIgniter\Validation\Validation->run()
 8 SYSTEMPATH/CodeIgniter.php(896): App\Controllers\Users->login()
 9 SYSTEMPATH/CodeIgniter.php(466): CodeIgniter\CodeIgniter->runController(Object(App\Controllers\Users))
10 SYSTEMPATH/CodeIgniter.php(349): CodeIgniter\CodeIgniter->handleRequest(null, Object(Config\Cache), false)
11 FCPATH/index.php(55): CodeIgniter\CodeIgniter->run()
INFO - 2022-07-25 00:40:57 --> Session: Class initialized using 'CodeIgniter\Session\Handlers\FileHandler' driver.
INFO - 2022-07-25 00:41:07 --> Session: Class initialized using 'CodeIgniter\Session\Handlers\FileHandler' driver.
INFO - 2022-07-25 00:41:07 --> CSRF token verified.
ERROR - 2022-07-25 00:41:07 --> Error connecting to the database: Access denied for user '****'@'localhost' to database 'shape_search'
CRITICAL - 2022-07-25 00:41:07 --> Unable to connect to the database.
Main connection [MySQLi]: Access denied for user '****'@'localhost' to database 'shape_search'
in SYSTEMPATH/Database/BaseConnection.php on line 416.
 1 SYSTEMPATH/Database/BaseConnection.php(586): CodeIgniter\Database\BaseConnection->initialize()
 2 SYSTEMPATH/Database/BaseBuilder.php(1585): CodeIgniter\Database\BaseConnection->query('SELECT *
FROM `users`
WHERE `username` = :username:', [...], false)
 3 APPPATH/Models/UserModel.php(109): CodeIgniter\Database\BaseBuilder->get()
 4 APPPATH/Validation/User_rules.php(20): App\Models\UserModel->getUser('AgBRAT')
 5 SYSTEMPATH/Validation/Validation.php(306): App\Validation\User_rules->validateUser('abcABC123!', 'username,password', [...], null)
 6 SYSTEMPATH/Validation/Validation.php(173): CodeIgniter\Validation\Validation->processRules('password', 'password', 'abcABC123!', [...], [...])
 7 APPPATH/Controllers/Users.php(38): CodeIgniter\Validation\Validation->run()
 8 SYSTEMPATH/CodeIgniter.php(896): App\Controllers\Users->login()
 9 SYSTEMPATH/CodeIgniter.php(466): CodeIgniter\CodeIgniter->runController(Object(App\Controllers\Users))
10 SYSTEMPATH/CodeIgniter.php(349): CodeIgniter\CodeIgniter->handleRequest(null, Object(Config\Cache), false)
11 FCPATH/index.php(55): CodeIgniter\CodeIgniter->run()
INFO - 2022-07-25 00:43:20 --> Session: Class initialized using 'CodeIgniter\Session\Handlers\FileHandler' driver.
INFO - 2022-07-25 00:43:22 --> Session: Class initialized using 'CodeIgniter\Session\Handlers\FileHandler' driver.
INFO - 2022-07-25 00:43:31 --> Session: Class initialized using 'CodeIgniter\Session\Handlers\FileHandler' driver.
INFO - 2022-07-25 00:43:31 --> CSRF token verified.
INFO - 2022-07-25 00:43:31 --> Session: Class initialized using 'CodeIgniter\Session\Handlers\FileHandler' driver.
INFO - 2022-07-25 00:48:04 --> Session: Class initialized using 'CodeIgniter\Session\Handlers\FileHandler' driver.
INFO - 2022-07-25 00:48:04 --> Session: Class initialized using 'CodeIgniter\Session\Handlers\FileHandler' driver.
INFO - 2022-07-25 00:48:12 --> Session: Class initialized using 'CodeIgniter\Session\Handlers\FileHandler' driver.
INFO - 2022-07-25 00:48:12 --> CSRF token verified.
ERROR - 2022-07-25 00:48:12 --> Error connecting to the database: Access denied for user '****'@'localhost' (using password: YES)
CRITICAL - 2022-07-25 00:48:12 --> Unable to connect to the database.
Main connection [MySQLi]: Access denied for user '****'@'localhost' (using password: YES)
in SYSTEMPATH/Database/BaseConnection.php on line 416.
 1 SYSTEMPATH/Database/BaseConnection.php(586): CodeIgniter\Database\BaseConnection->initialize()
 2 SYSTEMPATH/Database/BaseBuilder.php(1585): CodeIgniter\Database\BaseConnection->query('SELECT *
FROM `users`
WHERE `username` = :username:', [...], false)
 3 APPPATH/Models/UserModel.php(109): CodeIgniter\Database\BaseBuilder->get()
 4 APPPATH/Validation/User_rules.php(20): App\Models\UserModel->getUser('AgBRAT')
 5 SYSTEMPATH/Validation/Validation.php(306): App\Validation\User_rules->validateUser('abcABC123!', 'username,password', [...], null)
 6 SYSTEMPATH/Validation/Validation.php(173): CodeIgniter\Validation\Validation->processRules('password', 'password', 'abcABC123!', [...], [...])
 7 APPPATH/Controllers/Users.php(38): CodeIgniter\Validation\Validation->run()
 8 SYSTEMPATH/CodeIgniter.php(896): App\Controllers\Users->login()
 9 SYSTEMPATH/CodeIgniter.php(466): CodeIgniter\CodeIgniter->runController(Object(App\Controllers\Users))
10 SYSTEMPATH/CodeIgniter.php(349): CodeIgniter\CodeIgniter->handleRequest(null, Object(Config\Cache), false)
11 FCPATH/index.php(55): CodeIgniter\CodeIgniter->run()
INFO - 2022-07-25 00:50:51 --> Session: Class initialized using 'CodeIgniter\Session\Handlers\FileHandler' driver.
INFO - 2022-07-25 00:51:01 --> Session: Class initialized using 'CodeIgniter\Session\Handlers\FileHandler' driver.
INFO - 2022-07-25 00:51:01 --> CSRF token verified.
ERROR - 2022-07-25 00:51:01 --> Error connecting to the database: Access denied for user '****'@'localhost' (using password: YES)
CRITICAL - 2022-07-25 00:51:01 --> Unable to connect to the database.
Main connection [MySQLi]: Access denied for user '****'@'localhost' (using password: YES)
in SYSTEMPATH/Database/BaseConnection.php on line 416.
 1 SYSTEMPATH/Database/BaseConnection.php(586): CodeIgniter\Database\BaseConnection->initialize()
 2 SYSTEMPATH/Database/BaseBuilder.php(1585): CodeIgniter\Database\BaseConnection->query('SELECT *
FROM `users`
WHERE `username` = :username:', [...], false)
 3 APPPATH/Models/UserModel.php(109): CodeIgniter\Database\BaseBuilder->get()
 4 APPPATH/Validation/User_rules.php(20): App\Models\UserModel->getUser('AgBRAT')
 5 SYSTEMPATH/Validation/Validation.php(306): App\Validation\User_rules->validateUser('abcABC123!', 'username,password', [...], null)
 6 SYSTEMPATH/Validation/Validation.php(173): CodeIgniter\Validation\Validation->processRules('password', 'password', 'abcABC123!', [...], [...])
 7 APPPATH/Controllers/Users.php(38): CodeIgniter\Validation\Validation->run()
 8 SYSTEMPATH/CodeIgniter.php(896): App\Controllers\Users->login()
 9 SYSTEMPATH/CodeIgniter.php(466): CodeIgniter\CodeIgniter->runController(Object(App\Controllers\Users))
10 SYSTEMPATH/CodeIgniter.php(349): CodeIgniter\CodeIgniter->handleRequest(null, Object(Config\Cache), false)
11 FCPATH/index.php(55): CodeIgniter\CodeIgniter->run()
INFO - 2022-07-25 00:51:48 --> Session: Class initialized using 'CodeIgniter\Session\Handlers\FileHandler' driver.
INFO - 2022-07-25 00:51:48 --> Session: Class initialized using 'CodeIgniter\Session\Handlers\FileHandler' driver.
INFO - 2022-07-25 00:51:49 --> Session: Class initialized using 'CodeIgniter\Session\Handlers\FileHandler' driver.
INFO - 2022-07-25 00:51:57 --> Session: Class initialized using 'CodeIgniter\Session\Handlers\FileHandler' driver.
INFO - 2022-07-25 00:51:57 --> CSRF token verified.
ERROR - 2022-07-25 00:51:57 --> Error connecting to the database: Access denied for user '****'@'localhost' (using password: YES)
CRITICAL - 2022-07-25 00:51:57 --> Unable to connect to the database.
Main connection [MySQLi]: Access denied for user '****'@'localhost' (using password: YES)
in SYSTEMPATH/Database/BaseConnection.php on line 416.
 1 SYSTEMPATH/Database/BaseConnection.php(586): CodeIgniter\Database\BaseConnection->initialize()
 2 SYSTEMPATH/Database/BaseBuilder.php(1585): CodeIgniter\Database\BaseConnection->query('SELECT *
FROM `users`
WHERE `username` = :username:', [...], false)
 3 APPPATH/Models/UserModel.php(109): CodeIgniter\Database\BaseBuilder->get()
 4 APPPATH/Validation/User_rules.php(20): App\Models\UserModel->getUser('AgBRAT')
 5 SYSTEMPATH/Validation/Validation.php(306): App\Validation\User_rules->validateUser('abcABC123!', 'username,password', [...], null)
 6 SYSTEMPATH/Validation/Validation.php(173): CodeIgniter\Validation\Validation->processRules('password', 'password', 'abcABC123!', [...], [...])
 7 APPPATH/Controllers/Users.php(38): CodeIgniter\Validation\Validation->run()
 8 SYSTEMPATH/CodeIgniter.php(896): App\Controllers\Users->login()
 9 SYSTEMPATH/CodeIgniter.php(466): CodeIgniter\CodeIgniter->runController(Object(App\Controllers\Users))
10 SYSTEMPATH/CodeIgniter.php(349): CodeIgniter\CodeIgniter->handleRequest(null, Object(Config\Cache), false)
11 FCPATH/index.php(55): CodeIgniter\CodeIgniter->run()
INFO - 2022-07-25 04:56:09 --> Session: Class initialized using 'CodeIgniter\Session\Handlers\FileHandler' driver.
INFO - 2022-07-25 04:56:09 --> Session: Class initialized using 'CodeIgniter\Session\Handlers\FileHandler' driver.
INFO - 2022-07-25 04:56:11 --> Session: Class initialized using 'CodeIgniter\Session\Handlers\FileHandler' driver.
INFO - 2022-07-25 04:57:26 --> Session: Class initialized using 'CodeIgniter\Session\Handlers\FileHandler' driver.
INFO - 2022-07-25 04:57:38 --> Session: Class initialized using 'CodeIgniter\Session\Handlers\FileHandler' driver.
INFO - 2022-07-25 04:57:38 --> CSRF token verified.
INFO - 2022-07-25 04:57:38 --> Session: Class initialized using 'CodeIgniter\Session\Handlers\FileHandler' driver.
INFO - 2022-07-25 04:57:42 --> Session: Class initialized using 'CodeIgniter\Session\Handlers\FileHandler' driver.
INFO - 2022-07-25 05:23:08 --> Session: Class initialized using 'CodeIgniter\Session\Handlers\FileHandler' driver.
INFO - 2022-07-25 08:11:10 --> Session: Class initialized using 'CodeIgniter\Session\Handlers\FileHandler' driver.
INFO - 2022-07-25 08:11:30 --> Session: Class initialized using 'CodeIgniter\Session\Handlers\FileHandler' driver.
INFO - 2022-07-25 08:11:30 --> CSRF token verified.
ERROR - 2022-07-25 08:11:30 --> Error connecting to the database: Access denied for user '****'@'localhost' (using password: YES)
CRITICAL - 2022-07-25 08:11:30 --> Unable to connect to the database.
Main connection [MySQLi]: Access denied for user '****'@'localhost' (using password: YES)
in SYSTEMPATH/Database/BaseConnection.php on line 416.
 1 SYSTEMPATH/Database/BaseConnection.php(586): CodeIgniter\Database\BaseConnection->initialize()
 2 SYSTEMPATH/Database/BaseBuilder.php(1585): CodeIgniter\Database\BaseConnection->query('SELECT *
FROM `users`
WHERE `username` = :username:', [...], false)
 3 APPPATH/Models/UserModel.php(109): CodeIgniter\Database\BaseBuilder->get()
 4 APPPATH/Validation/User_rules.php(20): App\Models\UserModel->getUser('AgBRAT')
 5 SYSTEMPATH/Validation/Validation.php(306): App\Validation\User_rules->validateUser('abcABC123!', 'username,password', [...], null)
 6 SYSTEMPATH/Validation/Validation.php(173): CodeIgniter\Validation\Validation->processRules('password', 'password', 'abcABC123!', [...], [...])
 7 APPPATH/Controllers/Users.php(38): CodeIgniter\Validation\Validation->run()
 8 SYSTEMPATH/CodeIgniter.php(896): App\Controllers\Users->login()
 9 SYSTEMPATH/CodeIgniter.php(466): CodeIgniter\CodeIgniter->runController(Object(App\Controllers\Users))
10 SYSTEMPATH/CodeIgniter.php(349): CodeIgniter\CodeIgniter->handleRequest(null, Object(Config\Cache), false)
11 FCPATH/index.php(55): CodeIgniter\CodeIgniter->run()
INFO - 2022-07-25 08:11:37 --> Session: Class initialized using 'CodeIgniter\Session\Handlers\FileHandler' driver.
INFO - 2022-07-25 08:13:13 --> Session: Class initialized using 'CodeIgniter\Session\Handlers\FileHandler' driver.
INFO - 2022-07-25 08:13:22 --> Session: Class initialized using 'CodeIgniter\Session\Handlers\FileHandler' driver.
INFO - 2022-07-25 08:13:22 --> CSRF token verified.
ERROR - 2022-07-25 08:13:22 --> Error connecting to the database: No such file or directory
CRITICAL - 2022-07-25 08:13:22 --> Unable to connect to the database.
Main connection [MySQLi]: No such file or directory
in SYSTEMPATH/Database/BaseConnection.php on line 416.
 1 SYSTEMPATH/Database/BaseConnection.php(586): CodeIgniter\Database\BaseConnection->initialize()
 2 SYSTEMPATH/Database/BaseBuilder.php(1585): CodeIgniter\Database\BaseConnection->query('SELECT *
FROM `users`
WHERE `username` = :username:', [...], false)
 3 APPPATH/Models/UserModel.php(109): CodeIgniter\Database\BaseBuilder->get()
 4 APPPATH/Validation/User_rules.php(20): App\Models\UserModel->getUser('AgBRAT')
 5 SYSTEMPATH/Validation/Validation.php(306): App\Validation\User_rules->validateUser('abcABC123!', 'username,password', [...], null)
 6 SYSTEMPATH/Validation/Validation.php(173): CodeIgniter\Validation\Validation->processRules('password', 'password', 'abcABC123!', [...], [...])
 7 APPPATH/Controllers/Users.php(38): CodeIgniter\Validation\Validation->run()
 8 SYSTEMPATH/CodeIgniter.php(896): App\Controllers\Users->login()
 9 SYSTEMPATH/CodeIgniter.php(466): CodeIgniter\CodeIgniter->runController(Object(App\Controllers\Users))
10 SYSTEMPATH/CodeIgniter.php(349): CodeIgniter\CodeIgniter->handleRequest(null, Object(Config\Cache), false)
11 FCPATH/index.php(55): CodeIgniter\CodeIgniter->run()
INFO - 2022-07-25 08:14:56 --> Session: Class initialized using 'CodeIgniter\Session\Handlers\FileHandler' driver.
INFO - 2022-07-25 08:14:58 --> Session: Class initialized using 'CodeIgniter\Session\Handlers\FileHandler' driver.
INFO - 2022-07-25 08:15:05 --> Session: Class initialized using 'CodeIgniter\Session\Handlers\FileHandler' driver.
INFO - 2022-07-25 08:15:05 --> CSRF token verified.
ERROR - 2022-07-25 08:15:05 --> Error connecting to the database: Access denied for user '****'@'localhost' (using password: YES)
CRITICAL - 2022-07-25 08:15:05 --> Unable to connect to the database.
Main connection [MySQLi]: Access denied for user '****'@'localhost' (using password: YES)
in SYSTEMPATH/Database/BaseConnection.php on line 416.
 1 SYSTEMPATH/Database/BaseConnection.php(586): CodeIgniter\Database\BaseConnection->initialize()
 2 SYSTEMPATH/Database/BaseBuilder.php(1585): CodeIgniter\Database\BaseConnection->query('SELECT *
FROM `users`
WHERE `username` = :username:', [...], false)
 3 APPPATH/Models/UserModel.php(109): CodeIgniter\Database\BaseBuilder->get()
 4 APPPATH/Validation/User_rules.php(20): App\Models\UserModel->getUser('AgBRAT')
 5 SYSTEMPATH/Validation/Validation.php(306): App\Validation\User_rules->validateUser('abcABC123!', 'username,password', [...], null)
 6 SYSTEMPATH/Validation/Validation.php(173): CodeIgniter\Validation\Validation->processRules('password', 'password', 'abcABC123!', [...], [...])
 7 APPPATH/Controllers/Users.php(38): CodeIgniter\Validation\Validation->run()
 8 SYSTEMPATH/CodeIgniter.php(896): App\Controllers\Users->login()
 9 SYSTEMPATH/CodeIgniter.php(466): CodeIgniter\CodeIgniter->runController(Object(App\Controllers\Users))
10 SYSTEMPATH/CodeIgniter.php(349): CodeIgniter\CodeIgniter->handleRequest(null, Object(Config\Cache), false)
11 FCPATH/index.php(55): CodeIgniter\CodeIgniter->run()
INFO - 2022-07-25 08:15:24 --> Session: Class initialized using 'CodeIgniter\Session\Handlers\FileHandler' driver.
INFO - 2022-07-25 08:15:24 --> Session: Class initialized using 'CodeIgniter\Session\Handlers\FileHandler' driver.
INFO - 2022-07-25 08:15:25 --> Session: Class initialized using 'CodeIgniter\Session\Handlers\FileHandler' driver.
INFO - 2022-07-25 08:15:34 --> Session: Class initialized using 'CodeIgniter\Session\Handlers\FileHandler' driver.
INFO - 2022-07-25 08:15:34 --> CSRF token verified.
ERROR - 2022-07-25 08:15:34 --> Error connecting to the database: Access denied for user '****'@'localhost' (using password: YES)
CRITICAL - 2022-07-25 08:15:34 --> Unable to connect to the database.
Main connection [MySQLi]: Access denied for user '****'@'localhost' (using password: YES)
in SYSTEMPATH/Database/BaseConnection.php on line 416.
 1 SYSTEMPATH/Database/BaseConnection.php(586): CodeIgniter\Database\BaseConnection->initialize()
 2 SYSTEMPATH/Database/BaseBuilder.php(1585): CodeIgniter\Database\BaseConnection->query('SELECT *
FROM `users`
WHERE `username` = :username:', [...], false)
 3 APPPATH/Models/UserModel.php(109): CodeIgniter\Database\BaseBuilder->get()
 4 APPPATH/Validation/User_rules.php(20): App\Models\UserModel->getUser('AgBRAT')
 5 SYSTEMPATH/Validation/Validation.php(306): App\Validation\User_rules->validateUser('abcABC123!', 'username,password', [...], null)
 6 SYSTEMPATH/Validation/Validation.php(173): CodeIgniter\Validation\Validation->processRules('password', 'password', 'abcABC123!', [...], [...])
 7 APPPATH/Controllers/Users.php(38): CodeIgniter\Validation\Validation->run()
 8 SYSTEMPATH/CodeIgniter.php(896): App\Controllers\Users->login()
 9 SYSTEMPATH/CodeIgniter.php(466): CodeIgniter\CodeIgniter->runController(Object(App\Controllers\Users))
10 SYSTEMPATH/CodeIgniter.php(349): CodeIgniter\CodeIgniter->handleRequest(null, Object(Config\Cache), false)
11 FCPATH/index.php(55): CodeIgniter\CodeIgniter->run()
INFO - 2022-07-25 13:28:32 --> Session: Class initialized using 'CodeIgniter\Session\Handlers\FileHandler' driver.
INFO - 2022-07-25 13:28:35 --> Session: Class initialized using 'CodeIgniter\Session\Handlers\FileHandler' driver.
INFO - 2022-07-25 13:28:45 --> Session: Class initialized using 'CodeIgniter\Session\Handlers\FileHandler' driver.
INFO - 2022-07-25 13:28:45 --> CSRF token verified.
ERROR - 2022-07-25 13:28:45 --> Error connecting to the database: Access denied for user '****'@'localhost' to database 'shape_search'
CRITICAL - 2022-07-25 13:28:45 --> Unable to connect to the database.
Main connection [MySQLi]: Access denied for user '****'@'localhost' to database 'shape_search'
in SYSTEMPATH/Database/BaseConnection.php on line 416.
 1 SYSTEMPATH/Database/BaseConnection.php(586): CodeIgniter\Database\BaseConnection->initialize()
 2 SYSTEMPATH/Database/BaseBuilder.php(1585): CodeIgniter\Database\BaseConnection->query('SELECT *
FROM `users`
WHERE `username` = :username:', [...], false)
 3 APPPATH/Models/UserModel.php(109): CodeIgniter\Database\BaseBuilder->get()
 4 APPPATH/Validation/User_rules.php(20): App\Models\UserModel->getUser('AgBRAT')
 5 SYSTEMPATH/Validation/Validation.php(306): App\Validation\User_rules->validateUser('abcABC123!', 'username,password', [...], null)
 6 SYSTEMPATH/Validation/Validation.php(173): CodeIgniter\Validation\Validation->processRules('password', 'password', 'abcABC123!', [...], [...])
 7 APPPATH/Controllers/Users.php(38): CodeIgniter\Validation\Validation->run()
 8 SYSTEMPATH/CodeIgniter.php(896): App\Controllers\Users->login()
 9 SYSTEMPATH/CodeIgniter.php(466): CodeIgniter\CodeIgniter->runController(Object(App\Controllers\Users))
10 SYSTEMPATH/CodeIgniter.php(349): CodeIgniter\CodeIgniter->handleRequest(null, Object(Config\Cache), false)
11 FCPATH/index.php(55): CodeIgniter\CodeIgniter->run()
INFO - 2022-07-25 13:29:06 --> Session: Class initialized using 'CodeIgniter\Session\Handlers\FileHandler' driver.
INFO - 2022-07-25 13:29:06 --> Session: Class initialized using 'CodeIgniter\Session\Handlers\FileHandler' driver.
INFO - 2022-07-25 13:29:07 --> Session: Class initialized using 'CodeIgniter\Session\Handlers\FileHandler' driver.
INFO - 2022-07-25 13:29:17 --> Session: Class initialized using 'CodeIgniter\Session\Handlers\FileHandler' driver.
INFO - 2022-07-25 13:29:17 --> CSRF token verified.
ERROR - 2022-07-25 13:29:17 --> Error connecting to the database: Access denied for user '****'@'localhost' to database 'shape_search'
CRITICAL - 2022-07-25 13:29:17 --> Unable to connect to the database.
Main connection [MySQLi]: Access denied for user '****'@'localhost' to database 'shape_search'
in SYSTEMPATH/Database/BaseConnection.php on line 416.
 1 SYSTEMPATH/Database/BaseConnection.php(586): CodeIgniter\Database\BaseConnection->initialize()
 2 SYSTEMPATH/Database/BaseBuilder.php(1585): CodeIgniter\Database\BaseConnection->query('SELECT *
FROM `users`
WHERE `username` = :username:', [...], false)
 3 APPPATH/Models/UserModel.php(109): CodeIgniter\Database\BaseBuilder->get()
 4 APPPATH/Validation/User_rules.php(20): App\Models\UserModel->getUser('AgBRAT')
 5 SYSTEMPATH/Validation/Validation.php(306): App\Validation\User_rules->validateUser('abcABC123!', 'username,password', [...], null)
 6 SYSTEMPATH/Validation/Validation.php(173): CodeIgniter\Validation\Validation->processRules('password', 'password', 'abcABC123!', [...], [...])
 7 APPPATH/Controllers/Users.php(38): CodeIgniter\Validation\Validation->run()
 8 SYSTEMPATH/CodeIgniter.php(896): App\Controllers\Users->login()
 9 SYSTEMPATH/CodeIgniter.php(466): CodeIgniter\CodeIgniter->runController(Object(App\Controllers\Users))
10 SYSTEMPATH/CodeIgniter.php(349): CodeIgniter\CodeIgniter->handleRequest(null, Object(Config\Cache), false)
11 FCPATH/index.php(55): CodeIgniter\CodeIgniter->run()
INFO - 2022-07-25 13:29:52 --> Session: Class initialized using 'CodeIgniter\Session\Handlers\FileHandler' driver.
INFO - 2022-07-25 13:29:52 --> Session: Class initialized using 'CodeIgniter\Session\Handlers\FileHandler' driver.
INFO - 2022-07-25 13:29:54 --> Session: Class initialized using 'CodeIgniter\Session\Handlers\FileHandler' driver.
INFO - 2022-07-25 13:30:03 --> Session: Class initialized using 'CodeIgniter\Session\Handlers\FileHandler' driver.
INFO - 2022-07-25 13:30:03 --> CSRF token verified.
ERROR - 2022-07-25 13:30:03 --> Error connecting to the database: No such file or directory
CRITICAL - 2022-07-25 13:30:03 --> Unable to connect to the database.
Main connection [MySQLi]: No such file or directory
in SYSTEMPATH/Database/BaseConnection.php on line 416.
 1 SYSTEMPATH/Database/BaseConnection.php(586): CodeIgniter\Database\BaseConnection->initialize()
 2 SYSTEMPATH/Database/BaseBuilder.php(1585): CodeIgniter\Database\BaseConnection->query('SELECT *
FROM `users`
WHERE `username` = :username:', [...], false)
 3 APPPATH/Models/UserModel.php(109): CodeIgniter\Database\BaseBuilder->get()
 4 APPPATH/Validation/User_rules.php(20): App\Models\UserModel->getUser('AgBRAT')
 5 SYSTEMPATH/Validation/Validation.php(306): App\Validation\User_rules->validateUser('abcABC123!', 'username,password', [...], null)
 6 SYSTEMPATH/Validation/Validation.php(173): CodeIgniter\Validation\Validation->processRules('password', 'password', 'abcABC123!', [...], [...])
 7 APPPATH/Controllers/Users.php(38): CodeIgniter\Validation\Validation->run()
 8 SYSTEMPATH/CodeIgniter.php(896): App\Controllers\Users->login()
 9 SYSTEMPATH/CodeIgniter.php(466): CodeIgniter\CodeIgniter->runController(Object(App\Controllers\Users))
10 SYSTEMPATH/CodeIgniter.php(349): CodeIgniter\CodeIgniter->handleRequest(null, Object(Config\Cache), false)
11 FCPATH/index.php(55): CodeIgniter\CodeIgniter->run()
INFO - 2022-07-25 13:30:12 --> Session: Class initialized using 'CodeIgniter\Session\Handlers\FileHandler' driver.
INFO - 2022-07-25 13:30:12 --> Session: Class initialized using 'CodeIgniter\Session\Handlers\FileHandler' driver.
INFO - 2022-07-25 13:30:14 --> Session: Class initialized using 'CodeIgniter\Session\Handlers\FileHandler' driver.
INFO - 2022-07-25 13:30:44 --> Session: Class initialized using 'CodeIgniter\Session\Handlers\FileHandler' driver.
INFO - 2022-07-25 13:30:44 --> CSRF token verified.
ERROR - 2022-07-25 13:30:44 --> Error connecting to the database: Access denied for user '****'@'localhost' to database 'shape_search'
CRITICAL - 2022-07-25 13:30:44 --> Unable to connect to the database.
Main connection [MySQLi]: Access denied for user '****'@'localhost' to database 'shape_search'
in SYSTEMPATH/Database/BaseConnection.php on line 416.
 1 SYSTEMPATH/Database/BaseConnection.php(586): CodeIgniter\Database\BaseConnection->initialize()
 2 SYSTEMPATH/Database/BaseBuilder.php(1585): CodeIgniter\Database\BaseConnection->query('SELECT *
FROM `users`
WHERE `username` = :username:', [...], false)
 3 APPPATH/Models/UserModel.php(109): CodeIgniter\Database\BaseBuilder->get()
 4 APPPATH/Validation/User_rules.php(20): App\Models\UserModel->getUser('AgBRAT')
 5 SYSTEMPATH/Validation/Validation.php(306): App\Validation\User_rules->validateUser('abcABC123!', 'username,password', [...], null)
 6 SYSTEMPATH/Validation/Validation.php(173): CodeIgniter\Validation\Validation->processRules('password', 'password', 'abcABC123!', [...], [...])
 7 APPPATH/Controllers/Users.php(38): CodeIgniter\Validation\Validation->run()
 8 SYSTEMPATH/CodeIgniter.php(896): App\Controllers\Users->login()
 9 SYSTEMPATH/CodeIgniter.php(466): CodeIgniter\CodeIgniter->runController(Object(App\Controllers\Users))
10 SYSTEMPATH/CodeIgniter.php(349): CodeIgniter\CodeIgniter->handleRequest(null, Object(Config\Cache), false)
11 FCPATH/index.php(55): CodeIgniter\CodeIgniter->run()
INFO - 2022-07-25 13:33:29 --> Session: Class initialized using 'CodeIgniter\Session\Handlers\FileHandler' driver.
INFO - 2022-07-25 13:33:29 --> Session: Class initialized using 'CodeIgniter\Session\Handlers\FileHandler' driver.
INFO - 2022-07-25 13:33:33 --> Session: Class initialized using 'CodeIgniter\Session\Handlers\FileHandler' driver.
INFO - 2022-07-25 13:33:57 --> Session: Class initialized using 'CodeIgniter\Session\Handlers\FileHandler' driver.
INFO - 2022-07-25 13:34:14 --> Session: Class initialized using 'CodeIgniter\Session\Handlers\FileHandler' driver.
INFO - 2022-07-25 13:34:14 --> CSRF token verified.
ERROR - 2022-07-25 13:34:14 --> Error connecting to the database: Access denied for user '****'@'localhost' to database 'shape_search'
CRITICAL - 2022-07-25 13:34:14 --> Unable to connect to the database.
Main connection [MySQLi]: Access denied for user '****'@'localhost' to database 'shape_search'
in SYSTEMPATH/Database/BaseConnection.php on line 416.
 1 SYSTEMPATH/Database/BaseConnection.php(586): CodeIgniter\Database\BaseConnection->initialize()
 2 SYSTEMPATH/Database/BaseBuilder.php(1585): CodeIgniter\Database\BaseConnection->query('SELECT *
FROM `users`
WHERE `username` = :username:', [...], false)
 3 APPPATH/Models/UserModel.php(109): CodeIgniter\Database\BaseBuilder->get()
 4 APPPATH/Validation/User_rules.php(20): App\Models\UserModel->getUser('AgBRAT')
 5 SYSTEMPATH/Validation/Validation.php(306): App\Validation\User_rules->validateUser('abcABC123!', 'username,password', [...], null)
 6 SYSTEMPATH/Validation/Validation.php(173): CodeIgniter\Validation\Validation->processRules('password', 'password', 'abcABC123!', [...], [...])
 7 APPPATH/Controllers/Users.php(38): CodeIgniter\Validation\Validation->run()
 8 SYSTEMPATH/CodeIgniter.php(896): App\Controllers\Users->login()
 9 SYSTEMPATH/CodeIgniter.php(466): CodeIgniter\CodeIgniter->runController(Object(App\Controllers\Users))
10 SYSTEMPATH/CodeIgniter.php(349): CodeIgniter\CodeIgniter->handleRequest(null, Object(Config\Cache), false)
11 FCPATH/index.php(55): CodeIgniter\CodeIgniter->run()
INFO - 2022-07-25 13:39:52 --> Session: Class initialized using 'CodeIgniter\Session\Handlers\FileHandler' driver.
INFO - 2022-07-25 13:39:52 --> Session: Class initialized using 'CodeIgniter\Session\Handlers\FileHandler' driver.
INFO - 2022-07-25 13:39:54 --> Session: Class initialized using 'CodeIgniter\Session\Handlers\FileHandler' driver.
INFO - 2022-07-25 13:40:04 --> Session: Class initialized using 'CodeIgniter\Session\Handlers\FileHandler' driver.
INFO - 2022-07-25 13:40:04 --> CSRF token verified.
ERROR - 2022-07-25 13:40:04 --> Error connecting to the database: Access denied for user '****'@'localhost' to database 'shape_search'
CRITICAL - 2022-07-25 13:40:04 --> Unable to connect to the database.
Main connection [MySQLi]: Access denied for user '****'@'localhost' to database 'shape_search'
in SYSTEMPATH/Database/BaseConnection.php on line 416.
 1 SYSTEMPATH/Database/BaseConnection.php(586): CodeIgniter\Database\BaseConnection->initialize()
 2 SYSTEMPATH/Database/BaseBuilder.php(1585): CodeIgniter\Database\BaseConnection->query('SELECT *
FROM `users`
WHERE `username` = :username:', [...], false)
 3 APPPATH/Models/UserModel.php(109): CodeIgniter\Database\BaseBuilder->get()
 4 APPPATH/Validation/User_rules.php(20): App\Models\UserModel->getUser('AgBRAT')
 5 SYSTEMPATH/Validation/Validation.php(306): App\Validation\User_rules->validateUser('abcABC123!', 'username,password', [...], null)
 6 SYSTEMPATH/Validation/Validation.php(173): CodeIgniter\Validation\Validation->processRules('password', 'password', 'abcABC123!', [...], [...])
 7 APPPATH/Controllers/Users.php(38): CodeIgniter\Validation\Validation->run()
 8 SYSTEMPATH/CodeIgniter.php(896): App\Controllers\Users->login()
 9 SYSTEMPATH/CodeIgniter.php(466): CodeIgniter\CodeIgniter->runController(Object(App\Controllers\Users))
10 SYSTEMPATH/CodeIgniter.php(349): CodeIgniter\CodeIgniter->handleRequest(null, Object(Config\Cache), false)
11 FCPATH/index.php(55): CodeIgniter\CodeIgniter->run()
INFO - 2022-07-25 13:41:49 --> Session: Class initialized using 'CodeIgniter\Session\Handlers\FileHandler' driver.
INFO - 2022-07-25 13:41:49 --> Session: Class initialized using 'CodeIgniter\Session\Handlers\FileHandler' driver.
INFO - 2022-07-25 13:41:51 --> Session: Class initialized using 'CodeIgniter\Session\Handlers\FileHandler' driver.
INFO - 2022-07-25 13:41:59 --> Session: Class initialized using 'CodeIgniter\Session\Handlers\FileHandler' driver.
INFO - 2022-07-25 13:41:59 --> CSRF token verified.
ERROR - 2022-07-25 13:41:59 --> Error connecting to the database: Access denied for user '****'@'localhost' to database 'shape_search'
CRITICAL - 2022-07-25 13:41:59 --> Unable to connect to the database.
Main connection [MySQLi]: Access denied for user '****'@'localhost' to database 'shape_search'
in SYSTEMPATH/Database/BaseConnection.php on line 416.
 1 SYSTEMPATH/Database/BaseConnection.php(586): CodeIgniter\Database\BaseConnection->initialize()
 2 SYSTEMPATH/Database/BaseBuilder.php(1585): CodeIgniter\Database\BaseConnection->query('SELECT *
FROM `users`
WHERE `username` = :username:', [...], false)
 3 APPPATH/Models/UserModel.php(109): CodeIgniter\Database\BaseBuilder->get()
 4 APPPATH/Validation/User_rules.php(20): App\Models\UserModel->getUser('AgBRAT')
 5 SYSTEMPATH/Validation/Validation.php(306): App\Validation\User_rules->validateUser('abcABC123!', 'username,password', [...], null)
 6 SYSTEMPATH/Validation/Validation.php(173): CodeIgniter\Validation\Validation->processRules('password', 'password', 'abcABC123!', [...], [...])
 7 APPPATH/Controllers/Users.php(38): CodeIgniter\Validation\Validation->run()
 8 SYSTEMPATH/CodeIgniter.php(896): App\Controllers\Users->login()
 9 SYSTEMPATH/CodeIgniter.php(466): CodeIgniter\CodeIgniter->runController(Object(App\Controllers\Users))
10 SYSTEMPATH/CodeIgniter.php(349): CodeIgniter\CodeIgniter->handleRequest(null, Object(Config\Cache), false)
11 FCPATH/index.php(55): CodeIgniter\CodeIgniter->run()
INFO - 2022-07-25 14:06:49 --> Session: Class initialized using 'CodeIgniter\Session\Handlers\FileHandler' driver.
INFO - 2022-07-25 14:06:49 --> Session: Class initialized using 'CodeIgniter\Session\Handlers\FileHandler' driver.
INFO - 2022-07-25 14:06:51 --> Session: Class initialized using 'CodeIgniter\Session\Handlers\FileHandler' driver.
INFO - 2022-07-25 14:07:00 --> Session: Class initialized using 'CodeIgniter\Session\Handlers\FileHandler' driver.
INFO - 2022-07-25 14:07:00 --> CSRF token verified.
ERROR - 2022-07-25 14:07:00 --> Error connecting to the database: Access denied for user '****'@'localhost' to database 'shape_search'
CRITICAL - 2022-07-25 14:07:00 --> Unable to connect to the database.
Main connection [MySQLi]: Access denied for user '****'@'localhost' to database 'shape_search'
in SYSTEMPATH/Database/BaseConnection.php on line 416.
 1 SYSTEMPATH/Database/BaseConnection.php(586): CodeIgniter\Database\BaseConnection->initialize()
 2 SYSTEMPATH/Database/BaseBuilder.php(1585): CodeIgniter\Database\BaseConnection->query('SELECT *
FROM `users`
WHERE `username` = :username:', [...], false)
 3 APPPATH/Models/UserModel.php(109): CodeIgniter\Database\BaseBuilder->get()
 4 APPPATH/Validation/User_rules.php(20): App\Models\UserModel->getUser('AgBRAT')
 5 SYSTEMPATH/Validation/Validation.php(306): App\Validation\User_rules->validateUser('abcABC123!', 'username,password', [...], null)
 6 SYSTEMPATH/Validation/Validation.php(173): CodeIgniter\Validation\Validation->processRules('password', 'password', 'abcABC123!', [...], [...])
 7 APPPATH/Controllers/Users.php(38): CodeIgniter\Validation\Validation->run()
 8 SYSTEMPATH/CodeIgniter.php(896): App\Controllers\Users->login()
 9 SYSTEMPATH/CodeIgniter.php(466): CodeIgniter\CodeIgniter->runController(Object(App\Controllers\Users))
10 SYSTEMPATH/CodeIgniter.php(349): CodeIgniter\CodeIgniter->handleRequest(null, Object(Config\Cache), false)
11 FCPATH/index.php(55): CodeIgniter\CodeIgniter->run()
INFO - 2022-07-25 14:13:16 --> Session: Class initialized using 'CodeIgniter\Session\Handlers\FileHandler' driver.
INFO - 2022-07-25 14:13:16 --> Session: Class initialized using 'CodeIgniter\Session\Handlers\FileHandler' driver.
INFO - 2022-07-25 14:13:18 --> Session: Class initialized using 'CodeIgniter\Session\Handlers\FileHandler' driver.
INFO - 2022-07-25 14:13:32 --> Session: Class initialized using 'CodeIgniter\Session\Handlers\FileHandler' driver.
INFO - 2022-07-25 14:13:32 --> CSRF token verified.
ERROR - 2022-07-25 14:13:32 --> Error connecting to the database: Access denied for user '****'@'localhost' to database 'shape_search'
CRITICAL - 2022-07-25 14:13:32 --> Unable to connect to the database.
Main connection [MySQLi]: Access denied for user '****'@'localhost' to database 'shape_search'
in SYSTEMPATH/Database/BaseConnection.php on line 416.
 1 SYSTEMPATH/Database/BaseConnection.php(586): CodeIgniter\Database\BaseConnection->initialize()
 2 SYSTEMPATH/Database/BaseBuilder.php(1585): CodeIgniter\Database\BaseConnection->query('SELECT *
FROM `users`
WHERE `username` = :username:', [...], false)
 3 APPPATH/Models/UserModel.php(109): CodeIgniter\Database\BaseBuilder->get()
 4 APPPATH/Validation/User_rules.php(20): App\Models\UserModel->getUser('AgBRAT')
 5 SYSTEMPATH/Validation/Validation.php(306): App\Validation\User_rules->validateUser('abcABC123!', 'username,password', [...], null)
 6 SYSTEMPATH/Validation/Validation.php(173): CodeIgniter\Validation\Validation->processRules('password', 'password', 'abcABC123!', [...], [...])
 7 APPPATH/Controllers/Users.php(38): CodeIgniter\Validation\Validation->run()
 8 SYSTEMPATH/CodeIgniter.php(896): App\Controllers\Users->login()
 9 SYSTEMPATH/CodeIgniter.php(466): CodeIgniter\CodeIgniter->runController(Object(App\Controllers\Users))
10 SYSTEMPATH/CodeIgniter.php(349): CodeIgniter\CodeIgniter->handleRequest(null, Object(Config\Cache), false)
11 FCPATH/index.php(55): CodeIgniter\CodeIgniter->run()
INFO - 2022-07-25 14:15:57 --> Session: Class initialized using 'CodeIgniter\Session\Handlers\FileHandler' driver.
INFO - 2022-07-25 14:15:57 --> Session: Class initialized using 'CodeIgniter\Session\Handlers\FileHandler' driver.
INFO - 2022-07-25 14:15:59 --> Session: Class initialized using 'CodeIgniter\Session\Handlers\FileHandler' driver.
INFO - 2022-07-25 14:16:11 --> Session: Class initialized using 'CodeIgniter\Session\Handlers\FileHandler' driver.
INFO - 2022-07-25 14:16:11 --> CSRF token verified.
ERROR - 2022-07-25 14:16:11 --> Error connecting to the database: Access denied for user '****'@'localhost' to database 'shape_search'
CRITICAL - 2022-07-25 14:16:11 --> Unable to connect to the database.
Main connection [MySQLi]: Access denied for user '****'@'localhost' to database 'shape_search'
in SYSTEMPATH/Database/BaseConnection.php on line 416.
 1 SYSTEMPATH/Database/BaseConnection.php(586): CodeIgniter\Database\BaseConnection->initialize()
 2 SYSTEMPATH/Database/BaseBuilder.php(1585): CodeIgniter\Database\BaseConnection->query('SELECT *
FROM `users`
WHERE `username` = :username:', [...], false)
 3 APPPATH/Models/UserModel.php(109): CodeIgniter\Database\BaseBuilder->get()
 4 APPPATH/Validation/User_rules.php(20): App\Models\UserModel->getUser('AgBRAT')
 5 SYSTEMPATH/Validation/Validation.php(306): App\Validation\User_rules->validateUser('abcABC123!', 'username,password', [...], null)
 6 SYSTEMPATH/Validation/Validation.php(173): CodeIgniter\Validation\Validation->processRules('password', 'password', 'abcABC123!', [...], [...])
 7 APPPATH/Controllers/Users.php(38): CodeIgniter\Validation\Validation->run()
 8 SYSTEMPATH/CodeIgniter.php(896): App\Controllers\Users->login()
 9 SYSTEMPATH/CodeIgniter.php(466): CodeIgniter\CodeIgniter->runController(Object(App\Controllers\Users))
10 SYSTEMPATH/CodeIgniter.php(349): CodeIgniter\CodeIgniter->handleRequest(null, Object(Config\Cache), false)
11 FCPATH/index.php(55): CodeIgniter\CodeIgniter->run()
INFO - 2022-07-25 14:22:56 --> Session: Class initialized using 'CodeIgniter\Session\Handlers\FileHandler' driver.
INFO - 2022-07-25 14:22:56 --> Session: Class initialized using 'CodeIgniter\Session\Handlers\FileHandler' driver.
INFO - 2022-07-25 14:22:59 --> Session: Class initialized using 'CodeIgniter\Session\Handlers\FileHandler' driver.
INFO - 2022-07-25 14:23:14 --> Session: Class initialized using 'CodeIgniter\Session\Handlers\FileHandler' driver.
INFO - 2022-07-25 14:23:14 --> CSRF token verified.
INFO - 2022-07-25 14:23:14 --> Session: Class initialized using 'CodeIgniter\Session\Handlers\FileHandler' driver.
INFO - 2022-07-25 14:23:31 --> Session: Class initialized using 'CodeIgniter\Session\Handlers\FileHandler' driver.
INFO - 2022-07-25 14:23:44 --> Session: Class initialized using 'CodeIgniter\Session\Handlers\FileHandler' driver.
INFO - 2022-07-25 14:23:44 --> CSRF token verified.
INFO - 2022-07-25 14:23:48 --> Session: Class initialized using 'CodeIgniter\Session\Handlers\FileHandler' driver.
