INFO - 2022-06-12 15:33:59 --> Session: Class initialized using 'CodeIgniter\Session\Handlers\FileHandler' driver.
INFO - 2022-06-12 15:34:02 --> Session: Class initialized using 'CodeIgniter\Session\Handlers\FileHandler' driver.
INFO - 2022-06-12 15:34:09 --> Session: Class initialized using 'CodeIgniter\Session\Handlers\FileHandler' driver.
INFO - 2022-06-12 15:34:09 --> CSRF token verified.
INFO - 2022-06-12 15:34:09 --> Session: Class initialized using 'CodeIgniter\Session\Handlers\FileHandler' driver.
INFO - 2022-06-12 15:34:11 --> Session: Class initialized using 'CodeIgniter\Session\Handlers\FileHandler' driver.
INFO - 2022-06-12 15:34:13 --> Session: Class initialized using 'CodeIgniter\Session\Handlers\FileHandler' driver.
CRITICAL - 2022-06-12 15:34:13 --> Undefined array key 0
in SYSTEMPATH/Router/RouteCollection.php on line 1134.
 1 SYSTEMPATH/Router/RouteCollection.php(1134): CodeIgniter\Debug\Exceptions->errorHandler(2, 'Undefined array key 0', 'SYSTEMPATH/Router/RouteCollection.php', 1134)
 2 SYSTEMPATH/Router/RouteCollection.php(1001): CodeIgniter\Router\RouteCollection->fillRouteParams('images/view_image/([a-zA-Z0-9]+)', [])
 3 SYSTEMPATH/Common.php(913): CodeIgniter\Router\RouteCollection->reverseRoute('view_image')
 4 APPPATH/Views/users/members/profile.php(138): route_to('view_image')
 5 SYSTEMPATH/View/View.php(213): include('APPPATH/Views/users/members/profile.php')
 6 SYSTEMPATH/View/View.php(216): CodeIgniter\View\View->CodeIgniter\View\{closure}()
 7 SYSTEMPATH/Common.php(1135): CodeIgniter\View\View->render('users/members/profile', [], true)
 8 APPPATH/Controllers/Users/Members.php(89): view('users/members/profile', [...])
 9 SYSTEMPATH/CodeIgniter.php(898): App\Controllers\Users\Members->profile('Oceanna')
10 SYSTEMPATH/CodeIgniter.php(468): CodeIgniter\CodeIgniter->runController(Object(App\Controllers\Users\Members))
11 SYSTEMPATH/CodeIgniter.php(351): CodeIgniter\CodeIgniter->handleRequest(null, Object(Config\Cache), false)
12 FCPATH/index.php(55): CodeIgniter\CodeIgniter->run()
INFO - 2022-06-12 15:34:16 --> Session: Class initialized using 'CodeIgniter\Session\Handlers\FileHandler' driver.
INFO - 2022-06-12 15:36:31 --> Session: Class initialized using 'CodeIgniter\Session\Handlers\FileHandler' driver.
CRITICAL - 2022-06-12 15:36:31 --> Undefined array key 0
in SYSTEMPATH/Router/RouteCollection.php on line 1134.
 1 SYSTEMPATH/Router/RouteCollection.php(1134): CodeIgniter\Debug\Exceptions->errorHandler(2, 'Undefined array key 0', 'SYSTEMPATH/Router/RouteCollection.php', 1134)
 2 SYSTEMPATH/Router/RouteCollection.php(1001): CodeIgniter\Router\RouteCollection->fillRouteParams('images/view_image/([a-zA-Z0-9]+)', [])
 3 SYSTEMPATH/Common.php(913): CodeIgniter\Router\RouteCollection->reverseRoute('view_image')
 4 APPPATH/Views/users/members/profile.php(138): route_to('view_image')
 5 SYSTEMPATH/View/View.php(213): include('APPPATH/Views/users/members/profile.php')
 6 SYSTEMPATH/View/View.php(216): CodeIgniter\View\View->CodeIgniter\View\{closure}()
 7 SYSTEMPATH/Common.php(1135): CodeIgniter\View\View->render('users/members/profile', [], true)
 8 APPPATH/Controllers/Users/Members.php(89): view('users/members/profile', [...])
 9 SYSTEMPATH/CodeIgniter.php(898): App\Controllers\Users\Members->profile('Oceanna')
10 SYSTEMPATH/CodeIgniter.php(468): CodeIgniter\CodeIgniter->runController(Object(App\Controllers\Users\Members))
11 SYSTEMPATH/CodeIgniter.php(351): CodeIgniter\CodeIgniter->handleRequest(null, Object(Config\Cache), false)
12 FCPATH/index.php(55): CodeIgniter\CodeIgniter->run()
INFO - 2022-06-12 15:36:57 --> Session: Class initialized using 'CodeIgniter\Session\Handlers\FileHandler' driver.
CRITICAL - 2022-06-12 15:36:57 --> Undefined array key 0
in SYSTEMPATH/Router/RouteCollection.php on line 1134.
 1 SYSTEMPATH/Router/RouteCollection.php(1134): CodeIgniter\Debug\Exceptions->errorHandler(2, 'Undefined array key 0', 'SYSTEMPATH/Router/RouteCollection.php', 1134)
 2 SYSTEMPATH/Router/RouteCollection.php(1001): CodeIgniter\Router\RouteCollection->fillRouteParams('users/members/manage_uploads/([a-zA-Z0-9]+)', [])
 3 SYSTEMPATH/Common.php(913): CodeIgniter\Router\RouteCollection->reverseRoute('manage_uploads')
 4 APPPATH/Views/templates/header.php(85): route_to('manage_uploads')
 5 SYSTEMPATH/View/View.php(213): include('APPPATH/Views/templates/header.php')
 6 SYSTEMPATH/View/View.php(216): CodeIgniter\View\View->CodeIgniter\View\{closure}()
 7 SYSTEMPATH/Common.php(1135): CodeIgniter\View\View->render('templates/header', [], true)
 8 APPPATH/Controllers/Users/Members.php(87): view('templates/header', [...])
 9 SYSTEMPATH/CodeIgniter.php(898): App\Controllers\Users\Members->profile('Oceanna')
10 SYSTEMPATH/CodeIgniter.php(468): CodeIgniter\CodeIgniter->runController(Object(App\Controllers\Users\Members))
11 SYSTEMPATH/CodeIgniter.php(351): CodeIgniter\CodeIgniter->handleRequest(null, Object(Config\Cache), false)
12 FCPATH/index.php(55): CodeIgniter\CodeIgniter->run()
INFO - 2022-06-12 15:36:59 --> Session: Class initialized using 'CodeIgniter\Session\Handlers\FileHandler' driver.
CRITICAL - 2022-06-12 15:36:59 --> Undefined array key 0
in SYSTEMPATH/Router/RouteCollection.php on line 1134.
 1 SYSTEMPATH/Router/RouteCollection.php(1134): CodeIgniter\Debug\Exceptions->errorHandler(2, 'Undefined array key 0', 'SYSTEMPATH/Router/RouteCollection.php', 1134)
 2 SYSTEMPATH/Router/RouteCollection.php(1001): CodeIgniter\Router\RouteCollection->fillRouteParams('users/members/manage_uploads/([a-zA-Z0-9]+)', [])
 3 SYSTEMPATH/Common.php(913): CodeIgniter\Router\RouteCollection->reverseRoute('manage_uploads')
 4 APPPATH/Views/templates/header.php(85): route_to('manage_uploads')
 5 SYSTEMPATH/View/View.php(213): include('APPPATH/Views/templates/header.php')
 6 SYSTEMPATH/View/View.php(216): CodeIgniter\View\View->CodeIgniter\View\{closure}()
 7 SYSTEMPATH/Common.php(1135): CodeIgniter\View\View->render('templates/header', [], true)
 8 APPPATH/Controllers/Images/Gallery.php(42): view('templates/header', [...])
 9 SYSTEMPATH/CodeIgniter.php(898): App\Controllers\images\Gallery->index()
10 SYSTEMPATH/CodeIgniter.php(468): CodeIgniter\CodeIgniter->runController(Object(App\Controllers\images\Gallery))
11 SYSTEMPATH/CodeIgniter.php(351): CodeIgniter\CodeIgniter->handleRequest(null, Object(Config\Cache), false)
12 FCPATH/index.php(55): CodeIgniter\CodeIgniter->run()
INFO - 2022-06-12 15:37:00 --> Session: Class initialized using 'CodeIgniter\Session\Handlers\FileHandler' driver.
CRITICAL - 2022-06-12 15:37:00 --> Undefined array key 0
in SYSTEMPATH/Router/RouteCollection.php on line 1134.
 1 SYSTEMPATH/Router/RouteCollection.php(1134): CodeIgniter\Debug\Exceptions->errorHandler(2, 'Undefined array key 0', 'SYSTEMPATH/Router/RouteCollection.php', 1134)
 2 SYSTEMPATH/Router/RouteCollection.php(1001): CodeIgniter\Router\RouteCollection->fillRouteParams('users/members/manage_uploads/([a-zA-Z0-9]+)', [])
 3 SYSTEMPATH/Common.php(913): CodeIgniter\Router\RouteCollection->reverseRoute('manage_uploads')
 4 APPPATH/Views/templates/header.php(85): route_to('manage_uploads')
 5 SYSTEMPATH/View/View.php(213): include('APPPATH/Views/templates/header.php')
 6 SYSTEMPATH/View/View.php(216): CodeIgniter\View\View->CodeIgniter\View\{closure}()
 7 SYSTEMPATH/Common.php(1135): CodeIgniter\View\View->render('templates/header', [], true)
 8 APPPATH/Controllers/Users/Members.php(38): view('templates/header', [...])
 9 SYSTEMPATH/CodeIgniter.php(898): App\Controllers\Users\Members->index()
10 SYSTEMPATH/CodeIgniter.php(468): CodeIgniter\CodeIgniter->runController(Object(App\Controllers\Users\Members))
11 SYSTEMPATH/CodeIgniter.php(351): CodeIgniter\CodeIgniter->handleRequest(null, Object(Config\Cache), false)
12 FCPATH/index.php(55): CodeIgniter\CodeIgniter->run()
INFO - 2022-06-12 15:37:02 --> Session: Class initialized using 'CodeIgniter\Session\Handlers\FileHandler' driver.
CRITICAL - 2022-06-12 15:37:02 --> Undefined array key 0
in SYSTEMPATH/Router/RouteCollection.php on line 1134.
 1 SYSTEMPATH/Router/RouteCollection.php(1134): CodeIgniter\Debug\Exceptions->errorHandler(2, 'Undefined array key 0', 'SYSTEMPATH/Router/RouteCollection.php', 1134)
 2 SYSTEMPATH/Router/RouteCollection.php(1001): CodeIgniter\Router\RouteCollection->fillRouteParams('users/members/manage_uploads/([a-zA-Z0-9]+)', [])
 3 SYSTEMPATH/Common.php(913): CodeIgniter\Router\RouteCollection->reverseRoute('manage_uploads')
 4 APPPATH/Views/templates/header.php(85): route_to('manage_uploads')
 5 SYSTEMPATH/View/View.php(213): include('APPPATH/Views/templates/header.php')
 6 SYSTEMPATH/View/View.php(216): CodeIgniter\View\View->CodeIgniter\View\{closure}()
 7 SYSTEMPATH/Common.php(1135): CodeIgniter\View\View->render('templates/header', [], true)
 8 APPPATH/Controllers/Images/Gallery.php(42): view('templates/header', [...])
 9 SYSTEMPATH/CodeIgniter.php(898): App\Controllers\images\Gallery->index()
10 SYSTEMPATH/CodeIgniter.php(468): CodeIgniter\CodeIgniter->runController(Object(App\Controllers\images\Gallery))
11 SYSTEMPATH/CodeIgniter.php(351): CodeIgniter\CodeIgniter->handleRequest(null, Object(Config\Cache), false)
12 FCPATH/index.php(55): CodeIgniter\CodeIgniter->run()
INFO - 2022-06-12 15:37:13 --> Session: Class initialized using 'CodeIgniter\Session\Handlers\FileHandler' driver.
INFO - 2022-06-12 15:37:15 --> Session: Class initialized using 'CodeIgniter\Session\Handlers\FileHandler' driver.
INFO - 2022-06-12 15:39:00 --> Session: Class initialized using 'CodeIgniter\Session\Handlers\FileHandler' driver.
CRITICAL - 2022-06-12 15:39:00 --> Undefined array key 0
in SYSTEMPATH/Router/RouteCollection.php on line 1134.
 1 SYSTEMPATH/Router/RouteCollection.php(1134): CodeIgniter\Debug\Exceptions->errorHandler(2, 'Undefined array key 0', 'SYSTEMPATH/Router/RouteCollection.php', 1134)
 2 SYSTEMPATH/Router/RouteCollection.php(1001): CodeIgniter\Router\RouteCollection->fillRouteParams('images/view_image/([a-zA-Z0-9]+)', [])
 3 SYSTEMPATH/Common.php(913): CodeIgniter\Router\RouteCollection->reverseRoute('view_image')
 4 APPPATH/Views/users/members/profile.php(138): route_to('view_image')
 5 SYSTEMPATH/View/View.php(213): include('APPPATH/Views/users/members/profile.php')
 6 SYSTEMPATH/View/View.php(216): CodeIgniter\View\View->CodeIgniter\View\{closure}()
 7 SYSTEMPATH/Common.php(1135): CodeIgniter\View\View->render('users/members/profile', [], true)
 8 APPPATH/Controllers/Users/Members.php(89): view('users/members/profile', [...])
 9 SYSTEMPATH/CodeIgniter.php(898): App\Controllers\Users\Members->profile('Oceanna')
10 SYSTEMPATH/CodeIgniter.php(468): CodeIgniter\CodeIgniter->runController(Object(App\Controllers\Users\Members))
11 SYSTEMPATH/CodeIgniter.php(351): CodeIgniter\CodeIgniter->handleRequest(null, Object(Config\Cache), false)
12 FCPATH/index.php(55): CodeIgniter\CodeIgniter->run()
INFO - 2022-06-12 15:39:04 --> Session: Class initialized using 'CodeIgniter\Session\Handlers\FileHandler' driver.
INFO - 2022-06-12 15:39:24 --> Session: Class initialized using 'CodeIgniter\Session\Handlers\FileHandler' driver.
INFO - 2022-06-12 15:39:31 --> Session: Class initialized using 'CodeIgniter\Session\Handlers\FileHandler' driver.
CRITICAL - 2022-06-12 15:39:31 --> Undefined array key 0
in SYSTEMPATH/Router/RouteCollection.php on line 1134.
 1 SYSTEMPATH/Router/RouteCollection.php(1134): CodeIgniter\Debug\Exceptions->errorHandler(2, 'Undefined array key 0', 'SYSTEMPATH/Router/RouteCollection.php', 1134)
 2 SYSTEMPATH/Router/RouteCollection.php(1001): CodeIgniter\Router\RouteCollection->fillRouteParams('images/view_image/([a-zA-Z0-9]+)', [])
 3 SYSTEMPATH/Common.php(913): CodeIgniter\Router\RouteCollection->reverseRoute('view_image')
 4 APPPATH/Views/users/members/profile.php(138): route_to('view_image')
 5 SYSTEMPATH/View/View.php(213): include('APPPATH/Views/users/members/profile.php')
 6 SYSTEMPATH/View/View.php(216): CodeIgniter\View\View->CodeIgniter\View\{closure}()
 7 SYSTEMPATH/Common.php(1135): CodeIgniter\View\View->render('users/members/profile', [], true)
 8 APPPATH/Controllers/Users/Members.php(89): view('users/members/profile', [...])
 9 SYSTEMPATH/CodeIgniter.php(898): App\Controllers\Users\Members->profile('AgBRAT')
10 SYSTEMPATH/CodeIgniter.php(468): CodeIgniter\CodeIgniter->runController(Object(App\Controllers\Users\Members))
11 SYSTEMPATH/CodeIgniter.php(351): CodeIgniter\CodeIgniter->handleRequest(null, Object(Config\Cache), false)
12 FCPATH/index.php(55): CodeIgniter\CodeIgniter->run()
INFO - 2022-06-12 15:39:34 --> Session: Class initialized using 'CodeIgniter\Session\Handlers\FileHandler' driver.
CRITICAL - 2022-06-12 15:39:34 --> Undefined array key 0
in SYSTEMPATH/Router/RouteCollection.php on line 1134.
 1 SYSTEMPATH/Router/RouteCollection.php(1134): CodeIgniter\Debug\Exceptions->errorHandler(2, 'Undefined array key 0', 'SYSTEMPATH/Router/RouteCollection.php', 1134)
 2 SYSTEMPATH/Router/RouteCollection.php(1001): CodeIgniter\Router\RouteCollection->fillRouteParams('images/view_image/([a-zA-Z0-9]+)', [])
 3 SYSTEMPATH/Common.php(913): CodeIgniter\Router\RouteCollection->reverseRoute('view_image')
 4 APPPATH/Views/users/members/profile.php(138): route_to('view_image')
 5 SYSTEMPATH/View/View.php(213): include('APPPATH/Views/users/members/profile.php')
 6 SYSTEMPATH/View/View.php(216): CodeIgniter\View\View->CodeIgniter\View\{closure}()
 7 SYSTEMPATH/Common.php(1135): CodeIgniter\View\View->render('users/members/profile', [], true)
 8 APPPATH/Controllers/Users/Members.php(89): view('users/members/profile', [...])
 9 SYSTEMPATH/CodeIgniter.php(898): App\Controllers\Users\Members->profile('AgBRAT')
10 SYSTEMPATH/CodeIgniter.php(468): CodeIgniter\CodeIgniter->runController(Object(App\Controllers\Users\Members))
11 SYSTEMPATH/CodeIgniter.php(351): CodeIgniter\CodeIgniter->handleRequest(null, Object(Config\Cache), false)
12 FCPATH/index.php(55): CodeIgniter\CodeIgniter->run()
INFO - 2022-06-12 15:39:36 --> Session: Class initialized using 'CodeIgniter\Session\Handlers\FileHandler' driver.
CRITICAL - 2022-06-12 15:39:36 --> Undefined array key 0
in SYSTEMPATH/Router/RouteCollection.php on line 1134.
 1 SYSTEMPATH/Router/RouteCollection.php(1134): CodeIgniter\Debug\Exceptions->errorHandler(2, 'Undefined array key 0', 'SYSTEMPATH/Router/RouteCollection.php', 1134)
 2 SYSTEMPATH/Router/RouteCollection.php(1001): CodeIgniter\Router\RouteCollection->fillRouteParams('images/view_image/([a-zA-Z0-9]+)', [])
 3 SYSTEMPATH/Common.php(913): CodeIgniter\Router\RouteCollection->reverseRoute('view_image')
 4 APPPATH/Views/users/members/profile.php(138): route_to('view_image')
 5 SYSTEMPATH/View/View.php(213): include('APPPATH/Views/users/members/profile.php')
 6 SYSTEMPATH/View/View.php(216): CodeIgniter\View\View->CodeIgniter\View\{closure}()
 7 SYSTEMPATH/Common.php(1135): CodeIgniter\View\View->render('users/members/profile', [], true)
 8 APPPATH/Controllers/Users/Members.php(89): view('users/members/profile', [...])
 9 SYSTEMPATH/CodeIgniter.php(898): App\Controllers\Users\Members->profile('AgBRAT')
10 SYSTEMPATH/CodeIgniter.php(468): CodeIgniter\CodeIgniter->runController(Object(App\Controllers\Users\Members))
11 SYSTEMPATH/CodeIgniter.php(351): CodeIgniter\CodeIgniter->handleRequest(null, Object(Config\Cache), false)
12 FCPATH/index.php(55): CodeIgniter\CodeIgniter->run()
INFO - 2022-06-12 15:42:33 --> Session: Class initialized using 'CodeIgniter\Session\Handlers\FileHandler' driver.
INFO - 2022-06-12 15:42:38 --> Session: Class initialized using 'CodeIgniter\Session\Handlers\FileHandler' driver.
INFO - 2022-06-12 15:44:21 --> Session: Class initialized using 'CodeIgniter\Session\Handlers\FileHandler' driver.
INFO - 2022-06-12 15:44:43 --> Session: Class initialized using 'CodeIgniter\Session\Handlers\FileHandler' driver.
INFO - 2022-06-12 15:44:43 --> Session: Class initialized using 'CodeIgniter\Session\Handlers\FileHandler' driver.
INFO - 2022-06-12 16:02:31 --> Session: Class initialized using 'CodeIgniter\Session\Handlers\FileHandler' driver.
INFO - 2022-06-12 16:03:20 --> Session: Class initialized using 'CodeIgniter\Session\Handlers\FileHandler' driver.
INFO - 2022-06-12 16:04:00 --> Session: Class initialized using 'CodeIgniter\Session\Handlers\FileHandler' driver.
INFO - 2022-06-12 16:06:15 --> Session: Class initialized using 'CodeIgniter\Session\Handlers\FileHandler' driver.
INFO - 2022-06-12 16:06:37 --> Session: Class initialized using 'CodeIgniter\Session\Handlers\FileHandler' driver.
INFO - 2022-06-12 16:08:02 --> Session: Class initialized using 'CodeIgniter\Session\Handlers\FileHandler' driver.
INFO - 2022-06-12 16:08:02 --> CSRF token verified.
INFO - 2022-06-12 16:09:55 --> Session: Class initialized using 'CodeIgniter\Session\Handlers\FileHandler' driver.
INFO - 2022-06-12 16:09:55 --> Session: Class initialized using 'CodeIgniter\Session\Handlers\FileHandler' driver.
INFO - 2022-06-12 16:11:07 --> Session: Class initialized using 'CodeIgniter\Session\Handlers\FileHandler' driver.
INFO - 2022-06-12 16:11:10 --> Session: Class initialized using 'CodeIgniter\Session\Handlers\FileHandler' driver.
INFO - 2022-06-12 16:12:52 --> Session: Class initialized using 'CodeIgniter\Session\Handlers\FileHandler' driver.
INFO - 2022-06-12 16:49:55 --> Session: Class initialized using 'CodeIgniter\Session\Handlers\FileHandler' driver.
INFO - 2022-06-12 16:50:05 --> Session: Class initialized using 'CodeIgniter\Session\Handlers\FileHandler' driver.
INFO - 2022-06-12 16:50:16 --> Session: Class initialized using 'CodeIgniter\Session\Handlers\FileHandler' driver.
INFO - 2022-06-12 16:51:12 --> Session: Class initialized using 'CodeIgniter\Session\Handlers\FileHandler' driver.
INFO - 2022-06-12 16:51:48 --> Session: Class initialized using 'CodeIgniter\Session\Handlers\FileHandler' driver.
INFO - 2022-06-12 17:28:14 --> Session: Class initialized using 'CodeIgniter\Session\Handlers\FileHandler' driver.
INFO - 2022-06-12 17:33:34 --> Session: Class initialized using 'CodeIgniter\Session\Handlers\FileHandler' driver.
INFO - 2022-06-12 17:34:28 --> Session: Class initialized using 'CodeIgniter\Session\Handlers\FileHandler' driver.
INFO - 2022-06-12 17:34:36 --> Session: Class initialized using 'CodeIgniter\Session\Handlers\FileHandler' driver.
INFO - 2022-06-12 17:35:10 --> Session: Class initialized using 'CodeIgniter\Session\Handlers\FileHandler' driver.
INFO - 2022-06-12 17:35:32 --> Session: Class initialized using 'CodeIgniter\Session\Handlers\FileHandler' driver.
INFO - 2022-06-12 17:39:54 --> Session: Class initialized using 'CodeIgniter\Session\Handlers\FileHandler' driver.
INFO - 2022-06-12 17:39:55 --> Session: Class initialized using 'CodeIgniter\Session\Handlers\FileHandler' driver.
INFO - 2022-06-12 17:39:58 --> Session: Class initialized using 'CodeIgniter\Session\Handlers\FileHandler' driver.
INFO - 2022-06-12 17:41:20 --> Session: Class initialized using 'CodeIgniter\Session\Handlers\FileHandler' driver.
INFO - 2022-06-12 17:41:21 --> Session: Class initialized using 'CodeIgniter\Session\Handlers\FileHandler' driver.
INFO - 2022-06-12 17:41:24 --> Session: Class initialized using 'CodeIgniter\Session\Handlers\FileHandler' driver.
INFO - 2022-06-12 17:42:08 --> Session: Class initialized using 'CodeIgniter\Session\Handlers\FileHandler' driver.
INFO - 2022-06-12 17:42:16 --> Session: Class initialized using 'CodeIgniter\Session\Handlers\FileHandler' driver.
INFO - 2022-06-12 17:42:16 --> CSRF token verified.
INFO - 2022-06-12 17:42:16 --> Session: Class initialized using 'CodeIgniter\Session\Handlers\FileHandler' driver.
INFO - 2022-06-12 17:42:19 --> Session: Class initialized using 'CodeIgniter\Session\Handlers\FileHandler' driver.
INFO - 2022-06-12 17:42:22 --> Session: Class initialized using 'CodeIgniter\Session\Handlers\FileHandler' driver.
INFO - 2022-06-12 17:44:39 --> Session: Class initialized using 'CodeIgniter\Session\Handlers\FileHandler' driver.
INFO - 2022-06-12 17:44:56 --> Session: Class initialized using 'CodeIgniter\Session\Handlers\FileHandler' driver.
INFO - 2022-06-12 17:45:03 --> Session: Class initialized using 'CodeIgniter\Session\Handlers\FileHandler' driver.
INFO - 2022-06-12 17:45:03 --> Session: Class initialized using 'CodeIgniter\Session\Handlers\FileHandler' driver.
INFO - 2022-06-12 17:45:10 --> Session: Class initialized using 'CodeIgniter\Session\Handlers\FileHandler' driver.
INFO - 2022-06-12 17:45:10 --> CSRF token verified.
INFO - 2022-06-12 17:45:10 --> Session: Class initialized using 'CodeIgniter\Session\Handlers\FileHandler' driver.
INFO - 2022-06-12 17:45:12 --> Session: Class initialized using 'CodeIgniter\Session\Handlers\FileHandler' driver.
INFO - 2022-06-12 17:45:16 --> Session: Class initialized using 'CodeIgniter\Session\Handlers\FileHandler' driver.
INFO - 2022-06-12 17:45:18 --> Session: Class initialized using 'CodeIgniter\Session\Handlers\FileHandler' driver.
CRITICAL - 2022-06-12 17:45:18 --> Undefined array key 0
in SYSTEMPATH/Router/RouteCollection.php on line 1134.
 1 SYSTEMPATH/Router/RouteCollection.php(1134): CodeIgniter\Debug\Exceptions->errorHandler(2, 'Undefined array key 0', 'SYSTEMPATH/Router/RouteCollection.php', 1134)
 2 SYSTEMPATH/Router/RouteCollection.php(1001): CodeIgniter\Router\RouteCollection->fillRouteParams('images/view_image/([a-zA-Z0-9]+)', [])
 3 SYSTEMPATH/Common.php(913): CodeIgniter\Router\RouteCollection->reverseRoute('view_image')
 4 APPPATH/Views/users/members/profile.php(138): route_to('view_image')
 5 SYSTEMPATH/View/View.php(213): include('APPPATH/Views/users/members/profile.php')
 6 SYSTEMPATH/View/View.php(216): CodeIgniter\View\View->CodeIgniter\View\{closure}()
 7 SYSTEMPATH/Common.php(1135): CodeIgniter\View\View->render('users/members/profile', [], true)
 8 APPPATH/Controllers/Users/Members.php(89): view('users/members/profile', [...])
 9 SYSTEMPATH/CodeIgniter.php(898): App\Controllers\Users\Members->profile('Oceanna')
10 SYSTEMPATH/CodeIgniter.php(468): CodeIgniter\CodeIgniter->runController(Object(App\Controllers\Users\Members))
11 SYSTEMPATH/CodeIgniter.php(351): CodeIgniter\CodeIgniter->handleRequest(null, Object(Config\Cache), false)
12 FCPATH/index.php(55): CodeIgniter\CodeIgniter->run()
INFO - 2022-06-12 17:45:21 --> Session: Class initialized using 'CodeIgniter\Session\Handlers\FileHandler' driver.
INFO - 2022-06-12 17:46:27 --> Session: Class initialized using 'CodeIgniter\Session\Handlers\FileHandler' driver.
INFO - 2022-06-12 17:46:29 --> Session: Class initialized using 'CodeIgniter\Session\Handlers\FileHandler' driver.
INFO - 2022-06-12 17:46:29 --> Session: Class initialized using 'CodeIgniter\Session\Handlers\FileHandler' driver.
INFO - 2022-06-12 17:46:57 --> Session: Class initialized using 'CodeIgniter\Session\Handlers\FileHandler' driver.
INFO - 2022-06-12 17:47:09 --> Session: Class initialized using 'CodeIgniter\Session\Handlers\FileHandler' driver.
INFO - 2022-06-12 17:47:09 --> CSRF token verified.
INFO - 2022-06-12 17:47:09 --> Session: Class initialized using 'CodeIgniter\Session\Handlers\FileHandler' driver.
INFO - 2022-06-12 17:48:04 --> Session: Class initialized using 'CodeIgniter\Session\Handlers\FileHandler' driver.
CRITICAL - 2022-06-12 17:48:04 --> Undefined array key 0
in SYSTEMPATH/Router/RouteCollection.php on line 1134.
 1 SYSTEMPATH/Router/RouteCollection.php(1134): CodeIgniter\Debug\Exceptions->errorHandler(2, 'Undefined array key 0', 'SYSTEMPATH/Router/RouteCollection.php', 1134)
 2 SYSTEMPATH/Router/RouteCollection.php(1001): CodeIgniter\Router\RouteCollection->fillRouteParams('images/view_image/([a-zA-Z0-9]+)', [])
 3 SYSTEMPATH/Common.php(913): CodeIgniter\Router\RouteCollection->reverseRoute('view_image')
 4 APPPATH/Views/users/members/profile.php(138): route_to('view_image')
 5 SYSTEMPATH/View/View.php(213): include('APPPATH/Views/users/members/profile.php')
 6 SYSTEMPATH/View/View.php(216): CodeIgniter\View\View->CodeIgniter\View\{closure}()
 7 SYSTEMPATH/Common.php(1135): CodeIgniter\View\View->render('users/members/profile', [], true)
 8 APPPATH/Controllers/Users/Members.php(89): view('users/members/profile', [...])
 9 SYSTEMPATH/CodeIgniter.php(898): App\Controllers\Users\Members->profile('Oceanna')
10 SYSTEMPATH/CodeIgniter.php(468): CodeIgniter\CodeIgniter->runController(Object(App\Controllers\Users\Members))
11 SYSTEMPATH/CodeIgniter.php(351): CodeIgniter\CodeIgniter->handleRequest(null, Object(Config\Cache), false)
12 FCPATH/index.php(55): CodeIgniter\CodeIgniter->run()
INFO - 2022-06-12 17:48:56 --> Session: Class initialized using 'CodeIgniter\Session\Handlers\FileHandler' driver.
INFO - 2022-06-12 17:48:57 --> Session: Class initialized using 'CodeIgniter\Session\Handlers\FileHandler' driver.
INFO - 2022-06-12 17:49:04 --> Session: Class initialized using 'CodeIgniter\Session\Handlers\FileHandler' driver.
INFO - 2022-06-12 17:49:19 --> Session: Class initialized using 'CodeIgniter\Session\Handlers\FileHandler' driver.
INFO - 2022-06-12 17:49:25 --> Session: Class initialized using 'CodeIgniter\Session\Handlers\FileHandler' driver.
INFO - 2022-06-12 17:51:58 --> Session: Class initialized using 'CodeIgniter\Session\Handlers\FileHandler' driver.
INFO - 2022-06-12 17:51:58 --> Session: Class initialized using 'CodeIgniter\Session\Handlers\FileHandler' driver.
INFO - 2022-06-12 17:52:11 --> Session: Class initialized using 'CodeIgniter\Session\Handlers\FileHandler' driver.
INFO - 2022-06-12 17:52:11 --> CSRF token verified.
INFO - 2022-06-12 17:52:11 --> Session: Class initialized using 'CodeIgniter\Session\Handlers\FileHandler' driver.
INFO - 2022-06-12 17:52:16 --> Session: Class initialized using 'CodeIgniter\Session\Handlers\FileHandler' driver.
INFO - 2022-06-12 17:52:17 --> Session: Class initialized using 'CodeIgniter\Session\Handlers\FileHandler' driver.
INFO - 2022-06-12 17:52:26 --> Session: Class initialized using 'CodeIgniter\Session\Handlers\FileHandler' driver.
INFO - 2022-06-12 17:52:27 --> Session: Class initialized using 'CodeIgniter\Session\Handlers\FileHandler' driver.
INFO - 2022-06-12 17:52:30 --> Session: Class initialized using 'CodeIgniter\Session\Handlers\FileHandler' driver.
INFO - 2022-06-12 17:55:18 --> Session: Class initialized using 'CodeIgniter\Session\Handlers\FileHandler' driver.
INFO - 2022-06-12 17:55:20 --> Session: Class initialized using 'CodeIgniter\Session\Handlers\FileHandler' driver.
INFO - 2022-06-12 17:55:31 --> Session: Class initialized using 'CodeIgniter\Session\Handlers\FileHandler' driver.
INFO - 2022-06-12 17:55:33 --> Session: Class initialized using 'CodeIgniter\Session\Handlers\FileHandler' driver.
INFO - 2022-06-12 17:55:34 --> Session: Class initialized using 'CodeIgniter\Session\Handlers\FileHandler' driver.
INFO - 2022-06-12 17:55:35 --> Session: Class initialized using 'CodeIgniter\Session\Handlers\FileHandler' driver.
INFO - 2022-06-12 17:55:39 --> Session: Class initialized using 'CodeIgniter\Session\Handlers\FileHandler' driver.
INFO - 2022-06-12 17:55:40 --> Session: Class initialized using 'CodeIgniter\Session\Handlers\FileHandler' driver.
INFO - 2022-06-12 17:55:44 --> Session: Class initialized using 'CodeIgniter\Session\Handlers\FileHandler' driver.
INFO - 2022-06-12 17:55:45 --> Session: Class initialized using 'CodeIgniter\Session\Handlers\FileHandler' driver.
INFO - 2022-06-12 17:59:34 --> Session: Class initialized using 'CodeIgniter\Session\Handlers\FileHandler' driver.
INFO - 2022-06-12 17:59:36 --> Session: Class initialized using 'CodeIgniter\Session\Handlers\FileHandler' driver.
CRITICAL - 2022-06-12 17:59:36 --> Attempt to read property "username" on array
in APPPATH/Models/Users/UserModel.php on line 104.
 1 APPPATH/Models/Users/UserModel.php(104): CodeIgniter\Debug\Exceptions->errorHandler(2, 'Attempt to read property "username" on array', 'APPPATH/Models/Users/UserModel.php', 104)
 2 APPPATH/Controllers/Users/Members.php(81): App\Models\users\UserModel->fillUserEntity('MoonCat76')
 3 SYSTEMPATH/CodeIgniter.php(898): App\Controllers\Users\Members->view_profile('MoonCat76')
 4 SYSTEMPATH/CodeIgniter.php(468): CodeIgniter\CodeIgniter->runController(Object(App\Controllers\Users\Members))
 5 SYSTEMPATH/CodeIgniter.php(351): CodeIgniter\CodeIgniter->handleRequest(null, Object(Config\Cache), false)
 6 FCPATH/index.php(55): CodeIgniter\CodeIgniter->run()
INFO - 2022-06-12 18:00:04 --> Session: Class initialized using 'CodeIgniter\Session\Handlers\FileHandler' driver.
CRITICAL - 2022-06-12 18:00:04 --> Call to undefined method CodeIgniter\Database\MySQLi\Builder::getResult()
in APPPATH/Entities/User.php on line 66.
 1 APPPATH/Models/Users/UserModel.php(104): App\Entities\User->setUploads('MoonCat76')
 2 APPPATH/Controllers/Users/Members.php(81): App\Models\users\UserModel->fillUserEntity('MoonCat76')
 3 SYSTEMPATH/CodeIgniter.php(898): App\Controllers\Users\Members->view_profile('MoonCat76')
 4 SYSTEMPATH/CodeIgniter.php(468): CodeIgniter\CodeIgniter->runController(Object(App\Controllers\Users\Members))
 5 SYSTEMPATH/CodeIgniter.php(351): CodeIgniter\CodeIgniter->handleRequest(null, Object(Config\Cache), false)
 6 FCPATH/index.php(55): CodeIgniter\CodeIgniter->run()
INFO - 2022-06-12 18:00:58 --> Session: Class initialized using 'CodeIgniter\Session\Handlers\FileHandler' driver.
ERROR - 2022-06-12 18:00:58 --> Unknown column 'viewkey' in 'field list'
CRITICAL - 2022-06-12 18:00:58 --> Unknown column 'viewkey' in 'field list'
in SYSTEMPATH/Database/MySQLi/Connection.php on line 292.
 1 SYSTEMPATH/Database/MySQLi/Connection.php(292): mysqli->query('SELECT `viewkey`
FROM `users`
WHERE `uploader` = \'MoonCat76\'', 0)
 2 SYSTEMPATH/Database/BaseConnection.php(678): CodeIgniter\Database\MySQLi\Connection->execute('SELECT `viewkey`
FROM `users`
WHERE `uploader` = \'MoonCat76\'')
 3 SYSTEMPATH/Database/BaseConnection.php(606): CodeIgniter\Database\BaseConnection->simpleQuery('SELECT `viewkey`
FROM `users`
WHERE `uploader` = \'MoonCat76\'')
 4 SYSTEMPATH/Database/BaseBuilder.php(1585): CodeIgniter\Database\BaseConnection->query('SELECT `viewkey`
FROM `users`
WHERE `uploader` = :uploader:', [...], false)
 5 APPPATH/Entities/User.php(66): CodeIgniter\Database\BaseBuilder->get()
 6 APPPATH/Models/Users/UserModel.php(104): App\Entities\User->setUploads('MoonCat76')
 7 APPPATH/Controllers/Users/Members.php(81): App\Models\users\UserModel->fillUserEntity('MoonCat76')
 8 SYSTEMPATH/CodeIgniter.php(898): App\Controllers\Users\Members->view_profile('MoonCat76')
 9 SYSTEMPATH/CodeIgniter.php(468): CodeIgniter\CodeIgniter->runController(Object(App\Controllers\Users\Members))
10 SYSTEMPATH/CodeIgniter.php(351): CodeIgniter\CodeIgniter->handleRequest(null, Object(Config\Cache), false)
11 FCPATH/index.php(55): CodeIgniter\CodeIgniter->run()
INFO - 2022-06-12 18:02:49 --> Session: Class initialized using 'CodeIgniter\Session\Handlers\FileHandler' driver.
INFO - 2022-06-12 18:02:52 --> Session: Class initialized using 'CodeIgniter\Session\Handlers\FileHandler' driver.
INFO - 2022-06-12 18:02:52 --> Session: Class initialized using 'CodeIgniter\Session\Handlers\FileHandler' driver.
INFO - 2022-06-12 18:02:54 --> Session: Class initialized using 'CodeIgniter\Session\Handlers\FileHandler' driver.
CRITICAL - 2022-06-12 18:02:54 --> Undefined array key 0
in SYSTEMPATH/Router/RouteCollection.php on line 1134.
 1 SYSTEMPATH/Router/RouteCollection.php(1134): CodeIgniter\Debug\Exceptions->errorHandler(2, 'Undefined array key 0', 'SYSTEMPATH/Router/RouteCollection.php', 1134)
 2 SYSTEMPATH/Router/RouteCollection.php(1001): CodeIgniter\Router\RouteCollection->fillRouteParams('images/view_image/([a-zA-Z0-9]+)', [])
 3 SYSTEMPATH/Common.php(913): CodeIgniter\Router\RouteCollection->reverseRoute('view_image')
 4 APPPATH/Views/users/members/profile.php(138): route_to('view_image')
 5 SYSTEMPATH/View/View.php(213): include('APPPATH/Views/users/members/profile.php')
 6 SYSTEMPATH/View/View.php(216): CodeIgniter\View\View->CodeIgniter\View\{closure}()
 7 SYSTEMPATH/Common.php(1135): CodeIgniter\View\View->render('users/members/profile', [], true)
 8 APPPATH/Controllers/Users/Members.php(89): view('users/members/profile', [...])
 9 SYSTEMPATH/CodeIgniter.php(898): App\Controllers\Users\Members->view_profile('Oceanna')
10 SYSTEMPATH/CodeIgniter.php(468): CodeIgniter\CodeIgniter->runController(Object(App\Controllers\Users\Members))
11 SYSTEMPATH/CodeIgniter.php(351): CodeIgniter\CodeIgniter->handleRequest(null, Object(Config\Cache), false)
12 FCPATH/index.php(55): CodeIgniter\CodeIgniter->run()
INFO - 2022-06-12 18:02:56 --> Session: Class initialized using 'CodeIgniter\Session\Handlers\FileHandler' driver.
INFO - 2022-06-12 18:02:57 --> Session: Class initialized using 'CodeIgniter\Session\Handlers\FileHandler' driver.
INFO - 2022-06-12 18:03:00 --> Session: Class initialized using 'CodeIgniter\Session\Handlers\FileHandler' driver.
INFO - 2022-06-12 18:03:01 --> Session: Class initialized using 'CodeIgniter\Session\Handlers\FileHandler' driver.
INFO - 2022-06-12 18:03:03 --> Session: Class initialized using 'CodeIgniter\Session\Handlers\FileHandler' driver.
CRITICAL - 2022-06-12 18:03:03 --> Undefined array key 0
in SYSTEMPATH/Router/RouteCollection.php on line 1134.
 1 SYSTEMPATH/Router/RouteCollection.php(1134): CodeIgniter\Debug\Exceptions->errorHandler(2, 'Undefined array key 0', 'SYSTEMPATH/Router/RouteCollection.php', 1134)
 2 SYSTEMPATH/Router/RouteCollection.php(1001): CodeIgniter\Router\RouteCollection->fillRouteParams('images/view_image/([a-zA-Z0-9]+)', [])
 3 SYSTEMPATH/Common.php(913): CodeIgniter\Router\RouteCollection->reverseRoute('view_image')
 4 APPPATH/Views/users/members/profile.php(138): route_to('view_image')
 5 SYSTEMPATH/View/View.php(213): include('APPPATH/Views/users/members/profile.php')
 6 SYSTEMPATH/View/View.php(216): CodeIgniter\View\View->CodeIgniter\View\{closure}()
 7 SYSTEMPATH/Common.php(1135): CodeIgniter\View\View->render('users/members/profile', [], true)
 8 APPPATH/Controllers/Users/Members.php(89): view('users/members/profile', [...])
 9 SYSTEMPATH/CodeIgniter.php(898): App\Controllers\Users\Members->view_profile('AgBRAT')
10 SYSTEMPATH/CodeIgniter.php(468): CodeIgniter\CodeIgniter->runController(Object(App\Controllers\Users\Members))
11 SYSTEMPATH/CodeIgniter.php(351): CodeIgniter\CodeIgniter->handleRequest(null, Object(Config\Cache), false)
12 FCPATH/index.php(55): CodeIgniter\CodeIgniter->run()
INFO - 2022-06-12 20:24:01 --> Session: Class initialized using 'CodeIgniter\Session\Handlers\FileHandler' driver.
INFO - 2022-06-12 20:24:01 --> Session: Class initialized using 'CodeIgniter\Session\Handlers\FileHandler' driver.
INFO - 2022-06-12 20:24:15 --> Session: Class initialized using 'CodeIgniter\Session\Handlers\FileHandler' driver.
INFO - 2022-06-12 20:24:15 --> CSRF token verified.
INFO - 2022-06-12 20:24:50 --> Session: Class initialized using 'CodeIgniter\Session\Handlers\FileHandler' driver.
INFO - 2022-06-12 20:24:50 --> CSRF token verified.
INFO - 2022-06-12 20:24:50 --> Session: Class initialized using 'CodeIgniter\Session\Handlers\FileHandler' driver.
INFO - 2022-06-12 20:24:54 --> Session: Class initialized using 'CodeIgniter\Session\Handlers\FileHandler' driver.
INFO - 2022-06-12 20:24:56 --> Session: Class initialized using 'CodeIgniter\Session\Handlers\FileHandler' driver.
CRITICAL - 2022-06-12 20:24:56 --> Undefined array key 0
in SYSTEMPATH/Router/RouteCollection.php on line 1134.
 1 SYSTEMPATH/Router/RouteCollection.php(1134): CodeIgniter\Debug\Exceptions->errorHandler(2, 'Undefined array key 0', 'SYSTEMPATH/Router/RouteCollection.php', 1134)
 2 SYSTEMPATH/Router/RouteCollection.php(1001): CodeIgniter\Router\RouteCollection->fillRouteParams('images/view_image/([a-zA-Z0-9]+)', [])
 3 SYSTEMPATH/Common.php(913): CodeIgniter\Router\RouteCollection->reverseRoute('view_image')
 4 APPPATH/Views/users/members/profile.php(138): route_to('view_image')
 5 SYSTEMPATH/View/View.php(213): include('APPPATH/Views/users/members/profile.php')
 6 SYSTEMPATH/View/View.php(216): CodeIgniter\View\View->CodeIgniter\View\{closure}()
 7 SYSTEMPATH/Common.php(1135): CodeIgniter\View\View->render('users/members/profile', [], true)
 8 APPPATH/Controllers/Users/Members.php(89): view('users/members/profile', [...])
 9 SYSTEMPATH/CodeIgniter.php(898): App\Controllers\Users\Members->view_profile('Oceanna')
10 SYSTEMPATH/CodeIgniter.php(468): CodeIgniter\CodeIgniter->runController(Object(App\Controllers\Users\Members))
11 SYSTEMPATH/CodeIgniter.php(351): CodeIgniter\CodeIgniter->handleRequest(null, Object(Config\Cache), false)
12 FCPATH/index.php(55): CodeIgniter\CodeIgniter->run()
INFO - 2022-06-12 20:24:59 --> Session: Class initialized using 'CodeIgniter\Session\Handlers\FileHandler' driver.
INFO - 2022-06-12 20:25:02 --> Session: Class initialized using 'CodeIgniter\Session\Handlers\FileHandler' driver.
CRITICAL - 2022-06-12 20:25:02 --> Undefined array key 0
in SYSTEMPATH/Router/RouteCollection.php on line 1134.
 1 SYSTEMPATH/Router/RouteCollection.php(1134): CodeIgniter\Debug\Exceptions->errorHandler(2, 'Undefined array key 0', 'SYSTEMPATH/Router/RouteCollection.php', 1134)
 2 SYSTEMPATH/Router/RouteCollection.php(1001): CodeIgniter\Router\RouteCollection->fillRouteParams('images/view_image/([a-zA-Z0-9]+)', [])
 3 SYSTEMPATH/Common.php(913): CodeIgniter\Router\RouteCollection->reverseRoute('view_image')
 4 APPPATH/Views/users/members/profile.php(138): route_to('view_image')
 5 SYSTEMPATH/View/View.php(213): include('APPPATH/Views/users/members/profile.php')
 6 SYSTEMPATH/View/View.php(216): CodeIgniter\View\View->CodeIgniter\View\{closure}()
 7 SYSTEMPATH/Common.php(1135): CodeIgniter\View\View->render('users/members/profile', [], true)
 8 APPPATH/Controllers/Users/Members.php(89): view('users/members/profile', [...])
 9 SYSTEMPATH/CodeIgniter.php(898): App\Controllers\Users\Members->view_profile('AgBRAT')
10 SYSTEMPATH/CodeIgniter.php(468): CodeIgniter\CodeIgniter->runController(Object(App\Controllers\Users\Members))
11 SYSTEMPATH/CodeIgniter.php(351): CodeIgniter\CodeIgniter->handleRequest(null, Object(Config\Cache), false)
12 FCPATH/index.php(55): CodeIgniter\CodeIgniter->run()
INFO - 2022-06-12 20:26:20 --> Session: Class initialized using 'CodeIgniter\Session\Handlers\FileHandler' driver.
INFO - 2022-06-12 20:26:24 --> Session: Class initialized using 'CodeIgniter\Session\Handlers\FileHandler' driver.
INFO - 2022-06-12 20:26:25 --> Session: Class initialized using 'CodeIgniter\Session\Handlers\FileHandler' driver.
INFO - 2022-06-12 20:26:30 --> Session: Class initialized using 'CodeIgniter\Session\Handlers\FileHandler' driver.
INFO - 2022-06-12 20:26:31 --> Session: Class initialized using 'CodeIgniter\Session\Handlers\FileHandler' driver.
INFO - 2022-06-12 20:26:33 --> Session: Class initialized using 'CodeIgniter\Session\Handlers\FileHandler' driver.
CRITICAL - 2022-06-12 20:26:33 --> Undefined array key 0
in SYSTEMPATH/Router/RouteCollection.php on line 1134.
 1 SYSTEMPATH/Router/RouteCollection.php(1134): CodeIgniter\Debug\Exceptions->errorHandler(2, 'Undefined array key 0', 'SYSTEMPATH/Router/RouteCollection.php', 1134)
 2 SYSTEMPATH/Router/RouteCollection.php(1001): CodeIgniter\Router\RouteCollection->fillRouteParams('images/view_image/([a-zA-Z0-9]+)', [])
 3 SYSTEMPATH/Common.php(913): CodeIgniter\Router\RouteCollection->reverseRoute('view_image')
 4 APPPATH/Views/users/members/profile.php(138): route_to('view_image')
 5 SYSTEMPATH/View/View.php(213): include('APPPATH/Views/users/members/profile.php')
 6 SYSTEMPATH/View/View.php(216): CodeIgniter\View\View->CodeIgniter\View\{closure}()
 7 SYSTEMPATH/Common.php(1135): CodeIgniter\View\View->render('users/members/profile', [], true)
 8 APPPATH/Controllers/Users/Members.php(89): view('users/members/profile', [...])
 9 SYSTEMPATH/CodeIgniter.php(898): App\Controllers\Users\Members->view_profile('AgBRAT')
10 SYSTEMPATH/CodeIgniter.php(468): CodeIgniter\CodeIgniter->runController(Object(App\Controllers\Users\Members))
11 SYSTEMPATH/CodeIgniter.php(351): CodeIgniter\CodeIgniter->handleRequest(null, Object(Config\Cache), false)
12 FCPATH/index.php(55): CodeIgniter\CodeIgniter->run()
INFO - 2022-06-12 20:27:08 --> Session: Class initialized using 'CodeIgniter\Session\Handlers\FileHandler' driver.
CRITICAL - 2022-06-12 20:27:08 --> Undefined array key 0
in SYSTEMPATH/Router/RouteCollection.php on line 1134.
 1 SYSTEMPATH/Router/RouteCollection.php(1134): CodeIgniter\Debug\Exceptions->errorHandler(2, 'Undefined array key 0', 'SYSTEMPATH/Router/RouteCollection.php', 1134)
 2 SYSTEMPATH/Router/RouteCollection.php(1001): CodeIgniter\Router\RouteCollection->fillRouteParams('images/view_image/([a-zA-Z0-9]+)', [])
 3 SYSTEMPATH/Common.php(913): CodeIgniter\Router\RouteCollection->reverseRoute('view_image')
 4 APPPATH/Views/users/members/profile.php(138): route_to('view_image')
 5 SYSTEMPATH/View/View.php(213): include('APPPATH/Views/users/members/profile.php')
 6 SYSTEMPATH/View/View.php(216): CodeIgniter\View\View->CodeIgniter\View\{closure}()
 7 SYSTEMPATH/Common.php(1135): CodeIgniter\View\View->render('users/members/profile', [], true)
 8 APPPATH/Controllers/Users/Members.php(89): view('users/members/profile', [...])
 9 SYSTEMPATH/CodeIgniter.php(898): App\Controllers\Users\Members->view_profile('AgBRAT')
10 SYSTEMPATH/CodeIgniter.php(468): CodeIgniter\CodeIgniter->runController(Object(App\Controllers\Users\Members))
11 SYSTEMPATH/CodeIgniter.php(351): CodeIgniter\CodeIgniter->handleRequest(null, Object(Config\Cache), false)
12 FCPATH/index.php(55): CodeIgniter\CodeIgniter->run()
INFO - 2022-06-12 20:27:12 --> Session: Class initialized using 'CodeIgniter\Session\Handlers\FileHandler' driver.
INFO - 2022-06-12 20:27:13 --> Session: Class initialized using 'CodeIgniter\Session\Handlers\FileHandler' driver.
INFO - 2022-06-12 20:27:15 --> Session: Class initialized using 'CodeIgniter\Session\Handlers\FileHandler' driver.
CRITICAL - 2022-06-12 20:27:15 --> Undefined array key 0
in SYSTEMPATH/Router/RouteCollection.php on line 1134.
 1 SYSTEMPATH/Router/RouteCollection.php(1134): CodeIgniter\Debug\Exceptions->errorHandler(2, 'Undefined array key 0', 'SYSTEMPATH/Router/RouteCollection.php', 1134)
 2 SYSTEMPATH/Router/RouteCollection.php(1001): CodeIgniter\Router\RouteCollection->fillRouteParams('images/view_image/([a-zA-Z0-9]+)', [])
 3 SYSTEMPATH/Common.php(913): CodeIgniter\Router\RouteCollection->reverseRoute('view_image')
 4 APPPATH/Views/users/members/profile.php(138): route_to('view_image')
 5 SYSTEMPATH/View/View.php(213): include('APPPATH/Views/users/members/profile.php')
 6 SYSTEMPATH/View/View.php(216): CodeIgniter\View\View->CodeIgniter\View\{closure}()
 7 SYSTEMPATH/Common.php(1135): CodeIgniter\View\View->render('users/members/profile', [], true)
 8 APPPATH/Controllers/Users/Members.php(89): view('users/members/profile', [...])
 9 SYSTEMPATH/CodeIgniter.php(898): App\Controllers\Users\Members->view_profile('AgBRAT')
10 SYSTEMPATH/CodeIgniter.php(468): CodeIgniter\CodeIgniter->runController(Object(App\Controllers\Users\Members))
11 SYSTEMPATH/CodeIgniter.php(351): CodeIgniter\CodeIgniter->handleRequest(null, Object(Config\Cache), false)
12 FCPATH/index.php(55): CodeIgniter\CodeIgniter->run()
INFO - 2022-06-12 20:31:54 --> Session: Class initialized using 'CodeIgniter\Session\Handlers\FileHandler' driver.
INFO - 2022-06-12 20:31:55 --> Session: Class initialized using 'CodeIgniter\Session\Handlers\FileHandler' driver.
INFO - 2022-06-12 20:31:58 --> Session: Class initialized using 'CodeIgniter\Session\Handlers\FileHandler' driver.
CRITICAL - 2022-06-12 20:31:58 --> Undefined array key 0
in SYSTEMPATH/Router/RouteCollection.php on line 1134.
 1 SYSTEMPATH/Router/RouteCollection.php(1134): CodeIgniter\Debug\Exceptions->errorHandler(2, 'Undefined array key 0', 'SYSTEMPATH/Router/RouteCollection.php', 1134)
 2 SYSTEMPATH/Router/RouteCollection.php(1001): CodeIgniter\Router\RouteCollection->fillRouteParams('images/view_image/([a-zA-Z0-9]+)', [])
 3 SYSTEMPATH/Common.php(913): CodeIgniter\Router\RouteCollection->reverseRoute('view_image')
 4 APPPATH/Views/users/members/profile.php(138): route_to('view_image')
 5 SYSTEMPATH/View/View.php(213): include('APPPATH/Views/users/members/profile.php')
 6 SYSTEMPATH/View/View.php(216): CodeIgniter\View\View->CodeIgniter\View\{closure}()
 7 SYSTEMPATH/Common.php(1135): CodeIgniter\View\View->render('users/members/profile', [], true)
 8 APPPATH/Controllers/Users/Members.php(89): view('users/members/profile', [...])
 9 SYSTEMPATH/CodeIgniter.php(898): App\Controllers\Users\Members->view_profile('AgBRAT')
10 SYSTEMPATH/CodeIgniter.php(468): CodeIgniter\CodeIgniter->runController(Object(App\Controllers\Users\Members))
11 SYSTEMPATH/CodeIgniter.php(351): CodeIgniter\CodeIgniter->handleRequest(null, Object(Config\Cache), false)
12 FCPATH/index.php(55): CodeIgniter\CodeIgniter->run()
