INFO - 2022-06-14 00:00:00 --> Session: Class initialized using 'CodeIgniter\Session\Handlers\FileHandler' driver.
INFO - 2022-06-14 00:00:00 --> CSRF token verified.
INFO - 2022-06-14 00:00:03 --> Session: Class initialized using 'CodeIgniter\Session\Handlers\FileHandler' driver.
INFO - 2022-06-14 00:00:03 --> Session: Class initialized using 'CodeIgniter\Session\Handlers\FileHandler' driver.
INFO - 2022-06-14 00:00:03 --> CSRF token verified.
INFO - 2022-06-14 00:00:54 --> Session: Class initialized using 'CodeIgniter\Session\Handlers\FileHandler' driver.
INFO - 2022-06-14 00:00:54 --> CSRF token verified.
INFO - 2022-06-14 00:08:58 --> Session: Class initialized using 'CodeIgniter\Session\Handlers\FileHandler' driver.
INFO - 2022-06-14 00:08:58 --> Session: Class initialized using 'CodeIgniter\Session\Handlers\FileHandler' driver.
INFO - 2022-06-14 00:08:58 --> CSRF token verified.
CRITICAL - 2022-06-14 00:08:58 --> App\Models\Images\ActionModel::getActions(): Argument #1 ($viewkey) must be of type array, string given, called in /Users/nykianderson/Sites/shape_search/app/Models/Images/ActionModel.php on line 173
in APPPATH/Models/Images/ActionModel.php on line 176.
 1 APPPATH/Models/Images/ActionModel.php(173): App\Models\Images\ActionModel->getActions('62753a7d27e29')
 2 APPPATH/Controllers/Images/Gallery.php(64): App\Models\Images\ActionModel->insertAction([...])
 3 SYSTEMPATH/CodeIgniter.php(898): App\Controllers\images\Gallery->view_image('62753a7d27e29')
 4 SYSTEMPATH/CodeIgniter.php(468): CodeIgniter\CodeIgniter->runController(Object(App\Controllers\images\Gallery))
 5 SYSTEMPATH/CodeIgniter.php(351): CodeIgniter\CodeIgniter->handleRequest(null, Object(Config\Cache), false)
 6 FCPATH/index.php(55): CodeIgniter\CodeIgniter->run()
INFO - 2022-06-14 00:09:14 --> Session: Class initialized using 'CodeIgniter\Session\Handlers\FileHandler' driver.
INFO - 2022-06-14 00:09:14 --> Session: Class initialized using 'CodeIgniter\Session\Handlers\FileHandler' driver.
INFO - 2022-06-14 00:09:14 --> CSRF token verified.
CRITICAL - 2022-06-14 00:09:14 --> Cannot use object of type App\Entities\Image as array
in APPPATH/Models/Images/ActionModel.php on line 185.
 1 APPPATH/Models/Images/ActionModel.php(173): App\Models\Images\ActionModel->getActions('62753a7d27e29')
 2 APPPATH/Controllers/Images/Gallery.php(64): App\Models\Images\ActionModel->insertAction([...])
 3 SYSTEMPATH/CodeIgniter.php(898): App\Controllers\images\Gallery->view_image('62753a7d27e29')
 4 SYSTEMPATH/CodeIgniter.php(468): CodeIgniter\CodeIgniter->runController(Object(App\Controllers\images\Gallery))
 5 SYSTEMPATH/CodeIgniter.php(351): CodeIgniter\CodeIgniter->handleRequest(null, Object(Config\Cache), false)
 6 FCPATH/index.php(55): CodeIgniter\CodeIgniter->run()
INFO - 2022-06-14 00:09:52 --> Session: Class initialized using 'CodeIgniter\Session\Handlers\FileHandler' driver.
INFO - 2022-06-14 00:09:53 --> Session: Class initialized using 'CodeIgniter\Session\Handlers\FileHandler' driver.
INFO - 2022-06-14 00:09:53 --> CSRF token verified.
INFO - 2022-06-14 00:09:55 --> Session: Class initialized using 'CodeIgniter\Session\Handlers\FileHandler' driver.
INFO - 2022-06-14 00:09:55 --> CSRF token verified.
INFO - 2022-06-14 00:10:02 --> Session: Class initialized using 'CodeIgniter\Session\Handlers\FileHandler' driver.
INFO - 2022-06-14 00:10:02 --> Session: Class initialized using 'CodeIgniter\Session\Handlers\FileHandler' driver.
INFO - 2022-06-14 00:10:02 --> CSRF token verified.
INFO - 2022-06-14 00:17:38 --> Session: Class initialized using 'CodeIgniter\Session\Handlers\FileHandler' driver.
INFO - 2022-06-14 00:17:38 --> Session: Class initialized using 'CodeIgniter\Session\Handlers\FileHandler' driver.
INFO - 2022-06-14 00:17:38 --> CSRF token verified.
CRITICAL - 2022-06-14 00:17:38 --> Undefined variable $input
in APPPATH/Models/Images/ActionModel.php on line 49.
 1 APPPATH/Models/Images/ActionModel.php(49): CodeIgniter\Debug\Exceptions->errorHandler(2, 'Undefined variable $input', 'APPPATH/Models/Images/ActionModel.php', 49)
 2 APPPATH/Controllers/Images/Gallery.php(64): App\Models\Images\ActionModel->insertAction([...])
 3 SYSTEMPATH/CodeIgniter.php(898): App\Controllers\images\Gallery->view_image('62753a7d27e29')
 4 SYSTEMPATH/CodeIgniter.php(468): CodeIgniter\CodeIgniter->runController(Object(App\Controllers\images\Gallery))
 5 SYSTEMPATH/CodeIgniter.php(351): CodeIgniter\CodeIgniter->handleRequest(null, Object(Config\Cache), false)
 6 FCPATH/index.php(55): CodeIgniter\CodeIgniter->run()
INFO - 2022-06-14 00:17:59 --> Session: Class initialized using 'CodeIgniter\Session\Handlers\FileHandler' driver.
INFO - 2022-06-14 00:17:59 --> Session: Class initialized using 'CodeIgniter\Session\Handlers\FileHandler' driver.
INFO - 2022-06-14 00:17:59 --> CSRF token verified.
ERROR - 2022-06-14 00:17:59 --> Column 'modified_at' cannot be null
CRITICAL - 2022-06-14 00:17:59 --> Column 'modified_at' cannot be null
in SYSTEMPATH/Database/MySQLi/Connection.php on line 292.
 1 SYSTEMPATH/Database/MySQLi/Connection.php(292): mysqli->query('UPDATE `actions` SET `modified_at` = NULL
WHERE `username` = \'Lilyheimer\'
AND `action` = 2
AND `viewkey` = \'62753a7d27e29\'', 0)
 2 SYSTEMPATH/Database/BaseConnection.php(678): CodeIgniter\Database\MySQLi\Connection->execute('UPDATE `actions` SET `modified_at` = NULL
WHERE `username` = \'Lilyheimer\'
AND `action` = 2
AND `viewkey` = \'62753a7d27e29\'')
 3 SYSTEMPATH/Database/BaseConnection.php(606): CodeIgniter\Database\BaseConnection->simpleQuery('UPDATE `actions` SET `modified_at` = NULL
WHERE `username` = \'Lilyheimer\'
AND `action` = 2
AND `viewkey` = \'62753a7d27e29\'')
 4 SYSTEMPATH/Database/BaseBuilder.php(2046): CodeIgniter\Database\BaseConnection->query('UPDATE `actions` SET `modified_at` = :modified_at:
WHERE `username` = :username:
AND `action` = :action:
AND `viewkey` = :viewkey:', [...], false)
 5 APPPATH/Models/Images/ActionModel.php(142): CodeIgniter\Database\BaseBuilder->update()
 6 APPPATH/Controllers/Images/Gallery.php(64): App\Models\Images\ActionModel->insertAction([...])
 7 SYSTEMPATH/CodeIgniter.php(898): App\Controllers\images\Gallery->view_image('62753a7d27e29')
 8 SYSTEMPATH/CodeIgniter.php(468): CodeIgniter\CodeIgniter->runController(Object(App\Controllers\images\Gallery))
 9 SYSTEMPATH/CodeIgniter.php(351): CodeIgniter\CodeIgniter->handleRequest(null, Object(Config\Cache), false)
10 FCPATH/index.php(55): CodeIgniter\CodeIgniter->run()
INFO - 2022-06-14 00:18:26 --> Session: Class initialized using 'CodeIgniter\Session\Handlers\FileHandler' driver.
INFO - 2022-06-14 00:18:26 --> Session: Class initialized using 'CodeIgniter\Session\Handlers\FileHandler' driver.
INFO - 2022-06-14 00:18:26 --> CSRF token verified.
INFO - 2022-06-14 00:18:28 --> Session: Class initialized using 'CodeIgniter\Session\Handlers\FileHandler' driver.
INFO - 2022-06-14 00:18:28 --> CSRF token verified.
INFO - 2022-06-14 00:18:30 --> Session: Class initialized using 'CodeIgniter\Session\Handlers\FileHandler' driver.
INFO - 2022-06-14 00:18:30 --> Session: Class initialized using 'CodeIgniter\Session\Handlers\FileHandler' driver.
INFO - 2022-06-14 00:18:30 --> CSRF token verified.
INFO - 2022-06-14 00:21:09 --> Session: Class initialized using 'CodeIgniter\Session\Handlers\FileHandler' driver.
INFO - 2022-06-14 00:21:09 --> Session: Class initialized using 'CodeIgniter\Session\Handlers\FileHandler' driver.
INFO - 2022-06-14 00:21:09 --> CSRF token verified.
INFO - 2022-06-14 00:21:20 --> Session: Class initialized using 'CodeIgniter\Session\Handlers\FileHandler' driver.
INFO - 2022-06-14 00:21:20 --> CSRF token verified.
INFO - 2022-06-14 00:21:31 --> Session: Class initialized using 'CodeIgniter\Session\Handlers\FileHandler' driver.
INFO - 2022-06-14 00:21:31 --> Session: Class initialized using 'CodeIgniter\Session\Handlers\FileHandler' driver.
INFO - 2022-06-14 00:21:31 --> CSRF token verified.
INFO - 2022-06-14 00:22:13 --> Session: Class initialized using 'CodeIgniter\Session\Handlers\FileHandler' driver.
INFO - 2022-06-14 00:22:13 --> Session: Class initialized using 'CodeIgniter\Session\Handlers\FileHandler' driver.
INFO - 2022-06-14 00:22:13 --> CSRF token verified.
INFO - 2022-06-14 00:22:15 --> Session: Class initialized using 'CodeIgniter\Session\Handlers\FileHandler' driver.
INFO - 2022-06-14 00:22:15 --> CSRF token verified.
INFO - 2022-06-14 00:22:16 --> Session: Class initialized using 'CodeIgniter\Session\Handlers\FileHandler' driver.
INFO - 2022-06-14 00:22:16 --> CSRF token verified.
INFO - 2022-06-14 00:22:36 --> Session: Class initialized using 'CodeIgniter\Session\Handlers\FileHandler' driver.
INFO - 2022-06-14 00:22:38 --> Session: Class initialized using 'CodeIgniter\Session\Handlers\FileHandler' driver.
INFO - 2022-06-14 00:22:41 --> Session: Class initialized using 'CodeIgniter\Session\Handlers\FileHandler' driver.
INFO - 2022-06-14 00:22:41 --> Session: Class initialized using 'CodeIgniter\Session\Handlers\FileHandler' driver.
INFO - 2022-06-14 00:22:41 --> CSRF token verified.
INFO - 2022-06-14 00:22:47 --> Session: Class initialized using 'CodeIgniter\Session\Handlers\FileHandler' driver.
INFO - 2022-06-14 00:22:47 --> Session: Class initialized using 'CodeIgniter\Session\Handlers\FileHandler' driver.
INFO - 2022-06-14 00:22:47 --> CSRF token verified.
INFO - 2022-06-14 00:24:54 --> Session: Class initialized using 'CodeIgniter\Session\Handlers\FileHandler' driver.
INFO - 2022-06-14 00:24:54 --> CSRF token verified.
INFO - 2022-06-14 00:24:58 --> Session: Class initialized using 'CodeIgniter\Session\Handlers\FileHandler' driver.
INFO - 2022-06-14 00:24:58 --> CSRF token verified.
INFO - 2022-06-14 00:25:00 --> Session: Class initialized using 'CodeIgniter\Session\Handlers\FileHandler' driver.
INFO - 2022-06-14 00:25:00 --> CSRF token verified.
INFO - 2022-06-14 00:25:00 --> Session: Class initialized using 'CodeIgniter\Session\Handlers\FileHandler' driver.
INFO - 2022-06-14 00:25:00 --> CSRF token verified.
INFO - 2022-06-14 00:25:57 --> Session: Class initialized using 'CodeIgniter\Session\Handlers\FileHandler' driver.
INFO - 2022-06-14 00:25:58 --> Session: Class initialized using 'CodeIgniter\Session\Handlers\FileHandler' driver.
INFO - 2022-06-14 00:25:58 --> CSRF token verified.
ERROR - 2022-06-14 00:25:58 --> Field 'viewkey' doesn't have a default value
CRITICAL - 2022-06-14 00:25:58 --> Field 'viewkey' doesn't have a default value
in SYSTEMPATH/Database/MySQLi/Connection.php on line 292.
 1 SYSTEMPATH/Database/MySQLi/Connection.php(292): mysqli->query('REPLACE INTO `actions` (`modified_at`) VALUES (\'2022-06-14 00:25:58\')', 0)
 2 SYSTEMPATH/Database/BaseConnection.php(678): CodeIgniter\Database\MySQLi\Connection->execute('REPLACE INTO `actions` (`modified_at`) VALUES (\'2022-06-14 00:25:58\')')
 3 SYSTEMPATH/Database/BaseConnection.php(606): CodeIgniter\Database\BaseConnection->simpleQuery('REPLACE INTO `actions` (`modified_at`) VALUES (\'2022-06-14 00:25:58\')')
 4 SYSTEMPATH/Database/BaseBuilder.php(1970): CodeIgniter\Database\BaseConnection->query('REPLACE INTO `actions` (`modified_at`) VALUES (:modified_at:)', [...], false)
 5 APPPATH/Models/Images/ActionModel.php(142): CodeIgniter\Database\BaseBuilder->replace()
 6 APPPATH/Controllers/Images/Gallery.php(64): App\Models\Images\ActionModel->insertAction([...])
 7 SYSTEMPATH/CodeIgniter.php(898): App\Controllers\images\Gallery->view_image('62146ac6ed2f0')
 8 SYSTEMPATH/CodeIgniter.php(468): CodeIgniter\CodeIgniter->runController(Object(App\Controllers\images\Gallery))
 9 SYSTEMPATH/CodeIgniter.php(351): CodeIgniter\CodeIgniter->handleRequest(null, Object(Config\Cache), false)
10 FCPATH/index.php(55): CodeIgniter\CodeIgniter->run()
INFO - 2022-06-14 00:26:42 --> Session: Class initialized using 'CodeIgniter\Session\Handlers\FileHandler' driver.
INFO - 2022-06-14 00:26:43 --> Session: Class initialized using 'CodeIgniter\Session\Handlers\FileHandler' driver.
INFO - 2022-06-14 00:26:43 --> CSRF token verified.
CRITICAL - 2022-06-14 00:26:43 --> You must use the "set" method to update an entry.
in SYSTEMPATH/Database/BaseBuilder.php on line 1958.
 1 APPPATH/Models/Images/ActionModel.php(139): CodeIgniter\Database\BaseBuilder->replace()
 2 APPPATH/Controllers/Images/Gallery.php(64): App\Models\Images\ActionModel->insertAction([...])
 3 SYSTEMPATH/CodeIgniter.php(898): App\Controllers\images\Gallery->view_image('62146ac6ed2f0')
 4 SYSTEMPATH/CodeIgniter.php(468): CodeIgniter\CodeIgniter->runController(Object(App\Controllers\images\Gallery))
 5 SYSTEMPATH/CodeIgniter.php(351): CodeIgniter\CodeIgniter->handleRequest(null, Object(Config\Cache), false)
 6 FCPATH/index.php(55): CodeIgniter\CodeIgniter->run()
INFO - 2022-06-14 00:27:31 --> Session: Class initialized using 'CodeIgniter\Session\Handlers\FileHandler' driver.
INFO - 2022-06-14 00:27:31 --> Session: Class initialized using 'CodeIgniter\Session\Handlers\FileHandler' driver.
INFO - 2022-06-14 00:27:31 --> CSRF token verified.
INFO - 2022-06-14 00:27:33 --> Session: Class initialized using 'CodeIgniter\Session\Handlers\FileHandler' driver.
INFO - 2022-06-14 00:27:33 --> CSRF token verified.
INFO - 2022-06-14 00:27:34 --> Session: Class initialized using 'CodeIgniter\Session\Handlers\FileHandler' driver.
INFO - 2022-06-14 00:27:34 --> CSRF token verified.
INFO - 2022-06-14 00:27:36 --> Session: Class initialized using 'CodeIgniter\Session\Handlers\FileHandler' driver.
INFO - 2022-06-14 00:27:36 --> CSRF token verified.
INFO - 2022-06-14 00:27:51 --> Session: Class initialized using 'CodeIgniter\Session\Handlers\FileHandler' driver.
INFO - 2022-06-14 00:27:51 --> Session: Class initialized using 'CodeIgniter\Session\Handlers\FileHandler' driver.
INFO - 2022-06-14 00:27:51 --> CSRF token verified.
INFO - 2022-06-14 00:28:25 --> Session: Class initialized using 'CodeIgniter\Session\Handlers\FileHandler' driver.
INFO - 2022-06-14 00:28:26 --> Session: Class initialized using 'CodeIgniter\Session\Handlers\FileHandler' driver.
INFO - 2022-06-14 00:28:26 --> CSRF token verified.
INFO - 2022-06-14 00:29:28 --> Session: Class initialized using 'CodeIgniter\Session\Handlers\FileHandler' driver.
INFO - 2022-06-14 00:29:28 --> Session: Class initialized using 'CodeIgniter\Session\Handlers\FileHandler' driver.
INFO - 2022-06-14 00:29:28 --> CSRF token verified.
INFO - 2022-06-14 00:29:30 --> Session: Class initialized using 'CodeIgniter\Session\Handlers\FileHandler' driver.
INFO - 2022-06-14 00:29:30 --> Session: Class initialized using 'CodeIgniter\Session\Handlers\FileHandler' driver.
INFO - 2022-06-14 00:29:30 --> CSRF token verified.
INFO - 2022-06-14 00:30:49 --> Session: Class initialized using 'CodeIgniter\Session\Handlers\FileHandler' driver.
INFO - 2022-06-14 00:30:50 --> Session: Class initialized using 'CodeIgniter\Session\Handlers\FileHandler' driver.
INFO - 2022-06-14 00:30:50 --> CSRF token verified.
INFO - 2022-06-14 00:30:51 --> Session: Class initialized using 'CodeIgniter\Session\Handlers\FileHandler' driver.
INFO - 2022-06-14 00:30:51 --> CSRF token verified.
INFO - 2022-06-14 00:30:52 --> Session: Class initialized using 'CodeIgniter\Session\Handlers\FileHandler' driver.
INFO - 2022-06-14 00:30:52 --> CSRF token verified.
CRITICAL - 2022-06-14 00:30:52 --> Call to undefined function App\Models\Images\set()
in APPPATH/Models/Images/ActionModel.php on line 72.
 1 APPPATH/Controllers/Images/Gallery.php(64): App\Models\Images\ActionModel->insertAction([...])
 2 SYSTEMPATH/CodeIgniter.php(898): App\Controllers\images\Gallery->view_image('62146ac6ed2f0')
 3 SYSTEMPATH/CodeIgniter.php(468): CodeIgniter\CodeIgniter->runController(Object(App\Controllers\images\Gallery))
 4 SYSTEMPATH/CodeIgniter.php(351): CodeIgniter\CodeIgniter->handleRequest(null, Object(Config\Cache), false)
 5 FCPATH/index.php(55): CodeIgniter\CodeIgniter->run()
INFO - 2022-06-14 00:31:20 --> Session: Class initialized using 'CodeIgniter\Session\Handlers\FileHandler' driver.
INFO - 2022-06-14 00:31:20 --> Session: Class initialized using 'CodeIgniter\Session\Handlers\FileHandler' driver.
INFO - 2022-06-14 00:31:20 --> CSRF token verified.
INFO - 2022-06-14 00:31:22 --> Session: Class initialized using 'CodeIgniter\Session\Handlers\FileHandler' driver.
INFO - 2022-06-14 00:31:22 --> CSRF token verified.
INFO - 2022-06-14 00:31:25 --> Session: Class initialized using 'CodeIgniter\Session\Handlers\FileHandler' driver.
INFO - 2022-06-14 00:31:25 --> Session: Class initialized using 'CodeIgniter\Session\Handlers\FileHandler' driver.
INFO - 2022-06-14 00:31:25 --> CSRF token verified.
INFO - 2022-06-14 00:31:26 --> Session: Class initialized using 'CodeIgniter\Session\Handlers\FileHandler' driver.
INFO - 2022-06-14 00:31:26 --> CSRF token verified.
INFO - 2022-06-14 00:32:13 --> Session: Class initialized using 'CodeIgniter\Session\Handlers\FileHandler' driver.
INFO - 2022-06-14 00:32:13 --> Session: Class initialized using 'CodeIgniter\Session\Handlers\FileHandler' driver.
INFO - 2022-06-14 00:32:13 --> CSRF token verified.
INFO - 2022-06-14 00:32:14 --> Session: Class initialized using 'CodeIgniter\Session\Handlers\FileHandler' driver.
INFO - 2022-06-14 00:32:14 --> CSRF token verified.
INFO - 2022-06-14 00:32:16 --> Session: Class initialized using 'CodeIgniter\Session\Handlers\FileHandler' driver.
INFO - 2022-06-14 00:32:16 --> CSRF token verified.
INFO - 2022-06-14 00:32:17 --> Session: Class initialized using 'CodeIgniter\Session\Handlers\FileHandler' driver.
INFO - 2022-06-14 00:32:17 --> CSRF token verified.
INFO - 2022-06-14 00:32:20 --> Session: Class initialized using 'CodeIgniter\Session\Handlers\FileHandler' driver.
INFO - 2022-06-14 00:32:20 --> CSRF token verified.
INFO - 2022-06-14 00:34:14 --> Session: Class initialized using 'CodeIgniter\Session\Handlers\FileHandler' driver.
INFO - 2022-06-14 00:34:14 --> Session: Class initialized using 'CodeIgniter\Session\Handlers\FileHandler' driver.
INFO - 2022-06-14 00:34:14 --> CSRF token verified.
INFO - 2022-06-14 00:34:16 --> Session: Class initialized using 'CodeIgniter\Session\Handlers\FileHandler' driver.
INFO - 2022-06-14 00:34:16 --> CSRF token verified.
INFO - 2022-06-14 00:34:18 --> Session: Class initialized using 'CodeIgniter\Session\Handlers\FileHandler' driver.
INFO - 2022-06-14 00:34:18 --> CSRF token verified.
INFO - 2022-06-14 00:34:20 --> Session: Class initialized using 'CodeIgniter\Session\Handlers\FileHandler' driver.
INFO - 2022-06-14 00:34:20 --> CSRF token verified.
INFO - 2022-06-14 00:34:22 --> Session: Class initialized using 'CodeIgniter\Session\Handlers\FileHandler' driver.
INFO - 2022-06-14 00:34:22 --> CSRF token verified.
INFO - 2022-06-14 00:34:23 --> Session: Class initialized using 'CodeIgniter\Session\Handlers\FileHandler' driver.
INFO - 2022-06-14 00:34:23 --> CSRF token verified.
INFO - 2022-06-14 00:35:19 --> Session: Class initialized using 'CodeIgniter\Session\Handlers\FileHandler' driver.
INFO - 2022-06-14 00:35:19 --> Session: Class initialized using 'CodeIgniter\Session\Handlers\FileHandler' driver.
INFO - 2022-06-14 00:35:19 --> CSRF token verified.
INFO - 2022-06-14 00:35:21 --> Session: Class initialized using 'CodeIgniter\Session\Handlers\FileHandler' driver.
INFO - 2022-06-14 00:35:21 --> CSRF token verified.
INFO - 2022-06-14 00:35:23 --> Session: Class initialized using 'CodeIgniter\Session\Handlers\FileHandler' driver.
INFO - 2022-06-14 00:35:23 --> CSRF token verified.
INFO - 2022-06-14 00:35:24 --> Session: Class initialized using 'CodeIgniter\Session\Handlers\FileHandler' driver.
INFO - 2022-06-14 00:35:24 --> CSRF token verified.
INFO - 2022-06-14 00:40:24 --> Session: Class initialized using 'CodeIgniter\Session\Handlers\FileHandler' driver.
CRITICAL - 2022-06-14 00:40:24 --> syntax error, unexpected token "break", expecting ";"
in APPPATH/Models/Images/ActionModel.php on line 79.
 1 SYSTEMPATH/Autoloader/Autoloader.php(261): CodeIgniter\Autoloader\Autoloader->includeFile('APPPATH/Models/Images/ActionModel.php')
 2 SYSTEMPATH/Autoloader/Autoloader.php(239): CodeIgniter\Autoloader\Autoloader->loadInNamespace('App\\Models\\Images\\ActionModel')
 3 APPPATH/Controllers/Images/Gallery.php(22): CodeIgniter\Autoloader\Autoloader->loadClass('App\\Models\\Images\\ActionModel')
 4 SYSTEMPATH/CodeIgniter.php(860): App\Controllers\images\Gallery->__construct()
 5 SYSTEMPATH/CodeIgniter.php(459): CodeIgniter\CodeIgniter->createController()
 6 SYSTEMPATH/CodeIgniter.php(351): CodeIgniter\CodeIgniter->handleRequest(null, Object(Config\Cache), false)
 7 FCPATH/index.php(55): CodeIgniter\CodeIgniter->run()
INFO - 2022-06-14 00:40:45 --> Session: Class initialized using 'CodeIgniter\Session\Handlers\FileHandler' driver.
INFO - 2022-06-14 00:40:46 --> Session: Class initialized using 'CodeIgniter\Session\Handlers\FileHandler' driver.
INFO - 2022-06-14 00:40:46 --> CSRF token verified.
INFO - 2022-06-14 00:40:48 --> Session: Class initialized using 'CodeIgniter\Session\Handlers\FileHandler' driver.
INFO - 2022-06-14 00:40:48 --> CSRF token verified.
CRITICAL - 2022-06-14 00:40:48 --> Call to undefined method App\Entities\Image::userDisliked()
in APPPATH/Models/Images/ActionModel.php on line 98.
 1 APPPATH/Controllers/Images/Gallery.php(64): App\Models\Images\ActionModel->insertAction([...])
 2 SYSTEMPATH/CodeIgniter.php(898): App\Controllers\images\Gallery->view_image('62146ac6ed2f0')
 3 SYSTEMPATH/CodeIgniter.php(468): CodeIgniter\CodeIgniter->runController(Object(App\Controllers\images\Gallery))
 4 SYSTEMPATH/CodeIgniter.php(351): CodeIgniter\CodeIgniter->handleRequest(null, Object(Config\Cache), false)
 5 FCPATH/index.php(55): CodeIgniter\CodeIgniter->run()
INFO - 2022-06-14 00:41:35 --> Session: Class initialized using 'CodeIgniter\Session\Handlers\FileHandler' driver.
INFO - 2022-06-14 00:41:36 --> Session: Class initialized using 'CodeIgniter\Session\Handlers\FileHandler' driver.
INFO - 2022-06-14 00:41:36 --> CSRF token verified.
INFO - 2022-06-14 00:41:37 --> Session: Class initialized using 'CodeIgniter\Session\Handlers\FileHandler' driver.
INFO - 2022-06-14 00:41:37 --> CSRF token verified.
INFO - 2022-06-14 00:41:38 --> Session: Class initialized using 'CodeIgniter\Session\Handlers\FileHandler' driver.
INFO - 2022-06-14 00:41:38 --> CSRF token verified.
INFO - 2022-06-14 00:41:40 --> Session: Class initialized using 'CodeIgniter\Session\Handlers\FileHandler' driver.
INFO - 2022-06-14 00:41:40 --> CSRF token verified.
INFO - 2022-06-14 00:44:59 --> Session: Class initialized using 'CodeIgniter\Session\Handlers\FileHandler' driver.
INFO - 2022-06-14 00:44:59 --> Session: Class initialized using 'CodeIgniter\Session\Handlers\FileHandler' driver.
INFO - 2022-06-14 00:44:59 --> CSRF token verified.
INFO - 2022-06-14 00:45:01 --> Session: Class initialized using 'CodeIgniter\Session\Handlers\FileHandler' driver.
INFO - 2022-06-14 00:45:01 --> CSRF token verified.
INFO - 2022-06-14 00:45:02 --> Session: Class initialized using 'CodeIgniter\Session\Handlers\FileHandler' driver.
INFO - 2022-06-14 00:45:02 --> CSRF token verified.
INFO - 2022-06-14 00:45:03 --> Session: Class initialized using 'CodeIgniter\Session\Handlers\FileHandler' driver.
INFO - 2022-06-14 00:45:03 --> CSRF token verified.
INFO - 2022-06-14 00:45:40 --> Session: Class initialized using 'CodeIgniter\Session\Handlers\FileHandler' driver.
INFO - 2022-06-14 00:45:40 --> Session: Class initialized using 'CodeIgniter\Session\Handlers\FileHandler' driver.
INFO - 2022-06-14 00:45:40 --> CSRF token verified.
INFO - 2022-06-14 00:45:44 --> Session: Class initialized using 'CodeIgniter\Session\Handlers\FileHandler' driver.
INFO - 2022-06-14 00:45:44 --> CSRF token verified.
INFO - 2022-06-14 00:45:45 --> Session: Class initialized using 'CodeIgniter\Session\Handlers\FileHandler' driver.
INFO - 2022-06-14 00:45:45 --> CSRF token verified.
INFO - 2022-06-14 00:45:46 --> Session: Class initialized using 'CodeIgniter\Session\Handlers\FileHandler' driver.
INFO - 2022-06-14 00:45:46 --> CSRF token verified.
INFO - 2022-06-14 00:45:47 --> Session: Class initialized using 'CodeIgniter\Session\Handlers\FileHandler' driver.
INFO - 2022-06-14 00:45:47 --> CSRF token verified.
INFO - 2022-06-14 01:06:00 --> Session: Class initialized using 'CodeIgniter\Session\Handlers\FileHandler' driver.
INFO - 2022-06-14 01:08:25 --> Session: Class initialized using 'CodeIgniter\Session\Handlers\FileHandler' driver.
INFO - 2022-06-14 01:11:06 --> Session: Class initialized using 'CodeIgniter\Session\Handlers\FileHandler' driver.
INFO - 2022-06-14 01:11:12 --> Session: Class initialized using 'CodeIgniter\Session\Handlers\FileHandler' driver.
INFO - 2022-06-14 01:11:12 --> CSRF token verified.
CRITICAL - 2022-06-14 01:11:12 --> Class "App\Models\Users\Time" not found
in APPPATH/Models/Users/SubscribeModel.php on line 31.
 1 APPPATH/Models/Users/SubscribeModel.php(45): App\Models\Users\SubscribeModel->updateModified([...])
 2 APPPATH/Controllers/Users/Members.php(59): App\Models\Users\SubscribeModel->insertSubscriber([...])
 3 SYSTEMPATH/CodeIgniter.php(898): App\Controllers\Users\Members->view_profile('AgBRAT')
 4 SYSTEMPATH/CodeIgniter.php(468): CodeIgniter\CodeIgniter->runController(Object(App\Controllers\Users\Members))
 5 SYSTEMPATH/CodeIgniter.php(351): CodeIgniter\CodeIgniter->handleRequest(null, Object(Config\Cache), false)
 6 FCPATH/index.php(55): CodeIgniter\CodeIgniter->run()
INFO - 2022-06-14 01:11:12 --> Session: Class initialized using 'CodeIgniter\Session\Handlers\FileHandler' driver.
CRITICAL - 2022-06-14 01:11:12 --> The action you requested is not allowed.
in SYSTEMPATH/Security/Security.php on line 286.
 1 SYSTEMPATH/Security/Security.php(286): CodeIgniter\Security\Exceptions\SecurityException::forDisallowedAction()
 2 SYSTEMPATH/Filters/CSRF.php(54): CodeIgniter\Security\Security->verify(Object(CodeIgniter\HTTP\IncomingRequest))
 3 SYSTEMPATH/Filters/Filters.php(173): CodeIgniter\Filters\CSRF->before(Object(CodeIgniter\HTTP\IncomingRequest), null)
 4 SYSTEMPATH/CodeIgniter.php(442): CodeIgniter\Filters\Filters->run('users/members/view_profile/AgBRAT', 'before')
 5 SYSTEMPATH/CodeIgniter.php(351): CodeIgniter\CodeIgniter->handleRequest(null, Object(Config\Cache), false)
 6 FCPATH/index.php(55): CodeIgniter\CodeIgniter->run()
INFO - 2022-06-14 01:19:47 --> Session: Class initialized using 'CodeIgniter\Session\Handlers\FileHandler' driver.
INFO - 2022-06-14 01:19:54 --> Session: Class initialized using 'CodeIgniter\Session\Handlers\FileHandler' driver.
INFO - 2022-06-14 01:19:54 --> CSRF token verified.
CRITICAL - 2022-06-14 01:19:54 --> Class "App\Models\Users\Time" not found
in APPPATH/Models/Users/SubscribeModel.php on line 31.
 1 APPPATH/Models/Users/SubscribeModel.php(46): App\Models\Users\SubscribeModel->updateModified([...])
 2 APPPATH/Controllers/Users/Members.php(59): App\Models\Users\SubscribeModel->insertSubscriber([...])
 3 SYSTEMPATH/CodeIgniter.php(898): App\Controllers\Users\Members->view_profile('AgBRAT')
 4 SYSTEMPATH/CodeIgniter.php(468): CodeIgniter\CodeIgniter->runController(Object(App\Controllers\Users\Members))
 5 SYSTEMPATH/CodeIgniter.php(351): CodeIgniter\CodeIgniter->handleRequest(null, Object(Config\Cache), false)
 6 FCPATH/index.php(55): CodeIgniter\CodeIgniter->run()
INFO - 2022-06-14 01:20:49 --> Session: Class initialized using 'CodeIgniter\Session\Handlers\FileHandler' driver.
INFO - 2022-06-14 01:20:51 --> Session: Class initialized using 'CodeIgniter\Session\Handlers\FileHandler' driver.
INFO - 2022-06-14 01:20:51 --> CSRF token verified.
CRITICAL - 2022-06-14 01:20:51 --> Undefined array key "modified_at"
in APPPATH/Models/Users/SubscribeModel.php on line 34.
 1 APPPATH/Models/Users/SubscribeModel.php(34): CodeIgniter\Debug\Exceptions->errorHandler(2, 'Undefined array key "modified_at"', 'APPPATH/Models/Users/SubscribeModel.php', 34)
 2 APPPATH/Models/Users/SubscribeModel.php(47): App\Models\Users\SubscribeModel->updateModified([...])
 3 APPPATH/Controllers/Users/Members.php(59): App\Models\Users\SubscribeModel->insertSubscriber([...])
 4 SYSTEMPATH/CodeIgniter.php(898): App\Controllers\Users\Members->view_profile('AgBRAT')
 5 SYSTEMPATH/CodeIgniter.php(468): CodeIgniter\CodeIgniter->runController(Object(App\Controllers\Users\Members))
 6 SYSTEMPATH/CodeIgniter.php(351): CodeIgniter\CodeIgniter->handleRequest(null, Object(Config\Cache), false)
 7 FCPATH/index.php(55): CodeIgniter\CodeIgniter->run()
INFO - 2022-06-14 01:21:58 --> Session: Class initialized using 'CodeIgniter\Session\Handlers\FileHandler' driver.
INFO - 2022-06-14 01:22:00 --> Session: Class initialized using 'CodeIgniter\Session\Handlers\FileHandler' driver.
INFO - 2022-06-14 01:22:00 --> CSRF token verified.
CRITICAL - 2022-06-14 01:22:00 --> Undefined array key "modified_at"
in APPPATH/Models/Users/SubscribeModel.php on line 34.
 1 APPPATH/Models/Users/SubscribeModel.php(34): CodeIgniter\Debug\Exceptions->errorHandler(2, 'Undefined array key "modified_at"', 'APPPATH/Models/Users/SubscribeModel.php', 34)
 2 APPPATH/Models/Users/SubscribeModel.php(47): App\Models\Users\SubscribeModel->updateModified([...])
 3 APPPATH/Controllers/Users/Members.php(59): App\Models\Users\SubscribeModel->insertSubscriber([...])
 4 SYSTEMPATH/CodeIgniter.php(898): App\Controllers\Users\Members->view_profile('AgBRAT')
 5 SYSTEMPATH/CodeIgniter.php(468): CodeIgniter\CodeIgniter->runController(Object(App\Controllers\Users\Members))
 6 SYSTEMPATH/CodeIgniter.php(351): CodeIgniter\CodeIgniter->handleRequest(null, Object(Config\Cache), false)
 7 FCPATH/index.php(55): CodeIgniter\CodeIgniter->run()
INFO - 2022-06-14 01:22:27 --> Session: Class initialized using 'CodeIgniter\Session\Handlers\FileHandler' driver.
INFO - 2022-06-14 01:22:29 --> Session: Class initialized using 'CodeIgniter\Session\Handlers\FileHandler' driver.
INFO - 2022-06-14 01:22:29 --> CSRF token verified.
CRITICAL - 2022-06-14 01:22:29 --> Undefined variable $input
in APPPATH/Models/Users/SubscribeModel.php on line 55.
 1 APPPATH/Models/Users/SubscribeModel.php(55): CodeIgniter\Debug\Exceptions->errorHandler(2, 'Undefined variable $input', 'APPPATH/Models/Users/SubscribeModel.php', 55)
 2 APPPATH/Controllers/Users/Members.php(59): App\Models\Users\SubscribeModel->insertSubscriber([...])
 3 SYSTEMPATH/CodeIgniter.php(898): App\Controllers\Users\Members->view_profile('AgBRAT')
 4 SYSTEMPATH/CodeIgniter.php(468): CodeIgniter\CodeIgniter->runController(Object(App\Controllers\Users\Members))
 5 SYSTEMPATH/CodeIgniter.php(351): CodeIgniter\CodeIgniter->handleRequest(null, Object(Config\Cache), false)
 6 FCPATH/index.php(55): CodeIgniter\CodeIgniter->run()
INFO - 2022-06-14 01:22:57 --> Session: Class initialized using 'CodeIgniter\Session\Handlers\FileHandler' driver.
INFO - 2022-06-14 01:22:59 --> Session: Class initialized using 'CodeIgniter\Session\Handlers\FileHandler' driver.
INFO - 2022-06-14 01:22:59 --> CSRF token verified.
CRITICAL - 2022-06-14 01:22:59 --> Undefined variable $builder
in APPPATH/Models/Users/SubscribeModel.php on line 63.
 1 APPPATH/Models/Users/SubscribeModel.php(63): CodeIgniter\Debug\Exceptions->errorHandler(2, 'Undefined variable $builder', 'APPPATH/Models/Users/SubscribeModel.php', 63)
 2 APPPATH/Controllers/Users/Members.php(59): App\Models\Users\SubscribeModel->insertSubscriber([...])
 3 SYSTEMPATH/CodeIgniter.php(898): App\Controllers\Users\Members->view_profile('AgBRAT')
 4 SYSTEMPATH/CodeIgniter.php(468): CodeIgniter\CodeIgniter->runController(Object(App\Controllers\Users\Members))
 5 SYSTEMPATH/CodeIgniter.php(351): CodeIgniter\CodeIgniter->handleRequest(null, Object(Config\Cache), false)
 6 FCPATH/index.php(55): CodeIgniter\CodeIgniter->run()
INFO - 2022-06-14 01:23:59 --> Session: Class initialized using 'CodeIgniter\Session\Handlers\FileHandler' driver.
INFO - 2022-06-14 01:24:01 --> Session: Class initialized using 'CodeIgniter\Session\Handlers\FileHandler' driver.
INFO - 2022-06-14 01:24:01 --> CSRF token verified.
CRITICAL - 2022-06-14 01:24:01 --> Call to a member function insert() on null
in APPPATH/Models/Users/SubscribeModel.php on line 64.
 1 APPPATH/Controllers/Users/Members.php(59): App\Models\Users\SubscribeModel->insertSubscriber([...])
 2 SYSTEMPATH/CodeIgniter.php(898): App\Controllers\Users\Members->view_profile('AgBRAT')
 3 SYSTEMPATH/CodeIgniter.php(468): CodeIgniter\CodeIgniter->runController(Object(App\Controllers\Users\Members))
 4 SYSTEMPATH/CodeIgniter.php(351): CodeIgniter\CodeIgniter->handleRequest(null, Object(Config\Cache), false)
 5 FCPATH/index.php(55): CodeIgniter\CodeIgniter->run()
INFO - 2022-06-14 01:25:08 --> Session: Class initialized using 'CodeIgniter\Session\Handlers\FileHandler' driver.
INFO - 2022-06-14 01:25:10 --> Session: Class initialized using 'CodeIgniter\Session\Handlers\FileHandler' driver.
INFO - 2022-06-14 01:25:10 --> CSRF token verified.
CRITICAL - 2022-06-14 01:25:10 --> Call to a member function insert() on null
in APPPATH/Models/Users/SubscribeModel.php on line 64.
 1 APPPATH/Controllers/Users/Members.php(59): App\Models\Users\SubscribeModel->insertSubscriber([...])
 2 SYSTEMPATH/CodeIgniter.php(898): App\Controllers\Users\Members->view_profile('AgBRAT')
 3 SYSTEMPATH/CodeIgniter.php(468): CodeIgniter\CodeIgniter->runController(Object(App\Controllers\Users\Members))
 4 SYSTEMPATH/CodeIgniter.php(351): CodeIgniter\CodeIgniter->handleRequest(null, Object(Config\Cache), false)
 5 FCPATH/index.php(55): CodeIgniter\CodeIgniter->run()
INFO - 2022-06-14 01:25:23 --> Session: Class initialized using 'CodeIgniter\Session\Handlers\FileHandler' driver.
INFO - 2022-06-14 01:25:25 --> Session: Class initialized using 'CodeIgniter\Session\Handlers\FileHandler' driver.
INFO - 2022-06-14 01:25:25 --> CSRF token verified.
ERROR - 2022-06-14 01:25:25 --> Unknown column 'user_profile' in 'field list'
CRITICAL - 2022-06-14 01:25:25 --> Unknown column 'user_profile' in 'field list'
in SYSTEMPATH/Database/MySQLi/Connection.php on line 292.
 1 SYSTEMPATH/Database/MySQLi/Connection.php(292): mysqli->query('INSERT INTO `subscribers` (`subscriber`, `user_profile`, `modified_at`) VALUES (\'Lilyheimer\', \'AgBRAT\', \'2022-06-14 01:25:25\')', 0)
 2 SYSTEMPATH/Database/BaseConnection.php(678): CodeIgniter\Database\MySQLi\Connection->execute('INSERT INTO `subscribers` (`subscriber`, `user_profile`, `modified_at`) VALUES (\'Lilyheimer\', \'AgBRAT\', \'2022-06-14 01:25:25\')')
 3 SYSTEMPATH/Database/BaseConnection.php(606): CodeIgniter\Database\BaseConnection->simpleQuery('INSERT INTO `subscribers` (`subscriber`, `user_profile`, `modified_at`) VALUES (\'Lilyheimer\', \'AgBRAT\', \'2022-06-14 01:25:25\')')
 4 SYSTEMPATH/Database/BaseBuilder.php(1904): CodeIgniter\Database\BaseConnection->query('INSERT INTO `subscribers` (`subscriber`, `user_profile`, `modified_at`) VALUES (:subscriber:, :user_profile:, :modified_at:)', [...], false)
 5 APPPATH/Models/Users/SubscribeModel.php(64): CodeIgniter\Database\BaseBuilder->insert([...])
 6 APPPATH/Controllers/Users/Members.php(59): App\Models\Users\SubscribeModel->insertSubscriber([...])
 7 SYSTEMPATH/CodeIgniter.php(898): App\Controllers\Users\Members->view_profile('AgBRAT')
 8 SYSTEMPATH/CodeIgniter.php(468): CodeIgniter\CodeIgniter->runController(Object(App\Controllers\Users\Members))
 9 SYSTEMPATH/CodeIgniter.php(351): CodeIgniter\CodeIgniter->handleRequest(null, Object(Config\Cache), false)
10 FCPATH/index.php(55): CodeIgniter\CodeIgniter->run()
INFO - 2022-06-14 01:26:19 --> Session: Class initialized using 'CodeIgniter\Session\Handlers\FileHandler' driver.
INFO - 2022-06-14 01:26:21 --> Session: Class initialized using 'CodeIgniter\Session\Handlers\FileHandler' driver.
INFO - 2022-06-14 01:26:21 --> CSRF token verified.
INFO - 2022-06-14 01:26:30 --> Session: Class initialized using 'CodeIgniter\Session\Handlers\FileHandler' driver.
INFO - 2022-06-14 01:26:30 --> CSRF token verified.
INFO - 2022-06-14 01:26:32 --> Session: Class initialized using 'CodeIgniter\Session\Handlers\FileHandler' driver.
INFO - 2022-06-14 01:26:32 --> CSRF token verified.
INFO - 2022-06-14 01:26:34 --> Session: Class initialized using 'CodeIgniter\Session\Handlers\FileHandler' driver.
INFO - 2022-06-14 01:26:34 --> CSRF token verified.
INFO - 2022-06-14 01:26:36 --> Session: Class initialized using 'CodeIgniter\Session\Handlers\FileHandler' driver.
INFO - 2022-06-14 01:26:36 --> CSRF token verified.
INFO - 2022-06-14 01:26:51 --> Session: Class initialized using 'CodeIgniter\Session\Handlers\FileHandler' driver.
INFO - 2022-06-14 01:33:20 --> Session: Class initialized using 'CodeIgniter\Session\Handlers\FileHandler' driver.
INFO - 2022-06-14 01:35:41 --> Session: Class initialized using 'CodeIgniter\Session\Handlers\FileHandler' driver.
INFO - 2022-06-14 01:35:46 --> Session: Class initialized using 'CodeIgniter\Session\Handlers\FileHandler' driver.
INFO - 2022-06-14 01:35:49 --> Session: Class initialized using 'CodeIgniter\Session\Handlers\FileHandler' driver.
INFO - 2022-06-14 01:35:49 --> CSRF token verified.
INFO - 2022-06-14 01:35:51 --> Session: Class initialized using 'CodeIgniter\Session\Handlers\FileHandler' driver.
INFO - 2022-06-14 01:35:51 --> CSRF token verified.
INFO - 2022-06-14 01:35:53 --> Session: Class initialized using 'CodeIgniter\Session\Handlers\FileHandler' driver.
INFO - 2022-06-14 01:35:54 --> Session: Class initialized using 'CodeIgniter\Session\Handlers\FileHandler' driver.
INFO - 2022-06-14 01:35:54 --> CSRF token verified.
INFO - 2022-06-14 01:35:55 --> Session: Class initialized using 'CodeIgniter\Session\Handlers\FileHandler' driver.
INFO - 2022-06-14 01:35:55 --> CSRF token verified.
INFO - 2022-06-14 01:36:35 --> Session: Class initialized using 'CodeIgniter\Session\Handlers\FileHandler' driver.
INFO - 2022-06-14 01:36:37 --> Session: Class initialized using 'CodeIgniter\Session\Handlers\FileHandler' driver.
INFO - 2022-06-14 01:36:37 --> CSRF token verified.
INFO - 2022-06-14 01:36:38 --> Session: Class initialized using 'CodeIgniter\Session\Handlers\FileHandler' driver.
INFO - 2022-06-14 01:36:38 --> CSRF token verified.
INFO - 2022-06-14 01:37:33 --> Session: Class initialized using 'CodeIgniter\Session\Handlers\FileHandler' driver.
INFO - 2022-06-14 01:37:35 --> Session: Class initialized using 'CodeIgniter\Session\Handlers\FileHandler' driver.
INFO - 2022-06-14 01:37:35 --> CSRF token verified.
INFO - 2022-06-14 01:37:37 --> Session: Class initialized using 'CodeIgniter\Session\Handlers\FileHandler' driver.
INFO - 2022-06-14 01:37:52 --> Session: Class initialized using 'CodeIgniter\Session\Handlers\FileHandler' driver.
INFO - 2022-06-14 01:37:53 --> Session: Class initialized using 'CodeIgniter\Session\Handlers\FileHandler' driver.
INFO - 2022-06-14 01:37:53 --> CSRF token verified.
INFO - 2022-06-14 01:37:55 --> Session: Class initialized using 'CodeIgniter\Session\Handlers\FileHandler' driver.
INFO - 2022-06-14 01:37:58 --> Session: Class initialized using 'CodeIgniter\Session\Handlers\FileHandler' driver.
INFO - 2022-06-14 01:37:59 --> Session: Class initialized using 'CodeIgniter\Session\Handlers\FileHandler' driver.
INFO - 2022-06-14 01:38:00 --> Session: Class initialized using 'CodeIgniter\Session\Handlers\FileHandler' driver.
INFO - 2022-06-14 01:38:01 --> Session: Class initialized using 'CodeIgniter\Session\Handlers\FileHandler' driver.
INFO - 2022-06-14 01:38:02 --> Session: Class initialized using 'CodeIgniter\Session\Handlers\FileHandler' driver.
INFO - 2022-06-14 01:38:03 --> Session: Class initialized using 'CodeIgniter\Session\Handlers\FileHandler' driver.
INFO - 2022-06-14 01:38:04 --> Session: Class initialized using 'CodeIgniter\Session\Handlers\FileHandler' driver.
INFO - 2022-06-14 01:38:06 --> Session: Class initialized using 'CodeIgniter\Session\Handlers\FileHandler' driver.
INFO - 2022-06-14 01:38:41 --> Session: Class initialized using 'CodeIgniter\Session\Handlers\FileHandler' driver.
INFO - 2022-06-14 01:38:42 --> Session: Class initialized using 'CodeIgniter\Session\Handlers\FileHandler' driver.
INFO - 2022-06-14 01:38:45 --> Session: Class initialized using 'CodeIgniter\Session\Handlers\FileHandler' driver.
INFO - 2022-06-14 01:38:47 --> Session: Class initialized using 'CodeIgniter\Session\Handlers\FileHandler' driver.
INFO - 2022-06-14 01:38:48 --> Session: Class initialized using 'CodeIgniter\Session\Handlers\FileHandler' driver.
INFO - 2022-06-14 01:39:14 --> Session: Class initialized using 'CodeIgniter\Session\Handlers\FileHandler' driver.
INFO - 2022-06-14 01:39:15 --> Session: Class initialized using 'CodeIgniter\Session\Handlers\FileHandler' driver.
INFO - 2022-06-14 01:39:16 --> Session: Class initialized using 'CodeIgniter\Session\Handlers\FileHandler' driver.
INFO - 2022-06-14 01:39:17 --> Session: Class initialized using 'CodeIgniter\Session\Handlers\FileHandler' driver.
INFO - 2022-06-14 01:39:18 --> Session: Class initialized using 'CodeIgniter\Session\Handlers\FileHandler' driver.
INFO - 2022-06-14 01:39:23 --> Session: Class initialized using 'CodeIgniter\Session\Handlers\FileHandler' driver.
INFO - 2022-06-14 01:39:24 --> Session: Class initialized using 'CodeIgniter\Session\Handlers\FileHandler' driver.
INFO - 2022-06-14 01:39:43 --> Session: Class initialized using 'CodeIgniter\Session\Handlers\FileHandler' driver.
INFO - 2022-06-14 01:39:44 --> Session: Class initialized using 'CodeIgniter\Session\Handlers\FileHandler' driver.
INFO - 2022-06-14 01:39:47 --> Session: Class initialized using 'CodeIgniter\Session\Handlers\FileHandler' driver.
INFO - 2022-06-14 01:40:04 --> Session: Class initialized using 'CodeIgniter\Session\Handlers\FileHandler' driver.
INFO - 2022-06-14 01:40:11 --> Session: Class initialized using 'CodeIgniter\Session\Handlers\FileHandler' driver.
INFO - 2022-06-14 01:40:20 --> Session: Class initialized using 'CodeIgniter\Session\Handlers\FileHandler' driver.
INFO - 2022-06-14 01:41:10 --> Session: Class initialized using 'CodeIgniter\Session\Handlers\FileHandler' driver.
INFO - 2022-06-14 01:41:13 --> Session: Class initialized using 'CodeIgniter\Session\Handlers\FileHandler' driver.
INFO - 2022-06-14 01:41:16 --> Session: Class initialized using 'CodeIgniter\Session\Handlers\FileHandler' driver.
INFO - 2022-06-14 01:41:18 --> Session: Class initialized using 'CodeIgniter\Session\Handlers\FileHandler' driver.
INFO - 2022-06-14 01:41:40 --> Session: Class initialized using 'CodeIgniter\Session\Handlers\FileHandler' driver.
INFO - 2022-06-14 01:41:59 --> Session: Class initialized using 'CodeIgniter\Session\Handlers\FileHandler' driver.
INFO - 2022-06-14 01:42:06 --> Session: Class initialized using 'CodeIgniter\Session\Handlers\FileHandler' driver.
INFO - 2022-06-14 01:42:42 --> Session: Class initialized using 'CodeIgniter\Session\Handlers\FileHandler' driver.
INFO - 2022-06-14 01:42:43 --> Session: Class initialized using 'CodeIgniter\Session\Handlers\FileHandler' driver.
INFO - 2022-06-14 01:42:47 --> Session: Class initialized using 'CodeIgniter\Session\Handlers\FileHandler' driver.
INFO - 2022-06-14 01:42:47 --> CSRF token verified.
INFO - 2022-06-14 01:42:48 --> Session: Class initialized using 'CodeIgniter\Session\Handlers\FileHandler' driver.
INFO - 2022-06-14 01:42:52 --> Session: Class initialized using 'CodeIgniter\Session\Handlers\FileHandler' driver.
INFO - 2022-06-14 01:42:52 --> CSRF token verified.
INFO - 2022-06-14 01:42:55 --> Session: Class initialized using 'CodeIgniter\Session\Handlers\FileHandler' driver.
INFO - 2022-06-14 01:42:58 --> Session: Class initialized using 'CodeIgniter\Session\Handlers\FileHandler' driver.
INFO - 2022-06-14 01:42:58 --> CSRF token verified.
INFO - 2022-06-14 01:43:02 --> Session: Class initialized using 'CodeIgniter\Session\Handlers\FileHandler' driver.
INFO - 2022-06-14 01:43:10 --> Session: Class initialized using 'CodeIgniter\Session\Handlers\FileHandler' driver.
INFO - 2022-06-14 01:43:16 --> Session: Class initialized using 'CodeIgniter\Session\Handlers\FileHandler' driver.
INFO - 2022-06-14 01:44:21 --> Session: Class initialized using 'CodeIgniter\Session\Handlers\FileHandler' driver.
INFO - 2022-06-14 01:44:25 --> Session: Class initialized using 'CodeIgniter\Session\Handlers\FileHandler' driver.
INFO - 2022-06-14 01:44:38 --> Session: Class initialized using 'CodeIgniter\Session\Handlers\FileHandler' driver.
INFO - 2022-06-14 01:44:43 --> Session: Class initialized using 'CodeIgniter\Session\Handlers\FileHandler' driver.
INFO - 2022-06-14 01:44:47 --> Session: Class initialized using 'CodeIgniter\Session\Handlers\FileHandler' driver.
INFO - 2022-06-14 01:44:47 --> CSRF token verified.
INFO - 2022-06-14 01:44:49 --> Session: Class initialized using 'CodeIgniter\Session\Handlers\FileHandler' driver.
INFO - 2022-06-14 01:45:12 --> Session: Class initialized using 'CodeIgniter\Session\Handlers\FileHandler' driver.
INFO - 2022-06-14 01:45:14 --> Session: Class initialized using 'CodeIgniter\Session\Handlers\FileHandler' driver.
INFO - 2022-06-14 01:45:14 --> CSRF token verified.
INFO - 2022-06-14 01:45:17 --> Session: Class initialized using 'CodeIgniter\Session\Handlers\FileHandler' driver.
INFO - 2022-06-14 01:45:44 --> Session: Class initialized using 'CodeIgniter\Session\Handlers\FileHandler' driver.
INFO - 2022-06-14 01:45:46 --> Session: Class initialized using 'CodeIgniter\Session\Handlers\FileHandler' driver.
INFO - 2022-06-14 01:45:46 --> CSRF token verified.
INFO - 2022-06-14 01:45:48 --> Session: Class initialized using 'CodeIgniter\Session\Handlers\FileHandler' driver.
INFO - 2022-06-14 01:48:31 --> Session: Class initialized using 'CodeIgniter\Session\Handlers\FileHandler' driver.
INFO - 2022-06-14 01:49:44 --> Session: Class initialized using 'CodeIgniter\Session\Handlers\FileHandler' driver.
INFO - 2022-06-14 01:49:45 --> Session: Class initialized using 'CodeIgniter\Session\Handlers\FileHandler' driver.
INFO - 2022-06-14 01:49:52 --> Session: Class initialized using 'CodeIgniter\Session\Handlers\FileHandler' driver.
INFO - 2022-06-14 01:49:52 --> Session: Class initialized using 'CodeIgniter\Session\Handlers\FileHandler' driver.
INFO - 2022-06-14 01:49:52 --> CSRF token verified.
INFO - 2022-06-14 01:49:54 --> Session: Class initialized using 'CodeIgniter\Session\Handlers\FileHandler' driver.
INFO - 2022-06-14 01:49:54 --> CSRF token verified.
INFO - 2022-06-14 01:49:59 --> Session: Class initialized using 'CodeIgniter\Session\Handlers\FileHandler' driver.
INFO - 2022-06-14 01:50:00 --> Session: Class initialized using 'CodeIgniter\Session\Handlers\FileHandler' driver.
INFO - 2022-06-14 01:50:00 --> CSRF token verified.
INFO - 2022-06-14 01:50:03 --> Session: Class initialized using 'CodeIgniter\Session\Handlers\FileHandler' driver.
INFO - 2022-06-14 01:50:31 --> Session: Class initialized using 'CodeIgniter\Session\Handlers\FileHandler' driver.
INFO - 2022-06-14 01:50:31 --> Session: Class initialized using 'CodeIgniter\Session\Handlers\FileHandler' driver.
INFO - 2022-06-14 01:50:31 --> CSRF token verified.
INFO - 2022-06-14 01:50:33 --> Session: Class initialized using 'CodeIgniter\Session\Handlers\FileHandler' driver.
INFO - 2022-06-14 01:50:40 --> Session: Class initialized using 'CodeIgniter\Session\Handlers\FileHandler' driver.
INFO - 2022-06-14 01:50:46 --> Session: Class initialized using 'CodeIgniter\Session\Handlers\FileHandler' driver.
INFO - 2022-06-14 01:50:46 --> CSRF token verified.
INFO - 2022-06-14 01:50:49 --> Session: Class initialized using 'CodeIgniter\Session\Handlers\FileHandler' driver.
INFO - 2022-06-14 01:50:51 --> Session: Class initialized using 'CodeIgniter\Session\Handlers\FileHandler' driver.
INFO - 2022-06-14 01:50:53 --> Session: Class initialized using 'CodeIgniter\Session\Handlers\FileHandler' driver.
INFO - 2022-06-14 01:50:53 --> CSRF token verified.
INFO - 2022-06-14 01:50:55 --> Session: Class initialized using 'CodeIgniter\Session\Handlers\FileHandler' driver.
INFO - 2022-06-14 01:50:57 --> Session: Class initialized using 'CodeIgniter\Session\Handlers\FileHandler' driver.
INFO - 2022-06-14 01:51:01 --> Session: Class initialized using 'CodeIgniter\Session\Handlers\FileHandler' driver.
INFO - 2022-06-14 01:51:03 --> Session: Class initialized using 'CodeIgniter\Session\Handlers\FileHandler' driver.
INFO - 2022-06-14 01:51:03 --> CSRF token verified.
INFO - 2022-06-14 01:51:04 --> Session: Class initialized using 'CodeIgniter\Session\Handlers\FileHandler' driver.
INFO - 2022-06-14 01:51:07 --> Session: Class initialized using 'CodeIgniter\Session\Handlers\FileHandler' driver.
INFO - 2022-06-14 12:52:28 --> Session: Class initialized using 'CodeIgniter\Session\Handlers\FileHandler' driver.
INFO - 2022-06-14 12:52:28 --> Session: Class initialized using 'CodeIgniter\Session\Handlers\FileHandler' driver.
INFO - 2022-06-14 12:52:55 --> Session: Class initialized using 'CodeIgniter\Session\Handlers\FileHandler' driver.
INFO - 2022-06-14 12:52:55 --> CSRF token verified.
INFO - 2022-06-14 12:53:22 --> Session: Class initialized using 'CodeIgniter\Session\Handlers\FileHandler' driver.
INFO - 2022-06-14 12:53:24 --> Session: Class initialized using 'CodeIgniter\Session\Handlers\FileHandler' driver.
INFO - 2022-06-14 12:53:31 --> Session: Class initialized using 'CodeIgniter\Session\Handlers\FileHandler' driver.
CRITICAL - 2022-06-14 12:53:31 --> Failed to parse time string (Just now) at position 0 (J): The timezone could not be found in the database
in SYSTEMPATH/I18n/Time.php on line 100.
 1 SYSTEMPATH/I18n/Time.php(100): DateTime->__construct('Just now', Object(DateTimeZone))
 2 SYSTEMPATH/I18n/Time.php(131): CodeIgniter\I18n\Time->__construct('Just now', 'America/New_York', null)
 3 APPPATH/Helpers/arithmetic_helper.php(75): CodeIgniter\I18n\Time::parse('Just now', 'America/New_York')
 4 APPPATH/Entities/User.php(146): get_date_words('Just now')
 5 SYSTEMPATH/Entity/Entity.php(486): App\Entities\User->getLastLogin()
 6 APPPATH/Views/users/members/view_profile.php(107): CodeIgniter\Entity\Entity->__get('lastLogin')
 7 SYSTEMPATH/View/View.php(213): include('APPPATH/Views/users/members/view_profile.php')
 8 SYSTEMPATH/View/View.php(216): CodeIgniter\View\View->CodeIgniter\View\{closure}()
 9 SYSTEMPATH/Common.php(1135): CodeIgniter\View\View->render('users/members/view_profile', [], true)
10 APPPATH/Controllers/Users/Members.php(87): view('users/members/view_profile', [...])
11 SYSTEMPATH/CodeIgniter.php(898): App\Controllers\Users\Members->view_profile('Freybies')
12 SYSTEMPATH/CodeIgniter.php(468): CodeIgniter\CodeIgniter->runController(Object(App\Controllers\Users\Members))
13 SYSTEMPATH/CodeIgniter.php(351): CodeIgniter\CodeIgniter->handleRequest(null, Object(Config\Cache), false)
14 FCPATH/index.php(55): CodeIgniter\CodeIgniter->run()
INFO - 2022-06-14 12:53:37 --> Session: Class initialized using 'CodeIgniter\Session\Handlers\FileHandler' driver.
CRITICAL - 2022-06-14 12:53:37 --> Failed to parse time string (Just now) at position 0 (J): The timezone could not be found in the database
in SYSTEMPATH/I18n/Time.php on line 100.
 1 SYSTEMPATH/I18n/Time.php(100): DateTime->__construct('Just now', Object(DateTimeZone))
 2 SYSTEMPATH/I18n/Time.php(131): CodeIgniter\I18n\Time->__construct('Just now', 'America/New_York', null)
 3 APPPATH/Helpers/arithmetic_helper.php(75): CodeIgniter\I18n\Time::parse('Just now', 'America/New_York')
 4 APPPATH/Entities/User.php(146): get_date_words('Just now')
 5 SYSTEMPATH/Entity/Entity.php(486): App\Entities\User->getLastLogin()
 6 APPPATH/Views/users/members/view_profile.php(107): CodeIgniter\Entity\Entity->__get('lastLogin')
 7 SYSTEMPATH/View/View.php(213): include('APPPATH/Views/users/members/view_profile.php')
 8 SYSTEMPATH/View/View.php(216): CodeIgniter\View\View->CodeIgniter\View\{closure}()
 9 SYSTEMPATH/Common.php(1135): CodeIgniter\View\View->render('users/members/view_profile', [], true)
10 APPPATH/Controllers/Users/Members.php(87): view('users/members/view_profile', [...])
11 SYSTEMPATH/CodeIgniter.php(898): App\Controllers\Users\Members->view_profile('Freybies')
12 SYSTEMPATH/CodeIgniter.php(468): CodeIgniter\CodeIgniter->runController(Object(App\Controllers\Users\Members))
13 SYSTEMPATH/CodeIgniter.php(351): CodeIgniter\CodeIgniter->handleRequest(null, Object(Config\Cache), false)
14 FCPATH/index.php(55): CodeIgniter\CodeIgniter->run()
INFO - 2022-06-14 12:56:11 --> Session: Class initialized using 'CodeIgniter\Session\Handlers\FileHandler' driver.
CRITICAL - 2022-06-14 12:56:11 --> Too few arguments to function CodeIgniter\I18n\Time::parse(), 0 passed in /Users/nykianderson/Sites/shape_search/app/Helpers/arithmetic_helper.php on line 74 and at least 1 expected
in SYSTEMPATH/I18n/Time.php on line 129.
 1 APPPATH/Helpers/arithmetic_helper.php(74): CodeIgniter\I18n\Time::parse()
 2 APPPATH/Entities/User.php(146): get_date_words('2022-06-14 12:53:22.000000')
 3 SYSTEMPATH/Entity/Entity.php(486): App\Entities\User->getLastLogin()
 4 APPPATH/Views/users/members/view_profile.php(103): CodeIgniter\Entity\Entity->__get('lastLogin')
 5 SYSTEMPATH/View/View.php(213): include('APPPATH/Views/users/members/view_profile.php')
 6 SYSTEMPATH/View/View.php(216): CodeIgniter\View\View->CodeIgniter\View\{closure}()
 7 SYSTEMPATH/Common.php(1135): CodeIgniter\View\View->render('users/members/view_profile', [], true)
 8 APPPATH/Controllers/Users/Members.php(87): view('users/members/view_profile', [...])
 9 SYSTEMPATH/CodeIgniter.php(898): App\Controllers\Users\Members->view_profile('Freybies')
10 SYSTEMPATH/CodeIgniter.php(468): CodeIgniter\CodeIgniter->runController(Object(App\Controllers\Users\Members))
11 SYSTEMPATH/CodeIgniter.php(351): CodeIgniter\CodeIgniter->handleRequest(null, Object(Config\Cache), false)
12 FCPATH/index.php(55): CodeIgniter\CodeIgniter->run()
INFO - 2022-06-14 12:56:33 --> Session: Class initialized using 'CodeIgniter\Session\Handlers\FileHandler' driver.
CRITICAL - 2022-06-14 12:56:33 --> Call to undefined method DateTimeZone::difference()
in APPPATH/Helpers/arithmetic_helper.php on line 77.
 1 APPPATH/Entities/User.php(146): get_date_words('2022-06-14 12:53:22.000000')
 2 SYSTEMPATH/Entity/Entity.php(486): App\Entities\User->getLastLogin()
 3 APPPATH/Views/users/members/view_profile.php(103): CodeIgniter\Entity\Entity->__get('lastLogin')
 4 SYSTEMPATH/View/View.php(213): include('APPPATH/Views/users/members/view_profile.php')
 5 SYSTEMPATH/View/View.php(216): CodeIgniter\View\View->CodeIgniter\View\{closure}()
 6 SYSTEMPATH/Common.php(1135): CodeIgniter\View\View->render('users/members/view_profile', [], true)
 7 APPPATH/Controllers/Users/Members.php(87): view('users/members/view_profile', [...])
 8 SYSTEMPATH/CodeIgniter.php(898): App\Controllers\Users\Members->view_profile('Freybies')
 9 SYSTEMPATH/CodeIgniter.php(468): CodeIgniter\CodeIgniter->runController(Object(App\Controllers\Users\Members))
10 SYSTEMPATH/CodeIgniter.php(351): CodeIgniter\CodeIgniter->handleRequest(null, Object(Config\Cache), false)
11 FCPATH/index.php(55): CodeIgniter\CodeIgniter->run()
INFO - 2022-06-14 13:12:00 --> Session: Class initialized using 'CodeIgniter\Session\Handlers\FileHandler' driver.
CRITICAL - 2022-06-14 13:12:00 --> Failed to parse time string (in 41 minutes) at position 0 (i): The timezone could not be found in the database
in SYSTEMPATH/I18n/Time.php on line 100.
 1 SYSTEMPATH/I18n/Time.php(100): DateTime->__construct('in 41 minutes', Object(DateTimeZone))
 2 SYSTEMPATH/I18n/Time.php(131): CodeIgniter\I18n\Time->__construct('in 41 minutes', 'America/Chicago', null)
 3 APPPATH/Helpers/arithmetic_helper.php(75): CodeIgniter\I18n\Time::parse('in 41 minutes', 'America/Chicago')
 4 APPPATH/Entities/User.php(146): get_date_words('in 41 minutes')
 5 SYSTEMPATH/Entity/Entity.php(486): App\Entities\User->getLastLogin()
 6 APPPATH/Views/users/members/view_profile.php(107): CodeIgniter\Entity\Entity->__get('lastLogin')
 7 SYSTEMPATH/View/View.php(213): include('APPPATH/Views/users/members/view_profile.php')
 8 SYSTEMPATH/View/View.php(216): CodeIgniter\View\View->CodeIgniter\View\{closure}()
 9 SYSTEMPATH/Common.php(1135): CodeIgniter\View\View->render('users/members/view_profile', [], true)
10 APPPATH/Controllers/Users/Members.php(87): view('users/members/view_profile', [...])
11 SYSTEMPATH/CodeIgniter.php(898): App\Controllers\Users\Members->view_profile('Freybies')
12 SYSTEMPATH/CodeIgniter.php(468): CodeIgniter\CodeIgniter->runController(Object(App\Controllers\Users\Members))
13 SYSTEMPATH/CodeIgniter.php(351): CodeIgniter\CodeIgniter->handleRequest(null, Object(Config\Cache), false)
14 FCPATH/index.php(55): CodeIgniter\CodeIgniter->run()
INFO - 2022-06-14 13:15:39 --> Session: Class initialized using 'CodeIgniter\Session\Handlers\FileHandler' driver.
INFO - 2022-06-14 13:15:52 --> Session: Class initialized using 'CodeIgniter\Session\Handlers\FileHandler' driver.
INFO - 2022-06-14 13:15:54 --> Session: Class initialized using 'CodeIgniter\Session\Handlers\FileHandler' driver.
INFO - 2022-06-14 13:15:54 --> CSRF token verified.
INFO - 2022-06-14 13:15:59 --> Session: Class initialized using 'CodeIgniter\Session\Handlers\FileHandler' driver.
INFO - 2022-06-14 13:16:46 --> Session: Class initialized using 'CodeIgniter\Session\Handlers\FileHandler' driver.
INFO - 2022-06-14 13:16:48 --> Session: Class initialized using 'CodeIgniter\Session\Handlers\FileHandler' driver.
INFO - 2022-06-14 13:16:48 --> Session: Class initialized using 'CodeIgniter\Session\Handlers\FileHandler' driver.
INFO - 2022-06-14 13:16:48 --> CSRF token verified.
INFO - 2022-06-14 13:16:57 --> Session: Class initialized using 'CodeIgniter\Session\Handlers\FileHandler' driver.
INFO - 2022-06-14 13:16:57 --> CSRF token verified.
INFO - 2022-06-14 13:19:53 --> Session: Class initialized using 'CodeIgniter\Session\Handlers\FileHandler' driver.
INFO - 2022-06-14 13:20:18 --> Session: Class initialized using 'CodeIgniter\Session\Handlers\FileHandler' driver.
INFO - 2022-06-14 13:23:22 --> Session: Class initialized using 'CodeIgniter\Session\Handlers\FileHandler' driver.
INFO - 2022-06-14 13:23:22 --> Session: Class initialized using 'CodeIgniter\Session\Handlers\FileHandler' driver.
INFO - 2022-06-14 13:23:22 --> CSRF token verified.
INFO - 2022-06-14 13:23:26 --> Session: Class initialized using 'CodeIgniter\Session\Handlers\FileHandler' driver.
INFO - 2022-06-14 13:23:26 --> CSRF token verified.
INFO - 2022-06-14 13:23:29 --> Session: Class initialized using 'CodeIgniter\Session\Handlers\FileHandler' driver.
INFO - 2022-06-14 13:23:37 --> Session: Class initialized using 'CodeIgniter\Session\Handlers\FileHandler' driver.
INFO - 2022-06-14 13:23:37 --> Session: Class initialized using 'CodeIgniter\Session\Handlers\FileHandler' driver.
INFO - 2022-06-14 13:23:37 --> CSRF token verified.
INFO - 2022-06-14 13:24:04 --> Session: Class initialized using 'CodeIgniter\Session\Handlers\FileHandler' driver.
INFO - 2022-06-14 13:24:08 --> Session: Class initialized using 'CodeIgniter\Session\Handlers\FileHandler' driver.
INFO - 2022-06-14 13:24:08 --> Session: Class initialized using 'CodeIgniter\Session\Handlers\FileHandler' driver.
INFO - 2022-06-14 13:24:08 --> CSRF token verified.
INFO - 2022-06-14 13:24:14 --> Session: Class initialized using 'CodeIgniter\Session\Handlers\FileHandler' driver.
INFO - 2022-06-14 13:24:14 --> CSRF token verified.
INFO - 2022-06-14 13:24:16 --> Session: Class initialized using 'CodeIgniter\Session\Handlers\FileHandler' driver.
INFO - 2022-06-14 13:24:16 --> CSRF token verified.
INFO - 2022-06-14 13:24:41 --> Session: Class initialized using 'CodeIgniter\Session\Handlers\FileHandler' driver.
INFO - 2022-06-14 13:27:13 --> Session: Class initialized using 'CodeIgniter\Session\Handlers\FileHandler' driver.
INFO - 2022-06-14 13:27:15 --> Session: Class initialized using 'CodeIgniter\Session\Handlers\FileHandler' driver.
INFO - 2022-06-14 13:27:15 --> Session: Class initialized using 'CodeIgniter\Session\Handlers\FileHandler' driver.
INFO - 2022-06-14 13:27:15 --> CSRF token verified.
INFO - 2022-06-14 13:27:25 --> Session: Class initialized using 'CodeIgniter\Session\Handlers\FileHandler' driver.
INFO - 2022-06-14 13:27:25 --> CSRF token verified.
INFO - 2022-06-14 13:30:10 --> Session: Class initialized using 'CodeIgniter\Session\Handlers\FileHandler' driver.
CRITICAL - 2022-06-14 13:30:10 --> The action you requested is not allowed.
in SYSTEMPATH/Security/Security.php on line 286.
 1 SYSTEMPATH/Security/Security.php(286): CodeIgniter\Security\Exceptions\SecurityException::forDisallowedAction()
 2 SYSTEMPATH/Filters/CSRF.php(54): CodeIgniter\Security\Security->verify(Object(CodeIgniter\HTTP\IncomingRequest))
 3 SYSTEMPATH/Filters/Filters.php(173): CodeIgniter\Filters\CSRF->before(Object(CodeIgniter\HTTP\IncomingRequest), null)
 4 SYSTEMPATH/CodeIgniter.php(442): CodeIgniter\Filters\Filters->run('images/view_image/62a6fe0b99b96', 'before')
 5 SYSTEMPATH/CodeIgniter.php(351): CodeIgniter\CodeIgniter->handleRequest(null, Object(Config\Cache), false)
 6 FCPATH/index.php(55): CodeIgniter\CodeIgniter->run()
INFO - 2022-06-14 13:30:13 --> Session: Class initialized using 'CodeIgniter\Session\Handlers\FileHandler' driver.
INFO - 2022-06-14 13:30:13 --> Session: Class initialized using 'CodeIgniter\Session\Handlers\FileHandler' driver.
INFO - 2022-06-14 13:30:13 --> CSRF token verified.
INFO - 2022-06-14 13:30:39 --> Session: Class initialized using 'CodeIgniter\Session\Handlers\FileHandler' driver.
INFO - 2022-06-14 13:30:39 --> CSRF token verified.
INFO - 2022-06-14 13:33:21 --> Session: Class initialized using 'CodeIgniter\Session\Handlers\FileHandler' driver.
